<?xml version="1.0" encoding="UTF-8"?>
<urlset xmlns="http://www.sitemaps.org/schemas/sitemap/0.9">
  <url>
    <loc>https://www.westfield.com.au/airportwest/browse-stores/alterations-and-tailoring</loc>
  </url>
  <url>
    <loc>https://www.westfield.com.au/airportwest/browse-stores/baby-and-nursery/baby-and-infant-toys</loc>
  </url>
  <url>
    <loc>https://www.westfield.com.au/airportwest/browse-stores/baby-and-nursery/baby-bedding</loc>
  </url>
  <url>
    <loc>https://www.westfield.com.au/airportwest/browse-stores/baby-and-nursery/nursery-furniture</loc>
  </url>
  <url>
    <loc>https://www.westfield.com.au/airportwest/browse-stores/baby-and-nursery/prams-strollers-and-carriers</loc>
  </url>
  <url>
    <loc>https://www.westfield.com.au/airportwest/browse-stores/baby-and-nursery</loc>
  </url>
  <url>
    <loc>https://www.westfield.com.au/airportwest/browse-stores/baby-and-nursery/tableware-and-feeding</loc>
  </url>
  <url>
    <loc>https://www.westfield.com.au/airportwest/browse-stores/banks</loc>
  </url>
  <url>
    <loc>https://www.westfield.com.au/airportwest/browse-stores/beauty-and-wellness</loc>
  </url>
  <url>
    <loc>https://www.westfield.com.au/airportwest/browse-stores/beauty-and-wellness/bath-and-body</loc>
  </url>
  <url>
    <loc>https://www.westfield.com.au/airportwest/browse-stores/beauty-and-wellness/fragrance</loc>
  </url>
  <url>
    <loc>https://www.westfield.com.au/airportwest/browse-stores/beauty-and-wellness/hair-and-beauty</loc>
  </url>
  <url>
    <loc>https://www.westfield.com.au/airportwest/browse-stores/beauty-and-wellness/hair-care</loc>
  </url>
  <url>
    <loc>https://www.westfield.com.au/airportwest/browse-stores/beauty-and-wellness/makeup</loc>
  </url>
  <url>
    <loc>https://www.westfield.com.au/airportwest/browse-stores/beauty-and-wellness/skincare</loc>
  </url>
  <url>
    <loc>https://www.westfield.com.au/airportwest/browse-stores/beauty-and-wellness/vitamins-and-supplements</loc>
  </url>
  <url>
    <loc>https://www.westfield.com.au/airportwest/browse-stores/books-stationery-and-gifts/cards-and-gift-wrap</loc>
  </url>
  <url>
    <loc>https://www.westfield.com.au/airportwest/browse-stores/books-stationery-and-gifts/book-stores</loc>
  </url>
  <url>
    <loc>https://www.westfield.com.au/airportwest/browse-stores/books-stationery-and-gifts/office-supplies</loc>
  </url>
  <url>
    <loc>https://www.westfield.com.au/airportwest/browse-stores/car-and-auto</loc>
  </url>
  <url>
    <loc>https://www.westfield.com.au/airportwest/browse-stores/clothing-and-accessories</loc>
  </url>
  <url>
    <loc>https://www.westfield.com.au/airportwest/browse-stores/books-stationery-and-gifts</loc>
  </url>
  <url>
    <loc>https://www.westfield.com.au/airportwest/browse-stores/books-stationery-and-gifts/stationery</loc>
  </url>
  <url>
    <loc>https://www.westfield.com.au/airportwest/browse-stores/clothing-and-accessories/jewellery-and-watches</loc>
  </url>
  <url>
    <loc>https://www.westfield.com.au/airportwest/browse-stores/clothing-and-accessories/babies-and-toddlers</loc>
  </url>
  <url>
    <loc>https://www.westfield.com.au/airportwest/browse-stores/clothing-and-accessories/mens-fashion</loc>
  </url>
  <url>
    <loc>https://www.westfield.com.au/airportwest/browse-stores/clothing-and-accessories/kids-and-junior</loc>
  </url>
  <url>
    <loc>https://www.westfield.com.au/airportwest/browse-stores/clothing-and-accessories/footwear</loc>
  </url>
  <url>
    <loc>https://www.westfield.com.au/airportwest/browse-stores/clothing-and-accessories/sunglasses</loc>
  </url>
  <url>
    <loc>https://www.westfield.com.au/airportwest/browse-stores/discount-and-variety</loc>
  </url>
  <url>
    <loc>https://www.westfield.com.au/airportwest/browse-stores/clothing-and-accessories/womens-fashion</loc>
  </url>
  <url>
    <loc>https://www.westfield.com.au/airportwest/browse-stores/department-stores</loc>
  </url>
  <url>
    <loc>https://www.westfield.com.au/airportwest/browse-stores/community-services</loc>
  </url>
  <url>
    <loc>https://www.westfield.com.au/airportwest/browse-stores/electronics-and-technology/computers-and-tablets</loc>
  </url>
  <url>
    <loc>https://www.westfield.com.au/airportwest/browse-stores/electronics-and-technology</loc>
  </url>
  <url>
    <loc>https://www.westfield.com.au/airportwest/browse-stores/electronics-and-technology/cameras</loc>
  </url>
  <url>
    <loc>https://www.westfield.com.au/airportwest/browse-stores/electronics-and-technology/gaming-and-consoles</loc>
  </url>
  <url>
    <loc>https://www.westfield.com.au/airportwest/browse-stores/electronics-and-technology/mobile-and-accessories</loc>
  </url>
  <url>
    <loc>https://www.westfield.com.au/airportwest/browse-stores/electronics-and-technology/navigation</loc>
  </url>
  <url>
    <loc>https://www.westfield.com.au/airportwest/browse-stores/electronics-and-technology/tv-and-audio</loc>
  </url>
  <url>
    <loc>https://www.westfield.com.au/airportwest/browse-stores/entertainment-and-activities</loc>
  </url>
  <url>
    <loc>https://www.westfield.com.au/airportwest/browse-stores/entertainment-and-activities/arcades-and-games</loc>
  </url>
  <url>
    <loc>https://www.westfield.com.au/airportwest/browse-stores/entertainment-and-activities/cinemas</loc>
  </url>
  <url>
    <loc>https://www.westfield.com.au/airportwest/browse-stores/entertainment-and-activities/learning-and-education</loc>
  </url>
  <url>
    <loc>https://www.westfield.com.au/airportwest/browse-stores/entertainment-and-activities/music</loc>
  </url>
  <url>
    <loc>https://www.westfield.com.au/airportwest/browse-stores/food-and-drink</loc>
  </url>
  <url>
    <loc>https://www.westfield.com.au/airportwest/browse-stores/food-and-drink/asian</loc>
  </url>
  <url>
    <loc>https://www.westfield.com.au/airportwest/browse-stores/food-and-drink/casual-dining</loc>
  </url>
  <url>
    <loc>https://www.westfield.com.au/airportwest/browse-stores/food-and-drink/breakfast-and-brunch</loc>
  </url>
  <url>
    <loc>https://www.westfield.com.au/airportwest/browse-stores/food-and-drink/cafes</loc>
  </url>
  <url>
    <loc>https://www.westfield.com.au/airportwest/browse-stores/food-and-drink/desserts</loc>
  </url>
  <url>
    <loc>https://www.westfield.com.au/airportwest/browse-stores/food-and-drink/dietary-requirements</loc>
  </url>
  <url>
    <loc>https://www.westfield.com.au/airportwest/browse-stores/food-and-drink/fast-food</loc>
  </url>
  <url>
    <loc>https://www.westfield.com.au/airportwest/browse-stores/food-and-drink/juice-bars</loc>
  </url>
  <url>
    <loc>https://www.westfield.com.au/airportwest/browse-stores/food-and-drink/healthy-options</loc>
  </url>
  <url>
    <loc>https://www.westfield.com.au/airportwest/browse-stores/food-and-drink/mexican-and-latin-american</loc>
  </url>
  <url>
    <loc>https://www.westfield.com.au/airportwest/browse-stores/food-and-drink/sandwiches-and-salads</loc>
  </url>
  <url>
    <loc>https://www.westfield.com.au/airportwest/browse-stores/food-and-drink/kid-friendly</loc>
  </url>
  <url>
    <loc>https://www.westfield.com.au/airportwest/browse-stores/food-and-drink/takeaway</loc>
  </url>
  <url>
    <loc>https://www.westfield.com.au/airportwest/browse-stores/foreign-currency-exchange</loc>
  </url>
  <url>
    <loc>https://www.westfield.com.au/airportwest/browse-stores/fresh-food-and-groceries/butchers</loc>
  </url>
  <url>
    <loc>https://www.westfield.com.au/airportwest/browse-stores/fresh-food-and-groceries/confectionery</loc>
  </url>
  <url>
    <loc>https://www.westfield.com.au/airportwest/browse-stores/fresh-food-and-groceries/bakeries</loc>
  </url>
  <url>
    <loc>https://www.westfield.com.au/airportwest/browse-stores/fresh-food-and-groceries/delicatessens</loc>
  </url>
  <url>
    <loc>https://www.westfield.com.au/airportwest/browse-stores/fresh-food-and-groceries/fresh-produce</loc>
  </url>
  <url>
    <loc>https://www.westfield.com.au/airportwest/browse-stores/fresh-food-and-groceries/liquor</loc>
  </url>
  <url>
    <loc>https://www.westfield.com.au/airportwest/browse-stores/fresh-food-and-groceries/patisseries</loc>
  </url>
  <url>
    <loc>https://www.westfield.com.au/airportwest/browse-stores/fresh-food-and-groceries/poultry</loc>
  </url>
  <url>
    <loc>https://www.westfield.com.au/airportwest/browse-stores/fresh-food-and-groceries/seafood</loc>
  </url>
  <url>
    <loc>https://www.westfield.com.au/airportwest/browse-stores/fresh-food-and-groceries/specialty-foods</loc>
  </url>
  <url>
    <loc>https://www.westfield.com.au/airportwest/browse-stores/fresh-food-and-groceries/supermarkets</loc>
  </url>
  <url>
    <loc>https://www.westfield.com.au/airportwest/browse-stores/health-and-fitness</loc>
  </url>
  <url>
    <loc>https://www.westfield.com.au/airportwest/browse-stores/health-and-fitness/medical-centres</loc>
  </url>
  <url>
    <loc>https://www.westfield.com.au/airportwest/browse-stores/health-and-fitness/chemists</loc>
  </url>
  <url>
    <loc>https://www.westfield.com.au/airportwest/browse-stores/health-and-fitness/specialty-health-providers</loc>
  </url>
  <url>
    <loc>https://www.westfield.com.au/airportwest/browse-stores/health-and-fitness/optometrists</loc>
  </url>
  <url>
    <loc>https://www.westfield.com.au/airportwest/browse-stores/home</loc>
  </url>
  <url>
    <loc>https://www.westfield.com.au/airportwest/browse-stores/home/bath-and-home-fragrances</loc>
  </url>
  <url>
    <loc>https://www.westfield.com.au/airportwest/browse-stores/home/furniture</loc>
  </url>
  <url>
    <loc>https://www.westfield.com.au/airportwest/browse-stores/home/bedding</loc>
  </url>
  <url>
    <loc>https://www.westfield.com.au/airportwest/browse-stores/home/gifts</loc>
  </url>
  <url>
    <loc>https://www.westfield.com.au/airportwest/browse-stores/home/hardware</loc>
  </url>
  <url>
    <loc>https://www.westfield.com.au/airportwest/browse-stores/home/home-appliances</loc>
  </url>
  <url>
    <loc>https://www.westfield.com.au/airportwest/browse-stores/home/home-decor</loc>
  </url>
  <url>
    <loc>https://www.westfield.com.au/airportwest/browse-stores/home/kitchen</loc>
  </url>
  <url>
    <loc>https://www.westfield.com.au/airportwest/browse-stores/home/pets</loc>
  </url>
  <url>
    <loc>https://www.westfield.com.au/airportwest/browse-stores/home/picture-frames</loc>
  </url>
  <url>
    <loc>https://www.westfield.com.au/airportwest/browse-stores/home/photography-and-art</loc>
  </url>
  <url>
    <loc>https://www.westfield.com.au/airportwest/browse-stores/luggage-and-travel-accessories</loc>
  </url>
  <url>
    <loc>https://www.westfield.com.au/airportwest/browse-stores/luggage-and-travel-accessories/backpacks-and-gym-duffle-bags</loc>
  </url>
  <url>
    <loc>https://www.westfield.com.au/airportwest/browse-stores/luggage-and-travel-accessories/laptop-cases-and-sleeves</loc>
  </url>
  <url>
    <loc>https://www.westfield.com.au/airportwest/browse-stores/luggage-and-travel-accessories/suitcases-and-travel-accessories</loc>
  </url>
  <url>
    <loc>https://www.westfield.com.au/airportwest/browse-stores/luggage-and-travel-accessories/work-and-laptop-bags</loc>
  </url>
  <url>
    <loc>https://www.westfield.com.au/airportwest/browse-stores/pawn-brokers</loc>
  </url>
  <url>
    <loc>https://www.westfield.com.au/airportwest/browse-stores/phone-repairs</loc>
  </url>
  <url>
    <loc>https://www.westfield.com.au/airportwest/browse-stores/photographic-services</loc>
  </url>
  <url>
    <loc>https://www.westfield.com.au/airportwest/browse-stores/post-office</loc>
  </url>
  <url>
    <loc>https://www.westfield.com.au/airportwest/browse-stores/power-gas-and-communication-services</loc>
  </url>
  <url>
    <loc>https://www.westfield.com.au/airportwest/browse-stores/professional-services</loc>
  </url>
  <url>
    <loc>https://www.westfield.com.au/airportwest/browse-stores/shoe-repair-and-key-cutting</loc>
  </url>
  <url>
    <loc>https://www.westfield.com.au/airportwest/browse-stores/sporting-goods</loc>
  </url>
  <url>
    <loc>https://www.westfield.com.au/airportwest/browse-stores/sporting-goods/activewear</loc>
  </url>
  <url>
    <loc>https://www.westfield.com.au/airportwest/browse-stores/sporting-goods/outdoors-and-camping</loc>
  </url>
  <url>
    <loc>https://www.westfield.com.au/airportwest/browse-stores/sporting-goods/tech-and-wearables</loc>
  </url>
  <url>
    <loc>https://www.westfield.com.au/airportwest/browse-stores/sporting-goods/fitness-and-gym-equipment</loc>
  </url>
  <url>
    <loc>https://www.westfield.com.au/airportwest/browse-stores/tobacconists</loc>
  </url>
  <url>
    <loc>https://www.westfield.com.au/airportwest/browse-stores/luggage-and-travel-accessories/small-leather-goods</loc>
  </url>
  <url>
    <loc>https://www.westfield.com.au/airportwest/browse-stores/toys-and-hobbies</loc>
  </url>
  <url>
    <loc>https://www.westfield.com.au/airportwest/browse-stores/toys-and-hobbies/arts-and-crafts</loc>
  </url>
  <url>
    <loc>https://www.westfield.com.au/airportwest/browse-stores/toys-and-hobbies/games</loc>
  </url>
  <url>
    <loc>https://www.westfield.com.au/airportwest/browse-stores/toys-and-hobbies/hobbies</loc>
  </url>
  <url>
    <loc>https://www.westfield.com.au/airportwest/browse-stores/toys-and-hobbies/toys</loc>
  </url>
  <url>
    <loc>https://www.westfield.com.au/airportwest/browse-stores/travel-agents</loc>
  </url>
  <url>
    <loc>https://www.westfield.com.au/airportwest/browse-stores/fresh-food-and-groceries</loc>
  </url>
  <url>
    <loc>https://www.westfield.com.au/belconnen/browse-stores/baby-and-nursery</loc>
  </url>
  <url>
    <loc>https://www.westfield.com.au/belconnen/browse-stores/alterations-and-tailoring</loc>
  </url>
  <url>
    <loc>https://www.westfield.com.au/belconnen/browse-stores/baby-and-nursery/baby-and-infant-toys</loc>
  </url>
  <url>
    <loc>https://www.westfield.com.au/belconnen/browse-stores/baby-and-nursery/nursery-furniture</loc>
  </url>
  <url>
    <loc>https://www.westfield.com.au/belconnen/browse-stores/baby-and-nursery/baby-bedding</loc>
  </url>
  <url>
    <loc>https://www.westfield.com.au/belconnen/browse-stores/baby-and-nursery/tableware-and-feeding</loc>
  </url>
  <url>
    <loc>https://www.westfield.com.au/belconnen/browse-stores/baby-and-nursery/prams-strollers-and-carriers</loc>
  </url>
  <url>
    <loc>https://www.westfield.com.au/belconnen/browse-stores/banks</loc>
  </url>
  <url>
    <loc>https://www.westfield.com.au/belconnen/browse-stores/beauty-and-wellness</loc>
  </url>
  <url>
    <loc>https://www.westfield.com.au/belconnen/browse-stores/beauty-and-wellness/fragrance</loc>
  </url>
  <url>
    <loc>https://www.westfield.com.au/belconnen/browse-stores/beauty-and-wellness/bath-and-body</loc>
  </url>
  <url>
    <loc>https://www.westfield.com.au/belconnen/browse-stores/beauty-and-wellness/hair-and-beauty</loc>
  </url>
  <url>
    <loc>https://www.westfield.com.au/belconnen/browse-stores/beauty-and-wellness/hair-care</loc>
  </url>
  <url>
    <loc>https://www.westfield.com.au/belconnen/browse-stores/beauty-and-wellness/makeup</loc>
  </url>
  <url>
    <loc>https://www.westfield.com.au/belconnen/browse-stores/books-stationery-and-gifts</loc>
  </url>
  <url>
    <loc>https://www.westfield.com.au/belconnen/browse-stores/beauty-and-wellness/skincare</loc>
  </url>
  <url>
    <loc>https://www.westfield.com.au/belconnen/browse-stores/beauty-and-wellness/vitamins-and-supplements</loc>
  </url>
  <url>
    <loc>https://www.westfield.com.au/belconnen/browse-stores/books-stationery-and-gifts/book-stores</loc>
  </url>
  <url>
    <loc>https://www.westfield.com.au/belconnen/browse-stores/books-stationery-and-gifts/newsagencies</loc>
  </url>
  <url>
    <loc>https://www.westfield.com.au/belconnen/browse-stores/books-stationery-and-gifts/cards-and-gift-wrap</loc>
  </url>
  <url>
    <loc>https://www.westfield.com.au/belconnen/browse-stores/books-stationery-and-gifts/office-supplies</loc>
  </url>
  <url>
    <loc>https://www.westfield.com.au/belconnen/browse-stores/books-stationery-and-gifts/stationery</loc>
  </url>
  <url>
    <loc>https://www.westfield.com.au/belconnen/browse-stores/childcare</loc>
  </url>
  <url>
    <loc>https://www.westfield.com.au/belconnen/browse-stores/clothing-and-accessories</loc>
  </url>
  <url>
    <loc>https://www.westfield.com.au/belconnen/browse-stores/car-and-auto</loc>
  </url>
  <url>
    <loc>https://www.westfield.com.au/belconnen/browse-stores/clothing-and-accessories/babies-and-toddlers</loc>
  </url>
  <url>
    <loc>https://www.westfield.com.au/belconnen/browse-stores/clothing-and-accessories/footwear</loc>
  </url>
  <url>
    <loc>https://www.westfield.com.au/belconnen/browse-stores/clothing-and-accessories/jewellery-and-watches</loc>
  </url>
  <url>
    <loc>https://www.westfield.com.au/belconnen/browse-stores/clothing-and-accessories/kids-and-junior</loc>
  </url>
  <url>
    <loc>https://www.westfield.com.au/belconnen/browse-stores/clothing-and-accessories/womens-fashion</loc>
  </url>
  <url>
    <loc>https://www.westfield.com.au/belconnen/browse-stores/clothing-and-accessories/sunglasses</loc>
  </url>
  <url>
    <loc>https://www.westfield.com.au/belconnen/browse-stores/clothing-and-accessories/mens-fashion</loc>
  </url>
  <url>
    <loc>https://www.westfield.com.au/belconnen/browse-stores/department-stores</loc>
  </url>
  <url>
    <loc>https://www.westfield.com.au/belconnen/browse-stores/designer-and-boutique</loc>
  </url>
  <url>
    <loc>https://www.westfield.com.au/belconnen/browse-stores/community-services</loc>
  </url>
  <url>
    <loc>https://www.westfield.com.au/belconnen/browse-stores/discount-and-variety</loc>
  </url>
  <url>
    <loc>https://www.westfield.com.au/belconnen/browse-stores/dry-cleaning</loc>
  </url>
  <url>
    <loc>https://www.westfield.com.au/belconnen/browse-stores/electronics-and-technology</loc>
  </url>
  <url>
    <loc>https://www.westfield.com.au/belconnen/browse-stores/electronics-and-technology/cameras</loc>
  </url>
  <url>
    <loc>https://www.westfield.com.au/belconnen/browse-stores/electronics-and-technology/computers-and-tablets</loc>
  </url>
  <url>
    <loc>https://www.westfield.com.au/belconnen/browse-stores/electronics-and-technology/gaming-and-consoles</loc>
  </url>
  <url>
    <loc>https://www.westfield.com.au/belconnen/browse-stores/electronics-and-technology/mobile-and-accessories</loc>
  </url>
  <url>
    <loc>https://www.westfield.com.au/belconnen/browse-stores/electronics-and-technology/tv-and-audio</loc>
  </url>
  <url>
    <loc>https://www.westfield.com.au/belconnen/browse-stores/electronics-and-technology/navigation</loc>
  </url>
  <url>
    <loc>https://www.westfield.com.au/belconnen/browse-stores/entertainment-and-activities</loc>
  </url>
  <url>
    <loc>https://www.westfield.com.au/belconnen/browse-stores/entertainment-and-activities/cinemas</loc>
  </url>
  <url>
    <loc>https://www.westfield.com.au/belconnen/browse-stores/entertainment-and-activities/kids-activities</loc>
  </url>
  <url>
    <loc>https://www.westfield.com.au/belconnen/browse-stores/entertainment-and-activities/arcades-and-games</loc>
  </url>
  <url>
    <loc>https://www.westfield.com.au/belconnen/browse-stores/entertainment-and-activities/learning-and-education</loc>
  </url>
  <url>
    <loc>https://www.westfield.com.au/belconnen/browse-stores/entertainment-and-activities/music</loc>
  </url>
  <url>
    <loc>https://www.westfield.com.au/belconnen/browse-stores/food-and-drink</loc>
  </url>
  <url>
    <loc>https://www.westfield.com.au/belconnen/browse-stores/florists</loc>
  </url>
  <url>
    <loc>https://www.westfield.com.au/belconnen/browse-stores/food-and-drink/asian</loc>
  </url>
  <url>
    <loc>https://www.westfield.com.au/belconnen/browse-stores/food-and-drink/breakfast-and-brunch</loc>
  </url>
  <url>
    <loc>https://www.westfield.com.au/belconnen/browse-stores/food-and-drink/cafes</loc>
  </url>
  <url>
    <loc>https://www.westfield.com.au/belconnen/browse-stores/food-and-drink/casual-dining</loc>
  </url>
  <url>
    <loc>https://www.westfield.com.au/belconnen/browse-stores/food-and-drink/chocolate-cafes</loc>
  </url>
  <url>
    <loc>https://www.westfield.com.au/belconnen/browse-stores/food-and-drink/dietary-requirements</loc>
  </url>
  <url>
    <loc>https://www.westfield.com.au/belconnen/browse-stores/food-and-drink/desserts</loc>
  </url>
  <url>
    <loc>https://www.westfield.com.au/belconnen/browse-stores/food-and-drink/fine-dining</loc>
  </url>
  <url>
    <loc>https://www.westfield.com.au/belconnen/browse-stores/food-and-drink/fast-food</loc>
  </url>
  <url>
    <loc>https://www.westfield.com.au/belconnen/browse-stores/food-and-drink/healthy-options</loc>
  </url>
  <url>
    <loc>https://www.westfield.com.au/belconnen/browse-stores/food-and-drink/juice-bars</loc>
  </url>
  <url>
    <loc>https://www.westfield.com.au/belconnen/browse-stores/food-and-drink/italian</loc>
  </url>
  <url>
    <loc>https://www.westfield.com.au/belconnen/browse-stores/food-and-drink/kid-friendly</loc>
  </url>
  <url>
    <loc>https://www.westfield.com.au/belconnen/browse-stores/food-and-drink/modern-australian</loc>
  </url>
  <url>
    <loc>https://www.westfield.com.au/belconnen/browse-stores/food-and-drink/mexican-and-latin-american</loc>
  </url>
  <url>
    <loc>https://www.westfield.com.au/belconnen/browse-stores/food-and-drink/middle-eastern</loc>
  </url>
  <url>
    <loc>https://www.westfield.com.au/belconnen/browse-stores/foreign-currency-exchange</loc>
  </url>
  <url>
    <loc>https://www.westfield.com.au/belconnen/browse-stores/food-and-drink/sandwiches-and-salads</loc>
  </url>
  <url>
    <loc>https://www.westfield.com.au/belconnen/browse-stores/food-and-drink/takeaway</loc>
  </url>
  <url>
    <loc>https://www.westfield.com.au/belconnen/browse-stores/fresh-food-and-groceries</loc>
  </url>
  <url>
    <loc>https://www.westfield.com.au/belconnen/browse-stores/fresh-food-and-groceries/bakeries</loc>
  </url>
  <url>
    <loc>https://www.westfield.com.au/belconnen/browse-stores/fresh-food-and-groceries/butchers</loc>
  </url>
  <url>
    <loc>https://www.westfield.com.au/belconnen/browse-stores/fresh-food-and-groceries/confectionery</loc>
  </url>
  <url>
    <loc>https://www.westfield.com.au/belconnen/browse-stores/fresh-food-and-groceries/fresh-produce</loc>
  </url>
  <url>
    <loc>https://www.westfield.com.au/belconnen/browse-stores/fresh-food-and-groceries/delicatessens</loc>
  </url>
  <url>
    <loc>https://www.westfield.com.au/belconnen/browse-stores/fresh-food-and-groceries/liquor</loc>
  </url>
  <url>
    <loc>https://www.westfield.com.au/belconnen/browse-stores/fresh-food-and-groceries/patisseries</loc>
  </url>
  <url>
    <loc>https://www.westfield.com.au/belconnen/browse-stores/fresh-food-and-groceries/seafood</loc>
  </url>
  <url>
    <loc>https://www.westfield.com.au/belconnen/browse-stores/fresh-food-and-groceries/poultry</loc>
  </url>
  <url>
    <loc>https://www.westfield.com.au/belconnen/browse-stores/fresh-food-and-groceries/specialty-foods</loc>
  </url>
  <url>
    <loc>https://www.westfield.com.au/belconnen/browse-stores/fresh-food-and-groceries/supermarkets</loc>
  </url>
  <url>
    <loc>https://www.westfield.com.au/belconnen/browse-stores/health-and-fitness</loc>
  </url>
  <url>
    <loc>https://www.westfield.com.au/belconnen/browse-stores/health-and-fitness/chemists</loc>
  </url>
  <url>
    <loc>https://www.westfield.com.au/belconnen/browse-stores/health-and-fitness/dentists</loc>
  </url>
  <url>
    <loc>https://www.westfield.com.au/belconnen/browse-stores/health-and-fitness/gyms-and-fitness-studios</loc>
  </url>
  <url>
    <loc>https://www.westfield.com.au/belconnen/browse-stores/health-and-fitness/health-insurers</loc>
  </url>
  <url>
    <loc>https://www.westfield.com.au/belconnen/browse-stores/health-and-fitness/optometrists</loc>
  </url>
  <url>
    <loc>https://www.westfield.com.au/belconnen/browse-stores/health-and-fitness/medical-centres</loc>
  </url>
  <url>
    <loc>https://www.westfield.com.au/belconnen/browse-stores/health-and-fitness/specialty-health-providers</loc>
  </url>
  <url>
    <loc>https://www.westfield.com.au/belconnen/browse-stores/home/furniture</loc>
  </url>
  <url>
    <loc>https://www.westfield.com.au/belconnen/browse-stores/home</loc>
  </url>
  <url>
    <loc>https://www.westfield.com.au/belconnen/browse-stores/home/bath-and-home-fragrances</loc>
  </url>
  <url>
    <loc>https://www.westfield.com.au/belconnen/browse-stores/home/bedding</loc>
  </url>
  <url>
    <loc>https://www.westfield.com.au/belconnen/browse-stores/home/gifts</loc>
  </url>
  <url>
    <loc>https://www.westfield.com.au/belconnen/browse-stores/home/home-appliances</loc>
  </url>
  <url>
    <loc>https://www.westfield.com.au/belconnen/browse-stores/home/hardware</loc>
  </url>
  <url>
    <loc>https://www.westfield.com.au/belconnen/browse-stores/home/home-decor</loc>
  </url>
  <url>
    <loc>https://www.westfield.com.au/belconnen/browse-stores/home/kitchen</loc>
  </url>
  <url>
    <loc>https://www.westfield.com.au/belconnen/browse-stores/home/pets</loc>
  </url>
  <url>
    <loc>https://www.westfield.com.au/belconnen/browse-stores/home/photography-and-art</loc>
  </url>
  <url>
    <loc>https://www.westfield.com.au/belconnen/browse-stores/luggage-and-travel-accessories</loc>
  </url>
  <url>
    <loc>https://www.westfield.com.au/belconnen/browse-stores/home/picture-frames</loc>
  </url>
  <url>
    <loc>https://www.westfield.com.au/belconnen/browse-stores/luggage-and-travel-accessories/backpacks-and-gym-duffle-bags</loc>
  </url>
  <url>
    <loc>https://www.westfield.com.au/belconnen/browse-stores/luggage-and-travel-accessories/laptop-cases-and-sleeves</loc>
  </url>
  <url>
    <loc>https://www.westfield.com.au/belconnen/browse-stores/luggage-and-travel-accessories/small-leather-goods</loc>
  </url>
  <url>
    <loc>https://www.westfield.com.au/belconnen/browse-stores/luggage-and-travel-accessories/work-and-laptop-bags</loc>
  </url>
  <url>
    <loc>https://www.westfield.com.au/belconnen/browse-stores/luggage-and-travel-accessories/suitcases-and-travel-accessories</loc>
  </url>
  <url>
    <loc>https://www.westfield.com.au/belconnen/browse-stores/phone-repairs</loc>
  </url>
  <url>
    <loc>https://www.westfield.com.au/belconnen/browse-stores/photographic-services</loc>
  </url>
  <url>
    <loc>https://www.westfield.com.au/belconnen/browse-stores/power-gas-and-communication-services</loc>
  </url>
  <url>
    <loc>https://www.westfield.com.au/belconnen/browse-stores/post-office</loc>
  </url>
  <url>
    <loc>https://www.westfield.com.au/belconnen/browse-stores/sporting-goods</loc>
  </url>
  <url>
    <loc>https://www.westfield.com.au/belconnen/browse-stores/sporting-goods/activewear</loc>
  </url>
  <url>
    <loc>https://www.westfield.com.au/belconnen/browse-stores/shoe-repair-and-key-cutting</loc>
  </url>
  <url>
    <loc>https://www.westfield.com.au/belconnen/browse-stores/sporting-goods/fitness-and-gym-equipment</loc>
  </url>
  <url>
    <loc>https://www.westfield.com.au/belconnen/browse-stores/sporting-goods/outdoors-and-camping</loc>
  </url>
  <url>
    <loc>https://www.westfield.com.au/belconnen/browse-stores/toys-and-hobbies</loc>
  </url>
  <url>
    <loc>https://www.westfield.com.au/belconnen/browse-stores/toys-and-hobbies/arts-and-crafts</loc>
  </url>
  <url>
    <loc>https://www.westfield.com.au/belconnen/browse-stores/sporting-goods/tech-and-wearables</loc>
  </url>
  <url>
    <loc>https://www.westfield.com.au/belconnen/browse-stores/toys-and-hobbies/games</loc>
  </url>
  <url>
    <loc>https://www.westfield.com.au/belconnen/browse-stores/toys-and-hobbies/hobbies</loc>
  </url>
  <url>
    <loc>https://www.westfield.com.au/belconnen/browse-stores/toys-and-hobbies/toys</loc>
  </url>
  <url>
    <loc>https://www.westfield.com.au/belconnen/browse-stores/travel-agents</loc>
  </url>
  <url>
    <loc>https://www.westfield.com.au/bondijunction/browse-stores/alterations-and-tailoring</loc>
  </url>
  <url>
    <loc>https://www.westfield.com.au/bondijunction/browse-stores/baby-and-nursery</loc>
  </url>
  <url>
    <loc>https://www.westfield.com.au/bondijunction/browse-stores/baby-and-nursery/baby-and-infant-toys</loc>
  </url>
  <url>
    <loc>https://www.westfield.com.au/bondijunction/browse-stores/baby-and-nursery/baby-bedding</loc>
  </url>
  <url>
    <loc>https://www.westfield.com.au/bondijunction/browse-stores/baby-and-nursery/nursery-furniture</loc>
  </url>
  <url>
    <loc>https://www.westfield.com.au/bondijunction/browse-stores/baby-and-nursery/tableware-and-feeding</loc>
  </url>
  <url>
    <loc>https://www.westfield.com.au/bondijunction/browse-stores/baby-and-nursery/prams-strollers-and-carriers</loc>
  </url>
  <url>
    <loc>https://www.westfield.com.au/bondijunction/browse-stores/banks</loc>
  </url>
  <url>
    <loc>https://www.westfield.com.au/bondijunction/browse-stores/beauty-and-wellness/bath-and-body</loc>
  </url>
  <url>
    <loc>https://www.westfield.com.au/bondijunction/browse-stores/beauty-and-wellness</loc>
  </url>
  <url>
    <loc>https://www.westfield.com.au/bondijunction/browse-stores/beauty-and-wellness/fragrance</loc>
  </url>
  <url>
    <loc>https://www.westfield.com.au/bondijunction/browse-stores/beauty-and-wellness/hair-and-beauty</loc>
  </url>
  <url>
    <loc>https://www.westfield.com.au/bondijunction/browse-stores/beauty-and-wellness/hair-care</loc>
  </url>
  <url>
    <loc>https://www.westfield.com.au/bondijunction/browse-stores/beauty-and-wellness/makeup</loc>
  </url>
  <url>
    <loc>https://www.westfield.com.au/bondijunction/browse-stores/books-stationery-and-gifts</loc>
  </url>
  <url>
    <loc>https://www.westfield.com.au/bondijunction/browse-stores/beauty-and-wellness/skincare</loc>
  </url>
  <url>
    <loc>https://www.westfield.com.au/bondijunction/browse-stores/books-stationery-and-gifts/book-stores</loc>
  </url>
  <url>
    <loc>https://www.westfield.com.au/bondijunction/browse-stores/beauty-and-wellness/vitamins-and-supplements</loc>
  </url>
  <url>
    <loc>https://www.westfield.com.au/bondijunction/browse-stores/books-stationery-and-gifts/cards-and-gift-wrap</loc>
  </url>
  <url>
    <loc>https://www.westfield.com.au/bondijunction/browse-stores/books-stationery-and-gifts/stationery</loc>
  </url>
  <url>
    <loc>https://www.westfield.com.au/bondijunction/browse-stores/car-and-auto</loc>
  </url>
  <url>
    <loc>https://www.westfield.com.au/bondijunction/browse-stores/books-stationery-and-gifts/newsagencies</loc>
  </url>
  <url>
    <loc>https://www.westfield.com.au/bondijunction/browse-stores/books-stationery-and-gifts/office-supplies</loc>
  </url>
  <url>
    <loc>https://www.westfield.com.au/bondijunction/browse-stores/childcare</loc>
  </url>
  <url>
    <loc>https://www.westfield.com.au/bondijunction/browse-stores/clothing-and-accessories/footwear</loc>
  </url>
  <url>
    <loc>https://www.westfield.com.au/bondijunction/browse-stores/clothing-and-accessories</loc>
  </url>
  <url>
    <loc>https://www.westfield.com.au/bondijunction/browse-stores/clothing-and-accessories/babies-and-toddlers</loc>
  </url>
  <url>
    <loc>https://www.westfield.com.au/bondijunction/browse-stores/clothing-and-accessories/jewellery-and-watches</loc>
  </url>
  <url>
    <loc>https://www.westfield.com.au/bondijunction/browse-stores/clothing-and-accessories/kids-and-junior</loc>
  </url>
  <url>
    <loc>https://www.westfield.com.au/bondijunction/browse-stores/clothing-and-accessories/womens-fashion</loc>
  </url>
  <url>
    <loc>https://www.westfield.com.au/bondijunction/browse-stores/clothing-and-accessories/sunglasses</loc>
  </url>
  <url>
    <loc>https://www.westfield.com.au/bondijunction/browse-stores/department-stores</loc>
  </url>
  <url>
    <loc>https://www.westfield.com.au/bondijunction/browse-stores/designer-and-boutique</loc>
  </url>
  <url>
    <loc>https://www.westfield.com.au/bondijunction/browse-stores/discount-and-variety</loc>
  </url>
  <url>
    <loc>https://www.westfield.com.au/bondijunction/browse-stores/dry-cleaning</loc>
  </url>
  <url>
    <loc>https://www.westfield.com.au/bondijunction/browse-stores/clothing-and-accessories/mens-fashion</loc>
  </url>
  <url>
    <loc>https://www.westfield.com.au/bondijunction/browse-stores/community-services</loc>
  </url>
  <url>
    <loc>https://www.westfield.com.au/bondijunction/browse-stores/electronics-and-technology</loc>
  </url>
  <url>
    <loc>https://www.westfield.com.au/bondijunction/browse-stores/electronics-and-technology/cameras</loc>
  </url>
  <url>
    <loc>https://www.westfield.com.au/bondijunction/browse-stores/electronics-and-technology/gaming-and-consoles</loc>
  </url>
  <url>
    <loc>https://www.westfield.com.au/bondijunction/browse-stores/electronics-and-technology/mobile-and-accessories</loc>
  </url>
  <url>
    <loc>https://www.westfield.com.au/bondijunction/browse-stores/electronics-and-technology/computers-and-tablets</loc>
  </url>
  <url>
    <loc>https://www.westfield.com.au/bondijunction/browse-stores/electronics-and-technology/navigation</loc>
  </url>
  <url>
    <loc>https://www.westfield.com.au/bondijunction/browse-stores/electronics-and-technology/tv-and-audio</loc>
  </url>
  <url>
    <loc>https://www.westfield.com.au/bondijunction/browse-stores/entertainment-and-activities/arcades-and-games</loc>
  </url>
  <url>
    <loc>https://www.westfield.com.au/bondijunction/browse-stores/entertainment-and-activities</loc>
  </url>
  <url>
    <loc>https://www.westfield.com.au/bondijunction/browse-stores/entertainment-and-activities/cinemas</loc>
  </url>
  <url>
    <loc>https://www.westfield.com.au/bondijunction/browse-stores/entertainment-and-activities/kids-activities</loc>
  </url>
  <url>
    <loc>https://www.westfield.com.au/bondijunction/browse-stores/entertainment-and-activities/learning-and-education</loc>
  </url>
  <url>
    <loc>https://www.westfield.com.au/bondijunction/browse-stores/entertainment-and-activities/music</loc>
  </url>
  <url>
    <loc>https://www.westfield.com.au/bondijunction/browse-stores/florists</loc>
  </url>
  <url>
    <loc>https://www.westfield.com.au/bondijunction/browse-stores/food-and-drink/asian</loc>
  </url>
  <url>
    <loc>https://www.westfield.com.au/bondijunction/browse-stores/food-and-drink</loc>
  </url>
  <url>
    <loc>https://www.westfield.com.au/bondijunction/browse-stores/food-and-drink/bars-and-pubs</loc>
  </url>
  <url>
    <loc>https://www.westfield.com.au/bondijunction/browse-stores/food-and-drink/breakfast-and-brunch</loc>
  </url>
  <url>
    <loc>https://www.westfield.com.au/bondijunction/browse-stores/food-and-drink/cafes</loc>
  </url>
  <url>
    <loc>https://www.westfield.com.au/bondijunction/browse-stores/food-and-drink/chocolate-cafes</loc>
  </url>
  <url>
    <loc>https://www.westfield.com.au/bondijunction/browse-stores/food-and-drink/casual-dining</loc>
  </url>
  <url>
    <loc>https://www.westfield.com.au/bondijunction/browse-stores/food-and-drink/desserts</loc>
  </url>
  <url>
    <loc>https://www.westfield.com.au/bondijunction/browse-stores/food-and-drink/dietary-requirements</loc>
  </url>
  <url>
    <loc>https://www.westfield.com.au/bondijunction/browse-stores/food-and-drink/healthy-options</loc>
  </url>
  <url>
    <loc>https://www.westfield.com.au/bondijunction/browse-stores/food-and-drink/italian</loc>
  </url>
  <url>
    <loc>https://www.westfield.com.au/bondijunction/browse-stores/food-and-drink/fast-food</loc>
  </url>
  <url>
    <loc>https://www.westfield.com.au/bondijunction/browse-stores/food-and-drink/juice-bars</loc>
  </url>
  <url>
    <loc>https://www.westfield.com.au/bondijunction/browse-stores/food-and-drink/kid-friendly</loc>
  </url>
  <url>
    <loc>https://www.westfield.com.au/bondijunction/browse-stores/food-and-drink/mexican-and-latin-american</loc>
  </url>
  <url>
    <loc>https://www.westfield.com.au/bondijunction/browse-stores/food-and-drink/middle-eastern</loc>
  </url>
  <url>
    <loc>https://www.westfield.com.au/bondijunction/browse-stores/food-and-drink/modern-australian</loc>
  </url>
  <url>
    <loc>https://www.westfield.com.au/bondijunction/browse-stores/food-and-drink/spanish</loc>
  </url>
  <url>
    <loc>https://www.westfield.com.au/bondijunction/browse-stores/food-and-drink/sandwiches-and-salads</loc>
  </url>
  <url>
    <loc>https://www.westfield.com.au/bondijunction/browse-stores/foreign-currency-exchange</loc>
  </url>
  <url>
    <loc>https://www.westfield.com.au/bondijunction/browse-stores/fresh-food-and-groceries/bakeries</loc>
  </url>
  <url>
    <loc>https://www.westfield.com.au/bondijunction/browse-stores/fresh-food-and-groceries</loc>
  </url>
  <url>
    <loc>https://www.westfield.com.au/bondijunction/browse-stores/food-and-drink/takeaway</loc>
  </url>
  <url>
    <loc>https://www.westfield.com.au/bondijunction/browse-stores/fresh-food-and-groceries/butchers</loc>
  </url>
  <url>
    <loc>https://www.westfield.com.au/bondijunction/browse-stores/fresh-food-and-groceries/confectionery</loc>
  </url>
  <url>
    <loc>https://www.westfield.com.au/bondijunction/browse-stores/fresh-food-and-groceries/liquor</loc>
  </url>
  <url>
    <loc>https://www.westfield.com.au/bondijunction/browse-stores/fresh-food-and-groceries/delicatessens</loc>
  </url>
  <url>
    <loc>https://www.westfield.com.au/bondijunction/browse-stores/fresh-food-and-groceries/fresh-produce</loc>
  </url>
  <url>
    <loc>https://www.westfield.com.au/bondijunction/browse-stores/fresh-food-and-groceries/patisseries</loc>
  </url>
  <url>
    <loc>https://www.westfield.com.au/bondijunction/browse-stores/fresh-food-and-groceries/poultry</loc>
  </url>
  <url>
    <loc>https://www.westfield.com.au/bondijunction/browse-stores/fresh-food-and-groceries/specialty-foods</loc>
  </url>
  <url>
    <loc>https://www.westfield.com.au/bondijunction/browse-stores/health-and-fitness</loc>
  </url>
  <url>
    <loc>https://www.westfield.com.au/bondijunction/browse-stores/fresh-food-and-groceries/supermarkets</loc>
  </url>
  <url>
    <loc>https://www.westfield.com.au/bondijunction/browse-stores/health-and-fitness/chemists</loc>
  </url>
  <url>
    <loc>https://www.westfield.com.au/bondijunction/browse-stores/health-and-fitness/dentists</loc>
  </url>
  <url>
    <loc>https://www.westfield.com.au/bondijunction/browse-stores/health-and-fitness/health-insurers</loc>
  </url>
  <url>
    <loc>https://www.westfield.com.au/bondijunction/browse-stores/health-and-fitness/gyms-and-fitness-studios</loc>
  </url>
  <url>
    <loc>https://www.westfield.com.au/bondijunction/browse-stores/health-and-fitness/medical-centres</loc>
  </url>
  <url>
    <loc>https://www.westfield.com.au/bondijunction/browse-stores/health-and-fitness/optometrists</loc>
  </url>
  <url>
    <loc>https://www.westfield.com.au/bondijunction/browse-stores/home</loc>
  </url>
  <url>
    <loc>https://www.westfield.com.au/bondijunction/browse-stores/health-and-fitness/specialty-health-providers</loc>
  </url>
  <url>
    <loc>https://www.westfield.com.au/bondijunction/browse-stores/fresh-food-and-groceries/seafood</loc>
  </url>
  <url>
    <loc>https://www.westfield.com.au/bondijunction/browse-stores/home/bath-and-home-fragrances</loc>
  </url>
  <url>
    <loc>https://www.westfield.com.au/bondijunction/browse-stores/home/furniture</loc>
  </url>
  <url>
    <loc>https://www.westfield.com.au/bondijunction/browse-stores/home/bedding</loc>
  </url>
  <url>
    <loc>https://www.westfield.com.au/bondijunction/browse-stores/home/home-appliances</loc>
  </url>
  <url>
    <loc>https://www.westfield.com.au/bondijunction/browse-stores/home/gifts</loc>
  </url>
  <url>
    <loc>https://www.westfield.com.au/bondijunction/browse-stores/home/hardware</loc>
  </url>
  <url>
    <loc>https://www.westfield.com.au/bondijunction/browse-stores/home/home-decor</loc>
  </url>
  <url>
    <loc>https://www.westfield.com.au/bondijunction/browse-stores/home/pets</loc>
  </url>
  <url>
    <loc>https://www.westfield.com.au/bondijunction/browse-stores/home/photography-and-art</loc>
  </url>
  <url>
    <loc>https://www.westfield.com.au/bondijunction/browse-stores/home/kitchen</loc>
  </url>
  <url>
    <loc>https://www.westfield.com.au/bondijunction/browse-stores/home/picture-frames</loc>
  </url>
  <url>
    <loc>https://www.westfield.com.au/bondijunction/browse-stores/luggage-and-travel-accessories</loc>
  </url>
  <url>
    <loc>https://www.westfield.com.au/bondijunction/browse-stores/luggage-and-travel-accessories/backpacks-and-gym-duffle-bags</loc>
  </url>
  <url>
    <loc>https://www.westfield.com.au/bondijunction/browse-stores/luggage-and-travel-accessories/small-leather-goods</loc>
  </url>
  <url>
    <loc>https://www.westfield.com.au/bondijunction/browse-stores/luggage-and-travel-accessories/laptop-cases-and-sleeves</loc>
  </url>
  <url>
    <loc>https://www.westfield.com.au/bondijunction/browse-stores/luggage-and-travel-accessories/suitcases-and-travel-accessories</loc>
  </url>
  <url>
    <loc>https://www.westfield.com.au/bondijunction/browse-stores/luggage-and-travel-accessories/work-and-laptop-bags</loc>
  </url>
  <url>
    <loc>https://www.westfield.com.au/bondijunction/browse-stores/luxury-and-premium</loc>
  </url>
  <url>
    <loc>https://www.westfield.com.au/bondijunction/browse-stores/luxury-and-premium/international-designer</loc>
  </url>
  <url>
    <loc>https://www.westfield.com.au/bondijunction/browse-stores/luxury-and-premium/australian-designer</loc>
  </url>
  <url>
    <loc>https://www.westfield.com.au/bondijunction/browse-stores/luxury-and-premium/luxury</loc>
  </url>
  <url>
    <loc>https://www.westfield.com.au/bondijunction/browse-stores/luxury-and-premium/premium-brands</loc>
  </url>
  <url>
    <loc>https://www.westfield.com.au/bondijunction/browse-stores/photographic-services</loc>
  </url>
  <url>
    <loc>https://www.westfield.com.au/bondijunction/browse-stores/phone-repairs</loc>
  </url>
  <url>
    <loc>https://www.westfield.com.au/bondijunction/browse-stores/professional-services</loc>
  </url>
  <url>
    <loc>https://www.westfield.com.au/bondijunction/browse-stores/power-gas-and-communication-services</loc>
  </url>
  <url>
    <loc>https://www.westfield.com.au/bondijunction/browse-stores/post-office</loc>
  </url>
  <url>
    <loc>https://www.westfield.com.au/bondijunction/browse-stores/shoe-repair-and-key-cutting</loc>
  </url>
  <url>
    <loc>https://www.westfield.com.au/bondijunction/browse-stores/sporting-goods</loc>
  </url>
  <url>
    <loc>https://www.westfield.com.au/bondijunction/browse-stores/sporting-goods/activewear</loc>
  </url>
  <url>
    <loc>https://www.westfield.com.au/bondijunction/browse-stores/sporting-goods/fitness-and-gym-equipment</loc>
  </url>
  <url>
    <loc>https://www.westfield.com.au/bondijunction/browse-stores/sporting-goods/outdoors-and-camping</loc>
  </url>
  <url>
    <loc>https://www.westfield.com.au/bondijunction/browse-stores/sporting-goods/tech-and-wearables</loc>
  </url>
  <url>
    <loc>https://www.westfield.com.au/bondijunction/browse-stores/toys-and-hobbies</loc>
  </url>
  <url>
    <loc>https://www.westfield.com.au/bondijunction/browse-stores/toys-and-hobbies/arts-and-crafts</loc>
  </url>
  <url>
    <loc>https://www.westfield.com.au/bondijunction/browse-stores/toys-and-hobbies/games</loc>
  </url>
  <url>
    <loc>https://www.westfield.com.au/bondijunction/browse-stores/toys-and-hobbies/hobbies</loc>
  </url>
  <url>
    <loc>https://www.westfield.com.au/bondijunction/browse-stores/toys-and-hobbies/toys</loc>
  </url>
  <url>
    <loc>https://www.westfield.com.au/bondijunction/browse-stores/travel-agents</loc>
  </url>
  <url>
    <loc>https://www.westfield.com.au/booragoon/browse-stores/alterations-and-tailoring</loc>
  </url>
  <url>
    <loc>https://www.westfield.com.au/booragoon/browse-stores/baby-and-nursery</loc>
  </url>
  <url>
    <loc>https://www.westfield.com.au/booragoon/browse-stores/baby-and-nursery/baby-and-infant-toys</loc>
  </url>
  <url>
    <loc>https://www.westfield.com.au/booragoon/browse-stores/baby-and-nursery/baby-bedding</loc>
  </url>
  <url>
    <loc>https://www.westfield.com.au/booragoon/browse-stores/baby-and-nursery/nursery-furniture</loc>
  </url>
  <url>
    <loc>https://www.westfield.com.au/booragoon/browse-stores/baby-and-nursery/prams-strollers-and-carriers</loc>
  </url>
  <url>
    <loc>https://www.westfield.com.au/booragoon/browse-stores/baby-and-nursery/tableware-and-feeding</loc>
  </url>
  <url>
    <loc>https://www.westfield.com.au/booragoon/browse-stores/banks</loc>
  </url>
  <url>
    <loc>https://www.westfield.com.au/booragoon/browse-stores/beauty-and-wellness/bath-and-body</loc>
  </url>
  <url>
    <loc>https://www.westfield.com.au/booragoon/browse-stores/beauty-and-wellness</loc>
  </url>
  <url>
    <loc>https://www.westfield.com.au/booragoon/browse-stores/beauty-and-wellness/fragrance</loc>
  </url>
  <url>
    <loc>https://www.westfield.com.au/booragoon/browse-stores/beauty-and-wellness/hair-care</loc>
  </url>
  <url>
    <loc>https://www.westfield.com.au/booragoon/browse-stores/beauty-and-wellness/skincare</loc>
  </url>
  <url>
    <loc>https://www.westfield.com.au/booragoon/browse-stores/beauty-and-wellness/hair-and-beauty</loc>
  </url>
  <url>
    <loc>https://www.westfield.com.au/booragoon/browse-stores/beauty-and-wellness/makeup</loc>
  </url>
  <url>
    <loc>https://www.westfield.com.au/booragoon/browse-stores/books-stationery-and-gifts/cards-and-gift-wrap</loc>
  </url>
  <url>
    <loc>https://www.westfield.com.au/booragoon/browse-stores/beauty-and-wellness/vitamins-and-supplements</loc>
  </url>
  <url>
    <loc>https://www.westfield.com.au/booragoon/browse-stores/books-stationery-and-gifts/book-stores</loc>
  </url>
  <url>
    <loc>https://www.westfield.com.au/booragoon/browse-stores/books-stationery-and-gifts</loc>
  </url>
  <url>
    <loc>https://www.westfield.com.au/booragoon/browse-stores/books-stationery-and-gifts/office-supplies</loc>
  </url>
  <url>
    <loc>https://www.westfield.com.au/booragoon/browse-stores/books-stationery-and-gifts/stationery</loc>
  </url>
  <url>
    <loc>https://www.westfield.com.au/booragoon/browse-stores/books-stationery-and-gifts/newsagencies</loc>
  </url>
  <url>
    <loc>https://www.westfield.com.au/booragoon/browse-stores/car-and-auto</loc>
  </url>
  <url>
    <loc>https://www.westfield.com.au/booragoon/browse-stores/clothing-and-accessories/footwear</loc>
  </url>
  <url>
    <loc>https://www.westfield.com.au/booragoon/browse-stores/clothing-and-accessories</loc>
  </url>
  <url>
    <loc>https://www.westfield.com.au/booragoon/browse-stores/clothing-and-accessories/babies-and-toddlers</loc>
  </url>
  <url>
    <loc>https://www.westfield.com.au/booragoon/browse-stores/clothing-and-accessories/jewellery-and-watches</loc>
  </url>
  <url>
    <loc>https://www.westfield.com.au/booragoon/browse-stores/clothing-and-accessories/kids-and-junior</loc>
  </url>
  <url>
    <loc>https://www.westfield.com.au/booragoon/browse-stores/clothing-and-accessories/mens-fashion</loc>
  </url>
  <url>
    <loc>https://www.westfield.com.au/booragoon/browse-stores/clothing-and-accessories/sunglasses</loc>
  </url>
  <url>
    <loc>https://www.westfield.com.au/booragoon/browse-stores/clothing-and-accessories/womens-fashion</loc>
  </url>
  <url>
    <loc>https://www.westfield.com.au/booragoon/browse-stores/department-stores</loc>
  </url>
  <url>
    <loc>https://www.westfield.com.au/booragoon/browse-stores/discount-and-variety</loc>
  </url>
  <url>
    <loc>https://www.westfield.com.au/booragoon/browse-stores/designer-and-boutique</loc>
  </url>
  <url>
    <loc>https://www.westfield.com.au/booragoon/browse-stores/community-services</loc>
  </url>
  <url>
    <loc>https://www.westfield.com.au/booragoon/browse-stores/electronics-and-technology</loc>
  </url>
  <url>
    <loc>https://www.westfield.com.au/booragoon/browse-stores/electronics-and-technology/computers-and-tablets</loc>
  </url>
  <url>
    <loc>https://www.westfield.com.au/booragoon/browse-stores/electronics-and-technology/cameras</loc>
  </url>
  <url>
    <loc>https://www.westfield.com.au/booragoon/browse-stores/electronics-and-technology/mobile-and-accessories</loc>
  </url>
  <url>
    <loc>https://www.westfield.com.au/booragoon/browse-stores/entertainment-and-activities</loc>
  </url>
  <url>
    <loc>https://www.westfield.com.au/booragoon/browse-stores/entertainment-and-activities/arcades-and-games</loc>
  </url>
  <url>
    <loc>https://www.westfield.com.au/booragoon/browse-stores/electronics-and-technology/tv-and-audio</loc>
  </url>
  <url>
    <loc>https://www.westfield.com.au/booragoon/browse-stores/entertainment-and-activities/cinemas</loc>
  </url>
  <url>
    <loc>https://www.westfield.com.au/booragoon/browse-stores/entertainment-and-activities/kids-activities</loc>
  </url>
  <url>
    <loc>https://www.westfield.com.au/booragoon/browse-stores/entertainment-and-activities/music</loc>
  </url>
  <url>
    <loc>https://www.westfield.com.au/booragoon/browse-stores/entertainment-and-activities/learning-and-education</loc>
  </url>
  <url>
    <loc>https://www.westfield.com.au/booragoon/browse-stores/florists</loc>
  </url>
  <url>
    <loc>https://www.westfield.com.au/booragoon/browse-stores/food-and-drink</loc>
  </url>
  <url>
    <loc>https://www.westfield.com.au/booragoon/browse-stores/food-and-drink/asian</loc>
  </url>
  <url>
    <loc>https://www.westfield.com.au/booragoon/browse-stores/food-and-drink/cafes</loc>
  </url>
  <url>
    <loc>https://www.westfield.com.au/booragoon/browse-stores/food-and-drink/breakfast-and-brunch</loc>
  </url>
  <url>
    <loc>https://www.westfield.com.au/booragoon/browse-stores/food-and-drink/fast-food</loc>
  </url>
  <url>
    <loc>https://www.westfield.com.au/booragoon/browse-stores/food-and-drink/desserts</loc>
  </url>
  <url>
    <loc>https://www.westfield.com.au/booragoon/browse-stores/food-and-drink/casual-dining</loc>
  </url>
  <url>
    <loc>https://www.westfield.com.au/booragoon/browse-stores/food-and-drink/dietary-requirements</loc>
  </url>
  <url>
    <loc>https://www.westfield.com.au/booragoon/browse-stores/food-and-drink/mexican-and-latin-american</loc>
  </url>
  <url>
    <loc>https://www.westfield.com.au/booragoon/browse-stores/food-and-drink/healthy-options</loc>
  </url>
  <url>
    <loc>https://www.westfield.com.au/booragoon/browse-stores/food-and-drink/kid-friendly</loc>
  </url>
  <url>
    <loc>https://www.westfield.com.au/booragoon/browse-stores/food-and-drink/juice-bars</loc>
  </url>
  <url>
    <loc>https://www.westfield.com.au/booragoon/browse-stores/foreign-currency-exchange</loc>
  </url>
  <url>
    <loc>https://www.westfield.com.au/booragoon/browse-stores/food-and-drink/middle-eastern</loc>
  </url>
  <url>
    <loc>https://www.westfield.com.au/booragoon/browse-stores/food-and-drink/sandwiches-and-salads</loc>
  </url>
  <url>
    <loc>https://www.westfield.com.au/booragoon/browse-stores/food-and-drink/takeaway</loc>
  </url>
  <url>
    <loc>https://www.westfield.com.au/booragoon/browse-stores/fresh-food-and-groceries/butchers</loc>
  </url>
  <url>
    <loc>https://www.westfield.com.au/booragoon/browse-stores/fresh-food-and-groceries</loc>
  </url>
  <url>
    <loc>https://www.westfield.com.au/booragoon/browse-stores/fresh-food-and-groceries/bakeries</loc>
  </url>
  <url>
    <loc>https://www.westfield.com.au/booragoon/browse-stores/fresh-food-and-groceries/confectionery</loc>
  </url>
  <url>
    <loc>https://www.westfield.com.au/booragoon/browse-stores/fresh-food-and-groceries/patisseries</loc>
  </url>
  <url>
    <loc>https://www.westfield.com.au/booragoon/browse-stores/fresh-food-and-groceries/delicatessens</loc>
  </url>
  <url>
    <loc>https://www.westfield.com.au/booragoon/browse-stores/fresh-food-and-groceries/fresh-produce</loc>
  </url>
  <url>
    <loc>https://www.westfield.com.au/booragoon/browse-stores/fresh-food-and-groceries/liquor</loc>
  </url>
  <url>
    <loc>https://www.westfield.com.au/booragoon/browse-stores/fresh-food-and-groceries/seafood</loc>
  </url>
  <url>
    <loc>https://www.westfield.com.au/booragoon/browse-stores/fresh-food-and-groceries/specialty-foods</loc>
  </url>
  <url>
    <loc>https://www.westfield.com.au/booragoon/browse-stores/fresh-food-and-groceries/supermarkets</loc>
  </url>
  <url>
    <loc>https://www.westfield.com.au/booragoon/browse-stores/health-and-fitness/health-insurers</loc>
  </url>
  <url>
    <loc>https://www.westfield.com.au/booragoon/browse-stores/health-and-fitness</loc>
  </url>
  <url>
    <loc>https://www.westfield.com.au/booragoon/browse-stores/health-and-fitness/optometrists</loc>
  </url>
  <url>
    <loc>https://www.westfield.com.au/booragoon/browse-stores/health-and-fitness/specialty-health-providers</loc>
  </url>
  <url>
    <loc>https://www.westfield.com.au/booragoon/browse-stores/home</loc>
  </url>
  <url>
    <loc>https://www.westfield.com.au/booragoon/browse-stores/home/bedding</loc>
  </url>
  <url>
    <loc>https://www.westfield.com.au/booragoon/browse-stores/home/bath-and-home-fragrances</loc>
  </url>
  <url>
    <loc>https://www.westfield.com.au/booragoon/browse-stores/home/gifts</loc>
  </url>
  <url>
    <loc>https://www.westfield.com.au/booragoon/browse-stores/home/hardware</loc>
  </url>
  <url>
    <loc>https://www.westfield.com.au/booragoon/browse-stores/home/home-decor</loc>
  </url>
  <url>
    <loc>https://www.westfield.com.au/booragoon/browse-stores/home/home-appliances</loc>
  </url>
  <url>
    <loc>https://www.westfield.com.au/booragoon/browse-stores/home/furniture</loc>
  </url>
  <url>
    <loc>https://www.westfield.com.au/booragoon/browse-stores/home/kitchen</loc>
  </url>
  <url>
    <loc>https://www.westfield.com.au/booragoon/browse-stores/home/pets</loc>
  </url>
  <url>
    <loc>https://www.westfield.com.au/booragoon/browse-stores/home/picture-frames</loc>
  </url>
  <url>
    <loc>https://www.westfield.com.au/booragoon/browse-stores/luggage-and-travel-accessories</loc>
  </url>
  <url>
    <loc>https://www.westfield.com.au/booragoon/browse-stores/luggage-and-travel-accessories/backpacks-and-gym-duffle-bags</loc>
  </url>
  <url>
    <loc>https://www.westfield.com.au/booragoon/browse-stores/luggage-and-travel-accessories/suitcases-and-travel-accessories</loc>
  </url>
  <url>
    <loc>https://www.westfield.com.au/booragoon/browse-stores/luggage-and-travel-accessories/work-and-laptop-bags</loc>
  </url>
  <url>
    <loc>https://www.westfield.com.au/booragoon/browse-stores/luggage-and-travel-accessories/laptop-cases-and-sleeves</loc>
  </url>
  <url>
    <loc>https://www.westfield.com.au/booragoon/browse-stores/luxury-and-premium/australian-designer</loc>
  </url>
  <url>
    <loc>https://www.westfield.com.au/booragoon/browse-stores/pawn-brokers</loc>
  </url>
  <url>
    <loc>https://www.westfield.com.au/booragoon/browse-stores/phone-repairs</loc>
  </url>
  <url>
    <loc>https://www.westfield.com.au/booragoon/browse-stores/luxury-and-premium/luxury</loc>
  </url>
  <url>
    <loc>https://www.westfield.com.au/booragoon/browse-stores/luxury-and-premium</loc>
  </url>
  <url>
    <loc>https://www.westfield.com.au/booragoon/browse-stores/professional-services</loc>
  </url>
  <url>
    <loc>https://www.westfield.com.au/booragoon/browse-stores/power-gas-and-communication-services</loc>
  </url>
  <url>
    <loc>https://www.westfield.com.au/booragoon/browse-stores/shoe-repair-and-key-cutting</loc>
  </url>
  <url>
    <loc>https://www.westfield.com.au/booragoon/browse-stores/sporting-goods</loc>
  </url>
  <url>
    <loc>https://www.westfield.com.au/booragoon/browse-stores/sporting-goods/tech-and-wearables</loc>
  </url>
  <url>
    <loc>https://www.westfield.com.au/booragoon/browse-stores/sporting-goods/activewear</loc>
  </url>
  <url>
    <loc>https://www.westfield.com.au/booragoon/browse-stores/sporting-goods/outdoors-and-camping</loc>
  </url>
  <url>
    <loc>https://www.westfield.com.au/booragoon/browse-stores/sporting-goods/fitness-and-gym-equipment</loc>
  </url>
  <url>
    <loc>https://www.westfield.com.au/booragoon/browse-stores/toys-and-hobbies/arts-and-crafts</loc>
  </url>
  <url>
    <loc>https://www.westfield.com.au/booragoon/browse-stores/toys-and-hobbies/games</loc>
  </url>
  <url>
    <loc>https://www.westfield.com.au/booragoon/browse-stores/toys-and-hobbies</loc>
  </url>
  <url>
    <loc>https://www.westfield.com.au/booragoon/browse-stores/toys-and-hobbies/toys</loc>
  </url>
  <url>
    <loc>https://www.westfield.com.au/booragoon/browse-stores/toys-and-hobbies/hobbies</loc>
  </url>
  <url>
    <loc>https://www.westfield.com.au/booragoon/browse-stores/travel-agents</loc>
  </url>
  <url>
    <loc>https://www.westfield.com.au/burwood/browse-stores/alterations-and-tailoring</loc>
  </url>
  <url>
    <loc>https://www.westfield.com.au/burwood/browse-stores/baby-and-nursery</loc>
  </url>
  <url>
    <loc>https://www.westfield.com.au/burwood/browse-stores/baby-and-nursery/baby-and-infant-toys</loc>
  </url>
  <url>
    <loc>https://www.westfield.com.au/burwood/browse-stores/baby-and-nursery/baby-bedding</loc>
  </url>
  <url>
    <loc>https://www.westfield.com.au/burwood/browse-stores/baby-and-nursery/nursery-furniture</loc>
  </url>
  <url>
    <loc>https://www.westfield.com.au/burwood/browse-stores/baby-and-nursery/tableware-and-feeding</loc>
  </url>
  <url>
    <loc>https://www.westfield.com.au/burwood/browse-stores/baby-and-nursery/prams-strollers-and-carriers</loc>
  </url>
  <url>
    <loc>https://www.westfield.com.au/burwood/browse-stores/banks</loc>
  </url>
  <url>
    <loc>https://www.westfield.com.au/burwood/browse-stores/beauty-and-wellness/bath-and-body</loc>
  </url>
  <url>
    <loc>https://www.westfield.com.au/burwood/browse-stores/beauty-and-wellness/fragrance</loc>
  </url>
  <url>
    <loc>https://www.westfield.com.au/burwood/browse-stores/beauty-and-wellness</loc>
  </url>
  <url>
    <loc>https://www.westfield.com.au/burwood/browse-stores/beauty-and-wellness/hair-care</loc>
  </url>
  <url>
    <loc>https://www.westfield.com.au/burwood/browse-stores/beauty-and-wellness/hair-and-beauty</loc>
  </url>
  <url>
    <loc>https://www.westfield.com.au/burwood/browse-stores/beauty-and-wellness/makeup</loc>
  </url>
  <url>
    <loc>https://www.westfield.com.au/burwood/browse-stores/beauty-and-wellness/vitamins-and-supplements</loc>
  </url>
  <url>
    <loc>https://www.westfield.com.au/burwood/browse-stores/beauty-and-wellness/skincare</loc>
  </url>
  <url>
    <loc>https://www.westfield.com.au/burwood/browse-stores/books-stationery-and-gifts</loc>
  </url>
  <url>
    <loc>https://www.westfield.com.au/burwood/browse-stores/books-stationery-and-gifts/book-stores</loc>
  </url>
  <url>
    <loc>https://www.westfield.com.au/burwood/browse-stores/books-stationery-and-gifts/cards-and-gift-wrap</loc>
  </url>
  <url>
    <loc>https://www.westfield.com.au/burwood/browse-stores/books-stationery-and-gifts/newsagencies</loc>
  </url>
  <url>
    <loc>https://www.westfield.com.au/burwood/browse-stores/books-stationery-and-gifts/stationery</loc>
  </url>
  <url>
    <loc>https://www.westfield.com.au/burwood/browse-stores/books-stationery-and-gifts/office-supplies</loc>
  </url>
  <url>
    <loc>https://www.westfield.com.au/burwood/browse-stores/car-and-auto</loc>
  </url>
  <url>
    <loc>https://www.westfield.com.au/burwood/browse-stores/clothing-and-accessories</loc>
  </url>
  <url>
    <loc>https://www.westfield.com.au/burwood/browse-stores/childcare</loc>
  </url>
  <url>
    <loc>https://www.westfield.com.au/burwood/browse-stores/clothing-and-accessories/babies-and-toddlers</loc>
  </url>
  <url>
    <loc>https://www.westfield.com.au/burwood/browse-stores/clothing-and-accessories/footwear</loc>
  </url>
  <url>
    <loc>https://www.westfield.com.au/burwood/browse-stores/clothing-and-accessories/jewellery-and-watches</loc>
  </url>
  <url>
    <loc>https://www.westfield.com.au/burwood/browse-stores/clothing-and-accessories/kids-and-junior</loc>
  </url>
  <url>
    <loc>https://www.westfield.com.au/burwood/browse-stores/clothing-and-accessories/mens-fashion</loc>
  </url>
  <url>
    <loc>https://www.westfield.com.au/burwood/browse-stores/clothing-and-accessories/sunglasses</loc>
  </url>
  <url>
    <loc>https://www.westfield.com.au/burwood/browse-stores/clothing-and-accessories/womens-fashion</loc>
  </url>
  <url>
    <loc>https://www.westfield.com.au/burwood/browse-stores/community-services</loc>
  </url>
  <url>
    <loc>https://www.westfield.com.au/burwood/browse-stores/department-stores</loc>
  </url>
  <url>
    <loc>https://www.westfield.com.au/burwood/browse-stores/designer-and-boutique</loc>
  </url>
  <url>
    <loc>https://www.westfield.com.au/burwood/browse-stores/discount-and-variety</loc>
  </url>
  <url>
    <loc>https://www.westfield.com.au/burwood/browse-stores/dry-cleaning</loc>
  </url>
  <url>
    <loc>https://www.westfield.com.au/burwood/browse-stores/electronics-and-technology/cameras</loc>
  </url>
  <url>
    <loc>https://www.westfield.com.au/burwood/browse-stores/electronics-and-technology</loc>
  </url>
  <url>
    <loc>https://www.westfield.com.au/burwood/browse-stores/electronics-and-technology/computers-and-tablets</loc>
  </url>
  <url>
    <loc>https://www.westfield.com.au/burwood/browse-stores/electronics-and-technology/gaming-and-consoles</loc>
  </url>
  <url>
    <loc>https://www.westfield.com.au/burwood/browse-stores/electronics-and-technology/mobile-and-accessories</loc>
  </url>
  <url>
    <loc>https://www.westfield.com.au/burwood/browse-stores/electronics-and-technology/navigation</loc>
  </url>
  <url>
    <loc>https://www.westfield.com.au/burwood/browse-stores/electronics-and-technology/tv-and-audio</loc>
  </url>
  <url>
    <loc>https://www.westfield.com.au/burwood/browse-stores/entertainment-and-activities</loc>
  </url>
  <url>
    <loc>https://www.westfield.com.au/burwood/browse-stores/entertainment-and-activities/arcades-and-games</loc>
  </url>
  <url>
    <loc>https://www.westfield.com.au/burwood/browse-stores/entertainment-and-activities/cinemas</loc>
  </url>
  <url>
    <loc>https://www.westfield.com.au/burwood/browse-stores/entertainment-and-activities/kids-activities</loc>
  </url>
  <url>
    <loc>https://www.westfield.com.au/burwood/browse-stores/entertainment-and-activities/learning-and-education</loc>
  </url>
  <url>
    <loc>https://www.westfield.com.au/burwood/browse-stores/florists</loc>
  </url>
  <url>
    <loc>https://www.westfield.com.au/burwood/browse-stores/entertainment-and-activities/music</loc>
  </url>
  <url>
    <loc>https://www.westfield.com.au/burwood/browse-stores/food-and-drink</loc>
  </url>
  <url>
    <loc>https://www.westfield.com.au/burwood/browse-stores/food-and-drink/cafes</loc>
  </url>
  <url>
    <loc>https://www.westfield.com.au/burwood/browse-stores/food-and-drink/breakfast-and-brunch</loc>
  </url>
  <url>
    <loc>https://www.westfield.com.au/burwood/browse-stores/food-and-drink/asian</loc>
  </url>
  <url>
    <loc>https://www.westfield.com.au/burwood/browse-stores/food-and-drink/casual-dining</loc>
  </url>
  <url>
    <loc>https://www.westfield.com.au/burwood/browse-stores/food-and-drink/chocolate-cafes</loc>
  </url>
  <url>
    <loc>https://www.westfield.com.au/burwood/browse-stores/food-and-drink/dietary-requirements</loc>
  </url>
  <url>
    <loc>https://www.westfield.com.au/burwood/browse-stores/food-and-drink/desserts</loc>
  </url>
  <url>
    <loc>https://www.westfield.com.au/burwood/browse-stores/food-and-drink/healthy-options</loc>
  </url>
  <url>
    <loc>https://www.westfield.com.au/burwood/browse-stores/food-and-drink/fast-food</loc>
  </url>
  <url>
    <loc>https://www.westfield.com.au/burwood/browse-stores/food-and-drink/mexican-and-latin-american</loc>
  </url>
  <url>
    <loc>https://www.westfield.com.au/burwood/browse-stores/food-and-drink/juice-bars</loc>
  </url>
  <url>
    <loc>https://www.westfield.com.au/burwood/browse-stores/food-and-drink/kid-friendly</loc>
  </url>
  <url>
    <loc>https://www.westfield.com.au/burwood/browse-stores/food-and-drink/middle-eastern</loc>
  </url>
  <url>
    <loc>https://www.westfield.com.au/burwood/browse-stores/food-and-drink/takeaway</loc>
  </url>
  <url>
    <loc>https://www.westfield.com.au/burwood/browse-stores/foreign-currency-exchange</loc>
  </url>
  <url>
    <loc>https://www.westfield.com.au/burwood/browse-stores/fresh-food-and-groceries</loc>
  </url>
  <url>
    <loc>https://www.westfield.com.au/burwood/browse-stores/food-and-drink/sandwiches-and-salads</loc>
  </url>
  <url>
    <loc>https://www.westfield.com.au/burwood/browse-stores/fresh-food-and-groceries/bakeries</loc>
  </url>
  <url>
    <loc>https://www.westfield.com.au/burwood/browse-stores/fresh-food-and-groceries/delicatessens</loc>
  </url>
  <url>
    <loc>https://www.westfield.com.au/burwood/browse-stores/fresh-food-and-groceries/butchers</loc>
  </url>
  <url>
    <loc>https://www.westfield.com.au/burwood/browse-stores/fresh-food-and-groceries/confectionery</loc>
  </url>
  <url>
    <loc>https://www.westfield.com.au/burwood/browse-stores/fresh-food-and-groceries/fresh-produce</loc>
  </url>
  <url>
    <loc>https://www.westfield.com.au/burwood/browse-stores/fresh-food-and-groceries/seafood</loc>
  </url>
  <url>
    <loc>https://www.westfield.com.au/burwood/browse-stores/fresh-food-and-groceries/poultry</loc>
  </url>
  <url>
    <loc>https://www.westfield.com.au/burwood/browse-stores/fresh-food-and-groceries/patisseries</loc>
  </url>
  <url>
    <loc>https://www.westfield.com.au/burwood/browse-stores/fresh-food-and-groceries/liquor</loc>
  </url>
  <url>
    <loc>https://www.westfield.com.au/burwood/browse-stores/fresh-food-and-groceries/specialty-foods</loc>
  </url>
  <url>
    <loc>https://www.westfield.com.au/burwood/browse-stores/fresh-food-and-groceries/supermarkets</loc>
  </url>
  <url>
    <loc>https://www.westfield.com.au/burwood/browse-stores/health-and-fitness</loc>
  </url>
  <url>
    <loc>https://www.westfield.com.au/burwood/browse-stores/health-and-fitness/medical-centres</loc>
  </url>
  <url>
    <loc>https://www.westfield.com.au/burwood/browse-stores/health-and-fitness/health-insurers</loc>
  </url>
  <url>
    <loc>https://www.westfield.com.au/burwood/browse-stores/health-and-fitness/optometrists</loc>
  </url>
  <url>
    <loc>https://www.westfield.com.au/burwood/browse-stores/health-and-fitness/chemists</loc>
  </url>
  <url>
    <loc>https://www.westfield.com.au/burwood/browse-stores/health-and-fitness/dentists</loc>
  </url>
  <url>
    <loc>https://www.westfield.com.au/burwood/browse-stores/home</loc>
  </url>
  <url>
    <loc>https://www.westfield.com.au/burwood/browse-stores/health-and-fitness/specialty-health-providers</loc>
  </url>
  <url>
    <loc>https://www.westfield.com.au/burwood/browse-stores/home/bath-and-home-fragrances</loc>
  </url>
  <url>
    <loc>https://www.westfield.com.au/burwood/browse-stores/home/furniture</loc>
  </url>
  <url>
    <loc>https://www.westfield.com.au/burwood/browse-stores/home/bedding</loc>
  </url>
  <url>
    <loc>https://www.westfield.com.au/burwood/browse-stores/home/gifts</loc>
  </url>
  <url>
    <loc>https://www.westfield.com.au/burwood/browse-stores/home/hardware</loc>
  </url>
  <url>
    <loc>https://www.westfield.com.au/burwood/browse-stores/home/home-appliances</loc>
  </url>
  <url>
    <loc>https://www.westfield.com.au/burwood/browse-stores/home/kitchen</loc>
  </url>
  <url>
    <loc>https://www.westfield.com.au/burwood/browse-stores/home/home-decor</loc>
  </url>
  <url>
    <loc>https://www.westfield.com.au/burwood/browse-stores/home/pets</loc>
  </url>
  <url>
    <loc>https://www.westfield.com.au/burwood/browse-stores/home/photography-and-art</loc>
  </url>
  <url>
    <loc>https://www.westfield.com.au/burwood/browse-stores/luggage-and-travel-accessories/laptop-cases-and-sleeves</loc>
  </url>
  <url>
    <loc>https://www.westfield.com.au/burwood/browse-stores/luggage-and-travel-accessories</loc>
  </url>
  <url>
    <loc>https://www.westfield.com.au/burwood/browse-stores/home/picture-frames</loc>
  </url>
  <url>
    <loc>https://www.westfield.com.au/burwood/browse-stores/luggage-and-travel-accessories/small-leather-goods</loc>
  </url>
  <url>
    <loc>https://www.westfield.com.au/burwood/browse-stores/luggage-and-travel-accessories/backpacks-and-gym-duffle-bags</loc>
  </url>
  <url>
    <loc>https://www.westfield.com.au/burwood/browse-stores/luggage-and-travel-accessories/suitcases-and-travel-accessories</loc>
  </url>
  <url>
    <loc>https://www.westfield.com.au/burwood/browse-stores/luggage-and-travel-accessories/work-and-laptop-bags</loc>
  </url>
  <url>
    <loc>https://www.westfield.com.au/burwood/browse-stores/luxury-and-premium</loc>
  </url>
  <url>
    <loc>https://www.westfield.com.au/burwood/browse-stores/phone-repairs</loc>
  </url>
  <url>
    <loc>https://www.westfield.com.au/burwood/browse-stores/luxury-and-premium/luxury</loc>
  </url>
  <url>
    <loc>https://www.westfield.com.au/burwood/browse-stores/photographic-services</loc>
  </url>
  <url>
    <loc>https://www.westfield.com.au/burwood/browse-stores/post-office</loc>
  </url>
  <url>
    <loc>https://www.westfield.com.au/burwood/browse-stores/power-gas-and-communication-services</loc>
  </url>
  <url>
    <loc>https://www.westfield.com.au/burwood/browse-stores/professional-services</loc>
  </url>
  <url>
    <loc>https://www.westfield.com.au/burwood/browse-stores/shoe-repair-and-key-cutting</loc>
  </url>
  <url>
    <loc>https://www.westfield.com.au/burwood/browse-stores/sporting-goods</loc>
  </url>
  <url>
    <loc>https://www.westfield.com.au/burwood/browse-stores/sporting-goods/activewear</loc>
  </url>
  <url>
    <loc>https://www.westfield.com.au/burwood/browse-stores/sporting-goods/outdoors-and-camping</loc>
  </url>
  <url>
    <loc>https://www.westfield.com.au/burwood/browse-stores/sporting-goods/fitness-and-gym-equipment</loc>
  </url>
  <url>
    <loc>https://www.westfield.com.au/burwood/browse-stores/sporting-goods/tech-and-wearables</loc>
  </url>
  <url>
    <loc>https://www.westfield.com.au/burwood/browse-stores/tobacconists</loc>
  </url>
  <url>
    <loc>https://www.westfield.com.au/burwood/browse-stores/toys-and-hobbies</loc>
  </url>
  <url>
    <loc>https://www.westfield.com.au/burwood/browse-stores/toys-and-hobbies/arts-and-crafts</loc>
  </url>
  <url>
    <loc>https://www.westfield.com.au/burwood/browse-stores/toys-and-hobbies/games</loc>
  </url>
  <url>
    <loc>https://www.westfield.com.au/burwood/browse-stores/toys-and-hobbies/hobbies</loc>
  </url>
  <url>
    <loc>https://www.westfield.com.au/burwood/browse-stores/toys-and-hobbies/toys</loc>
  </url>
  <url>
    <loc>https://www.westfield.com.au/burwood/browse-stores/travel-agents</loc>
  </url>
  <url>
    <loc>https://www.westfield.com.au/carindale/browse-stores/alterations-and-tailoring</loc>
  </url>
  <url>
    <loc>https://www.westfield.com.au/carindale/browse-stores/baby-and-nursery</loc>
  </url>
  <url>
    <loc>https://www.westfield.com.au/carindale/browse-stores/baby-and-nursery/baby-and-infant-toys</loc>
  </url>
  <url>
    <loc>https://www.westfield.com.au/carindale/browse-stores/baby-and-nursery/nursery-furniture</loc>
  </url>
  <url>
    <loc>https://www.westfield.com.au/carindale/browse-stores/baby-and-nursery/baby-bedding</loc>
  </url>
  <url>
    <loc>https://www.westfield.com.au/carindale/browse-stores/baby-and-nursery/prams-strollers-and-carriers</loc>
  </url>
  <url>
    <loc>https://www.westfield.com.au/carindale/browse-stores/banks</loc>
  </url>
  <url>
    <loc>https://www.westfield.com.au/carindale/browse-stores/baby-and-nursery/tableware-and-feeding</loc>
  </url>
  <url>
    <loc>https://www.westfield.com.au/carindale/browse-stores/beauty-and-wellness</loc>
  </url>
  <url>
    <loc>https://www.westfield.com.au/carindale/browse-stores/beauty-and-wellness/bath-and-body</loc>
  </url>
  <url>
    <loc>https://www.westfield.com.au/carindale/browse-stores/beauty-and-wellness/fragrance</loc>
  </url>
  <url>
    <loc>https://www.westfield.com.au/carindale/browse-stores/beauty-and-wellness/hair-care</loc>
  </url>
  <url>
    <loc>https://www.westfield.com.au/carindale/browse-stores/beauty-and-wellness/hair-and-beauty</loc>
  </url>
  <url>
    <loc>https://www.westfield.com.au/carindale/browse-stores/beauty-and-wellness/makeup</loc>
  </url>
  <url>
    <loc>https://www.westfield.com.au/carindale/browse-stores/beauty-and-wellness/skincare</loc>
  </url>
  <url>
    <loc>https://www.westfield.com.au/carindale/browse-stores/beauty-and-wellness/vitamins-and-supplements</loc>
  </url>
  <url>
    <loc>https://www.westfield.com.au/carindale/browse-stores/books-stationery-and-gifts</loc>
  </url>
  <url>
    <loc>https://www.westfield.com.au/carindale/browse-stores/books-stationery-and-gifts/book-stores</loc>
  </url>
  <url>
    <loc>https://www.westfield.com.au/carindale/browse-stores/books-stationery-and-gifts/cards-and-gift-wrap</loc>
  </url>
  <url>
    <loc>https://www.westfield.com.au/carindale/browse-stores/books-stationery-and-gifts/newsagencies</loc>
  </url>
  <url>
    <loc>https://www.westfield.com.au/carindale/browse-stores/books-stationery-and-gifts/office-supplies</loc>
  </url>
  <url>
    <loc>https://www.westfield.com.au/carindale/browse-stores/books-stationery-and-gifts/stationery</loc>
  </url>
  <url>
    <loc>https://www.westfield.com.au/carindale/browse-stores/car-and-auto</loc>
  </url>
  <url>
    <loc>https://www.westfield.com.au/carindale/browse-stores/clothing-and-accessories</loc>
  </url>
  <url>
    <loc>https://www.westfield.com.au/carindale/browse-stores/clothing-and-accessories/footwear</loc>
  </url>
  <url>
    <loc>https://www.westfield.com.au/carindale/browse-stores/clothing-and-accessories/babies-and-toddlers</loc>
  </url>
  <url>
    <loc>https://www.westfield.com.au/carindale/browse-stores/clothing-and-accessories/jewellery-and-watches</loc>
  </url>
  <url>
    <loc>https://www.westfield.com.au/carindale/browse-stores/clothing-and-accessories/kids-and-junior</loc>
  </url>
  <url>
    <loc>https://www.westfield.com.au/carindale/browse-stores/clothing-and-accessories/mens-fashion</loc>
  </url>
  <url>
    <loc>https://www.westfield.com.au/carindale/browse-stores/clothing-and-accessories/womens-fashion</loc>
  </url>
  <url>
    <loc>https://www.westfield.com.au/carindale/browse-stores/clothing-and-accessories/sunglasses</loc>
  </url>
  <url>
    <loc>https://www.westfield.com.au/carindale/browse-stores/department-stores</loc>
  </url>
  <url>
    <loc>https://www.westfield.com.au/carindale/browse-stores/community-services</loc>
  </url>
  <url>
    <loc>https://www.westfield.com.au/carindale/browse-stores/discount-and-variety</loc>
  </url>
  <url>
    <loc>https://www.westfield.com.au/carindale/browse-stores/electronics-and-technology</loc>
  </url>
  <url>
    <loc>https://www.westfield.com.au/carindale/browse-stores/electronics-and-technology/cameras</loc>
  </url>
  <url>
    <loc>https://www.westfield.com.au/carindale/browse-stores/designer-and-boutique</loc>
  </url>
  <url>
    <loc>https://www.westfield.com.au/carindale/browse-stores/electronics-and-technology/gaming-and-consoles</loc>
  </url>
  <url>
    <loc>https://www.westfield.com.au/carindale/browse-stores/electronics-and-technology/computers-and-tablets</loc>
  </url>
  <url>
    <loc>https://www.westfield.com.au/carindale/browse-stores/electronics-and-technology/navigation</loc>
  </url>
  <url>
    <loc>https://www.westfield.com.au/carindale/browse-stores/electronics-and-technology/mobile-and-accessories</loc>
  </url>
  <url>
    <loc>https://www.westfield.com.au/carindale/browse-stores/entertainment-and-activities/arcades-and-games</loc>
  </url>
  <url>
    <loc>https://www.westfield.com.au/carindale/browse-stores/electronics-and-technology/tv-and-audio</loc>
  </url>
  <url>
    <loc>https://www.westfield.com.au/carindale/browse-stores/entertainment-and-activities</loc>
  </url>
  <url>
    <loc>https://www.westfield.com.au/carindale/browse-stores/entertainment-and-activities/cinemas</loc>
  </url>
  <url>
    <loc>https://www.westfield.com.au/carindale/browse-stores/entertainment-and-activities/kids-activities</loc>
  </url>
  <url>
    <loc>https://www.westfield.com.au/carindale/browse-stores/entertainment-and-activities/learning-and-education</loc>
  </url>
  <url>
    <loc>https://www.westfield.com.au/carindale/browse-stores/entertainment-and-activities/music</loc>
  </url>
  <url>
    <loc>https://www.westfield.com.au/carindale/browse-stores/florists</loc>
  </url>
  <url>
    <loc>https://www.westfield.com.au/carindale/browse-stores/food-and-drink</loc>
  </url>
  <url>
    <loc>https://www.westfield.com.au/carindale/browse-stores/food-and-drink/bars-and-pubs</loc>
  </url>
  <url>
    <loc>https://www.westfield.com.au/carindale/browse-stores/food-and-drink/asian</loc>
  </url>
  <url>
    <loc>https://www.westfield.com.au/carindale/browse-stores/food-and-drink/breakfast-and-brunch</loc>
  </url>
  <url>
    <loc>https://www.westfield.com.au/carindale/browse-stores/food-and-drink/cafes</loc>
  </url>
  <url>
    <loc>https://www.westfield.com.au/carindale/browse-stores/food-and-drink/chocolate-cafes</loc>
  </url>
  <url>
    <loc>https://www.westfield.com.au/carindale/browse-stores/food-and-drink/casual-dining</loc>
  </url>
  <url>
    <loc>https://www.westfield.com.au/carindale/browse-stores/food-and-drink/desserts</loc>
  </url>
  <url>
    <loc>https://www.westfield.com.au/carindale/browse-stores/food-and-drink/dietary-requirements</loc>
  </url>
  <url>
    <loc>https://www.westfield.com.au/carindale/browse-stores/food-and-drink/healthy-options</loc>
  </url>
  <url>
    <loc>https://www.westfield.com.au/carindale/browse-stores/food-and-drink/fast-food</loc>
  </url>
  <url>
    <loc>https://www.westfield.com.au/carindale/browse-stores/food-and-drink/italian</loc>
  </url>
  <url>
    <loc>https://www.westfield.com.au/carindale/browse-stores/food-and-drink/juice-bars</loc>
  </url>
  <url>
    <loc>https://www.westfield.com.au/carindale/browse-stores/food-and-drink/kid-friendly</loc>
  </url>
  <url>
    <loc>https://www.westfield.com.au/carindale/browse-stores/food-and-drink/mexican-and-latin-american</loc>
  </url>
  <url>
    <loc>https://www.westfield.com.au/carindale/browse-stores/food-and-drink/modern-australian</loc>
  </url>
  <url>
    <loc>https://www.westfield.com.au/carindale/browse-stores/food-and-drink/middle-eastern</loc>
  </url>
  <url>
    <loc>https://www.westfield.com.au/carindale/browse-stores/food-and-drink/sandwiches-and-salads</loc>
  </url>
  <url>
    <loc>https://www.westfield.com.au/carindale/browse-stores/food-and-drink/takeaway</loc>
  </url>
  <url>
    <loc>https://www.westfield.com.au/carindale/browse-stores/foreign-currency-exchange</loc>
  </url>
  <url>
    <loc>https://www.westfield.com.au/carindale/browse-stores/fresh-food-and-groceries</loc>
  </url>
  <url>
    <loc>https://www.westfield.com.au/carindale/browse-stores/fresh-food-and-groceries/butchers</loc>
  </url>
  <url>
    <loc>https://www.westfield.com.au/carindale/browse-stores/fresh-food-and-groceries/bakeries</loc>
  </url>
  <url>
    <loc>https://www.westfield.com.au/carindale/browse-stores/fresh-food-and-groceries/fresh-produce</loc>
  </url>
  <url>
    <loc>https://www.westfield.com.au/carindale/browse-stores/fresh-food-and-groceries/liquor</loc>
  </url>
  <url>
    <loc>https://www.westfield.com.au/carindale/browse-stores/fresh-food-and-groceries/delicatessens</loc>
  </url>
  <url>
    <loc>https://www.westfield.com.au/carindale/browse-stores/fresh-food-and-groceries/patisseries</loc>
  </url>
  <url>
    <loc>https://www.westfield.com.au/carindale/browse-stores/fresh-food-and-groceries/poultry</loc>
  </url>
  <url>
    <loc>https://www.westfield.com.au/carindale/browse-stores/fresh-food-and-groceries/seafood</loc>
  </url>
  <url>
    <loc>https://www.westfield.com.au/carindale/browse-stores/fresh-food-and-groceries/specialty-foods</loc>
  </url>
  <url>
    <loc>https://www.westfield.com.au/carindale/browse-stores/fresh-food-and-groceries/supermarkets</loc>
  </url>
  <url>
    <loc>https://www.westfield.com.au/carindale/browse-stores/health-and-fitness</loc>
  </url>
  <url>
    <loc>https://www.westfield.com.au/carindale/browse-stores/health-and-fitness/dentists</loc>
  </url>
  <url>
    <loc>https://www.westfield.com.au/carindale/browse-stores/health-and-fitness/chemists</loc>
  </url>
  <url>
    <loc>https://www.westfield.com.au/carindale/browse-stores/health-and-fitness/gyms-and-fitness-studios</loc>
  </url>
  <url>
    <loc>https://www.westfield.com.au/carindale/browse-stores/fresh-food-and-groceries/confectionery</loc>
  </url>
  <url>
    <loc>https://www.westfield.com.au/carindale/browse-stores/health-and-fitness/health-insurers</loc>
  </url>
  <url>
    <loc>https://www.westfield.com.au/carindale/browse-stores/health-and-fitness/medical-centres</loc>
  </url>
  <url>
    <loc>https://www.westfield.com.au/carindale/browse-stores/health-and-fitness/specialty-health-providers</loc>
  </url>
  <url>
    <loc>https://www.westfield.com.au/carindale/browse-stores/health-and-fitness/optometrists</loc>
  </url>
  <url>
    <loc>https://www.westfield.com.au/carindale/browse-stores/home</loc>
  </url>
  <url>
    <loc>https://www.westfield.com.au/carindale/browse-stores/home/furniture</loc>
  </url>
  <url>
    <loc>https://www.westfield.com.au/carindale/browse-stores/home/bedding</loc>
  </url>
  <url>
    <loc>https://www.westfield.com.au/carindale/browse-stores/home/gifts</loc>
  </url>
  <url>
    <loc>https://www.westfield.com.au/carindale/browse-stores/home/hardware</loc>
  </url>
  <url>
    <loc>https://www.westfield.com.au/carindale/browse-stores/home/home-appliances</loc>
  </url>
  <url>
    <loc>https://www.westfield.com.au/carindale/browse-stores/home/bath-and-home-fragrances</loc>
  </url>
  <url>
    <loc>https://www.westfield.com.au/carindale/browse-stores/home/home-decor</loc>
  </url>
  <url>
    <loc>https://www.westfield.com.au/carindale/browse-stores/home/kitchen</loc>
  </url>
  <url>
    <loc>https://www.westfield.com.au/carindale/browse-stores/home/photography-and-art</loc>
  </url>
  <url>
    <loc>https://www.westfield.com.au/carindale/browse-stores/luggage-and-travel-accessories</loc>
  </url>
  <url>
    <loc>https://www.westfield.com.au/carindale/browse-stores/home/picture-frames</loc>
  </url>
  <url>
    <loc>https://www.westfield.com.au/carindale/browse-stores/home/pets</loc>
  </url>
  <url>
    <loc>https://www.westfield.com.au/carindale/browse-stores/luggage-and-travel-accessories/backpacks-and-gym-duffle-bags</loc>
  </url>
  <url>
    <loc>https://www.westfield.com.au/carindale/browse-stores/luggage-and-travel-accessories/laptop-cases-and-sleeves</loc>
  </url>
  <url>
    <loc>https://www.westfield.com.au/carindale/browse-stores/luggage-and-travel-accessories/small-leather-goods</loc>
  </url>
  <url>
    <loc>https://www.westfield.com.au/carindale/browse-stores/luggage-and-travel-accessories/work-and-laptop-bags</loc>
  </url>
  <url>
    <loc>https://www.westfield.com.au/carindale/browse-stores/luggage-and-travel-accessories/suitcases-and-travel-accessories</loc>
  </url>
  <url>
    <loc>https://www.westfield.com.au/carindale/browse-stores/luxury-and-premium</loc>
  </url>
  <url>
    <loc>https://www.westfield.com.au/carindale/browse-stores/luxury-and-premium/australian-designer</loc>
  </url>
  <url>
    <loc>https://www.westfield.com.au/carindale/browse-stores/luxury-and-premium/luxury</loc>
  </url>
  <url>
    <loc>https://www.westfield.com.au/carindale/browse-stores/phone-repairs</loc>
  </url>
  <url>
    <loc>https://www.westfield.com.au/carindale/browse-stores/luxury-and-premium/premium-brands</loc>
  </url>
  <url>
    <loc>https://www.westfield.com.au/carindale/browse-stores/photographic-services</loc>
  </url>
  <url>
    <loc>https://www.westfield.com.au/carindale/browse-stores/power-gas-and-communication-services</loc>
  </url>
  <url>
    <loc>https://www.westfield.com.au/carindale/browse-stores/sporting-goods</loc>
  </url>
  <url>
    <loc>https://www.westfield.com.au/carindale/browse-stores/shoe-repair-and-key-cutting</loc>
  </url>
  <url>
    <loc>https://www.westfield.com.au/carindale/browse-stores/professional-services</loc>
  </url>
  <url>
    <loc>https://www.westfield.com.au/carindale/browse-stores/real-estate-agents</loc>
  </url>
  <url>
    <loc>https://www.westfield.com.au/carindale/browse-stores/sporting-goods/activewear</loc>
  </url>
  <url>
    <loc>https://www.westfield.com.au/carindale/browse-stores/sporting-goods/outdoors-and-camping</loc>
  </url>
  <url>
    <loc>https://www.westfield.com.au/carindale/browse-stores/tobacconists</loc>
  </url>
  <url>
    <loc>https://www.westfield.com.au/carindale/browse-stores/sporting-goods/fitness-and-gym-equipment</loc>
  </url>
  <url>
    <loc>https://www.westfield.com.au/carindale/browse-stores/sporting-goods/tech-and-wearables</loc>
  </url>
  <url>
    <loc>https://www.westfield.com.au/carindale/browse-stores/toys-and-hobbies</loc>
  </url>
  <url>
    <loc>https://www.westfield.com.au/carindale/browse-stores/toys-and-hobbies/hobbies</loc>
  </url>
  <url>
    <loc>https://www.westfield.com.au/carindale/browse-stores/toys-and-hobbies/toys</loc>
  </url>
  <url>
    <loc>https://www.westfield.com.au/carindale/browse-stores/toys-and-hobbies/arts-and-crafts</loc>
  </url>
  <url>
    <loc>https://www.westfield.com.au/carindale/browse-stores/toys-and-hobbies/games</loc>
  </url>
  <url>
    <loc>https://www.westfield.com.au/carindale/browse-stores/travel-agents</loc>
  </url>
  <url>
    <loc>https://www.westfield.com.au/carousel/browse-stores/alterations-and-tailoring</loc>
  </url>
  <url>
    <loc>https://www.westfield.com.au/carousel/browse-stores/baby-and-nursery</loc>
  </url>
  <url>
    <loc>https://www.westfield.com.au/carousel/browse-stores/baby-and-nursery/baby-and-infant-toys</loc>
  </url>
  <url>
    <loc>https://www.westfield.com.au/carousel/browse-stores/baby-and-nursery/baby-bedding</loc>
  </url>
  <url>
    <loc>https://www.westfield.com.au/carousel/browse-stores/baby-and-nursery/prams-strollers-and-carriers</loc>
  </url>
  <url>
    <loc>https://www.westfield.com.au/carousel/browse-stores/baby-and-nursery/nursery-furniture</loc>
  </url>
  <url>
    <loc>https://www.westfield.com.au/carousel/browse-stores/baby-and-nursery/tableware-and-feeding</loc>
  </url>
  <url>
    <loc>https://www.westfield.com.au/carousel/browse-stores/beauty-and-wellness</loc>
  </url>
  <url>
    <loc>https://www.westfield.com.au/carousel/browse-stores/banks</loc>
  </url>
  <url>
    <loc>https://www.westfield.com.au/carousel/browse-stores/beauty-and-wellness/bath-and-body</loc>
  </url>
  <url>
    <loc>https://www.westfield.com.au/carousel/browse-stores/beauty-and-wellness/fragrance</loc>
  </url>
  <url>
    <loc>https://www.westfield.com.au/carousel/browse-stores/beauty-and-wellness/hair-and-beauty</loc>
  </url>
  <url>
    <loc>https://www.westfield.com.au/carousel/browse-stores/beauty-and-wellness/hair-care</loc>
  </url>
  <url>
    <loc>https://www.westfield.com.au/carousel/browse-stores/beauty-and-wellness/makeup</loc>
  </url>
  <url>
    <loc>https://www.westfield.com.au/carousel/browse-stores/beauty-and-wellness/skincare</loc>
  </url>
  <url>
    <loc>https://www.westfield.com.au/carousel/browse-stores/books-stationery-and-gifts</loc>
  </url>
  <url>
    <loc>https://www.westfield.com.au/carousel/browse-stores/beauty-and-wellness/vitamins-and-supplements</loc>
  </url>
  <url>
    <loc>https://www.westfield.com.au/carousel/browse-stores/books-stationery-and-gifts/book-stores</loc>
  </url>
  <url>
    <loc>https://www.westfield.com.au/carousel/browse-stores/books-stationery-and-gifts/cards-and-gift-wrap</loc>
  </url>
  <url>
    <loc>https://www.westfield.com.au/carousel/browse-stores/books-stationery-and-gifts/stationery</loc>
  </url>
  <url>
    <loc>https://www.westfield.com.au/carousel/browse-stores/books-stationery-and-gifts/newsagencies</loc>
  </url>
  <url>
    <loc>https://www.westfield.com.au/carousel/browse-stores/books-stationery-and-gifts/office-supplies</loc>
  </url>
  <url>
    <loc>https://www.westfield.com.au/carousel/browse-stores/clothing-and-accessories</loc>
  </url>
  <url>
    <loc>https://www.westfield.com.au/carousel/browse-stores/car-and-auto</loc>
  </url>
  <url>
    <loc>https://www.westfield.com.au/carousel/browse-stores/clothing-and-accessories/footwear</loc>
  </url>
  <url>
    <loc>https://www.westfield.com.au/carousel/browse-stores/clothing-and-accessories/babies-and-toddlers</loc>
  </url>
  <url>
    <loc>https://www.westfield.com.au/carousel/browse-stores/clothing-and-accessories/jewellery-and-watches</loc>
  </url>
  <url>
    <loc>https://www.westfield.com.au/carousel/browse-stores/clothing-and-accessories/mens-fashion</loc>
  </url>
  <url>
    <loc>https://www.westfield.com.au/carousel/browse-stores/clothing-and-accessories/sunglasses</loc>
  </url>
  <url>
    <loc>https://www.westfield.com.au/carousel/browse-stores/clothing-and-accessories/kids-and-junior</loc>
  </url>
  <url>
    <loc>https://www.westfield.com.au/carousel/browse-stores/clothing-and-accessories/womens-fashion</loc>
  </url>
  <url>
    <loc>https://www.westfield.com.au/carousel/browse-stores/community-services</loc>
  </url>
  <url>
    <loc>https://www.westfield.com.au/carousel/browse-stores/department-stores</loc>
  </url>
  <url>
    <loc>https://www.westfield.com.au/carousel/browse-stores/designer-and-boutique</loc>
  </url>
  <url>
    <loc>https://www.westfield.com.au/carousel/browse-stores/electronics-and-technology</loc>
  </url>
  <url>
    <loc>https://www.westfield.com.au/carousel/browse-stores/dry-cleaning</loc>
  </url>
  <url>
    <loc>https://www.westfield.com.au/carousel/browse-stores/electronics-and-technology/cameras</loc>
  </url>
  <url>
    <loc>https://www.westfield.com.au/carousel/browse-stores/electronics-and-technology/computers-and-tablets</loc>
  </url>
  <url>
    <loc>https://www.westfield.com.au/carousel/browse-stores/electronics-and-technology/gaming-and-consoles</loc>
  </url>
  <url>
    <loc>https://www.westfield.com.au/carousel/browse-stores/electronics-and-technology/mobile-and-accessories</loc>
  </url>
  <url>
    <loc>https://www.westfield.com.au/carousel/browse-stores/electronics-and-technology/navigation</loc>
  </url>
  <url>
    <loc>https://www.westfield.com.au/carousel/browse-stores/electronics-and-technology/tv-and-audio</loc>
  </url>
  <url>
    <loc>https://www.westfield.com.au/carousel/browse-stores/discount-and-variety</loc>
  </url>
  <url>
    <loc>https://www.westfield.com.au/carousel/browse-stores/entertainment-and-activities</loc>
  </url>
  <url>
    <loc>https://www.westfield.com.au/carousel/browse-stores/entertainment-and-activities/arcades-and-games</loc>
  </url>
  <url>
    <loc>https://www.westfield.com.au/carousel/browse-stores/entertainment-and-activities/cinemas</loc>
  </url>
  <url>
    <loc>https://www.westfield.com.au/carousel/browse-stores/entertainment-and-activities/bowling</loc>
  </url>
  <url>
    <loc>https://www.westfield.com.au/carousel/browse-stores/entertainment-and-activities/kids-activities</loc>
  </url>
  <url>
    <loc>https://www.westfield.com.au/carousel/browse-stores/food-and-drink</loc>
  </url>
  <url>
    <loc>https://www.westfield.com.au/carousel/browse-stores/entertainment-and-activities/learning-and-education</loc>
  </url>
  <url>
    <loc>https://www.westfield.com.au/carousel/browse-stores/food-and-drink/asian</loc>
  </url>
  <url>
    <loc>https://www.westfield.com.au/carousel/browse-stores/entertainment-and-activities/music</loc>
  </url>
  <url>
    <loc>https://www.westfield.com.au/carousel/browse-stores/food-and-drink/bars-and-pubs</loc>
  </url>
  <url>
    <loc>https://www.westfield.com.au/carousel/browse-stores/food-and-drink/cafes</loc>
  </url>
  <url>
    <loc>https://www.westfield.com.au/carousel/browse-stores/food-and-drink/casual-dining</loc>
  </url>
  <url>
    <loc>https://www.westfield.com.au/carousel/browse-stores/food-and-drink/breakfast-and-brunch</loc>
  </url>
  <url>
    <loc>https://www.westfield.com.au/carousel/browse-stores/food-and-drink/fast-food</loc>
  </url>
  <url>
    <loc>https://www.westfield.com.au/carousel/browse-stores/food-and-drink/desserts</loc>
  </url>
  <url>
    <loc>https://www.westfield.com.au/carousel/browse-stores/food-and-drink/chocolate-cafes</loc>
  </url>
  <url>
    <loc>https://www.westfield.com.au/carousel/browse-stores/food-and-drink/greek</loc>
  </url>
  <url>
    <loc>https://www.westfield.com.au/carousel/browse-stores/food-and-drink/dietary-requirements</loc>
  </url>
  <url>
    <loc>https://www.westfield.com.au/carousel/browse-stores/food-and-drink/healthy-options</loc>
  </url>
  <url>
    <loc>https://www.westfield.com.au/carousel/browse-stores/food-and-drink/italian</loc>
  </url>
  <url>
    <loc>https://www.westfield.com.au/carousel/browse-stores/food-and-drink/juice-bars</loc>
  </url>
  <url>
    <loc>https://www.westfield.com.au/carousel/browse-stores/food-and-drink/kid-friendly</loc>
  </url>
  <url>
    <loc>https://www.westfield.com.au/carousel/browse-stores/food-and-drink/mexican-and-latin-american</loc>
  </url>
  <url>
    <loc>https://www.westfield.com.au/carousel/browse-stores/food-and-drink/modern-australian</loc>
  </url>
  <url>
    <loc>https://www.westfield.com.au/carousel/browse-stores/food-and-drink/sandwiches-and-salads</loc>
  </url>
  <url>
    <loc>https://www.westfield.com.au/carousel/browse-stores/food-and-drink/spanish</loc>
  </url>
  <url>
    <loc>https://www.westfield.com.au/carousel/browse-stores/food-and-drink/takeaway</loc>
  </url>
  <url>
    <loc>https://www.westfield.com.au/carousel/browse-stores/foreign-currency-exchange</loc>
  </url>
  <url>
    <loc>https://www.westfield.com.au/carousel/browse-stores/fresh-food-and-groceries</loc>
  </url>
  <url>
    <loc>https://www.westfield.com.au/carousel/browse-stores/fresh-food-and-groceries/butchers</loc>
  </url>
  <url>
    <loc>https://www.westfield.com.au/carousel/browse-stores/fresh-food-and-groceries/bakeries</loc>
  </url>
  <url>
    <loc>https://www.westfield.com.au/carousel/browse-stores/fresh-food-and-groceries/confectionery</loc>
  </url>
  <url>
    <loc>https://www.westfield.com.au/carousel/browse-stores/fresh-food-and-groceries/delicatessens</loc>
  </url>
  <url>
    <loc>https://www.westfield.com.au/carousel/browse-stores/fresh-food-and-groceries/liquor</loc>
  </url>
  <url>
    <loc>https://www.westfield.com.au/carousel/browse-stores/fresh-food-and-groceries/fresh-produce</loc>
  </url>
  <url>
    <loc>https://www.westfield.com.au/carousel/browse-stores/fresh-food-and-groceries/patisseries</loc>
  </url>
  <url>
    <loc>https://www.westfield.com.au/carousel/browse-stores/fresh-food-and-groceries/poultry</loc>
  </url>
  <url>
    <loc>https://www.westfield.com.au/carousel/browse-stores/fresh-food-and-groceries/seafood</loc>
  </url>
  <url>
    <loc>https://www.westfield.com.au/carousel/browse-stores/fresh-food-and-groceries/specialty-foods</loc>
  </url>
  <url>
    <loc>https://www.westfield.com.au/carousel/browse-stores/fresh-food-and-groceries/supermarkets</loc>
  </url>
  <url>
    <loc>https://www.westfield.com.au/carousel/browse-stores/health-and-fitness</loc>
  </url>
  <url>
    <loc>https://www.westfield.com.au/carousel/browse-stores/health-and-fitness/chemists</loc>
  </url>
  <url>
    <loc>https://www.westfield.com.au/carousel/browse-stores/health-and-fitness/dentists</loc>
  </url>
  <url>
    <loc>https://www.westfield.com.au/carousel/browse-stores/health-and-fitness/gyms-and-fitness-studios</loc>
  </url>
  <url>
    <loc>https://www.westfield.com.au/carousel/browse-stores/health-and-fitness/health-insurers</loc>
  </url>
  <url>
    <loc>https://www.westfield.com.au/carousel/browse-stores/health-and-fitness/optometrists</loc>
  </url>
  <url>
    <loc>https://www.westfield.com.au/carousel/browse-stores/health-and-fitness/specialty-health-providers</loc>
  </url>
  <url>
    <loc>https://www.westfield.com.au/carousel/browse-stores/home</loc>
  </url>
  <url>
    <loc>https://www.westfield.com.au/carousel/browse-stores/home/bath-and-home-fragrances</loc>
  </url>
  <url>
    <loc>https://www.westfield.com.au/carousel/browse-stores/home/bedding</loc>
  </url>
  <url>
    <loc>https://www.westfield.com.au/carousel/browse-stores/home/gifts</loc>
  </url>
  <url>
    <loc>https://www.westfield.com.au/carousel/browse-stores/home/furniture</loc>
  </url>
  <url>
    <loc>https://www.westfield.com.au/carousel/browse-stores/home/hardware</loc>
  </url>
  <url>
    <loc>https://www.westfield.com.au/carousel/browse-stores/home/home-appliances</loc>
  </url>
  <url>
    <loc>https://www.westfield.com.au/carousel/browse-stores/home/home-decor</loc>
  </url>
  <url>
    <loc>https://www.westfield.com.au/carousel/browse-stores/home/kitchen</loc>
  </url>
  <url>
    <loc>https://www.westfield.com.au/carousel/browse-stores/home/photography-and-art</loc>
  </url>
  <url>
    <loc>https://www.westfield.com.au/carousel/browse-stores/home/pets</loc>
  </url>
  <url>
    <loc>https://www.westfield.com.au/carousel/browse-stores/home/picture-frames</loc>
  </url>
  <url>
    <loc>https://www.westfield.com.au/carousel/browse-stores/luggage-and-travel-accessories/backpacks-and-gym-duffle-bags</loc>
  </url>
  <url>
    <loc>https://www.westfield.com.au/carousel/browse-stores/luggage-and-travel-accessories</loc>
  </url>
  <url>
    <loc>https://www.westfield.com.au/carousel/browse-stores/luggage-and-travel-accessories/laptop-cases-and-sleeves</loc>
  </url>
  <url>
    <loc>https://www.westfield.com.au/carousel/browse-stores/luggage-and-travel-accessories/small-leather-goods</loc>
  </url>
  <url>
    <loc>https://www.westfield.com.au/carousel/browse-stores/luggage-and-travel-accessories/suitcases-and-travel-accessories</loc>
  </url>
  <url>
    <loc>https://www.westfield.com.au/carousel/browse-stores/luxury-and-premium</loc>
  </url>
  <url>
    <loc>https://www.westfield.com.au/carousel/browse-stores/luxury-and-premium/australian-designer</loc>
  </url>
  <url>
    <loc>https://www.westfield.com.au/carousel/browse-stores/luggage-and-travel-accessories/work-and-laptop-bags</loc>
  </url>
  <url>
    <loc>https://www.westfield.com.au/carousel/browse-stores/phone-repairs</loc>
  </url>
  <url>
    <loc>https://www.westfield.com.au/carousel/browse-stores/power-gas-and-communication-services</loc>
  </url>
  <url>
    <loc>https://www.westfield.com.au/carousel/browse-stores/shoe-repair-and-key-cutting</loc>
  </url>
  <url>
    <loc>https://www.westfield.com.au/carousel/browse-stores/post-office</loc>
  </url>
  <url>
    <loc>https://www.westfield.com.au/carousel/browse-stores/sporting-goods</loc>
  </url>
  <url>
    <loc>https://www.westfield.com.au/carousel/browse-stores/sporting-goods/fitness-and-gym-equipment</loc>
  </url>
  <url>
    <loc>https://www.westfield.com.au/carousel/browse-stores/sporting-goods/outdoors-and-camping</loc>
  </url>
  <url>
    <loc>https://www.westfield.com.au/carousel/browse-stores/sporting-goods/tech-and-wearables</loc>
  </url>
  <url>
    <loc>https://www.westfield.com.au/carousel/browse-stores/tobacconists</loc>
  </url>
  <url>
    <loc>https://www.westfield.com.au/carousel/browse-stores/toys-and-hobbies/arts-and-crafts</loc>
  </url>
  <url>
    <loc>https://www.westfield.com.au/carousel/browse-stores/toys-and-hobbies</loc>
  </url>
  <url>
    <loc>https://www.westfield.com.au/carousel/browse-stores/toys-and-hobbies/games</loc>
  </url>
  <url>
    <loc>https://www.westfield.com.au/carousel/browse-stores/travel-agents</loc>
  </url>
  <url>
    <loc>https://www.westfield.com.au/carousel/browse-stores/toys-and-hobbies/toys</loc>
  </url>
  <url>
    <loc>https://www.westfield.com.au/carousel/browse-stores/toys-and-hobbies/hobbies</loc>
  </url>
  <url>
    <loc>https://www.westfield.com.au/carousel/browse-stores/sporting-goods/activewear</loc>
  </url>
  <url>
    <loc>https://www.westfield.com.au/carousel/browse-stores/photographic-services</loc>
  </url>
  <url>
    <loc>https://www.westfield.com.au/chatswood/browse-stores/alterations-and-tailoring</loc>
  </url>
  <url>
    <loc>https://www.westfield.com.au/chatswood/browse-stores/baby-and-nursery</loc>
  </url>
  <url>
    <loc>https://www.westfield.com.au/chatswood/browse-stores/baby-and-nursery/baby-bedding</loc>
  </url>
  <url>
    <loc>https://www.westfield.com.au/chatswood/browse-stores/baby-and-nursery/baby-and-infant-toys</loc>
  </url>
  <url>
    <loc>https://www.westfield.com.au/chatswood/browse-stores/baby-and-nursery/nursery-furniture</loc>
  </url>
  <url>
    <loc>https://www.westfield.com.au/chatswood/browse-stores/baby-and-nursery/prams-strollers-and-carriers</loc>
  </url>
  <url>
    <loc>https://www.westfield.com.au/chatswood/browse-stores/beauty-and-wellness</loc>
  </url>
  <url>
    <loc>https://www.westfield.com.au/chatswood/browse-stores/baby-and-nursery/tableware-and-feeding</loc>
  </url>
  <url>
    <loc>https://www.westfield.com.au/chatswood/browse-stores/beauty-and-wellness/bath-and-body</loc>
  </url>
  <url>
    <loc>https://www.westfield.com.au/chatswood/browse-stores/beauty-and-wellness/fragrance</loc>
  </url>
  <url>
    <loc>https://www.westfield.com.au/chatswood/browse-stores/beauty-and-wellness/hair-care</loc>
  </url>
  <url>
    <loc>https://www.westfield.com.au/chatswood/browse-stores/beauty-and-wellness/hair-and-beauty</loc>
  </url>
  <url>
    <loc>https://www.westfield.com.au/chatswood/browse-stores/beauty-and-wellness/makeup</loc>
  </url>
  <url>
    <loc>https://www.westfield.com.au/chatswood/browse-stores/beauty-and-wellness/vitamins-and-supplements</loc>
  </url>
  <url>
    <loc>https://www.westfield.com.au/chatswood/browse-stores/beauty-and-wellness/skincare</loc>
  </url>
  <url>
    <loc>https://www.westfield.com.au/chatswood/browse-stores/books-stationery-and-gifts</loc>
  </url>
  <url>
    <loc>https://www.westfield.com.au/chatswood/browse-stores/books-stationery-and-gifts/book-stores</loc>
  </url>
  <url>
    <loc>https://www.westfield.com.au/chatswood/browse-stores/books-stationery-and-gifts/cards-and-gift-wrap</loc>
  </url>
  <url>
    <loc>https://www.westfield.com.au/chatswood/browse-stores/books-stationery-and-gifts/office-supplies</loc>
  </url>
  <url>
    <loc>https://www.westfield.com.au/chatswood/browse-stores/books-stationery-and-gifts/newsagencies</loc>
  </url>
  <url>
    <loc>https://www.westfield.com.au/chatswood/browse-stores/books-stationery-and-gifts/stationery</loc>
  </url>
  <url>
    <loc>https://www.westfield.com.au/chatswood/browse-stores/car-and-auto</loc>
  </url>
  <url>
    <loc>https://www.westfield.com.au/chatswood/browse-stores/clothing-and-accessories</loc>
  </url>
  <url>
    <loc>https://www.westfield.com.au/chatswood/browse-stores/clothing-and-accessories/babies-and-toddlers</loc>
  </url>
  <url>
    <loc>https://www.westfield.com.au/chatswood/browse-stores/clothing-and-accessories/footwear</loc>
  </url>
  <url>
    <loc>https://www.westfield.com.au/chatswood/browse-stores/clothing-and-accessories/jewellery-and-watches</loc>
  </url>
  <url>
    <loc>https://www.westfield.com.au/chatswood/browse-stores/clothing-and-accessories/mens-fashion</loc>
  </url>
  <url>
    <loc>https://www.westfield.com.au/chatswood/browse-stores/clothing-and-accessories/sunglasses</loc>
  </url>
  <url>
    <loc>https://www.westfield.com.au/chatswood/browse-stores/community-services</loc>
  </url>
  <url>
    <loc>https://www.westfield.com.au/chatswood/browse-stores/clothing-and-accessories/kids-and-junior</loc>
  </url>
  <url>
    <loc>https://www.westfield.com.au/chatswood/browse-stores/department-stores</loc>
  </url>
  <url>
    <loc>https://www.westfield.com.au/chatswood/browse-stores/dry-cleaning</loc>
  </url>
  <url>
    <loc>https://www.westfield.com.au/chatswood/browse-stores/designer-and-boutique</loc>
  </url>
  <url>
    <loc>https://www.westfield.com.au/chatswood/browse-stores/electronics-and-technology</loc>
  </url>
  <url>
    <loc>https://www.westfield.com.au/chatswood/browse-stores/discount-and-variety</loc>
  </url>
  <url>
    <loc>https://www.westfield.com.au/chatswood/browse-stores/electronics-and-technology/computers-and-tablets</loc>
  </url>
  <url>
    <loc>https://www.westfield.com.au/chatswood/browse-stores/electronics-and-technology/gaming-and-consoles</loc>
  </url>
  <url>
    <loc>https://www.westfield.com.au/chatswood/browse-stores/entertainment-and-activities</loc>
  </url>
  <url>
    <loc>https://www.westfield.com.au/chatswood/browse-stores/electronics-and-technology/navigation</loc>
  </url>
  <url>
    <loc>https://www.westfield.com.au/chatswood/browse-stores/electronics-and-technology/mobile-and-accessories</loc>
  </url>
  <url>
    <loc>https://www.westfield.com.au/chatswood/browse-stores/electronics-and-technology/tv-and-audio</loc>
  </url>
  <url>
    <loc>https://www.westfield.com.au/chatswood/browse-stores/entertainment-and-activities/arcades-and-games</loc>
  </url>
  <url>
    <loc>https://www.westfield.com.au/chatswood/browse-stores/entertainment-and-activities/cinemas</loc>
  </url>
  <url>
    <loc>https://www.westfield.com.au/chatswood/browse-stores/entertainment-and-activities/kids-activities</loc>
  </url>
  <url>
    <loc>https://www.westfield.com.au/chatswood/browse-stores/entertainment-and-activities/learning-and-education</loc>
  </url>
  <url>
    <loc>https://www.westfield.com.au/chatswood/browse-stores/entertainment-and-activities/music</loc>
  </url>
  <url>
    <loc>https://www.westfield.com.au/chatswood/browse-stores/florists</loc>
  </url>
  <url>
    <loc>https://www.westfield.com.au/chatswood/browse-stores/food-and-drink</loc>
  </url>
  <url>
    <loc>https://www.westfield.com.au/chatswood/browse-stores/food-and-drink/asian</loc>
  </url>
  <url>
    <loc>https://www.westfield.com.au/chatswood/browse-stores/food-and-drink/breakfast-and-brunch</loc>
  </url>
  <url>
    <loc>https://www.westfield.com.au/chatswood/browse-stores/food-and-drink/cafes</loc>
  </url>
  <url>
    <loc>https://www.westfield.com.au/chatswood/browse-stores/food-and-drink/chocolate-cafes</loc>
  </url>
  <url>
    <loc>https://www.westfield.com.au/chatswood/browse-stores/food-and-drink/casual-dining</loc>
  </url>
  <url>
    <loc>https://www.westfield.com.au/chatswood/browse-stores/food-and-drink/dietary-requirements</loc>
  </url>
  <url>
    <loc>https://www.westfield.com.au/chatswood/browse-stores/food-and-drink/desserts</loc>
  </url>
  <url>
    <loc>https://www.westfield.com.au/chatswood/browse-stores/clothing-and-accessories/womens-fashion</loc>
  </url>
  <url>
    <loc>https://www.westfield.com.au/chatswood/browse-stores/food-and-drink/healthy-options</loc>
  </url>
  <url>
    <loc>https://www.westfield.com.au/chatswood/browse-stores/food-and-drink/greek</loc>
  </url>
  <url>
    <loc>https://www.westfield.com.au/chatswood/browse-stores/food-and-drink/fast-food</loc>
  </url>
  <url>
    <loc>https://www.westfield.com.au/chatswood/browse-stores/food-and-drink/kid-friendly</loc>
  </url>
  <url>
    <loc>https://www.westfield.com.au/chatswood/browse-stores/food-and-drink/mexican-and-latin-american</loc>
  </url>
  <url>
    <loc>https://www.westfield.com.au/chatswood/browse-stores/food-and-drink/juice-bars</loc>
  </url>
  <url>
    <loc>https://www.westfield.com.au/chatswood/browse-stores/food-and-drink/middle-eastern</loc>
  </url>
  <url>
    <loc>https://www.westfield.com.au/chatswood/browse-stores/food-and-drink/sandwiches-and-salads</loc>
  </url>
  <url>
    <loc>https://www.westfield.com.au/chatswood/browse-stores/food-and-drink/modern-australian</loc>
  </url>
  <url>
    <loc>https://www.westfield.com.au/chatswood/browse-stores/food-and-drink/fine-dining</loc>
  </url>
  <url>
    <loc>https://www.westfield.com.au/chatswood/browse-stores/electronics-and-technology/cameras</loc>
  </url>
  <url>
    <loc>https://www.westfield.com.au/chatswood/browse-stores/foreign-currency-exchange</loc>
  </url>
  <url>
    <loc>https://www.westfield.com.au/chatswood/browse-stores/fresh-food-and-groceries/delicatessens</loc>
  </url>
  <url>
    <loc>https://www.westfield.com.au/chatswood/browse-stores/fresh-food-and-groceries/confectionery</loc>
  </url>
  <url>
    <loc>https://www.westfield.com.au/chatswood/browse-stores/fresh-food-and-groceries/liquor</loc>
  </url>
  <url>
    <loc>https://www.westfield.com.au/chatswood/browse-stores/fresh-food-and-groceries/bakeries</loc>
  </url>
  <url>
    <loc>https://www.westfield.com.au/chatswood/browse-stores/fresh-food-and-groceries/fresh-produce</loc>
  </url>
  <url>
    <loc>https://www.westfield.com.au/chatswood/browse-stores/fresh-food-and-groceries/patisseries</loc>
  </url>
  <url>
    <loc>https://www.westfield.com.au/chatswood/browse-stores/fresh-food-and-groceries/butchers</loc>
  </url>
  <url>
    <loc>https://www.westfield.com.au/chatswood/browse-stores/food-and-drink/takeaway</loc>
  </url>
  <url>
    <loc>https://www.westfield.com.au/chatswood/browse-stores/fresh-food-and-groceries</loc>
  </url>
  <url>
    <loc>https://www.westfield.com.au/chatswood/browse-stores/health-and-fitness</loc>
  </url>
  <url>
    <loc>https://www.westfield.com.au/chatswood/browse-stores/fresh-food-and-groceries/specialty-foods</loc>
  </url>
  <url>
    <loc>https://www.westfield.com.au/chatswood/browse-stores/fresh-food-and-groceries/supermarkets</loc>
  </url>
  <url>
    <loc>https://www.westfield.com.au/chatswood/browse-stores/health-and-fitness/dentists</loc>
  </url>
  <url>
    <loc>https://www.westfield.com.au/chatswood/browse-stores/health-and-fitness/chemists</loc>
  </url>
  <url>
    <loc>https://www.westfield.com.au/chatswood/browse-stores/fresh-food-and-groceries/seafood</loc>
  </url>
  <url>
    <loc>https://www.westfield.com.au/chatswood/browse-stores/health-and-fitness/health-insurers</loc>
  </url>
  <url>
    <loc>https://www.westfield.com.au/chatswood/browse-stores/fresh-food-and-groceries/poultry</loc>
  </url>
  <url>
    <loc>https://www.westfield.com.au/chatswood/browse-stores/health-and-fitness/optometrists</loc>
  </url>
  <url>
    <loc>https://www.westfield.com.au/chatswood/browse-stores/health-and-fitness/medical-centres</loc>
  </url>
  <url>
    <loc>https://www.westfield.com.au/chatswood/browse-stores/health-and-fitness/specialty-health-providers</loc>
  </url>
  <url>
    <loc>https://www.westfield.com.au/chatswood/browse-stores/home/bath-and-home-fragrances</loc>
  </url>
  <url>
    <loc>https://www.westfield.com.au/chatswood/browse-stores/home</loc>
  </url>
  <url>
    <loc>https://www.westfield.com.au/chatswood/browse-stores/home/bedding</loc>
  </url>
  <url>
    <loc>https://www.westfield.com.au/chatswood/browse-stores/home/furniture</loc>
  </url>
  <url>
    <loc>https://www.westfield.com.au/chatswood/browse-stores/home/gifts</loc>
  </url>
  <url>
    <loc>https://www.westfield.com.au/chatswood/browse-stores/home/home-appliances</loc>
  </url>
  <url>
    <loc>https://www.westfield.com.au/chatswood/browse-stores/home/home-decor</loc>
  </url>
  <url>
    <loc>https://www.westfield.com.au/chatswood/browse-stores/home/pets</loc>
  </url>
  <url>
    <loc>https://www.westfield.com.au/chatswood/browse-stores/home/kitchen</loc>
  </url>
  <url>
    <loc>https://www.westfield.com.au/chatswood/browse-stores/home/picture-frames</loc>
  </url>
  <url>
    <loc>https://www.westfield.com.au/chatswood/browse-stores/luggage-and-travel-accessories</loc>
  </url>
  <url>
    <loc>https://www.westfield.com.au/chatswood/browse-stores/luggage-and-travel-accessories/backpacks-and-gym-duffle-bags</loc>
  </url>
  <url>
    <loc>https://www.westfield.com.au/chatswood/browse-stores/luggage-and-travel-accessories/suitcases-and-travel-accessories</loc>
  </url>
  <url>
    <loc>https://www.westfield.com.au/chatswood/browse-stores/luggage-and-travel-accessories/work-and-laptop-bags</loc>
  </url>
  <url>
    <loc>https://www.westfield.com.au/chatswood/browse-stores/luggage-and-travel-accessories/small-leather-goods</loc>
  </url>
  <url>
    <loc>https://www.westfield.com.au/chatswood/browse-stores/luggage-and-travel-accessories/laptop-cases-and-sleeves</loc>
  </url>
  <url>
    <loc>https://www.westfield.com.au/chatswood/browse-stores/home/photography-and-art</loc>
  </url>
  <url>
    <loc>https://www.westfield.com.au/chatswood/browse-stores/luxury-and-premium</loc>
  </url>
  <url>
    <loc>https://www.westfield.com.au/chatswood/browse-stores/luxury-and-premium/australian-designer</loc>
  </url>
  <url>
    <loc>https://www.westfield.com.au/chatswood/browse-stores/phone-repairs</loc>
  </url>
  <url>
    <loc>https://www.westfield.com.au/chatswood/browse-stores/luxury-and-premium/premium-brands</loc>
  </url>
  <url>
    <loc>https://www.westfield.com.au/chatswood/browse-stores/photographic-services</loc>
  </url>
  <url>
    <loc>https://www.westfield.com.au/chatswood/browse-stores/sporting-goods</loc>
  </url>
  <url>
    <loc>https://www.westfield.com.au/chatswood/browse-stores/shoe-repair-and-key-cutting</loc>
  </url>
  <url>
    <loc>https://www.westfield.com.au/chatswood/browse-stores/professional-services</loc>
  </url>
  <url>
    <loc>https://www.westfield.com.au/chatswood/browse-stores/sporting-goods/activewear</loc>
  </url>
  <url>
    <loc>https://www.westfield.com.au/chatswood/browse-stores/sporting-goods/fitness-and-gym-equipment</loc>
  </url>
  <url>
    <loc>https://www.westfield.com.au/chatswood/browse-stores/sporting-goods/outdoors-and-camping</loc>
  </url>
  <url>
    <loc>https://www.westfield.com.au/chatswood/browse-stores/power-gas-and-communication-services</loc>
  </url>
  <url>
    <loc>https://www.westfield.com.au/chatswood/browse-stores/tobacconists</loc>
  </url>
  <url>
    <loc>https://www.westfield.com.au/chatswood/browse-stores/toys-and-hobbies/arts-and-crafts</loc>
  </url>
  <url>
    <loc>https://www.westfield.com.au/chatswood/browse-stores/toys-and-hobbies</loc>
  </url>
  <url>
    <loc>https://www.westfield.com.au/chatswood/browse-stores/toys-and-hobbies/games</loc>
  </url>
  <url>
    <loc>https://www.westfield.com.au/chatswood/browse-stores/toys-and-hobbies/toys</loc>
  </url>
  <url>
    <loc>https://www.westfield.com.au/chatswood/browse-stores/sporting-goods/tech-and-wearables</loc>
  </url>
  <url>
    <loc>https://www.westfield.com.au/chatswood/browse-stores/toys-and-hobbies/hobbies</loc>
  </url>
  <url>
    <loc>https://www.westfield.com.au/chermside/browse-stores/alterations-and-tailoring</loc>
  </url>
  <url>
    <loc>https://www.westfield.com.au/chermside/browse-stores/baby-and-nursery</loc>
  </url>
  <url>
    <loc>https://www.westfield.com.au/chermside/browse-stores/baby-and-nursery/baby-and-infant-toys</loc>
  </url>
  <url>
    <loc>https://www.westfield.com.au/chermside/browse-stores/baby-and-nursery/baby-bedding</loc>
  </url>
  <url>
    <loc>https://www.westfield.com.au/chermside/browse-stores/baby-and-nursery/nursery-furniture</loc>
  </url>
  <url>
    <loc>https://www.westfield.com.au/chermside/browse-stores/baby-and-nursery/prams-strollers-and-carriers</loc>
  </url>
  <url>
    <loc>https://www.westfield.com.au/chermside/browse-stores/banks</loc>
  </url>
  <url>
    <loc>https://www.westfield.com.au/chermside/browse-stores/baby-and-nursery/tableware-and-feeding</loc>
  </url>
  <url>
    <loc>https://www.westfield.com.au/chermside/browse-stores/beauty-and-wellness</loc>
  </url>
  <url>
    <loc>https://www.westfield.com.au/chermside/browse-stores/beauty-and-wellness/bath-and-body</loc>
  </url>
  <url>
    <loc>https://www.westfield.com.au/chermside/browse-stores/beauty-and-wellness/hair-and-beauty</loc>
  </url>
  <url>
    <loc>https://www.westfield.com.au/chermside/browse-stores/beauty-and-wellness/fragrance</loc>
  </url>
  <url>
    <loc>https://www.westfield.com.au/chermside/browse-stores/beauty-and-wellness/hair-care</loc>
  </url>
  <url>
    <loc>https://www.westfield.com.au/chermside/browse-stores/books-stationery-and-gifts/book-stores</loc>
  </url>
  <url>
    <loc>https://www.westfield.com.au/chermside/browse-stores/books-stationery-and-gifts/newsagencies</loc>
  </url>
  <url>
    <loc>https://www.westfield.com.au/chermside/browse-stores/beauty-and-wellness/makeup</loc>
  </url>
  <url>
    <loc>https://www.westfield.com.au/chermside/browse-stores/books-stationery-and-gifts</loc>
  </url>
  <url>
    <loc>https://www.westfield.com.au/chermside/browse-stores/books-stationery-and-gifts/office-supplies</loc>
  </url>
  <url>
    <loc>https://www.westfield.com.au/chermside/browse-stores/books-stationery-and-gifts/cards-and-gift-wrap</loc>
  </url>
  <url>
    <loc>https://www.westfield.com.au/chermside/browse-stores/car-and-auto</loc>
  </url>
  <url>
    <loc>https://www.westfield.com.au/chermside/browse-stores/beauty-and-wellness/skincare</loc>
  </url>
  <url>
    <loc>https://www.westfield.com.au/chermside/browse-stores/beauty-and-wellness/vitamins-and-supplements</loc>
  </url>
  <url>
    <loc>https://www.westfield.com.au/chermside/browse-stores/books-stationery-and-gifts/stationery</loc>
  </url>
  <url>
    <loc>https://www.westfield.com.au/chermside/browse-stores/clothing-and-accessories</loc>
  </url>
  <url>
    <loc>https://www.westfield.com.au/chermside/browse-stores/clothing-and-accessories/footwear</loc>
  </url>
  <url>
    <loc>https://www.westfield.com.au/chermside/browse-stores/clothing-and-accessories/babies-and-toddlers</loc>
  </url>
  <url>
    <loc>https://www.westfield.com.au/chermside/browse-stores/clothing-and-accessories/mens-fashion</loc>
  </url>
  <url>
    <loc>https://www.westfield.com.au/chermside/browse-stores/clothing-and-accessories/jewellery-and-watches</loc>
  </url>
  <url>
    <loc>https://www.westfield.com.au/chermside/browse-stores/clothing-and-accessories/kids-and-junior</loc>
  </url>
  <url>
    <loc>https://www.westfield.com.au/chermside/browse-stores/childcare</loc>
  </url>
  <url>
    <loc>https://www.westfield.com.au/chermside/browse-stores/clothing-and-accessories/sunglasses</loc>
  </url>
  <url>
    <loc>https://www.westfield.com.au/chermside/browse-stores/clothing-and-accessories/womens-fashion</loc>
  </url>
  <url>
    <loc>https://www.westfield.com.au/chermside/browse-stores/community-services</loc>
  </url>
  <url>
    <loc>https://www.westfield.com.au/chermside/browse-stores/electronics-and-technology</loc>
  </url>
  <url>
    <loc>https://www.westfield.com.au/chermside/browse-stores/discount-and-variety</loc>
  </url>
  <url>
    <loc>https://www.westfield.com.au/chermside/browse-stores/electronics-and-technology/computers-and-tablets</loc>
  </url>
  <url>
    <loc>https://www.westfield.com.au/chermside/browse-stores/department-stores</loc>
  </url>
  <url>
    <loc>https://www.westfield.com.au/chermside/browse-stores/electronics-and-technology/gaming-and-consoles</loc>
  </url>
  <url>
    <loc>https://www.westfield.com.au/chermside/browse-stores/electronics-and-technology/cameras</loc>
  </url>
  <url>
    <loc>https://www.westfield.com.au/chermside/browse-stores/electronics-and-technology/mobile-and-accessories</loc>
  </url>
  <url>
    <loc>https://www.westfield.com.au/chermside/browse-stores/electronics-and-technology/navigation</loc>
  </url>
  <url>
    <loc>https://www.westfield.com.au/chermside/browse-stores/designer-and-boutique</loc>
  </url>
  <url>
    <loc>https://www.westfield.com.au/chermside/browse-stores/electronics-and-technology/tv-and-audio</loc>
  </url>
  <url>
    <loc>https://www.westfield.com.au/chermside/browse-stores/entertainment-and-activities</loc>
  </url>
  <url>
    <loc>https://www.westfield.com.au/chermside/browse-stores/florists</loc>
  </url>
  <url>
    <loc>https://www.westfield.com.au/chermside/browse-stores/food-and-drink</loc>
  </url>
  <url>
    <loc>https://www.westfield.com.au/chermside/browse-stores/entertainment-and-activities/cinemas</loc>
  </url>
  <url>
    <loc>https://www.westfield.com.au/chermside/browse-stores/entertainment-and-activities/bowling</loc>
  </url>
  <url>
    <loc>https://www.westfield.com.au/chermside/browse-stores/entertainment-and-activities/learning-and-education</loc>
  </url>
  <url>
    <loc>https://www.westfield.com.au/chermside/browse-stores/entertainment-and-activities/kids-activities</loc>
  </url>
  <url>
    <loc>https://www.westfield.com.au/chermside/browse-stores/entertainment-and-activities/arcades-and-games</loc>
  </url>
  <url>
    <loc>https://www.westfield.com.au/chermside/browse-stores/entertainment-and-activities/music</loc>
  </url>
  <url>
    <loc>https://www.westfield.com.au/chermside/browse-stores/food-and-drink/asian</loc>
  </url>
  <url>
    <loc>https://www.westfield.com.au/chermside/browse-stores/food-and-drink/cafes</loc>
  </url>
  <url>
    <loc>https://www.westfield.com.au/chermside/browse-stores/food-and-drink/breakfast-and-brunch</loc>
  </url>
  <url>
    <loc>https://www.westfield.com.au/chermside/browse-stores/food-and-drink/chocolate-cafes</loc>
  </url>
  <url>
    <loc>https://www.westfield.com.au/chermside/browse-stores/food-and-drink/dietary-requirements</loc>
  </url>
  <url>
    <loc>https://www.westfield.com.au/chermside/browse-stores/food-and-drink/bars-and-pubs</loc>
  </url>
  <url>
    <loc>https://www.westfield.com.au/chermside/browse-stores/food-and-drink/desserts</loc>
  </url>
  <url>
    <loc>https://www.westfield.com.au/chermside/browse-stores/food-and-drink/fast-food</loc>
  </url>
  <url>
    <loc>https://www.westfield.com.au/chermside/browse-stores/food-and-drink/greek</loc>
  </url>
  <url>
    <loc>https://www.westfield.com.au/chermside/browse-stores/food-and-drink/healthy-options</loc>
  </url>
  <url>
    <loc>https://www.westfield.com.au/chermside/browse-stores/food-and-drink/middle-eastern</loc>
  </url>
  <url>
    <loc>https://www.westfield.com.au/chermside/browse-stores/food-and-drink/kid-friendly</loc>
  </url>
  <url>
    <loc>https://www.westfield.com.au/chermside/browse-stores/food-and-drink/casual-dining</loc>
  </url>
  <url>
    <loc>https://www.westfield.com.au/chermside/browse-stores/food-and-drink/italian</loc>
  </url>
  <url>
    <loc>https://www.westfield.com.au/chermside/browse-stores/food-and-drink/mexican-and-latin-american</loc>
  </url>
  <url>
    <loc>https://www.westfield.com.au/chermside/browse-stores/food-and-drink/sandwiches-and-salads</loc>
  </url>
  <url>
    <loc>https://www.westfield.com.au/chermside/browse-stores/food-and-drink/modern-australian</loc>
  </url>
  <url>
    <loc>https://www.westfield.com.au/chermside/browse-stores/food-and-drink/juice-bars</loc>
  </url>
  <url>
    <loc>https://www.westfield.com.au/chermside/browse-stores/food-and-drink/takeaway</loc>
  </url>
  <url>
    <loc>https://www.westfield.com.au/chermside/browse-stores/foreign-currency-exchange</loc>
  </url>
  <url>
    <loc>https://www.westfield.com.au/chermside/browse-stores/fresh-food-and-groceries/butchers</loc>
  </url>
  <url>
    <loc>https://www.westfield.com.au/chermside/browse-stores/fresh-food-and-groceries</loc>
  </url>
  <url>
    <loc>https://www.westfield.com.au/chermside/browse-stores/fresh-food-and-groceries/confectionery</loc>
  </url>
  <url>
    <loc>https://www.westfield.com.au/chermside/browse-stores/fresh-food-and-groceries/fresh-produce</loc>
  </url>
  <url>
    <loc>https://www.westfield.com.au/chermside/browse-stores/fresh-food-and-groceries/bakeries</loc>
  </url>
  <url>
    <loc>https://www.westfield.com.au/chermside/browse-stores/fresh-food-and-groceries/patisseries</loc>
  </url>
  <url>
    <loc>https://www.westfield.com.au/chermside/browse-stores/fresh-food-and-groceries/liquor</loc>
  </url>
  <url>
    <loc>https://www.westfield.com.au/chermside/browse-stores/fresh-food-and-groceries/delicatessens</loc>
  </url>
  <url>
    <loc>https://www.westfield.com.au/chermside/browse-stores/fresh-food-and-groceries/poultry</loc>
  </url>
  <url>
    <loc>https://www.westfield.com.au/chermside/browse-stores/fresh-food-and-groceries/seafood</loc>
  </url>
  <url>
    <loc>https://www.westfield.com.au/chermside/browse-stores/health-and-fitness</loc>
  </url>
  <url>
    <loc>https://www.westfield.com.au/chermside/browse-stores/fresh-food-and-groceries/supermarkets</loc>
  </url>
  <url>
    <loc>https://www.westfield.com.au/chermside/browse-stores/fresh-food-and-groceries/specialty-foods</loc>
  </url>
  <url>
    <loc>https://www.westfield.com.au/chermside/browse-stores/health-and-fitness/dentists</loc>
  </url>
  <url>
    <loc>https://www.westfield.com.au/chermside/browse-stores/health-and-fitness/gyms-and-fitness-studios</loc>
  </url>
  <url>
    <loc>https://www.westfield.com.au/chermside/browse-stores/health-and-fitness/medical-centres</loc>
  </url>
  <url>
    <loc>https://www.westfield.com.au/chermside/browse-stores/health-and-fitness/health-insurers</loc>
  </url>
  <url>
    <loc>https://www.westfield.com.au/chermside/browse-stores/health-and-fitness/chemists</loc>
  </url>
  <url>
    <loc>https://www.westfield.com.au/chermside/browse-stores/home</loc>
  </url>
  <url>
    <loc>https://www.westfield.com.au/chermside/browse-stores/health-and-fitness/optometrists</loc>
  </url>
  <url>
    <loc>https://www.westfield.com.au/chermside/browse-stores/home/bath-and-home-fragrances</loc>
  </url>
  <url>
    <loc>https://www.westfield.com.au/chermside/browse-stores/health-and-fitness/specialty-health-providers</loc>
  </url>
  <url>
    <loc>https://www.westfield.com.au/chermside/browse-stores/home/hardware</loc>
  </url>
  <url>
    <loc>https://www.westfield.com.au/chermside/browse-stores/home/furniture</loc>
  </url>
  <url>
    <loc>https://www.westfield.com.au/chermside/browse-stores/home/bedding</loc>
  </url>
  <url>
    <loc>https://www.westfield.com.au/chermside/browse-stores/home/gifts</loc>
  </url>
  <url>
    <loc>https://www.westfield.com.au/chermside/browse-stores/home/home-decor</loc>
  </url>
  <url>
    <loc>https://www.westfield.com.au/chermside/browse-stores/home/home-appliances</loc>
  </url>
  <url>
    <loc>https://www.westfield.com.au/chermside/browse-stores/home/pets</loc>
  </url>
  <url>
    <loc>https://www.westfield.com.au/chermside/browse-stores/home/photography-and-art</loc>
  </url>
  <url>
    <loc>https://www.westfield.com.au/chermside/browse-stores/home/picture-frames</loc>
  </url>
  <url>
    <loc>https://www.westfield.com.au/chermside/browse-stores/luggage-and-travel-accessories</loc>
  </url>
  <url>
    <loc>https://www.westfield.com.au/chermside/browse-stores/home/kitchen</loc>
  </url>
  <url>
    <loc>https://www.westfield.com.au/chermside/browse-stores/luggage-and-travel-accessories/laptop-cases-and-sleeves</loc>
  </url>
  <url>
    <loc>https://www.westfield.com.au/chermside/browse-stores/luggage-and-travel-accessories/backpacks-and-gym-duffle-bags</loc>
  </url>
  <url>
    <loc>https://www.westfield.com.au/chermside/browse-stores/luggage-and-travel-accessories/small-leather-goods</loc>
  </url>
  <url>
    <loc>https://www.westfield.com.au/chermside/browse-stores/luggage-and-travel-accessories/suitcases-and-travel-accessories</loc>
  </url>
  <url>
    <loc>https://www.westfield.com.au/chermside/browse-stores/luggage-and-travel-accessories/work-and-laptop-bags</loc>
  </url>
  <url>
    <loc>https://www.westfield.com.au/chermside/browse-stores/luxury-and-premium</loc>
  </url>
  <url>
    <loc>https://www.westfield.com.au/chermside/browse-stores/luxury-and-premium/luxury</loc>
  </url>
  <url>
    <loc>https://www.westfield.com.au/chermside/browse-stores/luxury-and-premium/australian-designer</loc>
  </url>
  <url>
    <loc>https://www.westfield.com.au/chermside/browse-stores/post-office</loc>
  </url>
  <url>
    <loc>https://www.westfield.com.au/chermside/browse-stores/photographic-services</loc>
  </url>
  <url>
    <loc>https://www.westfield.com.au/chermside/browse-stores/phone-repairs</loc>
  </url>
  <url>
    <loc>https://www.westfield.com.au/chermside/browse-stores/luxury-and-premium/premium-brands</loc>
  </url>
  <url>
    <loc>https://www.westfield.com.au/chermside/browse-stores/power-gas-and-communication-services</loc>
  </url>
  <url>
    <loc>https://www.westfield.com.au/chermside/browse-stores/professional-services</loc>
  </url>
  <url>
    <loc>https://www.westfield.com.au/chermside/browse-stores/shoe-repair-and-key-cutting</loc>
  </url>
  <url>
    <loc>https://www.westfield.com.au/chermside/browse-stores/sporting-goods/activewear</loc>
  </url>
  <url>
    <loc>https://www.westfield.com.au/chermside/browse-stores/sporting-goods/outdoors-and-camping</loc>
  </url>
  <url>
    <loc>https://www.westfield.com.au/chermside/browse-stores/sporting-goods/fitness-and-gym-equipment</loc>
  </url>
  <url>
    <loc>https://www.westfield.com.au/chermside/browse-stores/sporting-goods/tech-and-wearables</loc>
  </url>
  <url>
    <loc>https://www.westfield.com.au/chermside/browse-stores/sporting-goods</loc>
  </url>
  <url>
    <loc>https://www.westfield.com.au/chermside/browse-stores/tobacconists</loc>
  </url>
  <url>
    <loc>https://www.westfield.com.au/chermside/browse-stores/toys-and-hobbies/arts-and-crafts</loc>
  </url>
  <url>
    <loc>https://www.westfield.com.au/chermside/browse-stores/toys-and-hobbies/games</loc>
  </url>
  <url>
    <loc>https://www.westfield.com.au/chermside/browse-stores/toys-and-hobbies</loc>
  </url>
  <url>
    <loc>https://www.westfield.com.au/chermside/browse-stores/toys-and-hobbies/toys</loc>
  </url>
  <url>
    <loc>https://www.westfield.com.au/chermside/browse-stores/toys-and-hobbies/hobbies</loc>
  </url>
  <url>
    <loc>https://www.westfield.com.au/chermside/browse-stores/travel-agents</loc>
  </url>
  <url>
    <loc>https://www.westfield.com.au/coomera/browse-stores/alterations-and-tailoring</loc>
  </url>
  <url>
    <loc>https://www.westfield.com.au/coomera/browse-stores/baby-and-nursery</loc>
  </url>
  <url>
    <loc>https://www.westfield.com.au/coomera/browse-stores/baby-and-nursery/baby-and-infant-toys</loc>
  </url>
  <url>
    <loc>https://www.westfield.com.au/coomera/browse-stores/baby-and-nursery/nursery-furniture</loc>
  </url>
  <url>
    <loc>https://www.westfield.com.au/coomera/browse-stores/baby-and-nursery/prams-strollers-and-carriers</loc>
  </url>
  <url>
    <loc>https://www.westfield.com.au/coomera/browse-stores/baby-and-nursery/baby-bedding</loc>
  </url>
  <url>
    <loc>https://www.westfield.com.au/coomera/browse-stores/banks</loc>
  </url>
  <url>
    <loc>https://www.westfield.com.au/coomera/browse-stores/beauty-and-wellness/bath-and-body</loc>
  </url>
  <url>
    <loc>https://www.westfield.com.au/coomera/browse-stores/beauty-and-wellness/fragrance</loc>
  </url>
  <url>
    <loc>https://www.westfield.com.au/coomera/browse-stores/beauty-and-wellness/hair-and-beauty</loc>
  </url>
  <url>
    <loc>https://www.westfield.com.au/coomera/browse-stores/beauty-and-wellness</loc>
  </url>
  <url>
    <loc>https://www.westfield.com.au/coomera/browse-stores/baby-and-nursery/tableware-and-feeding</loc>
  </url>
  <url>
    <loc>https://www.westfield.com.au/coomera/browse-stores/beauty-and-wellness/makeup</loc>
  </url>
  <url>
    <loc>https://www.westfield.com.au/coomera/browse-stores/beauty-and-wellness/skincare</loc>
  </url>
  <url>
    <loc>https://www.westfield.com.au/coomera/browse-stores/books-stationery-and-gifts</loc>
  </url>
  <url>
    <loc>https://www.westfield.com.au/coomera/browse-stores/books-stationery-and-gifts/book-stores</loc>
  </url>
  <url>
    <loc>https://www.westfield.com.au/coomera/browse-stores/books-stationery-and-gifts/cards-and-gift-wrap</loc>
  </url>
  <url>
    <loc>https://www.westfield.com.au/coomera/browse-stores/books-stationery-and-gifts/office-supplies</loc>
  </url>
  <url>
    <loc>https://www.westfield.com.au/coomera/browse-stores/books-stationery-and-gifts/newsagencies</loc>
  </url>
  <url>
    <loc>https://www.westfield.com.au/coomera/browse-stores/beauty-and-wellness/hair-care</loc>
  </url>
  <url>
    <loc>https://www.westfield.com.au/coomera/browse-stores/beauty-and-wellness/vitamins-and-supplements</loc>
  </url>
  <url>
    <loc>https://www.westfield.com.au/coomera/browse-stores/books-stationery-and-gifts/stationery</loc>
  </url>
  <url>
    <loc>https://www.westfield.com.au/coomera/browse-stores/car-and-auto</loc>
  </url>
  <url>
    <loc>https://www.westfield.com.au/coomera/browse-stores/clothing-and-accessories</loc>
  </url>
  <url>
    <loc>https://www.westfield.com.au/coomera/browse-stores/clothing-and-accessories/footwear</loc>
  </url>
  <url>
    <loc>https://www.westfield.com.au/coomera/browse-stores/clothing-and-accessories/babies-and-toddlers</loc>
  </url>
  <url>
    <loc>https://www.westfield.com.au/coomera/browse-stores/clothing-and-accessories/jewellery-and-watches</loc>
  </url>
  <url>
    <loc>https://www.westfield.com.au/coomera/browse-stores/clothing-and-accessories/sunglasses</loc>
  </url>
  <url>
    <loc>https://www.westfield.com.au/coomera/browse-stores/clothing-and-accessories/mens-fashion</loc>
  </url>
  <url>
    <loc>https://www.westfield.com.au/coomera/browse-stores/clothing-and-accessories/kids-and-junior</loc>
  </url>
  <url>
    <loc>https://www.westfield.com.au/coomera/browse-stores/clothing-and-accessories/womens-fashion</loc>
  </url>
  <url>
    <loc>https://www.westfield.com.au/coomera/browse-stores/department-stores</loc>
  </url>
  <url>
    <loc>https://www.westfield.com.au/coomera/browse-stores/community-services</loc>
  </url>
  <url>
    <loc>https://www.westfield.com.au/coomera/browse-stores/discount-and-variety</loc>
  </url>
  <url>
    <loc>https://www.westfield.com.au/coomera/browse-stores/electronics-and-technology</loc>
  </url>
  <url>
    <loc>https://www.westfield.com.au/coomera/browse-stores/electronics-and-technology/cameras</loc>
  </url>
  <url>
    <loc>https://www.westfield.com.au/coomera/browse-stores/electronics-and-technology/mobile-and-accessories</loc>
  </url>
  <url>
    <loc>https://www.westfield.com.au/coomera/browse-stores/electronics-and-technology/gaming-and-consoles</loc>
  </url>
  <url>
    <loc>https://www.westfield.com.au/coomera/browse-stores/electronics-and-technology/tv-and-audio</loc>
  </url>
  <url>
    <loc>https://www.westfield.com.au/coomera/browse-stores/electronics-and-technology/navigation</loc>
  </url>
  <url>
    <loc>https://www.westfield.com.au/coomera/browse-stores/entertainment-and-activities</loc>
  </url>
  <url>
    <loc>https://www.westfield.com.au/coomera/browse-stores/electronics-and-technology/computers-and-tablets</loc>
  </url>
  <url>
    <loc>https://www.westfield.com.au/coomera/browse-stores/entertainment-and-activities/bowling</loc>
  </url>
  <url>
    <loc>https://www.westfield.com.au/coomera/browse-stores/entertainment-and-activities/arcades-and-games</loc>
  </url>
  <url>
    <loc>https://www.westfield.com.au/coomera/browse-stores/entertainment-and-activities/cinemas</loc>
  </url>
  <url>
    <loc>https://www.westfield.com.au/coomera/browse-stores/entertainment-and-activities/kids-activities</loc>
  </url>
  <url>
    <loc>https://www.westfield.com.au/coomera/browse-stores/entertainment-and-activities/music</loc>
  </url>
  <url>
    <loc>https://www.westfield.com.au/coomera/browse-stores/entertainment-and-activities/learning-and-education</loc>
  </url>
  <url>
    <loc>https://www.westfield.com.au/coomera/browse-stores/food-and-drink/asian</loc>
  </url>
  <url>
    <loc>https://www.westfield.com.au/coomera/browse-stores/food-and-drink</loc>
  </url>
  <url>
    <loc>https://www.westfield.com.au/coomera/browse-stores/food-and-drink/bars-and-pubs</loc>
  </url>
  <url>
    <loc>https://www.westfield.com.au/coomera/browse-stores/food-and-drink/breakfast-and-brunch</loc>
  </url>
  <url>
    <loc>https://www.westfield.com.au/coomera/browse-stores/food-and-drink/cafes</loc>
  </url>
  <url>
    <loc>https://www.westfield.com.au/coomera/browse-stores/food-and-drink/casual-dining</loc>
  </url>
  <url>
    <loc>https://www.westfield.com.au/coomera/browse-stores/food-and-drink/desserts</loc>
  </url>
  <url>
    <loc>https://www.westfield.com.au/coomera/browse-stores/food-and-drink/dietary-requirements</loc>
  </url>
  <url>
    <loc>https://www.westfield.com.au/coomera/browse-stores/food-and-drink/german</loc>
  </url>
  <url>
    <loc>https://www.westfield.com.au/coomera/browse-stores/food-and-drink/grill-houses</loc>
  </url>
  <url>
    <loc>https://www.westfield.com.au/coomera/browse-stores/food-and-drink/fast-food</loc>
  </url>
  <url>
    <loc>https://www.westfield.com.au/coomera/browse-stores/food-and-drink/healthy-options</loc>
  </url>
  <url>
    <loc>https://www.westfield.com.au/coomera/browse-stores/food-and-drink/italian</loc>
  </url>
  <url>
    <loc>https://www.westfield.com.au/coomera/browse-stores/food-and-drink/juice-bars</loc>
  </url>
  <url>
    <loc>https://www.westfield.com.au/coomera/browse-stores/food-and-drink/mexican-and-latin-american</loc>
  </url>
  <url>
    <loc>https://www.westfield.com.au/coomera/browse-stores/food-and-drink/sandwiches-and-salads</loc>
  </url>
  <url>
    <loc>https://www.westfield.com.au/coomera/browse-stores/food-and-drink/takeaway</loc>
  </url>
  <url>
    <loc>https://www.westfield.com.au/coomera/browse-stores/food-and-drink/modern-australian</loc>
  </url>
  <url>
    <loc>https://www.westfield.com.au/coomera/browse-stores/florists</loc>
  </url>
  <url>
    <loc>https://www.westfield.com.au/coomera/browse-stores/dry-cleaning</loc>
  </url>
  <url>
    <loc>https://www.westfield.com.au/coomera/browse-stores/fresh-food-and-groceries</loc>
  </url>
  <url>
    <loc>https://www.westfield.com.au/coomera/browse-stores/foreign-currency-exchange</loc>
  </url>
  <url>
    <loc>https://www.westfield.com.au/coomera/browse-stores/fresh-food-and-groceries/bakeries</loc>
  </url>
  <url>
    <loc>https://www.westfield.com.au/coomera/browse-stores/fresh-food-and-groceries/butchers</loc>
  </url>
  <url>
    <loc>https://www.westfield.com.au/coomera/browse-stores/fresh-food-and-groceries/confectionery</loc>
  </url>
  <url>
    <loc>https://www.westfield.com.au/coomera/browse-stores/fresh-food-and-groceries/liquor</loc>
  </url>
  <url>
    <loc>https://www.westfield.com.au/coomera/browse-stores/fresh-food-and-groceries/fresh-produce</loc>
  </url>
  <url>
    <loc>https://www.westfield.com.au/coomera/browse-stores/fresh-food-and-groceries/seafood</loc>
  </url>
  <url>
    <loc>https://www.westfield.com.au/coomera/browse-stores/fresh-food-and-groceries/poultry</loc>
  </url>
  <url>
    <loc>https://www.westfield.com.au/coomera/browse-stores/fresh-food-and-groceries/delicatessens</loc>
  </url>
  <url>
    <loc>https://www.westfield.com.au/coomera/browse-stores/fresh-food-and-groceries/specialty-foods</loc>
  </url>
  <url>
    <loc>https://www.westfield.com.au/coomera/browse-stores/fresh-food-and-groceries/supermarkets</loc>
  </url>
  <url>
    <loc>https://www.westfield.com.au/coomera/browse-stores/health-and-fitness/health-insurers</loc>
  </url>
  <url>
    <loc>https://www.westfield.com.au/coomera/browse-stores/health-and-fitness/dentists</loc>
  </url>
  <url>
    <loc>https://www.westfield.com.au/coomera/browse-stores/health-and-fitness</loc>
  </url>
  <url>
    <loc>https://www.westfield.com.au/coomera/browse-stores/health-and-fitness/gyms-and-fitness-studios</loc>
  </url>
  <url>
    <loc>https://www.westfield.com.au/coomera/browse-stores/health-and-fitness/medical-centres</loc>
  </url>
  <url>
    <loc>https://www.westfield.com.au/coomera/browse-stores/health-and-fitness/specialty-health-providers</loc>
  </url>
  <url>
    <loc>https://www.westfield.com.au/coomera/browse-stores/health-and-fitness/optometrists</loc>
  </url>
  <url>
    <loc>https://www.westfield.com.au/coomera/browse-stores/home</loc>
  </url>
  <url>
    <loc>https://www.westfield.com.au/coomera/browse-stores/home/furniture</loc>
  </url>
  <url>
    <loc>https://www.westfield.com.au/coomera/browse-stores/home/bedding</loc>
  </url>
  <url>
    <loc>https://www.westfield.com.au/coomera/browse-stores/home/gifts</loc>
  </url>
  <url>
    <loc>https://www.westfield.com.au/coomera/browse-stores/home/home-decor</loc>
  </url>
  <url>
    <loc>https://www.westfield.com.au/coomera/browse-stores/home/home-appliances</loc>
  </url>
  <url>
    <loc>https://www.westfield.com.au/coomera/browse-stores/home/hardware</loc>
  </url>
  <url>
    <loc>https://www.westfield.com.au/coomera/browse-stores/home/kitchen</loc>
  </url>
  <url>
    <loc>https://www.westfield.com.au/coomera/browse-stores/home/photography-and-art</loc>
  </url>
  <url>
    <loc>https://www.westfield.com.au/coomera/browse-stores/home/pets</loc>
  </url>
  <url>
    <loc>https://www.westfield.com.au/coomera/browse-stores/luggage-and-travel-accessories/backpacks-and-gym-duffle-bags</loc>
  </url>
  <url>
    <loc>https://www.westfield.com.au/coomera/browse-stores/food-and-drink/kid-friendly</loc>
  </url>
  <url>
    <loc>https://www.westfield.com.au/coomera/browse-stores/luggage-and-travel-accessories</loc>
  </url>
  <url>
    <loc>https://www.westfield.com.au/coomera/browse-stores/home/bath-and-home-fragrances</loc>
  </url>
  <url>
    <loc>https://www.westfield.com.au/coomera/browse-stores/home/picture-frames</loc>
  </url>
  <url>
    <loc>https://www.westfield.com.au/coomera/browse-stores/luggage-and-travel-accessories/laptop-cases-and-sleeves</loc>
  </url>
  <url>
    <loc>https://www.westfield.com.au/coomera/browse-stores/luggage-and-travel-accessories/suitcases-and-travel-accessories</loc>
  </url>
  <url>
    <loc>https://www.westfield.com.au/coomera/browse-stores/luggage-and-travel-accessories/work-and-laptop-bags</loc>
  </url>
  <url>
    <loc>https://www.westfield.com.au/coomera/browse-stores/professional-services</loc>
  </url>
  <url>
    <loc>https://www.westfield.com.au/coomera/browse-stores/power-gas-and-communication-services</loc>
  </url>
  <url>
    <loc>https://www.westfield.com.au/coomera/browse-stores/sporting-goods/activewear</loc>
  </url>
  <url>
    <loc>https://www.westfield.com.au/coomera/browse-stores/phone-repairs</loc>
  </url>
  <url>
    <loc>https://www.westfield.com.au/coomera/browse-stores/sporting-goods/fitness-and-gym-equipment</loc>
  </url>
  <url>
    <loc>https://www.westfield.com.au/coomera/browse-stores/shoe-repair-and-key-cutting</loc>
  </url>
  <url>
    <loc>https://www.westfield.com.au/coomera/browse-stores/sporting-goods</loc>
  </url>
  <url>
    <loc>https://www.westfield.com.au/coomera/browse-stores/sporting-goods/outdoors-and-camping</loc>
  </url>
  <url>
    <loc>https://www.westfield.com.au/coomera/browse-stores/sporting-goods/tech-and-wearables</loc>
  </url>
  <url>
    <loc>https://www.westfield.com.au/coomera/browse-stores/tobacconists</loc>
  </url>
  <url>
    <loc>https://www.westfield.com.au/coomera/browse-stores/toys-and-hobbies/games</loc>
  </url>
  <url>
    <loc>https://www.westfield.com.au/coomera/browse-stores/toys-and-hobbies</loc>
  </url>
  <url>
    <loc>https://www.westfield.com.au/coomera/browse-stores/toys-and-hobbies/hobbies</loc>
  </url>
  <url>
    <loc>https://www.westfield.com.au/coomera/browse-stores/toys-and-hobbies/toys</loc>
  </url>
  <url>
    <loc>https://www.westfield.com.au/coomera/browse-stores/toys-and-hobbies/arts-and-crafts</loc>
  </url>
  <url>
    <loc>https://www.westfield.com.au/coomera/browse-stores/travel-agents</loc>
  </url>
  <url>
    <loc>https://www.westfield.com.au/doncaster/browse-stores/baby-and-nursery</loc>
  </url>
  <url>
    <loc>https://www.westfield.com.au/doncaster/browse-stores/baby-and-nursery/baby-and-infant-toys</loc>
  </url>
  <url>
    <loc>https://www.westfield.com.au/doncaster/browse-stores/baby-and-nursery/baby-bedding</loc>
  </url>
  <url>
    <loc>https://www.westfield.com.au/doncaster/browse-stores/alterations-and-tailoring</loc>
  </url>
  <url>
    <loc>https://www.westfield.com.au/doncaster/browse-stores/baby-and-nursery/prams-strollers-and-carriers</loc>
  </url>
  <url>
    <loc>https://www.westfield.com.au/doncaster/browse-stores/baby-and-nursery/nursery-furniture</loc>
  </url>
  <url>
    <loc>https://www.westfield.com.au/doncaster/browse-stores/baby-and-nursery/tableware-and-feeding</loc>
  </url>
  <url>
    <loc>https://www.westfield.com.au/doncaster/browse-stores/banks</loc>
  </url>
  <url>
    <loc>https://www.westfield.com.au/doncaster/browse-stores/beauty-and-wellness</loc>
  </url>
  <url>
    <loc>https://www.westfield.com.au/doncaster/browse-stores/beauty-and-wellness/bath-and-body</loc>
  </url>
  <url>
    <loc>https://www.westfield.com.au/doncaster/browse-stores/beauty-and-wellness/hair-and-beauty</loc>
  </url>
  <url>
    <loc>https://www.westfield.com.au/doncaster/browse-stores/beauty-and-wellness/makeup</loc>
  </url>
  <url>
    <loc>https://www.westfield.com.au/doncaster/browse-stores/beauty-and-wellness/fragrance</loc>
  </url>
  <url>
    <loc>https://www.westfield.com.au/doncaster/browse-stores/beauty-and-wellness/skincare</loc>
  </url>
  <url>
    <loc>https://www.westfield.com.au/doncaster/browse-stores/beauty-and-wellness/vitamins-and-supplements</loc>
  </url>
  <url>
    <loc>https://www.westfield.com.au/doncaster/browse-stores/beauty-and-wellness/hair-care</loc>
  </url>
  <url>
    <loc>https://www.westfield.com.au/doncaster/browse-stores/books-stationery-and-gifts/book-stores</loc>
  </url>
  <url>
    <loc>https://www.westfield.com.au/doncaster/browse-stores/books-stationery-and-gifts/cards-and-gift-wrap</loc>
  </url>
  <url>
    <loc>https://www.westfield.com.au/doncaster/browse-stores/books-stationery-and-gifts</loc>
  </url>
  <url>
    <loc>https://www.westfield.com.au/doncaster/browse-stores/books-stationery-and-gifts/stationery</loc>
  </url>
  <url>
    <loc>https://www.westfield.com.au/doncaster/browse-stores/books-stationery-and-gifts/office-supplies</loc>
  </url>
  <url>
    <loc>https://www.westfield.com.au/doncaster/browse-stores/car-and-auto</loc>
  </url>
  <url>
    <loc>https://www.westfield.com.au/doncaster/browse-stores/books-stationery-and-gifts/newsagencies</loc>
  </url>
  <url>
    <loc>https://www.westfield.com.au/doncaster/browse-stores/childcare</loc>
  </url>
  <url>
    <loc>https://www.westfield.com.au/doncaster/browse-stores/clothing-and-accessories</loc>
  </url>
  <url>
    <loc>https://www.westfield.com.au/doncaster/browse-stores/clothing-and-accessories/babies-and-toddlers</loc>
  </url>
  <url>
    <loc>https://www.westfield.com.au/doncaster/browse-stores/clothing-and-accessories/jewellery-and-watches</loc>
  </url>
  <url>
    <loc>https://www.westfield.com.au/doncaster/browse-stores/clothing-and-accessories/mens-fashion</loc>
  </url>
  <url>
    <loc>https://www.westfield.com.au/doncaster/browse-stores/clothing-and-accessories/kids-and-junior</loc>
  </url>
  <url>
    <loc>https://www.westfield.com.au/doncaster/browse-stores/clothing-and-accessories/sunglasses</loc>
  </url>
  <url>
    <loc>https://www.westfield.com.au/doncaster/browse-stores/clothing-and-accessories/footwear</loc>
  </url>
  <url>
    <loc>https://www.westfield.com.au/doncaster/browse-stores/community-services</loc>
  </url>
  <url>
    <loc>https://www.westfield.com.au/doncaster/browse-stores/clothing-and-accessories/womens-fashion</loc>
  </url>
  <url>
    <loc>https://www.westfield.com.au/doncaster/browse-stores/department-stores</loc>
  </url>
  <url>
    <loc>https://www.westfield.com.au/doncaster/browse-stores/discount-and-variety</loc>
  </url>
  <url>
    <loc>https://www.westfield.com.au/doncaster/browse-stores/designer-and-boutique</loc>
  </url>
  <url>
    <loc>https://www.westfield.com.au/doncaster/browse-stores/dry-cleaning</loc>
  </url>
  <url>
    <loc>https://www.westfield.com.au/doncaster/browse-stores/electronics-and-technology/cameras</loc>
  </url>
  <url>
    <loc>https://www.westfield.com.au/doncaster/browse-stores/electronics-and-technology/gaming-and-consoles</loc>
  </url>
  <url>
    <loc>https://www.westfield.com.au/doncaster/browse-stores/electronics-and-technology/mobile-and-accessories</loc>
  </url>
  <url>
    <loc>https://www.westfield.com.au/doncaster/browse-stores/electronics-and-technology/computers-and-tablets</loc>
  </url>
  <url>
    <loc>https://www.westfield.com.au/doncaster/browse-stores/electronics-and-technology/navigation</loc>
  </url>
  <url>
    <loc>https://www.westfield.com.au/doncaster/browse-stores/electronics-and-technology</loc>
  </url>
  <url>
    <loc>https://www.westfield.com.au/doncaster/browse-stores/electronics-and-technology/tv-and-audio</loc>
  </url>
  <url>
    <loc>https://www.westfield.com.au/doncaster/browse-stores/entertainment-and-activities</loc>
  </url>
  <url>
    <loc>https://www.westfield.com.au/doncaster/browse-stores/florists</loc>
  </url>
  <url>
    <loc>https://www.westfield.com.au/doncaster/browse-stores/entertainment-and-activities/learning-and-education</loc>
  </url>
  <url>
    <loc>https://www.westfield.com.au/doncaster/browse-stores/entertainment-and-activities/kids-activities</loc>
  </url>
  <url>
    <loc>https://www.westfield.com.au/doncaster/browse-stores/entertainment-and-activities/music</loc>
  </url>
  <url>
    <loc>https://www.westfield.com.au/doncaster/browse-stores/entertainment-and-activities/cinemas</loc>
  </url>
  <url>
    <loc>https://www.westfield.com.au/doncaster/browse-stores/entertainment-and-activities/arcades-and-games</loc>
  </url>
  <url>
    <loc>https://www.westfield.com.au/doncaster/browse-stores/food-and-drink</loc>
  </url>
  <url>
    <loc>https://www.westfield.com.au/doncaster/browse-stores/food-and-drink/asian</loc>
  </url>
  <url>
    <loc>https://www.westfield.com.au/doncaster/browse-stores/food-and-drink/bars-and-pubs</loc>
  </url>
  <url>
    <loc>https://www.westfield.com.au/doncaster/browse-stores/food-and-drink/casual-dining</loc>
  </url>
  <url>
    <loc>https://www.westfield.com.au/doncaster/browse-stores/food-and-drink/chocolate-cafes</loc>
  </url>
  <url>
    <loc>https://www.westfield.com.au/doncaster/browse-stores/food-and-drink/cafes</loc>
  </url>
  <url>
    <loc>https://www.westfield.com.au/doncaster/browse-stores/food-and-drink/fast-food</loc>
  </url>
  <url>
    <loc>https://www.westfield.com.au/doncaster/browse-stores/food-and-drink/dietary-requirements</loc>
  </url>
  <url>
    <loc>https://www.westfield.com.au/doncaster/browse-stores/food-and-drink/healthy-options</loc>
  </url>
  <url>
    <loc>https://www.westfield.com.au/doncaster/browse-stores/food-and-drink/juice-bars</loc>
  </url>
  <url>
    <loc>https://www.westfield.com.au/doncaster/browse-stores/food-and-drink/kid-friendly</loc>
  </url>
  <url>
    <loc>https://www.westfield.com.au/doncaster/browse-stores/food-and-drink/breakfast-and-brunch</loc>
  </url>
  <url>
    <loc>https://www.westfield.com.au/doncaster/browse-stores/food-and-drink/mexican-and-latin-american</loc>
  </url>
  <url>
    <loc>https://www.westfield.com.au/doncaster/browse-stores/food-and-drink/desserts</loc>
  </url>
  <url>
    <loc>https://www.westfield.com.au/doncaster/browse-stores/food-and-drink/sandwiches-and-salads</loc>
  </url>
  <url>
    <loc>https://www.westfield.com.au/doncaster/browse-stores/food-and-drink/modern-australian</loc>
  </url>
  <url>
    <loc>https://www.westfield.com.au/doncaster/browse-stores/food-and-drink/takeaway</loc>
  </url>
  <url>
    <loc>https://www.westfield.com.au/doncaster/browse-stores/foreign-currency-exchange</loc>
  </url>
  <url>
    <loc>https://www.westfield.com.au/doncaster/browse-stores/fresh-food-and-groceries</loc>
  </url>
  <url>
    <loc>https://www.westfield.com.au/doncaster/browse-stores/fresh-food-and-groceries/bakeries</loc>
  </url>
  <url>
    <loc>https://www.westfield.com.au/doncaster/browse-stores/fresh-food-and-groceries/delicatessens</loc>
  </url>
  <url>
    <loc>https://www.westfield.com.au/doncaster/browse-stores/fresh-food-and-groceries/fresh-produce</loc>
  </url>
  <url>
    <loc>https://www.westfield.com.au/doncaster/browse-stores/fresh-food-and-groceries/liquor</loc>
  </url>
  <url>
    <loc>https://www.westfield.com.au/doncaster/browse-stores/fresh-food-and-groceries/confectionery</loc>
  </url>
  <url>
    <loc>https://www.westfield.com.au/doncaster/browse-stores/fresh-food-and-groceries/butchers</loc>
  </url>
  <url>
    <loc>https://www.westfield.com.au/doncaster/browse-stores/fresh-food-and-groceries/patisseries</loc>
  </url>
  <url>
    <loc>https://www.westfield.com.au/doncaster/browse-stores/fresh-food-and-groceries/seafood</loc>
  </url>
  <url>
    <loc>https://www.westfield.com.au/doncaster/browse-stores/fresh-food-and-groceries/supermarkets</loc>
  </url>
  <url>
    <loc>https://www.westfield.com.au/doncaster/browse-stores/fresh-food-and-groceries/specialty-foods</loc>
  </url>
  <url>
    <loc>https://www.westfield.com.au/doncaster/browse-stores/health-and-fitness</loc>
  </url>
  <url>
    <loc>https://www.westfield.com.au/doncaster/browse-stores/fresh-food-and-groceries/poultry</loc>
  </url>
  <url>
    <loc>https://www.westfield.com.au/doncaster/browse-stores/health-and-fitness/chemists</loc>
  </url>
  <url>
    <loc>https://www.westfield.com.au/doncaster/browse-stores/health-and-fitness/gyms-and-fitness-studios</loc>
  </url>
  <url>
    <loc>https://www.westfield.com.au/doncaster/browse-stores/health-and-fitness/dentists</loc>
  </url>
  <url>
    <loc>https://www.westfield.com.au/doncaster/browse-stores/health-and-fitness/optometrists</loc>
  </url>
  <url>
    <loc>https://www.westfield.com.au/doncaster/browse-stores/health-and-fitness/health-insurers</loc>
  </url>
  <url>
    <loc>https://www.westfield.com.au/doncaster/browse-stores/home/bedding</loc>
  </url>
  <url>
    <loc>https://www.westfield.com.au/doncaster/browse-stores/health-and-fitness/medical-centres</loc>
  </url>
  <url>
    <loc>https://www.westfield.com.au/doncaster/browse-stores/health-and-fitness/specialty-health-providers</loc>
  </url>
  <url>
    <loc>https://www.westfield.com.au/doncaster/browse-stores/home/bath-and-home-fragrances</loc>
  </url>
  <url>
    <loc>https://www.westfield.com.au/doncaster/browse-stores/home</loc>
  </url>
  <url>
    <loc>https://www.westfield.com.au/doncaster/browse-stores/home/furniture</loc>
  </url>
  <url>
    <loc>https://www.westfield.com.au/doncaster/browse-stores/home/gifts</loc>
  </url>
  <url>
    <loc>https://www.westfield.com.au/doncaster/browse-stores/home/hardware</loc>
  </url>
  <url>
    <loc>https://www.westfield.com.au/doncaster/browse-stores/home/home-decor</loc>
  </url>
  <url>
    <loc>https://www.westfield.com.au/doncaster/browse-stores/home/kitchen</loc>
  </url>
  <url>
    <loc>https://www.westfield.com.au/doncaster/browse-stores/home/photography-and-art</loc>
  </url>
  <url>
    <loc>https://www.westfield.com.au/doncaster/browse-stores/home/home-appliances</loc>
  </url>
  <url>
    <loc>https://www.westfield.com.au/doncaster/browse-stores/home/picture-frames</loc>
  </url>
  <url>
    <loc>https://www.westfield.com.au/doncaster/browse-stores/home/pets</loc>
  </url>
  <url>
    <loc>https://www.westfield.com.au/doncaster/browse-stores/luggage-and-travel-accessories</loc>
  </url>
  <url>
    <loc>https://www.westfield.com.au/doncaster/browse-stores/luggage-and-travel-accessories/backpacks-and-gym-duffle-bags</loc>
  </url>
  <url>
    <loc>https://www.westfield.com.au/doncaster/browse-stores/luxury-and-premium/australian-designer</loc>
  </url>
  <url>
    <loc>https://www.westfield.com.au/doncaster/browse-stores/luggage-and-travel-accessories/work-and-laptop-bags</loc>
  </url>
  <url>
    <loc>https://www.westfield.com.au/doncaster/browse-stores/luggage-and-travel-accessories/laptop-cases-and-sleeves</loc>
  </url>
  <url>
    <loc>https://www.westfield.com.au/doncaster/browse-stores/luxury-and-premium</loc>
  </url>
  <url>
    <loc>https://www.westfield.com.au/doncaster/browse-stores/luxury-and-premium/luxury</loc>
  </url>
  <url>
    <loc>https://www.westfield.com.au/doncaster/browse-stores/luggage-and-travel-accessories/small-leather-goods</loc>
  </url>
  <url>
    <loc>https://www.westfield.com.au/doncaster/browse-stores/luxury-and-premium/premium-brands</loc>
  </url>
  <url>
    <loc>https://www.westfield.com.au/doncaster/browse-stores/luggage-and-travel-accessories/suitcases-and-travel-accessories</loc>
  </url>
  <url>
    <loc>https://www.westfield.com.au/doncaster/browse-stores/luxury-and-premium/international-designer</loc>
  </url>
  <url>
    <loc>https://www.westfield.com.au/doncaster/browse-stores/phone-repairs</loc>
  </url>
  <url>
    <loc>https://www.westfield.com.au/doncaster/browse-stores/shoe-repair-and-key-cutting</loc>
  </url>
  <url>
    <loc>https://www.westfield.com.au/doncaster/browse-stores/power-gas-and-communication-services</loc>
  </url>
  <url>
    <loc>https://www.westfield.com.au/doncaster/browse-stores/sporting-goods/fitness-and-gym-equipment</loc>
  </url>
  <url>
    <loc>https://www.westfield.com.au/doncaster/browse-stores/professional-services</loc>
  </url>
  <url>
    <loc>https://www.westfield.com.au/doncaster/browse-stores/sporting-goods/activewear</loc>
  </url>
  <url>
    <loc>https://www.westfield.com.au/doncaster/browse-stores/photographic-services</loc>
  </url>
  <url>
    <loc>https://www.westfield.com.au/doncaster/browse-stores/post-office</loc>
  </url>
  <url>
    <loc>https://www.westfield.com.au/doncaster/browse-stores/sporting-goods</loc>
  </url>
  <url>
    <loc>https://www.westfield.com.au/doncaster/browse-stores/sporting-goods/outdoors-and-camping</loc>
  </url>
  <url>
    <loc>https://www.westfield.com.au/doncaster/browse-stores/toys-and-hobbies/hobbies</loc>
  </url>
  <url>
    <loc>https://www.westfield.com.au/doncaster/browse-stores/toys-and-hobbies</loc>
  </url>
  <url>
    <loc>https://www.westfield.com.au/doncaster/browse-stores/toys-and-hobbies/arts-and-crafts</loc>
  </url>
  <url>
    <loc>https://www.westfield.com.au/doncaster/browse-stores/sporting-goods/tech-and-wearables</loc>
  </url>
  <url>
    <loc>https://www.westfield.com.au/doncaster/browse-stores/travel-agents</loc>
  </url>
  <url>
    <loc>https://www.westfield.com.au/doncaster/browse-stores/toys-and-hobbies/toys</loc>
  </url>
  <url>
    <loc>https://www.westfield.com.au/doncaster/browse-stores/toys-and-hobbies/games</loc>
  </url>
  <url>
    <loc>https://www.westfield.com.au/eastgardens/browse-stores/alterations-and-tailoring</loc>
  </url>
  <url>
    <loc>https://www.westfield.com.au/eastgardens/browse-stores/baby-and-nursery</loc>
  </url>
  <url>
    <loc>https://www.westfield.com.au/eastgardens/browse-stores/baby-and-nursery/baby-and-infant-toys</loc>
  </url>
  <url>
    <loc>https://www.westfield.com.au/eastgardens/browse-stores/baby-and-nursery/baby-bedding</loc>
  </url>
  <url>
    <loc>https://www.westfield.com.au/eastgardens/browse-stores/banks</loc>
  </url>
  <url>
    <loc>https://www.westfield.com.au/eastgardens/browse-stores/baby-and-nursery/nursery-furniture</loc>
  </url>
  <url>
    <loc>https://www.westfield.com.au/eastgardens/browse-stores/baby-and-nursery/prams-strollers-and-carriers</loc>
  </url>
  <url>
    <loc>https://www.westfield.com.au/eastgardens/browse-stores/baby-and-nursery/tableware-and-feeding</loc>
  </url>
  <url>
    <loc>https://www.westfield.com.au/eastgardens/browse-stores/beauty-and-wellness/bath-and-body</loc>
  </url>
  <url>
    <loc>https://www.westfield.com.au/eastgardens/browse-stores/beauty-and-wellness</loc>
  </url>
  <url>
    <loc>https://www.westfield.com.au/eastgardens/browse-stores/beauty-and-wellness/fragrance</loc>
  </url>
  <url>
    <loc>https://www.westfield.com.au/eastgardens/browse-stores/beauty-and-wellness/hair-care</loc>
  </url>
  <url>
    <loc>https://www.westfield.com.au/eastgardens/browse-stores/beauty-and-wellness/hair-and-beauty</loc>
  </url>
  <url>
    <loc>https://www.westfield.com.au/eastgardens/browse-stores/beauty-and-wellness/makeup</loc>
  </url>
  <url>
    <loc>https://www.westfield.com.au/eastgardens/browse-stores/beauty-and-wellness/skincare</loc>
  </url>
  <url>
    <loc>https://www.westfield.com.au/eastgardens/browse-stores/books-stationery-and-gifts/book-stores</loc>
  </url>
  <url>
    <loc>https://www.westfield.com.au/eastgardens/browse-stores/beauty-and-wellness/vitamins-and-supplements</loc>
  </url>
  <url>
    <loc>https://www.westfield.com.au/eastgardens/browse-stores/books-stationery-and-gifts/newsagencies</loc>
  </url>
  <url>
    <loc>https://www.westfield.com.au/eastgardens/browse-stores/books-stationery-and-gifts/cards-and-gift-wrap</loc>
  </url>
  <url>
    <loc>https://www.westfield.com.au/eastgardens/browse-stores/books-stationery-and-gifts</loc>
  </url>
  <url>
    <loc>https://www.westfield.com.au/eastgardens/browse-stores/books-stationery-and-gifts/office-supplies</loc>
  </url>
  <url>
    <loc>https://www.westfield.com.au/eastgardens/browse-stores/books-stationery-and-gifts/stationery</loc>
  </url>
  <url>
    <loc>https://www.westfield.com.au/eastgardens/browse-stores/car-and-auto</loc>
  </url>
  <url>
    <loc>https://www.westfield.com.au/eastgardens/browse-stores/clothing-and-accessories</loc>
  </url>
  <url>
    <loc>https://www.westfield.com.au/eastgardens/browse-stores/clothing-and-accessories/footwear</loc>
  </url>
  <url>
    <loc>https://www.westfield.com.au/eastgardens/browse-stores/clothing-and-accessories/babies-and-toddlers</loc>
  </url>
  <url>
    <loc>https://www.westfield.com.au/eastgardens/browse-stores/clothing-and-accessories/jewellery-and-watches</loc>
  </url>
  <url>
    <loc>https://www.westfield.com.au/eastgardens/browse-stores/clothing-and-accessories/kids-and-junior</loc>
  </url>
  <url>
    <loc>https://www.westfield.com.au/eastgardens/browse-stores/clothing-and-accessories/mens-fashion</loc>
  </url>
  <url>
    <loc>https://www.westfield.com.au/eastgardens/browse-stores/clothing-and-accessories/sunglasses</loc>
  </url>
  <url>
    <loc>https://www.westfield.com.au/eastgardens/browse-stores/community-services</loc>
  </url>
  <url>
    <loc>https://www.westfield.com.au/eastgardens/browse-stores/designer-and-boutique</loc>
  </url>
  <url>
    <loc>https://www.westfield.com.au/eastgardens/browse-stores/electronics-and-technology</loc>
  </url>
  <url>
    <loc>https://www.westfield.com.au/eastgardens/browse-stores/dry-cleaning</loc>
  </url>
  <url>
    <loc>https://www.westfield.com.au/eastgardens/browse-stores/clothing-and-accessories/womens-fashion</loc>
  </url>
  <url>
    <loc>https://www.westfield.com.au/eastgardens/browse-stores/discount-and-variety</loc>
  </url>
  <url>
    <loc>https://www.westfield.com.au/eastgardens/browse-stores/department-stores</loc>
  </url>
  <url>
    <loc>https://www.westfield.com.au/eastgardens/browse-stores/electronics-and-technology/cameras</loc>
  </url>
  <url>
    <loc>https://www.westfield.com.au/eastgardens/browse-stores/electronics-and-technology/computers-and-tablets</loc>
  </url>
  <url>
    <loc>https://www.westfield.com.au/eastgardens/browse-stores/electronics-and-technology/gaming-and-consoles</loc>
  </url>
  <url>
    <loc>https://www.westfield.com.au/eastgardens/browse-stores/electronics-and-technology/mobile-and-accessories</loc>
  </url>
  <url>
    <loc>https://www.westfield.com.au/eastgardens/browse-stores/entertainment-and-activities</loc>
  </url>
  <url>
    <loc>https://www.westfield.com.au/eastgardens/browse-stores/electronics-and-technology/navigation</loc>
  </url>
  <url>
    <loc>https://www.westfield.com.au/eastgardens/browse-stores/electronics-and-technology/tv-and-audio</loc>
  </url>
  <url>
    <loc>https://www.westfield.com.au/eastgardens/browse-stores/entertainment-and-activities/arcades-and-games</loc>
  </url>
  <url>
    <loc>https://www.westfield.com.au/eastgardens/browse-stores/entertainment-and-activities/cinemas</loc>
  </url>
  <url>
    <loc>https://www.westfield.com.au/eastgardens/browse-stores/entertainment-and-activities/learning-and-education</loc>
  </url>
  <url>
    <loc>https://www.westfield.com.au/eastgardens/browse-stores/entertainment-and-activities/music</loc>
  </url>
  <url>
    <loc>https://www.westfield.com.au/eastgardens/browse-stores/food-and-drink/cafes</loc>
  </url>
  <url>
    <loc>https://www.westfield.com.au/eastgardens/browse-stores/food-and-drink/asian</loc>
  </url>
  <url>
    <loc>https://www.westfield.com.au/eastgardens/browse-stores/food-and-drink/breakfast-and-brunch</loc>
  </url>
  <url>
    <loc>https://www.westfield.com.au/eastgardens/browse-stores/food-and-drink</loc>
  </url>
  <url>
    <loc>https://www.westfield.com.au/eastgardens/browse-stores/food-and-drink/casual-dining</loc>
  </url>
  <url>
    <loc>https://www.westfield.com.au/eastgardens/browse-stores/food-and-drink/dietary-requirements</loc>
  </url>
  <url>
    <loc>https://www.westfield.com.au/eastgardens/browse-stores/food-and-drink/desserts</loc>
  </url>
  <url>
    <loc>https://www.westfield.com.au/eastgardens/browse-stores/food-and-drink/healthy-options</loc>
  </url>
  <url>
    <loc>https://www.westfield.com.au/eastgardens/browse-stores/food-and-drink/fast-food</loc>
  </url>
  <url>
    <loc>https://www.westfield.com.au/eastgardens/browse-stores/food-and-drink/italian</loc>
  </url>
  <url>
    <loc>https://www.westfield.com.au/eastgardens/browse-stores/food-and-drink/grill-houses</loc>
  </url>
  <url>
    <loc>https://www.westfield.com.au/eastgardens/browse-stores/food-and-drink/kid-friendly</loc>
  </url>
  <url>
    <loc>https://www.westfield.com.au/eastgardens/browse-stores/food-and-drink/mexican-and-latin-american</loc>
  </url>
  <url>
    <loc>https://www.westfield.com.au/eastgardens/browse-stores/food-and-drink/middle-eastern</loc>
  </url>
  <url>
    <loc>https://www.westfield.com.au/eastgardens/browse-stores/food-and-drink/juice-bars</loc>
  </url>
  <url>
    <loc>https://www.westfield.com.au/eastgardens/browse-stores/food-and-drink/takeaway</loc>
  </url>
  <url>
    <loc>https://www.westfield.com.au/eastgardens/browse-stores/food-and-drink/sandwiches-and-salads</loc>
  </url>
  <url>
    <loc>https://www.westfield.com.au/eastgardens/browse-stores/foreign-currency-exchange</loc>
  </url>
  <url>
    <loc>https://www.westfield.com.au/eastgardens/browse-stores/fresh-food-and-groceries</loc>
  </url>
  <url>
    <loc>https://www.westfield.com.au/eastgardens/browse-stores/fresh-food-and-groceries/bakeries</loc>
  </url>
  <url>
    <loc>https://www.westfield.com.au/eastgardens/browse-stores/fresh-food-and-groceries/confectionery</loc>
  </url>
  <url>
    <loc>https://www.westfield.com.au/eastgardens/browse-stores/fresh-food-and-groceries/butchers</loc>
  </url>
  <url>
    <loc>https://www.westfield.com.au/eastgardens/browse-stores/fresh-food-and-groceries/fresh-produce</loc>
  </url>
  <url>
    <loc>https://www.westfield.com.au/eastgardens/browse-stores/fresh-food-and-groceries/patisseries</loc>
  </url>
  <url>
    <loc>https://www.westfield.com.au/eastgardens/browse-stores/fresh-food-and-groceries/poultry</loc>
  </url>
  <url>
    <loc>https://www.westfield.com.au/eastgardens/browse-stores/fresh-food-and-groceries/delicatessens</loc>
  </url>
  <url>
    <loc>https://www.westfield.com.au/eastgardens/browse-stores/fresh-food-and-groceries/seafood</loc>
  </url>
  <url>
    <loc>https://www.westfield.com.au/eastgardens/browse-stores/fresh-food-and-groceries/liquor</loc>
  </url>
  <url>
    <loc>https://www.westfield.com.au/eastgardens/browse-stores/fresh-food-and-groceries/supermarkets</loc>
  </url>
  <url>
    <loc>https://www.westfield.com.au/eastgardens/browse-stores/health-and-fitness</loc>
  </url>
  <url>
    <loc>https://www.westfield.com.au/eastgardens/browse-stores/fresh-food-and-groceries/specialty-foods</loc>
  </url>
  <url>
    <loc>https://www.westfield.com.au/eastgardens/browse-stores/health-and-fitness/dentists</loc>
  </url>
  <url>
    <loc>https://www.westfield.com.au/eastgardens/browse-stores/health-and-fitness/gyms-and-fitness-studios</loc>
  </url>
  <url>
    <loc>https://www.westfield.com.au/eastgardens/browse-stores/health-and-fitness/chemists</loc>
  </url>
  <url>
    <loc>https://www.westfield.com.au/eastgardens/browse-stores/health-and-fitness/health-insurers</loc>
  </url>
  <url>
    <loc>https://www.westfield.com.au/eastgardens/browse-stores/home</loc>
  </url>
  <url>
    <loc>https://www.westfield.com.au/eastgardens/browse-stores/home/bath-and-home-fragrances</loc>
  </url>
  <url>
    <loc>https://www.westfield.com.au/eastgardens/browse-stores/health-and-fitness/medical-centres</loc>
  </url>
  <url>
    <loc>https://www.westfield.com.au/eastgardens/browse-stores/health-and-fitness/optometrists</loc>
  </url>
  <url>
    <loc>https://www.westfield.com.au/eastgardens/browse-stores/health-and-fitness/specialty-health-providers</loc>
  </url>
  <url>
    <loc>https://www.westfield.com.au/eastgardens/browse-stores/home/furniture</loc>
  </url>
  <url>
    <loc>https://www.westfield.com.au/eastgardens/browse-stores/home/bedding</loc>
  </url>
  <url>
    <loc>https://www.westfield.com.au/eastgardens/browse-stores/home/home-decor</loc>
  </url>
  <url>
    <loc>https://www.westfield.com.au/eastgardens/browse-stores/home/pets</loc>
  </url>
  <url>
    <loc>https://www.westfield.com.au/eastgardens/browse-stores/home/gifts</loc>
  </url>
  <url>
    <loc>https://www.westfield.com.au/eastgardens/browse-stores/home/hardware</loc>
  </url>
  <url>
    <loc>https://www.westfield.com.au/eastgardens/browse-stores/home/kitchen</loc>
  </url>
  <url>
    <loc>https://www.westfield.com.au/eastgardens/browse-stores/home/photography-and-art</loc>
  </url>
  <url>
    <loc>https://www.westfield.com.au/eastgardens/browse-stores/home/home-appliances</loc>
  </url>
  <url>
    <loc>https://www.westfield.com.au/eastgardens/browse-stores/home/picture-frames</loc>
  </url>
  <url>
    <loc>https://www.westfield.com.au/eastgardens/browse-stores/luggage-and-travel-accessories</loc>
  </url>
  <url>
    <loc>https://www.westfield.com.au/eastgardens/browse-stores/luggage-and-travel-accessories/laptop-cases-and-sleeves</loc>
  </url>
  <url>
    <loc>https://www.westfield.com.au/eastgardens/browse-stores/luggage-and-travel-accessories/backpacks-and-gym-duffle-bags</loc>
  </url>
  <url>
    <loc>https://www.westfield.com.au/eastgardens/browse-stores/luxury-and-premium/international-designer</loc>
  </url>
  <url>
    <loc>https://www.westfield.com.au/eastgardens/browse-stores/luggage-and-travel-accessories/small-leather-goods</loc>
  </url>
  <url>
    <loc>https://www.westfield.com.au/eastgardens/browse-stores/luxury-and-premium</loc>
  </url>
  <url>
    <loc>https://www.westfield.com.au/eastgardens/browse-stores/pawn-brokers</loc>
  </url>
  <url>
    <loc>https://www.westfield.com.au/eastgardens/browse-stores/phone-repairs</loc>
  </url>
  <url>
    <loc>https://www.westfield.com.au/eastgardens/browse-stores/luggage-and-travel-accessories/work-and-laptop-bags</loc>
  </url>
  <url>
    <loc>https://www.westfield.com.au/eastgardens/browse-stores/luggage-and-travel-accessories/suitcases-and-travel-accessories</loc>
  </url>
  <url>
    <loc>https://www.westfield.com.au/eastgardens/browse-stores/sporting-goods</loc>
  </url>
  <url>
    <loc>https://www.westfield.com.au/eastgardens/browse-stores/sporting-goods/tech-and-wearables</loc>
  </url>
  <url>
    <loc>https://www.westfield.com.au/eastgardens/browse-stores/sporting-goods/activewear</loc>
  </url>
  <url>
    <loc>https://www.westfield.com.au/eastgardens/browse-stores/sporting-goods/outdoors-and-camping</loc>
  </url>
  <url>
    <loc>https://www.westfield.com.au/eastgardens/browse-stores/shoe-repair-and-key-cutting</loc>
  </url>
  <url>
    <loc>https://www.westfield.com.au/eastgardens/browse-stores/tobacconists</loc>
  </url>
  <url>
    <loc>https://www.westfield.com.au/eastgardens/browse-stores/power-gas-and-communication-services</loc>
  </url>
  <url>
    <loc>https://www.westfield.com.au/eastgardens/browse-stores/photographic-services</loc>
  </url>
  <url>
    <loc>https://www.westfield.com.au/eastgardens/browse-stores/toys-and-hobbies</loc>
  </url>
  <url>
    <loc>https://www.westfield.com.au/eastgardens/browse-stores/toys-and-hobbies/games</loc>
  </url>
  <url>
    <loc>https://www.westfield.com.au/eastgardens/browse-stores/toys-and-hobbies/arts-and-crafts</loc>
  </url>
  <url>
    <loc>https://www.westfield.com.au/eastgardens/browse-stores/toys-and-hobbies/hobbies</loc>
  </url>
  <url>
    <loc>https://www.westfield.com.au/eastgardens/browse-stores/travel-agents</loc>
  </url>
  <url>
    <loc>https://www.westfield.com.au/eastgardens/browse-stores/toys-and-hobbies/toys</loc>
  </url>
  <url>
    <loc>https://www.westfield.com.au/eastgardens/browse-stores/sporting-goods/fitness-and-gym-equipment</loc>
  </url>
  <url>
    <loc>https://www.westfield.com.au/fountaingate/browse-stores/alterations-and-tailoring</loc>
  </url>
  <url>
    <loc>https://www.westfield.com.au/fountaingate/browse-stores/baby-and-nursery</loc>
  </url>
  <url>
    <loc>https://www.westfield.com.au/fountaingate/browse-stores/baby-and-nursery/baby-and-infant-toys</loc>
  </url>
  <url>
    <loc>https://www.westfield.com.au/fountaingate/browse-stores/baby-and-nursery/baby-bedding</loc>
  </url>
  <url>
    <loc>https://www.westfield.com.au/fountaingate/browse-stores/baby-and-nursery/nursery-furniture</loc>
  </url>
  <url>
    <loc>https://www.westfield.com.au/fountaingate/browse-stores/baby-and-nursery/prams-strollers-and-carriers</loc>
  </url>
  <url>
    <loc>https://www.westfield.com.au/fountaingate/browse-stores/baby-and-nursery/tableware-and-feeding</loc>
  </url>
  <url>
    <loc>https://www.westfield.com.au/fountaingate/browse-stores/banks</loc>
  </url>
  <url>
    <loc>https://www.westfield.com.au/fountaingate/browse-stores/beauty-and-wellness</loc>
  </url>
  <url>
    <loc>https://www.westfield.com.au/fountaingate/browse-stores/beauty-and-wellness/bath-and-body</loc>
  </url>
  <url>
    <loc>https://www.westfield.com.au/fountaingate/browse-stores/beauty-and-wellness/hair-and-beauty</loc>
  </url>
  <url>
    <loc>https://www.westfield.com.au/fountaingate/browse-stores/beauty-and-wellness/fragrance</loc>
  </url>
  <url>
    <loc>https://www.westfield.com.au/fountaingate/browse-stores/beauty-and-wellness/makeup</loc>
  </url>
  <url>
    <loc>https://www.westfield.com.au/fountaingate/browse-stores/beauty-and-wellness/vitamins-and-supplements</loc>
  </url>
  <url>
    <loc>https://www.westfield.com.au/fountaingate/browse-stores/books-stationery-and-gifts/book-stores</loc>
  </url>
  <url>
    <loc>https://www.westfield.com.au/fountaingate/browse-stores/beauty-and-wellness/skincare</loc>
  </url>
  <url>
    <loc>https://www.westfield.com.au/fountaingate/browse-stores/books-stationery-and-gifts/cards-and-gift-wrap</loc>
  </url>
  <url>
    <loc>https://www.westfield.com.au/fountaingate/browse-stores/books-stationery-and-gifts/office-supplies</loc>
  </url>
  <url>
    <loc>https://www.westfield.com.au/fountaingate/browse-stores/books-stationery-and-gifts/newsagencies</loc>
  </url>
  <url>
    <loc>https://www.westfield.com.au/fountaingate/browse-stores/books-stationery-and-gifts/stationery</loc>
  </url>
  <url>
    <loc>https://www.westfield.com.au/fountaingate/browse-stores/clothing-and-accessories/babies-and-toddlers</loc>
  </url>
  <url>
    <loc>https://www.westfield.com.au/fountaingate/browse-stores/car-and-auto</loc>
  </url>
  <url>
    <loc>https://www.westfield.com.au/fountaingate/browse-stores/clothing-and-accessories/footwear</loc>
  </url>
  <url>
    <loc>https://www.westfield.com.au/fountaingate/browse-stores/charity-op-shops</loc>
  </url>
  <url>
    <loc>https://www.westfield.com.au/fountaingate/browse-stores/clothing-and-accessories</loc>
  </url>
  <url>
    <loc>https://www.westfield.com.au/fountaingate/browse-stores/clothing-and-accessories/jewellery-and-watches</loc>
  </url>
  <url>
    <loc>https://www.westfield.com.au/fountaingate/browse-stores/clothing-and-accessories/kids-and-junior</loc>
  </url>
  <url>
    <loc>https://www.westfield.com.au/fountaingate/browse-stores/clothing-and-accessories/mens-fashion</loc>
  </url>
  <url>
    <loc>https://www.westfield.com.au/fountaingate/browse-stores/clothing-and-accessories/sunglasses</loc>
  </url>
  <url>
    <loc>https://www.westfield.com.au/fountaingate/browse-stores/clothing-and-accessories/womens-fashion</loc>
  </url>
  <url>
    <loc>https://www.westfield.com.au/fountaingate/browse-stores/department-stores</loc>
  </url>
  <url>
    <loc>https://www.westfield.com.au/fountaingate/browse-stores/community-services</loc>
  </url>
  <url>
    <loc>https://www.westfield.com.au/fountaingate/browse-stores/designer-and-boutique</loc>
  </url>
  <url>
    <loc>https://www.westfield.com.au/fountaingate/browse-stores/discount-and-variety</loc>
  </url>
  <url>
    <loc>https://www.westfield.com.au/fountaingate/browse-stores/dry-cleaning</loc>
  </url>
  <url>
    <loc>https://www.westfield.com.au/fountaingate/browse-stores/electronics-and-technology</loc>
  </url>
  <url>
    <loc>https://www.westfield.com.au/fountaingate/browse-stores/electronics-and-technology/computers-and-tablets</loc>
  </url>
  <url>
    <loc>https://www.westfield.com.au/fountaingate/browse-stores/electronics-and-technology/cameras</loc>
  </url>
  <url>
    <loc>https://www.westfield.com.au/fountaingate/browse-stores/electronics-and-technology/mobile-and-accessories</loc>
  </url>
  <url>
    <loc>https://www.westfield.com.au/fountaingate/browse-stores/electronics-and-technology/navigation</loc>
  </url>
  <url>
    <loc>https://www.westfield.com.au/fountaingate/browse-stores/electronics-and-technology/gaming-and-consoles</loc>
  </url>
  <url>
    <loc>https://www.westfield.com.au/fountaingate/browse-stores/electronics-and-technology/tv-and-audio</loc>
  </url>
  <url>
    <loc>https://www.westfield.com.au/fountaingate/browse-stores/entertainment-and-activities</loc>
  </url>
  <url>
    <loc>https://www.westfield.com.au/fountaingate/browse-stores/beauty-and-wellness/hair-care</loc>
  </url>
  <url>
    <loc>https://www.westfield.com.au/fountaingate/browse-stores/books-stationery-and-gifts</loc>
  </url>
  <url>
    <loc>https://www.westfield.com.au/fountaingate/browse-stores/entertainment-and-activities/arcades-and-games</loc>
  </url>
  <url>
    <loc>https://www.westfield.com.au/fountaingate/browse-stores/entertainment-and-activities/cinemas</loc>
  </url>
  <url>
    <loc>https://www.westfield.com.au/fountaingate/browse-stores/entertainment-and-activities/learning-and-education</loc>
  </url>
  <url>
    <loc>https://www.westfield.com.au/fountaingate/browse-stores/entertainment-and-activities/kids-activities</loc>
  </url>
  <url>
    <loc>https://www.westfield.com.au/fountaingate/browse-stores/entertainment-and-activities/music</loc>
  </url>
  <url>
    <loc>https://www.westfield.com.au/fountaingate/browse-stores/florists</loc>
  </url>
  <url>
    <loc>https://www.westfield.com.au/fountaingate/browse-stores/food-and-drink/bars-and-pubs</loc>
  </url>
  <url>
    <loc>https://www.westfield.com.au/fountaingate/browse-stores/food-and-drink</loc>
  </url>
  <url>
    <loc>https://www.westfield.com.au/fountaingate/browse-stores/food-and-drink/asian</loc>
  </url>
  <url>
    <loc>https://www.westfield.com.au/fountaingate/browse-stores/food-and-drink/cafes</loc>
  </url>
  <url>
    <loc>https://www.westfield.com.au/fountaingate/browse-stores/food-and-drink/breakfast-and-brunch</loc>
  </url>
  <url>
    <loc>https://www.westfield.com.au/fountaingate/browse-stores/food-and-drink/dietary-requirements</loc>
  </url>
  <url>
    <loc>https://www.westfield.com.au/fountaingate/browse-stores/food-and-drink/casual-dining</loc>
  </url>
  <url>
    <loc>https://www.westfield.com.au/fountaingate/browse-stores/food-and-drink/desserts</loc>
  </url>
  <url>
    <loc>https://www.westfield.com.au/fountaingate/browse-stores/food-and-drink/fast-food</loc>
  </url>
  <url>
    <loc>https://www.westfield.com.au/fountaingate/browse-stores/food-and-drink/juice-bars</loc>
  </url>
  <url>
    <loc>https://www.westfield.com.au/fountaingate/browse-stores/food-and-drink/italian</loc>
  </url>
  <url>
    <loc>https://www.westfield.com.au/fountaingate/browse-stores/food-and-drink/healthy-options</loc>
  </url>
  <url>
    <loc>https://www.westfield.com.au/fountaingate/browse-stores/food-and-drink/greek</loc>
  </url>
  <url>
    <loc>https://www.westfield.com.au/fountaingate/browse-stores/food-and-drink/kid-friendly</loc>
  </url>
  <url>
    <loc>https://www.westfield.com.au/fountaingate/browse-stores/food-and-drink/mexican-and-latin-american</loc>
  </url>
  <url>
    <loc>https://www.westfield.com.au/fountaingate/browse-stores/food-and-drink/sandwiches-and-salads</loc>
  </url>
  <url>
    <loc>https://www.westfield.com.au/fountaingate/browse-stores/food-and-drink/modern-australian</loc>
  </url>
  <url>
    <loc>https://www.westfield.com.au/fountaingate/browse-stores/food-and-drink/takeaway</loc>
  </url>
  <url>
    <loc>https://www.westfield.com.au/fountaingate/browse-stores/foreign-currency-exchange</loc>
  </url>
  <url>
    <loc>https://www.westfield.com.au/fountaingate/browse-stores/fresh-food-and-groceries</loc>
  </url>
  <url>
    <loc>https://www.westfield.com.au/fountaingate/browse-stores/fresh-food-and-groceries/butchers</loc>
  </url>
  <url>
    <loc>https://www.westfield.com.au/fountaingate/browse-stores/fresh-food-and-groceries/confectionery</loc>
  </url>
  <url>
    <loc>https://www.westfield.com.au/fountaingate/browse-stores/fresh-food-and-groceries/bakeries</loc>
  </url>
  <url>
    <loc>https://www.westfield.com.au/fountaingate/browse-stores/fresh-food-and-groceries/delicatessens</loc>
  </url>
  <url>
    <loc>https://www.westfield.com.au/fountaingate/browse-stores/fresh-food-and-groceries/fresh-produce</loc>
  </url>
  <url>
    <loc>https://www.westfield.com.au/fountaingate/browse-stores/fresh-food-and-groceries/liquor</loc>
  </url>
  <url>
    <loc>https://www.westfield.com.au/fountaingate/browse-stores/fresh-food-and-groceries/patisseries</loc>
  </url>
  <url>
    <loc>https://www.westfield.com.au/fountaingate/browse-stores/fresh-food-and-groceries/poultry</loc>
  </url>
  <url>
    <loc>https://www.westfield.com.au/fountaingate/browse-stores/health-and-fitness</loc>
  </url>
  <url>
    <loc>https://www.westfield.com.au/fountaingate/browse-stores/health-and-fitness/chemists</loc>
  </url>
  <url>
    <loc>https://www.westfield.com.au/fountaingate/browse-stores/health-and-fitness/health-insurers</loc>
  </url>
  <url>
    <loc>https://www.westfield.com.au/fountaingate/browse-stores/health-and-fitness/dentists</loc>
  </url>
  <url>
    <loc>https://www.westfield.com.au/fountaingate/browse-stores/health-and-fitness/medical-centres</loc>
  </url>
  <url>
    <loc>https://www.westfield.com.au/fountaingate/browse-stores/fresh-food-and-groceries/specialty-foods</loc>
  </url>
  <url>
    <loc>https://www.westfield.com.au/fountaingate/browse-stores/health-and-fitness/gyms-and-fitness-studios</loc>
  </url>
  <url>
    <loc>https://www.westfield.com.au/fountaingate/browse-stores/fresh-food-and-groceries/supermarkets</loc>
  </url>
  <url>
    <loc>https://www.westfield.com.au/fountaingate/browse-stores/fresh-food-and-groceries/seafood</loc>
  </url>
  <url>
    <loc>https://www.westfield.com.au/fountaingate/browse-stores/home</loc>
  </url>
  <url>
    <loc>https://www.westfield.com.au/fountaingate/browse-stores/health-and-fitness/optometrists</loc>
  </url>
  <url>
    <loc>https://www.westfield.com.au/fountaingate/browse-stores/health-and-fitness/specialty-health-providers</loc>
  </url>
  <url>
    <loc>https://www.westfield.com.au/fountaingate/browse-stores/home/furniture</loc>
  </url>
  <url>
    <loc>https://www.westfield.com.au/fountaingate/browse-stores/home/bedding</loc>
  </url>
  <url>
    <loc>https://www.westfield.com.au/fountaingate/browse-stores/home/bath-and-home-fragrances</loc>
  </url>
  <url>
    <loc>https://www.westfield.com.au/fountaingate/browse-stores/home/pets</loc>
  </url>
  <url>
    <loc>https://www.westfield.com.au/fountaingate/browse-stores/home/home-decor</loc>
  </url>
  <url>
    <loc>https://www.westfield.com.au/fountaingate/browse-stores/home/home-appliances</loc>
  </url>
  <url>
    <loc>https://www.westfield.com.au/fountaingate/browse-stores/home/gifts</loc>
  </url>
  <url>
    <loc>https://www.westfield.com.au/fountaingate/browse-stores/home/photography-and-art</loc>
  </url>
  <url>
    <loc>https://www.westfield.com.au/fountaingate/browse-stores/home/kitchen</loc>
  </url>
  <url>
    <loc>https://www.westfield.com.au/fountaingate/browse-stores/home/hardware</loc>
  </url>
  <url>
    <loc>https://www.westfield.com.au/fountaingate/browse-stores/home/picture-frames</loc>
  </url>
  <url>
    <loc>https://www.westfield.com.au/fountaingate/browse-stores/luggage-and-travel-accessories/backpacks-and-gym-duffle-bags</loc>
  </url>
  <url>
    <loc>https://www.westfield.com.au/fountaingate/browse-stores/pawn-brokers</loc>
  </url>
  <url>
    <loc>https://www.westfield.com.au/fountaingate/browse-stores/luggage-and-travel-accessories/suitcases-and-travel-accessories</loc>
  </url>
  <url>
    <loc>https://www.westfield.com.au/fountaingate/browse-stores/luggage-and-travel-accessories</loc>
  </url>
  <url>
    <loc>https://www.westfield.com.au/fountaingate/browse-stores/phone-repairs</loc>
  </url>
  <url>
    <loc>https://www.westfield.com.au/fountaingate/browse-stores/luggage-and-travel-accessories/small-leather-goods</loc>
  </url>
  <url>
    <loc>https://www.westfield.com.au/fountaingate/browse-stores/luggage-and-travel-accessories/work-and-laptop-bags</loc>
  </url>
  <url>
    <loc>https://www.westfield.com.au/fountaingate/browse-stores/luggage-and-travel-accessories/laptop-cases-and-sleeves</loc>
  </url>
  <url>
    <loc>https://www.westfield.com.au/fountaingate/browse-stores/photographic-services</loc>
  </url>
  <url>
    <loc>https://www.westfield.com.au/fountaingate/browse-stores/post-office</loc>
  </url>
  <url>
    <loc>https://www.westfield.com.au/fountaingate/browse-stores/power-gas-and-communication-services</loc>
  </url>
  <url>
    <loc>https://www.westfield.com.au/fountaingate/browse-stores/sporting-goods</loc>
  </url>
  <url>
    <loc>https://www.westfield.com.au/fountaingate/browse-stores/professional-services</loc>
  </url>
  <url>
    <loc>https://www.westfield.com.au/fountaingate/browse-stores/sporting-goods/tech-and-wearables</loc>
  </url>
  <url>
    <loc>https://www.westfield.com.au/fountaingate/browse-stores/sporting-goods/fitness-and-gym-equipment</loc>
  </url>
  <url>
    <loc>https://www.westfield.com.au/fountaingate/browse-stores/sporting-goods/activewear</loc>
  </url>
  <url>
    <loc>https://www.westfield.com.au/fountaingate/browse-stores/tobacconists</loc>
  </url>
  <url>
    <loc>https://www.westfield.com.au/fountaingate/browse-stores/sporting-goods/outdoors-and-camping</loc>
  </url>
  <url>
    <loc>https://www.westfield.com.au/fountaingate/browse-stores/shoe-repair-and-key-cutting</loc>
  </url>
  <url>
    <loc>https://www.westfield.com.au/fountaingate/browse-stores/toys-and-hobbies</loc>
  </url>
  <url>
    <loc>https://www.westfield.com.au/fountaingate/browse-stores/toys-and-hobbies/arts-and-crafts</loc>
  </url>
  <url>
    <loc>https://www.westfield.com.au/fountaingate/browse-stores/toys-and-hobbies/hobbies</loc>
  </url>
  <url>
    <loc>https://www.westfield.com.au/fountaingate/browse-stores/toys-and-hobbies/games</loc>
  </url>
  <url>
    <loc>https://www.westfield.com.au/fountaingate/browse-stores/travel-agents</loc>
  </url>
  <url>
    <loc>https://www.westfield.com.au/fountaingate/browse-stores/toys-and-hobbies/toys</loc>
  </url>
  <url>
    <loc>https://www.westfield.com.au/geelong/browse-stores/baby-and-nursery/baby-and-infant-toys</loc>
  </url>
  <url>
    <loc>https://www.westfield.com.au/geelong/browse-stores/alterations-and-tailoring</loc>
  </url>
  <url>
    <loc>https://www.westfield.com.au/geelong/browse-stores/baby-and-nursery</loc>
  </url>
  <url>
    <loc>https://www.westfield.com.au/geelong/browse-stores/baby-and-nursery/baby-bedding</loc>
  </url>
  <url>
    <loc>https://www.westfield.com.au/geelong/browse-stores/baby-and-nursery/nursery-furniture</loc>
  </url>
  <url>
    <loc>https://www.westfield.com.au/geelong/browse-stores/baby-and-nursery/prams-strollers-and-carriers</loc>
  </url>
  <url>
    <loc>https://www.westfield.com.au/geelong/browse-stores/baby-and-nursery/tableware-and-feeding</loc>
  </url>
  <url>
    <loc>https://www.westfield.com.au/geelong/browse-stores/beauty-and-wellness</loc>
  </url>
  <url>
    <loc>https://www.westfield.com.au/geelong/browse-stores/beauty-and-wellness/bath-and-body</loc>
  </url>
  <url>
    <loc>https://www.westfield.com.au/geelong/browse-stores/beauty-and-wellness/fragrance</loc>
  </url>
  <url>
    <loc>https://www.westfield.com.au/geelong/browse-stores/beauty-and-wellness/hair-and-beauty</loc>
  </url>
  <url>
    <loc>https://www.westfield.com.au/geelong/browse-stores/banks</loc>
  </url>
  <url>
    <loc>https://www.westfield.com.au/geelong/browse-stores/beauty-and-wellness/hair-care</loc>
  </url>
  <url>
    <loc>https://www.westfield.com.au/geelong/browse-stores/beauty-and-wellness/skincare</loc>
  </url>
  <url>
    <loc>https://www.westfield.com.au/geelong/browse-stores/beauty-and-wellness/vitamins-and-supplements</loc>
  </url>
  <url>
    <loc>https://www.westfield.com.au/geelong/browse-stores/books-stationery-and-gifts</loc>
  </url>
  <url>
    <loc>https://www.westfield.com.au/geelong/browse-stores/books-stationery-and-gifts/book-stores</loc>
  </url>
  <url>
    <loc>https://www.westfield.com.au/geelong/browse-stores/beauty-and-wellness/makeup</loc>
  </url>
  <url>
    <loc>https://www.westfield.com.au/geelong/browse-stores/books-stationery-and-gifts/cards-and-gift-wrap</loc>
  </url>
  <url>
    <loc>https://www.westfield.com.au/geelong/browse-stores/clothing-and-accessories</loc>
  </url>
  <url>
    <loc>https://www.westfield.com.au/geelong/browse-stores/books-stationery-and-gifts/newsagencies</loc>
  </url>
  <url>
    <loc>https://www.westfield.com.au/geelong/browse-stores/clothing-and-accessories/babies-and-toddlers</loc>
  </url>
  <url>
    <loc>https://www.westfield.com.au/geelong/browse-stores/clothing-and-accessories/footwear</loc>
  </url>
  <url>
    <loc>https://www.westfield.com.au/geelong/browse-stores/books-stationery-and-gifts/office-supplies</loc>
  </url>
  <url>
    <loc>https://www.westfield.com.au/geelong/browse-stores/books-stationery-and-gifts/stationery</loc>
  </url>
  <url>
    <loc>https://www.westfield.com.au/geelong/browse-stores/car-and-auto</loc>
  </url>
  <url>
    <loc>https://www.westfield.com.au/geelong/browse-stores/clothing-and-accessories/kids-and-junior</loc>
  </url>
  <url>
    <loc>https://www.westfield.com.au/geelong/browse-stores/designer-and-boutique</loc>
  </url>
  <url>
    <loc>https://www.westfield.com.au/geelong/browse-stores/community-services</loc>
  </url>
  <url>
    <loc>https://www.westfield.com.au/geelong/browse-stores/clothing-and-accessories/sunglasses</loc>
  </url>
  <url>
    <loc>https://www.westfield.com.au/geelong/browse-stores/department-stores</loc>
  </url>
  <url>
    <loc>https://www.westfield.com.au/geelong/browse-stores/clothing-and-accessories/jewellery-and-watches</loc>
  </url>
  <url>
    <loc>https://www.westfield.com.au/geelong/browse-stores/clothing-and-accessories/womens-fashion</loc>
  </url>
  <url>
    <loc>https://www.westfield.com.au/geelong/browse-stores/clothing-and-accessories/mens-fashion</loc>
  </url>
  <url>
    <loc>https://www.westfield.com.au/geelong/browse-stores/electronics-and-technology/mobile-and-accessories</loc>
  </url>
  <url>
    <loc>https://www.westfield.com.au/geelong/browse-stores/electronics-and-technology/cameras</loc>
  </url>
  <url>
    <loc>https://www.westfield.com.au/geelong/browse-stores/electronics-and-technology/computers-and-tablets</loc>
  </url>
  <url>
    <loc>https://www.westfield.com.au/geelong/browse-stores/electronics-and-technology/tv-and-audio</loc>
  </url>
  <url>
    <loc>https://www.westfield.com.au/geelong/browse-stores/electronics-and-technology/navigation</loc>
  </url>
  <url>
    <loc>https://www.westfield.com.au/geelong/browse-stores/discount-and-variety</loc>
  </url>
  <url>
    <loc>https://www.westfield.com.au/geelong/browse-stores/electronics-and-technology/gaming-and-consoles</loc>
  </url>
  <url>
    <loc>https://www.westfield.com.au/geelong/browse-stores/entertainment-and-activities</loc>
  </url>
  <url>
    <loc>https://www.westfield.com.au/geelong/browse-stores/entertainment-and-activities/learning-and-education</loc>
  </url>
  <url>
    <loc>https://www.westfield.com.au/geelong/browse-stores/entertainment-and-activities/arcades-and-games</loc>
  </url>
  <url>
    <loc>https://www.westfield.com.au/geelong/browse-stores/entertainment-and-activities/music</loc>
  </url>
  <url>
    <loc>https://www.westfield.com.au/geelong/browse-stores/food-and-drink/asian</loc>
  </url>
  <url>
    <loc>https://www.westfield.com.au/geelong/browse-stores/food-and-drink</loc>
  </url>
  <url>
    <loc>https://www.westfield.com.au/geelong/browse-stores/food-and-drink/breakfast-and-brunch</loc>
  </url>
  <url>
    <loc>https://www.westfield.com.au/geelong/browse-stores/food-and-drink/desserts</loc>
  </url>
  <url>
    <loc>https://www.westfield.com.au/geelong/browse-stores/food-and-drink/cafes</loc>
  </url>
  <url>
    <loc>https://www.westfield.com.au/geelong/browse-stores/food-and-drink/dietary-requirements</loc>
  </url>
  <url>
    <loc>https://www.westfield.com.au/geelong/browse-stores/food-and-drink/fast-food</loc>
  </url>
  <url>
    <loc>https://www.westfield.com.au/geelong/browse-stores/food-and-drink/casual-dining</loc>
  </url>
  <url>
    <loc>https://www.westfield.com.au/geelong/browse-stores/food-and-drink/healthy-options</loc>
  </url>
  <url>
    <loc>https://www.westfield.com.au/geelong/browse-stores/florists</loc>
  </url>
  <url>
    <loc>https://www.westfield.com.au/geelong/browse-stores/electronics-and-technology</loc>
  </url>
  <url>
    <loc>https://www.westfield.com.au/geelong/browse-stores/food-and-drink/juice-bars</loc>
  </url>
  <url>
    <loc>https://www.westfield.com.au/geelong/browse-stores/food-and-drink/middle-eastern</loc>
  </url>
  <url>
    <loc>https://www.westfield.com.au/geelong/browse-stores/food-and-drink/kid-friendly</loc>
  </url>
  <url>
    <loc>https://www.westfield.com.au/geelong/browse-stores/food-and-drink/takeaway</loc>
  </url>
  <url>
    <loc>https://www.westfield.com.au/geelong/browse-stores/food-and-drink/sandwiches-and-salads</loc>
  </url>
  <url>
    <loc>https://www.westfield.com.au/geelong/browse-stores/fresh-food-and-groceries/bakeries</loc>
  </url>
  <url>
    <loc>https://www.westfield.com.au/geelong/browse-stores/fresh-food-and-groceries</loc>
  </url>
  <url>
    <loc>https://www.westfield.com.au/geelong/browse-stores/fresh-food-and-groceries/butchers</loc>
  </url>
  <url>
    <loc>https://www.westfield.com.au/geelong/browse-stores/foreign-currency-exchange</loc>
  </url>
  <url>
    <loc>https://www.westfield.com.au/geelong/browse-stores/fresh-food-and-groceries/confectionery</loc>
  </url>
  <url>
    <loc>https://www.westfield.com.au/geelong/browse-stores/fresh-food-and-groceries/liquor</loc>
  </url>
  <url>
    <loc>https://www.westfield.com.au/geelong/browse-stores/fresh-food-and-groceries/delicatessens</loc>
  </url>
  <url>
    <loc>https://www.westfield.com.au/geelong/browse-stores/fresh-food-and-groceries/fresh-produce</loc>
  </url>
  <url>
    <loc>https://www.westfield.com.au/geelong/browse-stores/fresh-food-and-groceries/poultry</loc>
  </url>
  <url>
    <loc>https://www.westfield.com.au/geelong/browse-stores/fresh-food-and-groceries/supermarkets</loc>
  </url>
  <url>
    <loc>https://www.westfield.com.au/geelong/browse-stores/health-and-fitness/dentists</loc>
  </url>
  <url>
    <loc>https://www.westfield.com.au/geelong/browse-stores/fresh-food-and-groceries/patisseries</loc>
  </url>
  <url>
    <loc>https://www.westfield.com.au/geelong/browse-stores/health-and-fitness/chemists</loc>
  </url>
  <url>
    <loc>https://www.westfield.com.au/geelong/browse-stores/fresh-food-and-groceries/specialty-foods</loc>
  </url>
  <url>
    <loc>https://www.westfield.com.au/geelong/browse-stores/fresh-food-and-groceries/seafood</loc>
  </url>
  <url>
    <loc>https://www.westfield.com.au/geelong/browse-stores/health-and-fitness/gyms-and-fitness-studios</loc>
  </url>
  <url>
    <loc>https://www.westfield.com.au/geelong/browse-stores/health-and-fitness</loc>
  </url>
  <url>
    <loc>https://www.westfield.com.au/geelong/browse-stores/health-and-fitness/health-insurers</loc>
  </url>
  <url>
    <loc>https://www.westfield.com.au/geelong/browse-stores/home/furniture</loc>
  </url>
  <url>
    <loc>https://www.westfield.com.au/geelong/browse-stores/health-and-fitness/optometrists</loc>
  </url>
  <url>
    <loc>https://www.westfield.com.au/geelong/browse-stores/home/hardware</loc>
  </url>
  <url>
    <loc>https://www.westfield.com.au/geelong/browse-stores/home</loc>
  </url>
  <url>
    <loc>https://www.westfield.com.au/geelong/browse-stores/home/gifts</loc>
  </url>
  <url>
    <loc>https://www.westfield.com.au/geelong/browse-stores/home/bedding</loc>
  </url>
  <url>
    <loc>https://www.westfield.com.au/geelong/browse-stores/health-and-fitness/specialty-health-providers</loc>
  </url>
  <url>
    <loc>https://www.westfield.com.au/geelong/browse-stores/home/bath-and-home-fragrances</loc>
  </url>
  <url>
    <loc>https://www.westfield.com.au/geelong/browse-stores/home/home-appliances</loc>
  </url>
  <url>
    <loc>https://www.westfield.com.au/geelong/browse-stores/home/home-decor</loc>
  </url>
  <url>
    <loc>https://www.westfield.com.au/geelong/browse-stores/home/photography-and-art</loc>
  </url>
  <url>
    <loc>https://www.westfield.com.au/geelong/browse-stores/luggage-and-travel-accessories/backpacks-and-gym-duffle-bags</loc>
  </url>
  <url>
    <loc>https://www.westfield.com.au/geelong/browse-stores/home/picture-frames</loc>
  </url>
  <url>
    <loc>https://www.westfield.com.au/geelong/browse-stores/home/pets</loc>
  </url>
  <url>
    <loc>https://www.westfield.com.au/geelong/browse-stores/luggage-and-travel-accessories</loc>
  </url>
  <url>
    <loc>https://www.westfield.com.au/geelong/browse-stores/home/kitchen</loc>
  </url>
  <url>
    <loc>https://www.westfield.com.au/geelong/browse-stores/luggage-and-travel-accessories/suitcases-and-travel-accessories</loc>
  </url>
  <url>
    <loc>https://www.westfield.com.au/geelong/browse-stores/luggage-and-travel-accessories/small-leather-goods</loc>
  </url>
  <url>
    <loc>https://www.westfield.com.au/geelong/browse-stores/photographic-services</loc>
  </url>
  <url>
    <loc>https://www.westfield.com.au/geelong/browse-stores/professional-services</loc>
  </url>
  <url>
    <loc>https://www.westfield.com.au/geelong/browse-stores/power-gas-and-communication-services</loc>
  </url>
  <url>
    <loc>https://www.westfield.com.au/geelong/browse-stores/phone-repairs</loc>
  </url>
  <url>
    <loc>https://www.westfield.com.au/geelong/browse-stores/luggage-and-travel-accessories/work-and-laptop-bags</loc>
  </url>
  <url>
    <loc>https://www.westfield.com.au/geelong/browse-stores/shoe-repair-and-key-cutting</loc>
  </url>
  <url>
    <loc>https://www.westfield.com.au/geelong/browse-stores/luggage-and-travel-accessories/laptop-cases-and-sleeves</loc>
  </url>
  <url>
    <loc>https://www.westfield.com.au/geelong/browse-stores/sporting-goods</loc>
  </url>
  <url>
    <loc>https://www.westfield.com.au/geelong/browse-stores/sporting-goods/outdoors-and-camping</loc>
  </url>
  <url>
    <loc>https://www.westfield.com.au/geelong/browse-stores/tobacconists</loc>
  </url>
  <url>
    <loc>https://www.westfield.com.au/geelong/browse-stores/sporting-goods/tech-and-wearables</loc>
  </url>
  <url>
    <loc>https://www.westfield.com.au/geelong/browse-stores/sporting-goods/fitness-and-gym-equipment</loc>
  </url>
  <url>
    <loc>https://www.westfield.com.au/geelong/browse-stores/toys-and-hobbies</loc>
  </url>
  <url>
    <loc>https://www.westfield.com.au/geelong/browse-stores/sporting-goods/activewear</loc>
  </url>
  <url>
    <loc>https://www.westfield.com.au/geelong/browse-stores/toys-and-hobbies/arts-and-crafts</loc>
  </url>
  <url>
    <loc>https://www.westfield.com.au/geelong/browse-stores/toys-and-hobbies/games</loc>
  </url>
  <url>
    <loc>https://www.westfield.com.au/geelong/browse-stores/travel-agents</loc>
  </url>
  <url>
    <loc>https://www.westfield.com.au/geelong/browse-stores/toys-and-hobbies/toys</loc>
  </url>
  <url>
    <loc>https://www.westfield.com.au/geelong/browse-stores/toys-and-hobbies/hobbies</loc>
  </url>
  <url>
    <loc>https://www.westfield.com.au/helensvale/browse-stores/baby-and-nursery</loc>
  </url>
  <url>
    <loc>https://www.westfield.com.au/helensvale/browse-stores/baby-and-nursery/baby-and-infant-toys</loc>
  </url>
  <url>
    <loc>https://www.westfield.com.au/helensvale/browse-stores/baby-and-nursery/baby-bedding</loc>
  </url>
  <url>
    <loc>https://www.westfield.com.au/helensvale/browse-stores/baby-and-nursery/nursery-furniture</loc>
  </url>
  <url>
    <loc>https://www.westfield.com.au/helensvale/browse-stores/baby-and-nursery/prams-strollers-and-carriers</loc>
  </url>
  <url>
    <loc>https://www.westfield.com.au/helensvale/browse-stores/baby-and-nursery/tableware-and-feeding</loc>
  </url>
  <url>
    <loc>https://www.westfield.com.au/helensvale/browse-stores/banks</loc>
  </url>
  <url>
    <loc>https://www.westfield.com.au/helensvale/browse-stores/beauty-and-wellness</loc>
  </url>
  <url>
    <loc>https://www.westfield.com.au/helensvale/browse-stores/beauty-and-wellness/bath-and-body</loc>
  </url>
  <url>
    <loc>https://www.westfield.com.au/helensvale/browse-stores/beauty-and-wellness/hair-and-beauty</loc>
  </url>
  <url>
    <loc>https://www.westfield.com.au/helensvale/browse-stores/beauty-and-wellness/hair-care</loc>
  </url>
  <url>
    <loc>https://www.westfield.com.au/helensvale/browse-stores/beauty-and-wellness/makeup</loc>
  </url>
  <url>
    <loc>https://www.westfield.com.au/helensvale/browse-stores/beauty-and-wellness/fragrance</loc>
  </url>
  <url>
    <loc>https://www.westfield.com.au/helensvale/browse-stores/beauty-and-wellness/skincare</loc>
  </url>
  <url>
    <loc>https://www.westfield.com.au/helensvale/browse-stores/beauty-and-wellness/vitamins-and-supplements</loc>
  </url>
  <url>
    <loc>https://www.westfield.com.au/helensvale/browse-stores/books-stationery-and-gifts/book-stores</loc>
  </url>
  <url>
    <loc>https://www.westfield.com.au/helensvale/browse-stores/books-stationery-and-gifts</loc>
  </url>
  <url>
    <loc>https://www.westfield.com.au/helensvale/browse-stores/books-stationery-and-gifts/cards-and-gift-wrap</loc>
  </url>
  <url>
    <loc>https://www.westfield.com.au/helensvale/browse-stores/books-stationery-and-gifts/newsagencies</loc>
  </url>
  <url>
    <loc>https://www.westfield.com.au/helensvale/browse-stores/books-stationery-and-gifts/stationery</loc>
  </url>
  <url>
    <loc>https://www.westfield.com.au/helensvale/browse-stores/books-stationery-and-gifts/office-supplies</loc>
  </url>
  <url>
    <loc>https://www.westfield.com.au/helensvale/browse-stores/car-and-auto</loc>
  </url>
  <url>
    <loc>https://www.westfield.com.au/helensvale/browse-stores/clothing-and-accessories</loc>
  </url>
  <url>
    <loc>https://www.westfield.com.au/helensvale/browse-stores/clothing-and-accessories/babies-and-toddlers</loc>
  </url>
  <url>
    <loc>https://www.westfield.com.au/helensvale/browse-stores/clothing-and-accessories/sunglasses</loc>
  </url>
  <url>
    <loc>https://www.westfield.com.au/helensvale/browse-stores/clothing-and-accessories/footwear</loc>
  </url>
  <url>
    <loc>https://www.westfield.com.au/helensvale/browse-stores/clothing-and-accessories/jewellery-and-watches</loc>
  </url>
  <url>
    <loc>https://www.westfield.com.au/helensvale/browse-stores/clothing-and-accessories/mens-fashion</loc>
  </url>
  <url>
    <loc>https://www.westfield.com.au/helensvale/browse-stores/community-services</loc>
  </url>
  <url>
    <loc>https://www.westfield.com.au/helensvale/browse-stores/department-stores</loc>
  </url>
  <url>
    <loc>https://www.westfield.com.au/helensvale/browse-stores/clothing-and-accessories/kids-and-junior</loc>
  </url>
  <url>
    <loc>https://www.westfield.com.au/helensvale/browse-stores/clothing-and-accessories/womens-fashion</loc>
  </url>
  <url>
    <loc>https://www.westfield.com.au/helensvale/browse-stores/designer-and-boutique</loc>
  </url>
  <url>
    <loc>https://www.westfield.com.au/helensvale/browse-stores/discount-and-variety</loc>
  </url>
  <url>
    <loc>https://www.westfield.com.au/helensvale/browse-stores/electronics-and-technology</loc>
  </url>
  <url>
    <loc>https://www.westfield.com.au/helensvale/browse-stores/electronics-and-technology/computers-and-tablets</loc>
  </url>
  <url>
    <loc>https://www.westfield.com.au/helensvale/browse-stores/electronics-and-technology/cameras</loc>
  </url>
  <url>
    <loc>https://www.westfield.com.au/helensvale/browse-stores/electronics-and-technology/gaming-and-consoles</loc>
  </url>
  <url>
    <loc>https://www.westfield.com.au/helensvale/browse-stores/electronics-and-technology/mobile-and-accessories</loc>
  </url>
  <url>
    <loc>https://www.westfield.com.au/helensvale/browse-stores/electronics-and-technology/navigation</loc>
  </url>
  <url>
    <loc>https://www.westfield.com.au/helensvale/browse-stores/electronics-and-technology/tv-and-audio</loc>
  </url>
  <url>
    <loc>https://www.westfield.com.au/helensvale/browse-stores/entertainment-and-activities</loc>
  </url>
  <url>
    <loc>https://www.westfield.com.au/helensvale/browse-stores/entertainment-and-activities/arcades-and-games</loc>
  </url>
  <url>
    <loc>https://www.westfield.com.au/helensvale/browse-stores/entertainment-and-activities/learning-and-education</loc>
  </url>
  <url>
    <loc>https://www.westfield.com.au/helensvale/browse-stores/florists</loc>
  </url>
  <url>
    <loc>https://www.westfield.com.au/helensvale/browse-stores/entertainment-and-activities/music</loc>
  </url>
  <url>
    <loc>https://www.westfield.com.au/helensvale/browse-stores/food-and-drink/asian</loc>
  </url>
  <url>
    <loc>https://www.westfield.com.au/helensvale/browse-stores/food-and-drink/dietary-requirements</loc>
  </url>
  <url>
    <loc>https://www.westfield.com.au/helensvale/browse-stores/food-and-drink/bars-and-pubs</loc>
  </url>
  <url>
    <loc>https://www.westfield.com.au/helensvale/browse-stores/food-and-drink/casual-dining</loc>
  </url>
  <url>
    <loc>https://www.westfield.com.au/helensvale/browse-stores/food-and-drink</loc>
  </url>
  <url>
    <loc>https://www.westfield.com.au/helensvale/browse-stores/food-and-drink/cafes</loc>
  </url>
  <url>
    <loc>https://www.westfield.com.au/helensvale/browse-stores/food-and-drink/breakfast-and-brunch</loc>
  </url>
  <url>
    <loc>https://www.westfield.com.au/helensvale/browse-stores/food-and-drink/fast-food</loc>
  </url>
  <url>
    <loc>https://www.westfield.com.au/helensvale/browse-stores/food-and-drink/desserts</loc>
  </url>
  <url>
    <loc>https://www.westfield.com.au/helensvale/browse-stores/food-and-drink/grill-houses</loc>
  </url>
  <url>
    <loc>https://www.westfield.com.au/helensvale/browse-stores/food-and-drink/healthy-options</loc>
  </url>
  <url>
    <loc>https://www.westfield.com.au/helensvale/browse-stores/food-and-drink/kid-friendly</loc>
  </url>
  <url>
    <loc>https://www.westfield.com.au/helensvale/browse-stores/fresh-food-and-groceries/bakeries</loc>
  </url>
  <url>
    <loc>https://www.westfield.com.au/helensvale/browse-stores/fresh-food-and-groceries/butchers</loc>
  </url>
  <url>
    <loc>https://www.westfield.com.au/helensvale/browse-stores/fresh-food-and-groceries/confectionery</loc>
  </url>
  <url>
    <loc>https://www.westfield.com.au/helensvale/browse-stores/foreign-currency-exchange</loc>
  </url>
  <url>
    <loc>https://www.westfield.com.au/helensvale/browse-stores/food-and-drink/juice-bars</loc>
  </url>
  <url>
    <loc>https://www.westfield.com.au/helensvale/browse-stores/fresh-food-and-groceries</loc>
  </url>
  <url>
    <loc>https://www.westfield.com.au/helensvale/browse-stores/food-and-drink/takeaway</loc>
  </url>
  <url>
    <loc>https://www.westfield.com.au/helensvale/browse-stores/food-and-drink/sandwiches-and-salads</loc>
  </url>
  <url>
    <loc>https://www.westfield.com.au/helensvale/browse-stores/fresh-food-and-groceries/delicatessens</loc>
  </url>
  <url>
    <loc>https://www.westfield.com.au/helensvale/browse-stores/fresh-food-and-groceries/fresh-produce</loc>
  </url>
  <url>
    <loc>https://www.westfield.com.au/helensvale/browse-stores/fresh-food-and-groceries/seafood</loc>
  </url>
  <url>
    <loc>https://www.westfield.com.au/helensvale/browse-stores/fresh-food-and-groceries/poultry</loc>
  </url>
  <url>
    <loc>https://www.westfield.com.au/helensvale/browse-stores/health-and-fitness</loc>
  </url>
  <url>
    <loc>https://www.westfield.com.au/helensvale/browse-stores/fresh-food-and-groceries/specialty-foods</loc>
  </url>
  <url>
    <loc>https://www.westfield.com.au/helensvale/browse-stores/fresh-food-and-groceries/supermarkets</loc>
  </url>
  <url>
    <loc>https://www.westfield.com.au/helensvale/browse-stores/fresh-food-and-groceries/liquor</loc>
  </url>
  <url>
    <loc>https://www.westfield.com.au/helensvale/browse-stores/health-and-fitness/chemists</loc>
  </url>
  <url>
    <loc>https://www.westfield.com.au/helensvale/browse-stores/health-and-fitness/dentists</loc>
  </url>
  <url>
    <loc>https://www.westfield.com.au/helensvale/browse-stores/health-and-fitness/gyms-and-fitness-studios</loc>
  </url>
  <url>
    <loc>https://www.westfield.com.au/helensvale/browse-stores/health-and-fitness/medical-centres</loc>
  </url>
  <url>
    <loc>https://www.westfield.com.au/helensvale/browse-stores/health-and-fitness/optometrists</loc>
  </url>
  <url>
    <loc>https://www.westfield.com.au/helensvale/browse-stores/home</loc>
  </url>
  <url>
    <loc>https://www.westfield.com.au/helensvale/browse-stores/home/bedding</loc>
  </url>
  <url>
    <loc>https://www.westfield.com.au/helensvale/browse-stores/health-and-fitness/specialty-health-providers</loc>
  </url>
  <url>
    <loc>https://www.westfield.com.au/helensvale/browse-stores/home/furniture</loc>
  </url>
  <url>
    <loc>https://www.westfield.com.au/helensvale/browse-stores/home/bath-and-home-fragrances</loc>
  </url>
  <url>
    <loc>https://www.westfield.com.au/helensvale/browse-stores/home/hardware</loc>
  </url>
  <url>
    <loc>https://www.westfield.com.au/helensvale/browse-stores/home/gifts</loc>
  </url>
  <url>
    <loc>https://www.westfield.com.au/helensvale/browse-stores/home/kitchen</loc>
  </url>
  <url>
    <loc>https://www.westfield.com.au/helensvale/browse-stores/home/home-appliances</loc>
  </url>
  <url>
    <loc>https://www.westfield.com.au/helensvale/browse-stores/home/home-decor</loc>
  </url>
  <url>
    <loc>https://www.westfield.com.au/helensvale/browse-stores/home/picture-frames</loc>
  </url>
  <url>
    <loc>https://www.westfield.com.au/helensvale/browse-stores/home/photography-and-art</loc>
  </url>
  <url>
    <loc>https://www.westfield.com.au/helensvale/browse-stores/home/pets</loc>
  </url>
  <url>
    <loc>https://www.westfield.com.au/helensvale/browse-stores/luggage-and-travel-accessories/backpacks-and-gym-duffle-bags</loc>
  </url>
  <url>
    <loc>https://www.westfield.com.au/helensvale/browse-stores/luggage-and-travel-accessories</loc>
  </url>
  <url>
    <loc>https://www.westfield.com.au/helensvale/browse-stores/luggage-and-travel-accessories/laptop-cases-and-sleeves</loc>
  </url>
  <url>
    <loc>https://www.westfield.com.au/helensvale/browse-stores/luggage-and-travel-accessories/suitcases-and-travel-accessories</loc>
  </url>
  <url>
    <loc>https://www.westfield.com.au/helensvale/browse-stores/luxury-and-premium/luxury</loc>
  </url>
  <url>
    <loc>https://www.westfield.com.au/helensvale/browse-stores/luggage-and-travel-accessories/work-and-laptop-bags</loc>
  </url>
  <url>
    <loc>https://www.westfield.com.au/helensvale/browse-stores/luxury-and-premium/australian-designer</loc>
  </url>
  <url>
    <loc>https://www.westfield.com.au/helensvale/browse-stores/post-office</loc>
  </url>
  <url>
    <loc>https://www.westfield.com.au/helensvale/browse-stores/power-gas-and-communication-services</loc>
  </url>
  <url>
    <loc>https://www.westfield.com.au/helensvale/browse-stores/luggage-and-travel-accessories/small-leather-goods</loc>
  </url>
  <url>
    <loc>https://www.westfield.com.au/helensvale/browse-stores/photographic-services</loc>
  </url>
  <url>
    <loc>https://www.westfield.com.au/helensvale/browse-stores/luxury-and-premium</loc>
  </url>
  <url>
    <loc>https://www.westfield.com.au/helensvale/browse-stores/phone-repairs</loc>
  </url>
  <url>
    <loc>https://www.westfield.com.au/helensvale/browse-stores/shoe-repair-and-key-cutting</loc>
  </url>
  <url>
    <loc>https://www.westfield.com.au/helensvale/browse-stores/professional-services</loc>
  </url>
  <url>
    <loc>https://www.westfield.com.au/helensvale/browse-stores/toys-and-hobbies/games</loc>
  </url>
  <url>
    <loc>https://www.westfield.com.au/helensvale/browse-stores/sporting-goods</loc>
  </url>
  <url>
    <loc>https://www.westfield.com.au/helensvale/browse-stores/toys-and-hobbies/hobbies</loc>
  </url>
  <url>
    <loc>https://www.westfield.com.au/helensvale/browse-stores/sporting-goods/tech-and-wearables</loc>
  </url>
  <url>
    <loc>https://www.westfield.com.au/helensvale/browse-stores/toys-and-hobbies/arts-and-crafts</loc>
  </url>
  <url>
    <loc>https://www.westfield.com.au/helensvale/browse-stores/toys-and-hobbies</loc>
  </url>
  <url>
    <loc>https://www.westfield.com.au/helensvale/browse-stores/sporting-goods/activewear</loc>
  </url>
  <url>
    <loc>https://www.westfield.com.au/helensvale/browse-stores/sporting-goods/outdoors-and-camping</loc>
  </url>
  <url>
    <loc>https://www.westfield.com.au/helensvale/browse-stores/sporting-goods/fitness-and-gym-equipment</loc>
  </url>
  <url>
    <loc>https://www.westfield.com.au/helensvale/browse-stores/tobacconists</loc>
  </url>
  <url>
    <loc>https://www.westfield.com.au/helensvale/browse-stores/travel-agents</loc>
  </url>
  <url>
    <loc>https://www.westfield.com.au/helensvale/browse-stores/toys-and-hobbies/toys</loc>
  </url>
  <url>
    <loc>https://www.westfield.com.au/hornsby/browse-stores/alterations-and-tailoring</loc>
  </url>
  <url>
    <loc>https://www.westfield.com.au/hornsby/browse-stores/baby-and-nursery</loc>
  </url>
  <url>
    <loc>https://www.westfield.com.au/hornsby/browse-stores/baby-and-nursery/baby-and-infant-toys</loc>
  </url>
  <url>
    <loc>https://www.westfield.com.au/hornsby/browse-stores/baby-and-nursery/baby-bedding</loc>
  </url>
  <url>
    <loc>https://www.westfield.com.au/hornsby/browse-stores/baby-and-nursery/nursery-furniture</loc>
  </url>
  <url>
    <loc>https://www.westfield.com.au/hornsby/browse-stores/baby-and-nursery/prams-strollers-and-carriers</loc>
  </url>
  <url>
    <loc>https://www.westfield.com.au/hornsby/browse-stores/baby-and-nursery/tableware-and-feeding</loc>
  </url>
  <url>
    <loc>https://www.westfield.com.au/hornsby/browse-stores/banks</loc>
  </url>
  <url>
    <loc>https://www.westfield.com.au/hornsby/browse-stores/beauty-and-wellness</loc>
  </url>
  <url>
    <loc>https://www.westfield.com.au/hornsby/browse-stores/beauty-and-wellness/bath-and-body</loc>
  </url>
  <url>
    <loc>https://www.westfield.com.au/hornsby/browse-stores/beauty-and-wellness/fragrance</loc>
  </url>
  <url>
    <loc>https://www.westfield.com.au/hornsby/browse-stores/beauty-and-wellness/hair-and-beauty</loc>
  </url>
  <url>
    <loc>https://www.westfield.com.au/hornsby/browse-stores/beauty-and-wellness/hair-care</loc>
  </url>
  <url>
    <loc>https://www.westfield.com.au/hornsby/browse-stores/beauty-and-wellness/makeup</loc>
  </url>
  <url>
    <loc>https://www.westfield.com.au/hornsby/browse-stores/beauty-and-wellness/vitamins-and-supplements</loc>
  </url>
  <url>
    <loc>https://www.westfield.com.au/hornsby/browse-stores/books-stationery-and-gifts</loc>
  </url>
  <url>
    <loc>https://www.westfield.com.au/hornsby/browse-stores/beauty-and-wellness/skincare</loc>
  </url>
  <url>
    <loc>https://www.westfield.com.au/hornsby/browse-stores/books-stationery-and-gifts/cards-and-gift-wrap</loc>
  </url>
  <url>
    <loc>https://www.westfield.com.au/hornsby/browse-stores/books-stationery-and-gifts/book-stores</loc>
  </url>
  <url>
    <loc>https://www.westfield.com.au/hornsby/browse-stores/books-stationery-and-gifts/newsagencies</loc>
  </url>
  <url>
    <loc>https://www.westfield.com.au/hornsby/browse-stores/books-stationery-and-gifts/office-supplies</loc>
  </url>
  <url>
    <loc>https://www.westfield.com.au/hornsby/browse-stores/books-stationery-and-gifts/stationery</loc>
  </url>
  <url>
    <loc>https://www.westfield.com.au/hornsby/browse-stores/car-and-auto</loc>
  </url>
  <url>
    <loc>https://www.westfield.com.au/hornsby/browse-stores/clothing-and-accessories</loc>
  </url>
  <url>
    <loc>https://www.westfield.com.au/hornsby/browse-stores/clothing-and-accessories/babies-and-toddlers</loc>
  </url>
  <url>
    <loc>https://www.westfield.com.au/hornsby/browse-stores/clothing-and-accessories/footwear</loc>
  </url>
  <url>
    <loc>https://www.westfield.com.au/hornsby/browse-stores/clothing-and-accessories/jewellery-and-watches</loc>
  </url>
  <url>
    <loc>https://www.westfield.com.au/hornsby/browse-stores/clothing-and-accessories/mens-fashion</loc>
  </url>
  <url>
    <loc>https://www.westfield.com.au/hornsby/browse-stores/clothing-and-accessories/kids-and-junior</loc>
  </url>
  <url>
    <loc>https://www.westfield.com.au/hornsby/browse-stores/department-stores</loc>
  </url>
  <url>
    <loc>https://www.westfield.com.au/hornsby/browse-stores/clothing-and-accessories/sunglasses</loc>
  </url>
  <url>
    <loc>https://www.westfield.com.au/hornsby/browse-stores/clothing-and-accessories/womens-fashion</loc>
  </url>
  <url>
    <loc>https://www.westfield.com.au/hornsby/browse-stores/community-services</loc>
  </url>
  <url>
    <loc>https://www.westfield.com.au/hornsby/browse-stores/designer-and-boutique</loc>
  </url>
  <url>
    <loc>https://www.westfield.com.au/hornsby/browse-stores/discount-and-variety</loc>
  </url>
  <url>
    <loc>https://www.westfield.com.au/hornsby/browse-stores/electronics-and-technology</loc>
  </url>
  <url>
    <loc>https://www.westfield.com.au/hornsby/browse-stores/electronics-and-technology/computers-and-tablets</loc>
  </url>
  <url>
    <loc>https://www.westfield.com.au/hornsby/browse-stores/dry-cleaning</loc>
  </url>
  <url>
    <loc>https://www.westfield.com.au/hornsby/browse-stores/electronics-and-technology/cameras</loc>
  </url>
  <url>
    <loc>https://www.westfield.com.au/hornsby/browse-stores/electronics-and-technology/gaming-and-consoles</loc>
  </url>
  <url>
    <loc>https://www.westfield.com.au/hornsby/browse-stores/electronics-and-technology/mobile-and-accessories</loc>
  </url>
  <url>
    <loc>https://www.westfield.com.au/hornsby/browse-stores/entertainment-and-activities/arcades-and-games</loc>
  </url>
  <url>
    <loc>https://www.westfield.com.au/hornsby/browse-stores/electronics-and-technology/tv-and-audio</loc>
  </url>
  <url>
    <loc>https://www.westfield.com.au/hornsby/browse-stores/entertainment-and-activities</loc>
  </url>
  <url>
    <loc>https://www.westfield.com.au/hornsby/browse-stores/entertainment-and-activities/cinemas</loc>
  </url>
  <url>
    <loc>https://www.westfield.com.au/hornsby/browse-stores/entertainment-and-activities/kids-activities</loc>
  </url>
  <url>
    <loc>https://www.westfield.com.au/hornsby/browse-stores/entertainment-and-activities/music</loc>
  </url>
  <url>
    <loc>https://www.westfield.com.au/hornsby/browse-stores/entertainment-and-activities/learning-and-education</loc>
  </url>
  <url>
    <loc>https://www.westfield.com.au/hornsby/browse-stores/food-and-drink</loc>
  </url>
  <url>
    <loc>https://www.westfield.com.au/hornsby/browse-stores/florists</loc>
  </url>
  <url>
    <loc>https://www.westfield.com.au/hornsby/browse-stores/food-and-drink/asian</loc>
  </url>
  <url>
    <loc>https://www.westfield.com.au/hornsby/browse-stores/food-and-drink/cafes</loc>
  </url>
  <url>
    <loc>https://www.westfield.com.au/hornsby/browse-stores/food-and-drink/breakfast-and-brunch</loc>
  </url>
  <url>
    <loc>https://www.westfield.com.au/hornsby/browse-stores/food-and-drink/desserts</loc>
  </url>
  <url>
    <loc>https://www.westfield.com.au/hornsby/browse-stores/food-and-drink/casual-dining</loc>
  </url>
  <url>
    <loc>https://www.westfield.com.au/hornsby/browse-stores/food-and-drink/chocolate-cafes</loc>
  </url>
  <url>
    <loc>https://www.westfield.com.au/hornsby/browse-stores/food-and-drink/dietary-requirements</loc>
  </url>
  <url>
    <loc>https://www.westfield.com.au/hornsby/browse-stores/food-and-drink/fast-food</loc>
  </url>
  <url>
    <loc>https://www.westfield.com.au/hornsby/browse-stores/food-and-drink/fine-dining</loc>
  </url>
  <url>
    <loc>https://www.westfield.com.au/hornsby/browse-stores/food-and-drink/juice-bars</loc>
  </url>
  <url>
    <loc>https://www.westfield.com.au/hornsby/browse-stores/food-and-drink/healthy-options</loc>
  </url>
  <url>
    <loc>https://www.westfield.com.au/hornsby/browse-stores/food-and-drink/modern-australian</loc>
  </url>
  <url>
    <loc>https://www.westfield.com.au/hornsby/browse-stores/food-and-drink/sandwiches-and-salads</loc>
  </url>
  <url>
    <loc>https://www.westfield.com.au/hornsby/browse-stores/food-and-drink/kid-friendly</loc>
  </url>
  <url>
    <loc>https://www.westfield.com.au/hornsby/browse-stores/food-and-drink/takeaway</loc>
  </url>
  <url>
    <loc>https://www.westfield.com.au/hornsby/browse-stores/foreign-currency-exchange</loc>
  </url>
  <url>
    <loc>https://www.westfield.com.au/hornsby/browse-stores/fresh-food-and-groceries</loc>
  </url>
  <url>
    <loc>https://www.westfield.com.au/hornsby/browse-stores/fresh-food-and-groceries/delicatessens</loc>
  </url>
  <url>
    <loc>https://www.westfield.com.au/hornsby/browse-stores/fresh-food-and-groceries/confectionery</loc>
  </url>
  <url>
    <loc>https://www.westfield.com.au/hornsby/browse-stores/fresh-food-and-groceries/butchers</loc>
  </url>
  <url>
    <loc>https://www.westfield.com.au/hornsby/browse-stores/fresh-food-and-groceries/bakeries</loc>
  </url>
  <url>
    <loc>https://www.westfield.com.au/hornsby/browse-stores/fresh-food-and-groceries/liquor</loc>
  </url>
  <url>
    <loc>https://www.westfield.com.au/hornsby/browse-stores/fresh-food-and-groceries/fresh-produce</loc>
  </url>
  <url>
    <loc>https://www.westfield.com.au/hornsby/browse-stores/fresh-food-and-groceries/patisseries</loc>
  </url>
  <url>
    <loc>https://www.westfield.com.au/hornsby/browse-stores/fresh-food-and-groceries/specialty-foods</loc>
  </url>
  <url>
    <loc>https://www.westfield.com.au/hornsby/browse-stores/fresh-food-and-groceries/supermarkets</loc>
  </url>
  <url>
    <loc>https://www.westfield.com.au/hornsby/browse-stores/health-and-fitness</loc>
  </url>
  <url>
    <loc>https://www.westfield.com.au/hornsby/browse-stores/fresh-food-and-groceries/poultry</loc>
  </url>
  <url>
    <loc>https://www.westfield.com.au/hornsby/browse-stores/electronics-and-technology/navigation</loc>
  </url>
  <url>
    <loc>https://www.westfield.com.au/hornsby/browse-stores/fresh-food-and-groceries/seafood</loc>
  </url>
  <url>
    <loc>https://www.westfield.com.au/hornsby/browse-stores/health-and-fitness/chemists</loc>
  </url>
  <url>
    <loc>https://www.westfield.com.au/hornsby/browse-stores/health-and-fitness/dentists</loc>
  </url>
  <url>
    <loc>https://www.westfield.com.au/hornsby/browse-stores/health-and-fitness/gyms-and-fitness-studios</loc>
  </url>
  <url>
    <loc>https://www.westfield.com.au/hornsby/browse-stores/health-and-fitness/optometrists</loc>
  </url>
  <url>
    <loc>https://www.westfield.com.au/hornsby/browse-stores/health-and-fitness/medical-centres</loc>
  </url>
  <url>
    <loc>https://www.westfield.com.au/hornsby/browse-stores/health-and-fitness/health-insurers</loc>
  </url>
  <url>
    <loc>https://www.westfield.com.au/hornsby/browse-stores/home/bath-and-home-fragrances</loc>
  </url>
  <url>
    <loc>https://www.westfield.com.au/hornsby/browse-stores/health-and-fitness/specialty-health-providers</loc>
  </url>
  <url>
    <loc>https://www.westfield.com.au/hornsby/browse-stores/home/bedding</loc>
  </url>
  <url>
    <loc>https://www.westfield.com.au/hornsby/browse-stores/home</loc>
  </url>
  <url>
    <loc>https://www.westfield.com.au/hornsby/browse-stores/home/furniture</loc>
  </url>
  <url>
    <loc>https://www.westfield.com.au/hornsby/browse-stores/home/gifts</loc>
  </url>
  <url>
    <loc>https://www.westfield.com.au/hornsby/browse-stores/home/hardware</loc>
  </url>
  <url>
    <loc>https://www.westfield.com.au/hornsby/browse-stores/home/home-appliances</loc>
  </url>
  <url>
    <loc>https://www.westfield.com.au/hornsby/browse-stores/home/home-decor</loc>
  </url>
  <url>
    <loc>https://www.westfield.com.au/hornsby/browse-stores/home/pets</loc>
  </url>
  <url>
    <loc>https://www.westfield.com.au/hornsby/browse-stores/home/kitchen</loc>
  </url>
  <url>
    <loc>https://www.westfield.com.au/hornsby/browse-stores/luggage-and-travel-accessories/backpacks-and-gym-duffle-bags</loc>
  </url>
  <url>
    <loc>https://www.westfield.com.au/hornsby/browse-stores/luggage-and-travel-accessories/laptop-cases-and-sleeves</loc>
  </url>
  <url>
    <loc>https://www.westfield.com.au/hornsby/browse-stores/home/photography-and-art</loc>
  </url>
  <url>
    <loc>https://www.westfield.com.au/hornsby/browse-stores/luggage-and-travel-accessories</loc>
  </url>
  <url>
    <loc>https://www.westfield.com.au/hornsby/browse-stores/home/picture-frames</loc>
  </url>
  <url>
    <loc>https://www.westfield.com.au/hornsby/browse-stores/luggage-and-travel-accessories/small-leather-goods</loc>
  </url>
  <url>
    <loc>https://www.westfield.com.au/hornsby/browse-stores/luggage-and-travel-accessories/suitcases-and-travel-accessories</loc>
  </url>
  <url>
    <loc>https://www.westfield.com.au/hornsby/browse-stores/luxury-and-premium</loc>
  </url>
  <url>
    <loc>https://www.westfield.com.au/hornsby/browse-stores/luggage-and-travel-accessories/work-and-laptop-bags</loc>
  </url>
  <url>
    <loc>https://www.westfield.com.au/hornsby/browse-stores/phone-repairs</loc>
  </url>
  <url>
    <loc>https://www.westfield.com.au/hornsby/browse-stores/photographic-services</loc>
  </url>
  <url>
    <loc>https://www.westfield.com.au/hornsby/browse-stores/luxury-and-premium/australian-designer</loc>
  </url>
  <url>
    <loc>https://www.westfield.com.au/hornsby/browse-stores/post-office</loc>
  </url>
  <url>
    <loc>https://www.westfield.com.au/hornsby/browse-stores/power-gas-and-communication-services</loc>
  </url>
  <url>
    <loc>https://www.westfield.com.au/hornsby/browse-stores/sporting-goods</loc>
  </url>
  <url>
    <loc>https://www.westfield.com.au/hornsby/browse-stores/professional-services</loc>
  </url>
  <url>
    <loc>https://www.westfield.com.au/hornsby/browse-stores/sporting-goods/activewear</loc>
  </url>
  <url>
    <loc>https://www.westfield.com.au/hornsby/browse-stores/shoe-repair-and-key-cutting</loc>
  </url>
  <url>
    <loc>https://www.westfield.com.au/hornsby/browse-stores/toys-and-hobbies/arts-and-crafts</loc>
  </url>
  <url>
    <loc>https://www.westfield.com.au/hornsby/browse-stores/sporting-goods/fitness-and-gym-equipment</loc>
  </url>
  <url>
    <loc>https://www.westfield.com.au/hornsby/browse-stores/tobacconists</loc>
  </url>
  <url>
    <loc>https://www.westfield.com.au/hornsby/browse-stores/sporting-goods/tech-and-wearables</loc>
  </url>
  <url>
    <loc>https://www.westfield.com.au/hornsby/browse-stores/sporting-goods/outdoors-and-camping</loc>
  </url>
  <url>
    <loc>https://www.westfield.com.au/hornsby/browse-stores/toys-and-hobbies</loc>
  </url>
  <url>
    <loc>https://www.westfield.com.au/hornsby/browse-stores/toys-and-hobbies/hobbies</loc>
  </url>
  <url>
    <loc>https://www.westfield.com.au/hornsby/browse-stores/toys-and-hobbies/games</loc>
  </url>
  <url>
    <loc>https://www.westfield.com.au/hornsby/browse-stores/travel-agents</loc>
  </url>
  <url>
    <loc>https://www.westfield.com.au/hornsby/browse-stores/toys-and-hobbies/toys</loc>
  </url>
  <url>
    <loc>https://www.westfield.com.au/hurstville/browse-stores/alterations-and-tailoring</loc>
  </url>
  <url>
    <loc>https://www.westfield.com.au/hurstville/browse-stores/baby-and-nursery</loc>
  </url>
  <url>
    <loc>https://www.westfield.com.au/hurstville/browse-stores/baby-and-nursery/baby-and-infant-toys</loc>
  </url>
  <url>
    <loc>https://www.westfield.com.au/hurstville/browse-stores/baby-and-nursery/baby-bedding</loc>
  </url>
  <url>
    <loc>https://www.westfield.com.au/hurstville/browse-stores/baby-and-nursery/nursery-furniture</loc>
  </url>
  <url>
    <loc>https://www.westfield.com.au/hurstville/browse-stores/baby-and-nursery/prams-strollers-and-carriers</loc>
  </url>
  <url>
    <loc>https://www.westfield.com.au/hurstville/browse-stores/baby-and-nursery/tableware-and-feeding</loc>
  </url>
  <url>
    <loc>https://www.westfield.com.au/hurstville/browse-stores/beauty-and-wellness/bath-and-body</loc>
  </url>
  <url>
    <loc>https://www.westfield.com.au/hurstville/browse-stores/beauty-and-wellness</loc>
  </url>
  <url>
    <loc>https://www.westfield.com.au/hurstville/browse-stores/beauty-and-wellness/fragrance</loc>
  </url>
  <url>
    <loc>https://www.westfield.com.au/hurstville/browse-stores/beauty-and-wellness/hair-care</loc>
  </url>
  <url>
    <loc>https://www.westfield.com.au/hurstville/browse-stores/beauty-and-wellness/hair-and-beauty</loc>
  </url>
  <url>
    <loc>https://www.westfield.com.au/hurstville/browse-stores/beauty-and-wellness/skincare</loc>
  </url>
  <url>
    <loc>https://www.westfield.com.au/hurstville/browse-stores/books-stationery-and-gifts/book-stores</loc>
  </url>
  <url>
    <loc>https://www.westfield.com.au/hurstville/browse-stores/books-stationery-and-gifts/cards-and-gift-wrap</loc>
  </url>
  <url>
    <loc>https://www.westfield.com.au/hurstville/browse-stores/books-stationery-and-gifts</loc>
  </url>
  <url>
    <loc>https://www.westfield.com.au/hurstville/browse-stores/beauty-and-wellness/vitamins-and-supplements</loc>
  </url>
  <url>
    <loc>https://www.westfield.com.au/hurstville/browse-stores/beauty-and-wellness/makeup</loc>
  </url>
  <url>
    <loc>https://www.westfield.com.au/hurstville/browse-stores/books-stationery-and-gifts/office-supplies</loc>
  </url>
  <url>
    <loc>https://www.westfield.com.au/hurstville/browse-stores/books-stationery-and-gifts/newsagencies</loc>
  </url>
  <url>
    <loc>https://www.westfield.com.au/hurstville/browse-stores/books-stationery-and-gifts/stationery</loc>
  </url>
  <url>
    <loc>https://www.westfield.com.au/hurstville/browse-stores/clothing-and-accessories/babies-and-toddlers</loc>
  </url>
  <url>
    <loc>https://www.westfield.com.au/hurstville/browse-stores/car-and-auto</loc>
  </url>
  <url>
    <loc>https://www.westfield.com.au/hurstville/browse-stores/clothing-and-accessories</loc>
  </url>
  <url>
    <loc>https://www.westfield.com.au/hurstville/browse-stores/clothing-and-accessories/kids-and-junior</loc>
  </url>
  <url>
    <loc>https://www.westfield.com.au/hurstville/browse-stores/clothing-and-accessories/jewellery-and-watches</loc>
  </url>
  <url>
    <loc>https://www.westfield.com.au/hurstville/browse-stores/clothing-and-accessories/footwear</loc>
  </url>
  <url>
    <loc>https://www.westfield.com.au/hurstville/browse-stores/clothing-and-accessories/sunglasses</loc>
  </url>
  <url>
    <loc>https://www.westfield.com.au/hurstville/browse-stores/clothing-and-accessories/womens-fashion</loc>
  </url>
  <url>
    <loc>https://www.westfield.com.au/hurstville/browse-stores/clothing-and-accessories/mens-fashion</loc>
  </url>
  <url>
    <loc>https://www.westfield.com.au/hurstville/browse-stores/community-services</loc>
  </url>
  <url>
    <loc>https://www.westfield.com.au/hurstville/browse-stores/department-stores</loc>
  </url>
  <url>
    <loc>https://www.westfield.com.au/hurstville/browse-stores/electronics-and-technology/computers-and-tablets</loc>
  </url>
  <url>
    <loc>https://www.westfield.com.au/hurstville/browse-stores/discount-and-variety</loc>
  </url>
  <url>
    <loc>https://www.westfield.com.au/hurstville/browse-stores/dry-cleaning</loc>
  </url>
  <url>
    <loc>https://www.westfield.com.au/hurstville/browse-stores/electronics-and-technology</loc>
  </url>
  <url>
    <loc>https://www.westfield.com.au/hurstville/browse-stores/electronics-and-technology/cameras</loc>
  </url>
  <url>
    <loc>https://www.westfield.com.au/hurstville/browse-stores/electronics-and-technology/gaming-and-consoles</loc>
  </url>
  <url>
    <loc>https://www.westfield.com.au/hurstville/browse-stores/electronics-and-technology/mobile-and-accessories</loc>
  </url>
  <url>
    <loc>https://www.westfield.com.au/hurstville/browse-stores/electronics-and-technology/tv-and-audio</loc>
  </url>
  <url>
    <loc>https://www.westfield.com.au/hurstville/browse-stores/entertainment-and-activities/arcades-and-games</loc>
  </url>
  <url>
    <loc>https://www.westfield.com.au/hurstville/browse-stores/entertainment-and-activities</loc>
  </url>
  <url>
    <loc>https://www.westfield.com.au/hurstville/browse-stores/electronics-and-technology/navigation</loc>
  </url>
  <url>
    <loc>https://www.westfield.com.au/hurstville/browse-stores/entertainment-and-activities/learning-and-education</loc>
  </url>
  <url>
    <loc>https://www.westfield.com.au/hurstville/browse-stores/entertainment-and-activities/cinemas</loc>
  </url>
  <url>
    <loc>https://www.westfield.com.au/hurstville/browse-stores/entertainment-and-activities/music</loc>
  </url>
  <url>
    <loc>https://www.westfield.com.au/hurstville/browse-stores/food-and-drink/asian</loc>
  </url>
  <url>
    <loc>https://www.westfield.com.au/hurstville/browse-stores/food-and-drink</loc>
  </url>
  <url>
    <loc>https://www.westfield.com.au/hurstville/browse-stores/food-and-drink/breakfast-and-brunch</loc>
  </url>
  <url>
    <loc>https://www.westfield.com.au/hurstville/browse-stores/florists</loc>
  </url>
  <url>
    <loc>https://www.westfield.com.au/hurstville/browse-stores/food-and-drink/cafes</loc>
  </url>
  <url>
    <loc>https://www.westfield.com.au/hurstville/browse-stores/food-and-drink/desserts</loc>
  </url>
  <url>
    <loc>https://www.westfield.com.au/hurstville/browse-stores/food-and-drink/casual-dining</loc>
  </url>
  <url>
    <loc>https://www.westfield.com.au/hurstville/browse-stores/food-and-drink/dietary-requirements</loc>
  </url>
  <url>
    <loc>https://www.westfield.com.au/hurstville/browse-stores/food-and-drink/fast-food</loc>
  </url>
  <url>
    <loc>https://www.westfield.com.au/hurstville/browse-stores/food-and-drink/healthy-options</loc>
  </url>
  <url>
    <loc>https://www.westfield.com.au/hurstville/browse-stores/food-and-drink/kid-friendly</loc>
  </url>
  <url>
    <loc>https://www.westfield.com.au/hurstville/browse-stores/food-and-drink/greek</loc>
  </url>
  <url>
    <loc>https://www.westfield.com.au/hurstville/browse-stores/food-and-drink/juice-bars</loc>
  </url>
  <url>
    <loc>https://www.westfield.com.au/hurstville/browse-stores/food-and-drink/mexican-and-latin-american</loc>
  </url>
  <url>
    <loc>https://www.westfield.com.au/hurstville/browse-stores/food-and-drink/sandwiches-and-salads</loc>
  </url>
  <url>
    <loc>https://www.westfield.com.au/hurstville/browse-stores/food-and-drink/takeaway</loc>
  </url>
  <url>
    <loc>https://www.westfield.com.au/hurstville/browse-stores/food-and-drink/middle-eastern</loc>
  </url>
  <url>
    <loc>https://www.westfield.com.au/hurstville/browse-stores/foreign-currency-exchange</loc>
  </url>
  <url>
    <loc>https://www.westfield.com.au/hurstville/browse-stores/fresh-food-and-groceries/bakeries</loc>
  </url>
  <url>
    <loc>https://www.westfield.com.au/hurstville/browse-stores/fresh-food-and-groceries</loc>
  </url>
  <url>
    <loc>https://www.westfield.com.au/hurstville/browse-stores/fresh-food-and-groceries/confectionery</loc>
  </url>
  <url>
    <loc>https://www.westfield.com.au/hurstville/browse-stores/fresh-food-and-groceries/butchers</loc>
  </url>
  <url>
    <loc>https://www.westfield.com.au/hurstville/browse-stores/fresh-food-and-groceries/delicatessens</loc>
  </url>
  <url>
    <loc>https://www.westfield.com.au/hurstville/browse-stores/fresh-food-and-groceries/liquor</loc>
  </url>
  <url>
    <loc>https://www.westfield.com.au/hurstville/browse-stores/fresh-food-and-groceries/fresh-produce</loc>
  </url>
  <url>
    <loc>https://www.westfield.com.au/hurstville/browse-stores/fresh-food-and-groceries/patisseries</loc>
  </url>
  <url>
    <loc>https://www.westfield.com.au/hurstville/browse-stores/fresh-food-and-groceries/poultry</loc>
  </url>
  <url>
    <loc>https://www.westfield.com.au/hurstville/browse-stores/health-and-fitness/dentists</loc>
  </url>
  <url>
    <loc>https://www.westfield.com.au/hurstville/browse-stores/health-and-fitness/chemists</loc>
  </url>
  <url>
    <loc>https://www.westfield.com.au/hurstville/browse-stores/health-and-fitness</loc>
  </url>
  <url>
    <loc>https://www.westfield.com.au/hurstville/browse-stores/fresh-food-and-groceries/specialty-foods</loc>
  </url>
  <url>
    <loc>https://www.westfield.com.au/hurstville/browse-stores/fresh-food-and-groceries/seafood</loc>
  </url>
  <url>
    <loc>https://www.westfield.com.au/hurstville/browse-stores/health-and-fitness/health-insurers</loc>
  </url>
  <url>
    <loc>https://www.westfield.com.au/hurstville/browse-stores/fresh-food-and-groceries/supermarkets</loc>
  </url>
  <url>
    <loc>https://www.westfield.com.au/hurstville/browse-stores/health-and-fitness/medical-centres</loc>
  </url>
  <url>
    <loc>https://www.westfield.com.au/hurstville/browse-stores/health-and-fitness/optometrists</loc>
  </url>
  <url>
    <loc>https://www.westfield.com.au/hurstville/browse-stores/health-and-fitness/specialty-health-providers</loc>
  </url>
  <url>
    <loc>https://www.westfield.com.au/hurstville/browse-stores/home/bedding</loc>
  </url>
  <url>
    <loc>https://www.westfield.com.au/hurstville/browse-stores/home</loc>
  </url>
  <url>
    <loc>https://www.westfield.com.au/hurstville/browse-stores/home/bath-and-home-fragrances</loc>
  </url>
  <url>
    <loc>https://www.westfield.com.au/hurstville/browse-stores/home/furniture</loc>
  </url>
  <url>
    <loc>https://www.westfield.com.au/hurstville/browse-stores/home/home-appliances</loc>
  </url>
  <url>
    <loc>https://www.westfield.com.au/hurstville/browse-stores/home/home-decor</loc>
  </url>
  <url>
    <loc>https://www.westfield.com.au/hurstville/browse-stores/home/hardware</loc>
  </url>
  <url>
    <loc>https://www.westfield.com.au/hurstville/browse-stores/home/gifts</loc>
  </url>
  <url>
    <loc>https://www.westfield.com.au/hurstville/browse-stores/home/photography-and-art</loc>
  </url>
  <url>
    <loc>https://www.westfield.com.au/hurstville/browse-stores/home/pets</loc>
  </url>
  <url>
    <loc>https://www.westfield.com.au/hurstville/browse-stores/home/picture-frames</loc>
  </url>
  <url>
    <loc>https://www.westfield.com.au/hurstville/browse-stores/luggage-and-travel-accessories</loc>
  </url>
  <url>
    <loc>https://www.westfield.com.au/hurstville/browse-stores/luggage-and-travel-accessories/backpacks-and-gym-duffle-bags</loc>
  </url>
  <url>
    <loc>https://www.westfield.com.au/hurstville/browse-stores/luggage-and-travel-accessories/suitcases-and-travel-accessories</loc>
  </url>
  <url>
    <loc>https://www.westfield.com.au/hurstville/browse-stores/luggage-and-travel-accessories/laptop-cases-and-sleeves</loc>
  </url>
  <url>
    <loc>https://www.westfield.com.au/hurstville/browse-stores/luggage-and-travel-accessories/small-leather-goods</loc>
  </url>
  <url>
    <loc>https://www.westfield.com.au/hurstville/browse-stores/luxury-and-premium</loc>
  </url>
  <url>
    <loc>https://www.westfield.com.au/hurstville/browse-stores/phone-repairs</loc>
  </url>
  <url>
    <loc>https://www.westfield.com.au/hurstville/browse-stores/home/kitchen</loc>
  </url>
  <url>
    <loc>https://www.westfield.com.au/hurstville/browse-stores/luggage-and-travel-accessories/work-and-laptop-bags</loc>
  </url>
  <url>
    <loc>https://www.westfield.com.au/hurstville/browse-stores/photographic-services</loc>
  </url>
  <url>
    <loc>https://www.westfield.com.au/hurstville/browse-stores/post-office</loc>
  </url>
  <url>
    <loc>https://www.westfield.com.au/hurstville/browse-stores/power-gas-and-communication-services</loc>
  </url>
  <url>
    <loc>https://www.westfield.com.au/hurstville/browse-stores/professional-services</loc>
  </url>
  <url>
    <loc>https://www.westfield.com.au/hurstville/browse-stores/sporting-goods</loc>
  </url>
  <url>
    <loc>https://www.westfield.com.au/hurstville/browse-stores/shoe-repair-and-key-cutting</loc>
  </url>
  <url>
    <loc>https://www.westfield.com.au/hurstville/browse-stores/sporting-goods/activewear</loc>
  </url>
  <url>
    <loc>https://www.westfield.com.au/hurstville/browse-stores/sporting-goods/outdoors-and-camping</loc>
  </url>
  <url>
    <loc>https://www.westfield.com.au/hurstville/browse-stores/sporting-goods/fitness-and-gym-equipment</loc>
  </url>
  <url>
    <loc>https://www.westfield.com.au/hurstville/browse-stores/sporting-goods/tech-and-wearables</loc>
  </url>
  <url>
    <loc>https://www.westfield.com.au/hurstville/browse-stores/tobacconists</loc>
  </url>
  <url>
    <loc>https://www.westfield.com.au/hurstville/browse-stores/toys-and-hobbies</loc>
  </url>
  <url>
    <loc>https://www.westfield.com.au/hurstville/browse-stores/toys-and-hobbies/games</loc>
  </url>
  <url>
    <loc>https://www.westfield.com.au/hurstville/browse-stores/toys-and-hobbies/hobbies</loc>
  </url>
  <url>
    <loc>https://www.westfield.com.au/hurstville/browse-stores/toys-and-hobbies/arts-and-crafts</loc>
  </url>
  <url>
    <loc>https://www.westfield.com.au/hurstville/browse-stores/travel-agents</loc>
  </url>
  <url>
    <loc>https://www.westfield.com.au/hurstville/browse-stores/toys-and-hobbies/toys</loc>
  </url>
  <url>
    <loc>https://www.westfield.com.au/hurstville/browse-stores/luxury-and-premium/luxury</loc>
  </url>
  <url>
    <loc>https://www.westfield.com.au/innaloo/browse-stores/alterations-and-tailoring</loc>
  </url>
  <url>
    <loc>https://www.westfield.com.au/innaloo/browse-stores/baby-and-nursery</loc>
  </url>
  <url>
    <loc>https://www.westfield.com.au/innaloo/browse-stores/baby-and-nursery/baby-and-infant-toys</loc>
  </url>
  <url>
    <loc>https://www.westfield.com.au/innaloo/browse-stores/baby-and-nursery/nursery-furniture</loc>
  </url>
  <url>
    <loc>https://www.westfield.com.au/innaloo/browse-stores/baby-and-nursery/baby-bedding</loc>
  </url>
  <url>
    <loc>https://www.westfield.com.au/innaloo/browse-stores/baby-and-nursery/prams-strollers-and-carriers</loc>
  </url>
  <url>
    <loc>https://www.westfield.com.au/innaloo/browse-stores/baby-and-nursery/tableware-and-feeding</loc>
  </url>
  <url>
    <loc>https://www.westfield.com.au/innaloo/browse-stores/beauty-and-wellness</loc>
  </url>
  <url>
    <loc>https://www.westfield.com.au/innaloo/browse-stores/banks</loc>
  </url>
  <url>
    <loc>https://www.westfield.com.au/innaloo/browse-stores/beauty-and-wellness/fragrance</loc>
  </url>
  <url>
    <loc>https://www.westfield.com.au/innaloo/browse-stores/beauty-and-wellness/bath-and-body</loc>
  </url>
  <url>
    <loc>https://www.westfield.com.au/innaloo/browse-stores/beauty-and-wellness/hair-care</loc>
  </url>
  <url>
    <loc>https://www.westfield.com.au/innaloo/browse-stores/beauty-and-wellness/hair-and-beauty</loc>
  </url>
  <url>
    <loc>https://www.westfield.com.au/innaloo/browse-stores/beauty-and-wellness/skincare</loc>
  </url>
  <url>
    <loc>https://www.westfield.com.au/innaloo/browse-stores/books-stationery-and-gifts/book-stores</loc>
  </url>
  <url>
    <loc>https://www.westfield.com.au/innaloo/browse-stores/books-stationery-and-gifts</loc>
  </url>
  <url>
    <loc>https://www.westfield.com.au/innaloo/browse-stores/beauty-and-wellness/vitamins-and-supplements</loc>
  </url>
  <url>
    <loc>https://www.westfield.com.au/innaloo/browse-stores/beauty-and-wellness/makeup</loc>
  </url>
  <url>
    <loc>https://www.westfield.com.au/innaloo/browse-stores/books-stationery-and-gifts/office-supplies</loc>
  </url>
  <url>
    <loc>https://www.westfield.com.au/innaloo/browse-stores/books-stationery-and-gifts/cards-and-gift-wrap</loc>
  </url>
  <url>
    <loc>https://www.westfield.com.au/innaloo/browse-stores/books-stationery-and-gifts/newsagencies</loc>
  </url>
  <url>
    <loc>https://www.westfield.com.au/innaloo/browse-stores/clothing-and-accessories</loc>
  </url>
  <url>
    <loc>https://www.westfield.com.au/innaloo/browse-stores/books-stationery-and-gifts/stationery</loc>
  </url>
  <url>
    <loc>https://www.westfield.com.au/innaloo/browse-stores/car-and-auto</loc>
  </url>
  <url>
    <loc>https://www.westfield.com.au/innaloo/browse-stores/clothing-and-accessories/babies-and-toddlers</loc>
  </url>
  <url>
    <loc>https://www.westfield.com.au/innaloo/browse-stores/clothing-and-accessories/footwear</loc>
  </url>
  <url>
    <loc>https://www.westfield.com.au/innaloo/browse-stores/clothing-and-accessories/jewellery-and-watches</loc>
  </url>
  <url>
    <loc>https://www.westfield.com.au/innaloo/browse-stores/clothing-and-accessories/kids-and-junior</loc>
  </url>
  <url>
    <loc>https://www.westfield.com.au/innaloo/browse-stores/clothing-and-accessories/mens-fashion</loc>
  </url>
  <url>
    <loc>https://www.westfield.com.au/innaloo/browse-stores/community-services</loc>
  </url>
  <url>
    <loc>https://www.westfield.com.au/innaloo/browse-stores/clothing-and-accessories/womens-fashion</loc>
  </url>
  <url>
    <loc>https://www.westfield.com.au/innaloo/browse-stores/discount-and-variety</loc>
  </url>
  <url>
    <loc>https://www.westfield.com.au/innaloo/browse-stores/dry-cleaning</loc>
  </url>
  <url>
    <loc>https://www.westfield.com.au/innaloo/browse-stores/department-stores</loc>
  </url>
  <url>
    <loc>https://www.westfield.com.au/innaloo/browse-stores/electronics-and-technology</loc>
  </url>
  <url>
    <loc>https://www.westfield.com.au/innaloo/browse-stores/electronics-and-technology/cameras</loc>
  </url>
  <url>
    <loc>https://www.westfield.com.au/innaloo/browse-stores/electronics-and-technology/mobile-and-accessories</loc>
  </url>
  <url>
    <loc>https://www.westfield.com.au/innaloo/browse-stores/electronics-and-technology/gaming-and-consoles</loc>
  </url>
  <url>
    <loc>https://www.westfield.com.au/innaloo/browse-stores/electronics-and-technology/computers-and-tablets</loc>
  </url>
  <url>
    <loc>https://www.westfield.com.au/innaloo/browse-stores/electronics-and-technology/navigation</loc>
  </url>
  <url>
    <loc>https://www.westfield.com.au/innaloo/browse-stores/electronics-and-technology/tv-and-audio</loc>
  </url>
  <url>
    <loc>https://www.westfield.com.au/innaloo/browse-stores/entertainment-and-activities</loc>
  </url>
  <url>
    <loc>https://www.westfield.com.au/innaloo/browse-stores/entertainment-and-activities/cinemas</loc>
  </url>
  <url>
    <loc>https://www.westfield.com.au/innaloo/browse-stores/entertainment-and-activities/learning-and-education</loc>
  </url>
  <url>
    <loc>https://www.westfield.com.au/innaloo/browse-stores/entertainment-and-activities/kids-activities</loc>
  </url>
  <url>
    <loc>https://www.westfield.com.au/innaloo/browse-stores/entertainment-and-activities/arcades-and-games</loc>
  </url>
  <url>
    <loc>https://www.westfield.com.au/innaloo/browse-stores/clothing-and-accessories/sunglasses</loc>
  </url>
  <url>
    <loc>https://www.westfield.com.au/innaloo/browse-stores/food-and-drink/asian</loc>
  </url>
  <url>
    <loc>https://www.westfield.com.au/innaloo/browse-stores/food-and-drink</loc>
  </url>
  <url>
    <loc>https://www.westfield.com.au/innaloo/browse-stores/entertainment-and-activities/music</loc>
  </url>
  <url>
    <loc>https://www.westfield.com.au/innaloo/browse-stores/food-and-drink/cafes</loc>
  </url>
  <url>
    <loc>https://www.westfield.com.au/innaloo/browse-stores/food-and-drink/dietary-requirements</loc>
  </url>
  <url>
    <loc>https://www.westfield.com.au/innaloo/browse-stores/food-and-drink/casual-dining</loc>
  </url>
  <url>
    <loc>https://www.westfield.com.au/innaloo/browse-stores/food-and-drink/breakfast-and-brunch</loc>
  </url>
  <url>
    <loc>https://www.westfield.com.au/innaloo/browse-stores/food-and-drink/fast-food</loc>
  </url>
  <url>
    <loc>https://www.westfield.com.au/innaloo/browse-stores/food-and-drink/desserts</loc>
  </url>
  <url>
    <loc>https://www.westfield.com.au/innaloo/browse-stores/food-and-drink/healthy-options</loc>
  </url>
  <url>
    <loc>https://www.westfield.com.au/innaloo/browse-stores/food-and-drink/kid-friendly</loc>
  </url>
  <url>
    <loc>https://www.westfield.com.au/innaloo/browse-stores/food-and-drink/sandwiches-and-salads</loc>
  </url>
  <url>
    <loc>https://www.westfield.com.au/innaloo/browse-stores/food-and-drink/juice-bars</loc>
  </url>
  <url>
    <loc>https://www.westfield.com.au/innaloo/browse-stores/fresh-food-and-groceries</loc>
  </url>
  <url>
    <loc>https://www.westfield.com.au/innaloo/browse-stores/foreign-currency-exchange</loc>
  </url>
  <url>
    <loc>https://www.westfield.com.au/innaloo/browse-stores/fresh-food-and-groceries/delicatessens</loc>
  </url>
  <url>
    <loc>https://www.westfield.com.au/innaloo/browse-stores/fresh-food-and-groceries/confectionery</loc>
  </url>
  <url>
    <loc>https://www.westfield.com.au/innaloo/browse-stores/fresh-food-and-groceries/bakeries</loc>
  </url>
  <url>
    <loc>https://www.westfield.com.au/innaloo/browse-stores/fresh-food-and-groceries/butchers</loc>
  </url>
  <url>
    <loc>https://www.westfield.com.au/innaloo/browse-stores/food-and-drink/takeaway</loc>
  </url>
  <url>
    <loc>https://www.westfield.com.au/innaloo/browse-stores/fresh-food-and-groceries/patisseries</loc>
  </url>
  <url>
    <loc>https://www.westfield.com.au/innaloo/browse-stores/fresh-food-and-groceries/fresh-produce</loc>
  </url>
  <url>
    <loc>https://www.westfield.com.au/innaloo/browse-stores/fresh-food-and-groceries/liquor</loc>
  </url>
  <url>
    <loc>https://www.westfield.com.au/innaloo/browse-stores/fresh-food-and-groceries/specialty-foods</loc>
  </url>
  <url>
    <loc>https://www.westfield.com.au/innaloo/browse-stores/health-and-fitness/chemists</loc>
  </url>
  <url>
    <loc>https://www.westfield.com.au/innaloo/browse-stores/fresh-food-and-groceries/supermarkets</loc>
  </url>
  <url>
    <loc>https://www.westfield.com.au/innaloo/browse-stores/health-and-fitness/gyms-and-fitness-studios</loc>
  </url>
  <url>
    <loc>https://www.westfield.com.au/innaloo/browse-stores/health-and-fitness</loc>
  </url>
  <url>
    <loc>https://www.westfield.com.au/innaloo/browse-stores/fresh-food-and-groceries/seafood</loc>
  </url>
  <url>
    <loc>https://www.westfield.com.au/innaloo/browse-stores/fresh-food-and-groceries/poultry</loc>
  </url>
  <url>
    <loc>https://www.westfield.com.au/innaloo/browse-stores/health-and-fitness/medical-centres</loc>
  </url>
  <url>
    <loc>https://www.westfield.com.au/innaloo/browse-stores/home</loc>
  </url>
  <url>
    <loc>https://www.westfield.com.au/innaloo/browse-stores/health-and-fitness/specialty-health-providers</loc>
  </url>
  <url>
    <loc>https://www.westfield.com.au/innaloo/browse-stores/health-and-fitness/optometrists</loc>
  </url>
  <url>
    <loc>https://www.westfield.com.au/innaloo/browse-stores/home/hardware</loc>
  </url>
  <url>
    <loc>https://www.westfield.com.au/innaloo/browse-stores/health-and-fitness/medicare</loc>
  </url>
  <url>
    <loc>https://www.westfield.com.au/innaloo/browse-stores/home/gifts</loc>
  </url>
  <url>
    <loc>https://www.westfield.com.au/innaloo/browse-stores/home/bedding</loc>
  </url>
  <url>
    <loc>https://www.westfield.com.au/innaloo/browse-stores/home/furniture</loc>
  </url>
  <url>
    <loc>https://www.westfield.com.au/innaloo/browse-stores/home/bath-and-home-fragrances</loc>
  </url>
  <url>
    <loc>https://www.westfield.com.au/innaloo/browse-stores/home/home-decor</loc>
  </url>
  <url>
    <loc>https://www.westfield.com.au/innaloo/browse-stores/home/photography-and-art</loc>
  </url>
  <url>
    <loc>https://www.westfield.com.au/innaloo/browse-stores/home/home-appliances</loc>
  </url>
  <url>
    <loc>https://www.westfield.com.au/innaloo/browse-stores/home/kitchen</loc>
  </url>
  <url>
    <loc>https://www.westfield.com.au/innaloo/browse-stores/home/pets</loc>
  </url>
  <url>
    <loc>https://www.westfield.com.au/innaloo/browse-stores/luggage-and-travel-accessories</loc>
  </url>
  <url>
    <loc>https://www.westfield.com.au/innaloo/browse-stores/home/picture-frames</loc>
  </url>
  <url>
    <loc>https://www.westfield.com.au/innaloo/browse-stores/luggage-and-travel-accessories/small-leather-goods</loc>
  </url>
  <url>
    <loc>https://www.westfield.com.au/innaloo/browse-stores/luggage-and-travel-accessories/backpacks-and-gym-duffle-bags</loc>
  </url>
  <url>
    <loc>https://www.westfield.com.au/innaloo/browse-stores/luggage-and-travel-accessories/laptop-cases-and-sleeves</loc>
  </url>
  <url>
    <loc>https://www.westfield.com.au/innaloo/browse-stores/luggage-and-travel-accessories/suitcases-and-travel-accessories</loc>
  </url>
  <url>
    <loc>https://www.westfield.com.au/innaloo/browse-stores/phone-repairs</loc>
  </url>
  <url>
    <loc>https://www.westfield.com.au/innaloo/browse-stores/luggage-and-travel-accessories/work-and-laptop-bags</loc>
  </url>
  <url>
    <loc>https://www.westfield.com.au/innaloo/browse-stores/photographic-services</loc>
  </url>
  <url>
    <loc>https://www.westfield.com.au/innaloo/browse-stores/post-office</loc>
  </url>
  <url>
    <loc>https://www.westfield.com.au/innaloo/browse-stores/power-gas-and-communication-services</loc>
  </url>
  <url>
    <loc>https://www.westfield.com.au/innaloo/browse-stores/professional-services</loc>
  </url>
  <url>
    <loc>https://www.westfield.com.au/innaloo/browse-stores/shoe-repair-and-key-cutting</loc>
  </url>
  <url>
    <loc>https://www.westfield.com.au/innaloo/browse-stores/sporting-goods/fitness-and-gym-equipment</loc>
  </url>
  <url>
    <loc>https://www.westfield.com.au/innaloo/browse-stores/sporting-goods/outdoors-and-camping</loc>
  </url>
  <url>
    <loc>https://www.westfield.com.au/innaloo/browse-stores/sporting-goods/activewear</loc>
  </url>
  <url>
    <loc>https://www.westfield.com.au/innaloo/browse-stores/toys-and-hobbies</loc>
  </url>
  <url>
    <loc>https://www.westfield.com.au/innaloo/browse-stores/toys-and-hobbies/hobbies</loc>
  </url>
  <url>
    <loc>https://www.westfield.com.au/innaloo/browse-stores/toys-and-hobbies/arts-and-crafts</loc>
  </url>
  <url>
    <loc>https://www.westfield.com.au/innaloo/browse-stores/toys-and-hobbies/toys</loc>
  </url>
  <url>
    <loc>https://www.westfield.com.au/innaloo/browse-stores/toys-and-hobbies/games</loc>
  </url>
  <url>
    <loc>https://www.westfield.com.au/innaloo/browse-stores/travel-agents</loc>
  </url>
  <url>
    <loc>https://www.westfield.com.au/innaloo/browse-stores/sporting-goods</loc>
  </url>
  <url>
    <loc>https://www.westfield.com.au/innaloo/browse-stores/sporting-goods/tech-and-wearables</loc>
  </url>
  <url>
    <loc>https://www.westfield.com.au/knox/browse-stores/alterations-and-tailoring</loc>
  </url>
  <url>
    <loc>https://www.westfield.com.au/knox/browse-stores/baby-and-nursery</loc>
  </url>
  <url>
    <loc>https://www.westfield.com.au/knox/browse-stores/baby-and-nursery/baby-and-infant-toys</loc>
  </url>
  <url>
    <loc>https://www.westfield.com.au/knox/browse-stores/baby-and-nursery/baby-bedding</loc>
  </url>
  <url>
    <loc>https://www.westfield.com.au/knox/browse-stores/baby-and-nursery/nursery-furniture</loc>
  </url>
  <url>
    <loc>https://www.westfield.com.au/knox/browse-stores/baby-and-nursery/tableware-and-feeding</loc>
  </url>
  <url>
    <loc>https://www.westfield.com.au/knox/browse-stores/baby-and-nursery/prams-strollers-and-carriers</loc>
  </url>
  <url>
    <loc>https://www.westfield.com.au/knox/browse-stores/banks</loc>
  </url>
  <url>
    <loc>https://www.westfield.com.au/knox/browse-stores/beauty-and-wellness</loc>
  </url>
  <url>
    <loc>https://www.westfield.com.au/knox/browse-stores/beauty-and-wellness/bath-and-body</loc>
  </url>
  <url>
    <loc>https://www.westfield.com.au/knox/browse-stores/beauty-and-wellness/hair-and-beauty</loc>
  </url>
  <url>
    <loc>https://www.westfield.com.au/knox/browse-stores/beauty-and-wellness/fragrance</loc>
  </url>
  <url>
    <loc>https://www.westfield.com.au/knox/browse-stores/beauty-and-wellness/hair-care</loc>
  </url>
  <url>
    <loc>https://www.westfield.com.au/knox/browse-stores/beauty-and-wellness/makeup</loc>
  </url>
  <url>
    <loc>https://www.westfield.com.au/knox/browse-stores/beauty-and-wellness/skincare</loc>
  </url>
  <url>
    <loc>https://www.westfield.com.au/knox/browse-stores/beauty-and-wellness/vitamins-and-supplements</loc>
  </url>
  <url>
    <loc>https://www.westfield.com.au/knox/browse-stores/books-stationery-and-gifts</loc>
  </url>
  <url>
    <loc>https://www.westfield.com.au/knox/browse-stores/books-stationery-and-gifts/book-stores</loc>
  </url>
  <url>
    <loc>https://www.westfield.com.au/knox/browse-stores/books-stationery-and-gifts/cards-and-gift-wrap</loc>
  </url>
  <url>
    <loc>https://www.westfield.com.au/knox/browse-stores/books-stationery-and-gifts/office-supplies</loc>
  </url>
  <url>
    <loc>https://www.westfield.com.au/knox/browse-stores/books-stationery-and-gifts/newsagencies</loc>
  </url>
  <url>
    <loc>https://www.westfield.com.au/knox/browse-stores/car-and-auto</loc>
  </url>
  <url>
    <loc>https://www.westfield.com.au/knox/browse-stores/books-stationery-and-gifts/stationery</loc>
  </url>
  <url>
    <loc>https://www.westfield.com.au/knox/browse-stores/childcare</loc>
  </url>
  <url>
    <loc>https://www.westfield.com.au/knox/browse-stores/clothing-and-accessories/babies-and-toddlers</loc>
  </url>
  <url>
    <loc>https://www.westfield.com.au/knox/browse-stores/clothing-and-accessories</loc>
  </url>
  <url>
    <loc>https://www.westfield.com.au/knox/browse-stores/clothing-and-accessories/footwear</loc>
  </url>
  <url>
    <loc>https://www.westfield.com.au/knox/browse-stores/clothing-and-accessories/mens-fashion</loc>
  </url>
  <url>
    <loc>https://www.westfield.com.au/knox/browse-stores/clothing-and-accessories/kids-and-junior</loc>
  </url>
  <url>
    <loc>https://www.westfield.com.au/knox/browse-stores/clothing-and-accessories/jewellery-and-watches</loc>
  </url>
  <url>
    <loc>https://www.westfield.com.au/knox/browse-stores/clothing-and-accessories/sunglasses</loc>
  </url>
  <url>
    <loc>https://www.westfield.com.au/knox/browse-stores/community-services</loc>
  </url>
  <url>
    <loc>https://www.westfield.com.au/knox/browse-stores/clothing-and-accessories/womens-fashion</loc>
  </url>
  <url>
    <loc>https://www.westfield.com.au/knox/browse-stores/discount-and-variety</loc>
  </url>
  <url>
    <loc>https://www.westfield.com.au/knox/browse-stores/designer-and-boutique</loc>
  </url>
  <url>
    <loc>https://www.westfield.com.au/knox/browse-stores/dry-cleaning</loc>
  </url>
  <url>
    <loc>https://www.westfield.com.au/knox/browse-stores/department-stores</loc>
  </url>
  <url>
    <loc>https://www.westfield.com.au/knox/browse-stores/electronics-and-technology/mobile-and-accessories</loc>
  </url>
  <url>
    <loc>https://www.westfield.com.au/knox/browse-stores/electronics-and-technology/cameras</loc>
  </url>
  <url>
    <loc>https://www.westfield.com.au/knox/browse-stores/electronics-and-technology/gaming-and-consoles</loc>
  </url>
  <url>
    <loc>https://www.westfield.com.au/knox/browse-stores/electronics-and-technology/computers-and-tablets</loc>
  </url>
  <url>
    <loc>https://www.westfield.com.au/knox/browse-stores/electronics-and-technology</loc>
  </url>
  <url>
    <loc>https://www.westfield.com.au/knox/browse-stores/electronics-and-technology/navigation</loc>
  </url>
  <url>
    <loc>https://www.westfield.com.au/knox/browse-stores/entertainment-and-activities/kids-activities</loc>
  </url>
  <url>
    <loc>https://www.westfield.com.au/knox/browse-stores/entertainment-and-activities</loc>
  </url>
  <url>
    <loc>https://www.westfield.com.au/knox/browse-stores/entertainment-and-activities/learning-and-education</loc>
  </url>
  <url>
    <loc>https://www.westfield.com.au/knox/browse-stores/electronics-and-technology/tv-and-audio</loc>
  </url>
  <url>
    <loc>https://www.westfield.com.au/knox/browse-stores/entertainment-and-activities/music</loc>
  </url>
  <url>
    <loc>https://www.westfield.com.au/knox/browse-stores/entertainment-and-activities/cinemas</loc>
  </url>
  <url>
    <loc>https://www.westfield.com.au/knox/browse-stores/entertainment-and-activities/arcades-and-games</loc>
  </url>
  <url>
    <loc>https://www.westfield.com.au/knox/browse-stores/food-and-drink/asian</loc>
  </url>
  <url>
    <loc>https://www.westfield.com.au/knox/browse-stores/food-and-drink/bars-and-pubs</loc>
  </url>
  <url>
    <loc>https://www.westfield.com.au/knox/browse-stores/food-and-drink/chocolate-cafes</loc>
  </url>
  <url>
    <loc>https://www.westfield.com.au/knox/browse-stores/food-and-drink/breakfast-and-brunch</loc>
  </url>
  <url>
    <loc>https://www.westfield.com.au/knox/browse-stores/food-and-drink/cafes</loc>
  </url>
  <url>
    <loc>https://www.westfield.com.au/knox/browse-stores/food-and-drink/casual-dining</loc>
  </url>
  <url>
    <loc>https://www.westfield.com.au/knox/browse-stores/food-and-drink/desserts</loc>
  </url>
  <url>
    <loc>https://www.westfield.com.au/knox/browse-stores/food-and-drink/dietary-requirements</loc>
  </url>
  <url>
    <loc>https://www.westfield.com.au/knox/browse-stores/food-and-drink/fine-dining</loc>
  </url>
  <url>
    <loc>https://www.westfield.com.au/knox/browse-stores/food-and-drink/fast-food</loc>
  </url>
  <url>
    <loc>https://www.westfield.com.au/knox/browse-stores/food-and-drink/kid-friendly</loc>
  </url>
  <url>
    <loc>https://www.westfield.com.au/knox/browse-stores/food-and-drink/healthy-options</loc>
  </url>
  <url>
    <loc>https://www.westfield.com.au/knox/browse-stores/food-and-drink/modern-australian</loc>
  </url>
  <url>
    <loc>https://www.westfield.com.au/knox/browse-stores/food-and-drink</loc>
  </url>
  <url>
    <loc>https://www.westfield.com.au/knox/browse-stores/food-and-drink/juice-bars</loc>
  </url>
  <url>
    <loc>https://www.westfield.com.au/knox/browse-stores/food-and-drink/sandwiches-and-salads</loc>
  </url>
  <url>
    <loc>https://www.westfield.com.au/knox/browse-stores/food-and-drink/takeaway</loc>
  </url>
  <url>
    <loc>https://www.westfield.com.au/knox/browse-stores/fresh-food-and-groceries/bakeries</loc>
  </url>
  <url>
    <loc>https://www.westfield.com.au/knox/browse-stores/foreign-currency-exchange</loc>
  </url>
  <url>
    <loc>https://www.westfield.com.au/knox/browse-stores/fresh-food-and-groceries/butchers</loc>
  </url>
  <url>
    <loc>https://www.westfield.com.au/knox/browse-stores/fresh-food-and-groceries</loc>
  </url>
  <url>
    <loc>https://www.westfield.com.au/knox/browse-stores/fresh-food-and-groceries/confectionery</loc>
  </url>
  <url>
    <loc>https://www.westfield.com.au/knox/browse-stores/fresh-food-and-groceries/patisseries</loc>
  </url>
  <url>
    <loc>https://www.westfield.com.au/knox/browse-stores/fresh-food-and-groceries/liquor</loc>
  </url>
  <url>
    <loc>https://www.westfield.com.au/knox/browse-stores/fresh-food-and-groceries/delicatessens</loc>
  </url>
  <url>
    <loc>https://www.westfield.com.au/knox/browse-stores/fresh-food-and-groceries/fresh-produce</loc>
  </url>
  <url>
    <loc>https://www.westfield.com.au/knox/browse-stores/fresh-food-and-groceries/supermarkets</loc>
  </url>
  <url>
    <loc>https://www.westfield.com.au/knox/browse-stores/fresh-food-and-groceries/seafood</loc>
  </url>
  <url>
    <loc>https://www.westfield.com.au/knox/browse-stores/fresh-food-and-groceries/specialty-foods</loc>
  </url>
  <url>
    <loc>https://www.westfield.com.au/knox/browse-stores/fresh-food-and-groceries/poultry</loc>
  </url>
  <url>
    <loc>https://www.westfield.com.au/knox/browse-stores/health-and-fitness</loc>
  </url>
  <url>
    <loc>https://www.westfield.com.au/knox/browse-stores/health-and-fitness/health-insurers</loc>
  </url>
  <url>
    <loc>https://www.westfield.com.au/knox/browse-stores/health-and-fitness/gyms-and-fitness-studios</loc>
  </url>
  <url>
    <loc>https://www.westfield.com.au/knox/browse-stores/home</loc>
  </url>
  <url>
    <loc>https://www.westfield.com.au/knox/browse-stores/health-and-fitness/specialty-health-providers</loc>
  </url>
  <url>
    <loc>https://www.westfield.com.au/knox/browse-stores/health-and-fitness/optometrists</loc>
  </url>
  <url>
    <loc>https://www.westfield.com.au/knox/browse-stores/health-and-fitness/dentists</loc>
  </url>
  <url>
    <loc>https://www.westfield.com.au/knox/browse-stores/health-and-fitness/medical-centres</loc>
  </url>
  <url>
    <loc>https://www.westfield.com.au/knox/browse-stores/home/bath-and-home-fragrances</loc>
  </url>
  <url>
    <loc>https://www.westfield.com.au/knox/browse-stores/home/bedding</loc>
  </url>
  <url>
    <loc>https://www.westfield.com.au/knox/browse-stores/home/home-decor</loc>
  </url>
  <url>
    <loc>https://www.westfield.com.au/knox/browse-stores/home/home-appliances</loc>
  </url>
  <url>
    <loc>https://www.westfield.com.au/knox/browse-stores/home/furniture</loc>
  </url>
  <url>
    <loc>https://www.westfield.com.au/knox/browse-stores/home/gifts</loc>
  </url>
  <url>
    <loc>https://www.westfield.com.au/knox/browse-stores/home/kitchen</loc>
  </url>
  <url>
    <loc>https://www.westfield.com.au/knox/browse-stores/home/pets</loc>
  </url>
  <url>
    <loc>https://www.westfield.com.au/knox/browse-stores/home/photography-and-art</loc>
  </url>
  <url>
    <loc>https://www.westfield.com.au/knox/browse-stores/luggage-and-travel-accessories/laptop-cases-and-sleeves</loc>
  </url>
  <url>
    <loc>https://www.westfield.com.au/knox/browse-stores/luggage-and-travel-accessories/backpacks-and-gym-duffle-bags</loc>
  </url>
  <url>
    <loc>https://www.westfield.com.au/knox/browse-stores/luggage-and-travel-accessories/small-leather-goods</loc>
  </url>
  <url>
    <loc>https://www.westfield.com.au/knox/browse-stores/home/picture-frames</loc>
  </url>
  <url>
    <loc>https://www.westfield.com.au/knox/browse-stores/luggage-and-travel-accessories/suitcases-and-travel-accessories</loc>
  </url>
  <url>
    <loc>https://www.westfield.com.au/knox/browse-stores/luggage-and-travel-accessories/work-and-laptop-bags</loc>
  </url>
  <url>
    <loc>https://www.westfield.com.au/knox/browse-stores/phone-repairs</loc>
  </url>
  <url>
    <loc>https://www.westfield.com.au/knox/browse-stores/photographic-services</loc>
  </url>
  <url>
    <loc>https://www.westfield.com.au/knox/browse-stores/post-office</loc>
  </url>
  <url>
    <loc>https://www.westfield.com.au/knox/browse-stores/power-gas-and-communication-services</loc>
  </url>
  <url>
    <loc>https://www.westfield.com.au/knox/browse-stores/professional-services</loc>
  </url>
  <url>
    <loc>https://www.westfield.com.au/knox/browse-stores/shoe-repair-and-key-cutting</loc>
  </url>
  <url>
    <loc>https://www.westfield.com.au/knox/browse-stores/sporting-goods/activewear</loc>
  </url>
  <url>
    <loc>https://www.westfield.com.au/knox/browse-stores/sporting-goods</loc>
  </url>
  <url>
    <loc>https://www.westfield.com.au/knox/browse-stores/sporting-goods/outdoors-and-camping</loc>
  </url>
  <url>
    <loc>https://www.westfield.com.au/knox/browse-stores/sporting-goods/fitness-and-gym-equipment</loc>
  </url>
  <url>
    <loc>https://www.westfield.com.au/knox/browse-stores/sporting-goods/tech-and-wearables</loc>
  </url>
  <url>
    <loc>https://www.westfield.com.au/knox/browse-stores/tobacconists</loc>
  </url>
  <url>
    <loc>https://www.westfield.com.au/knox/browse-stores/toys-and-hobbies</loc>
  </url>
  <url>
    <loc>https://www.westfield.com.au/knox/browse-stores/toys-and-hobbies/arts-and-crafts</loc>
  </url>
  <url>
    <loc>https://www.westfield.com.au/knox/browse-stores/toys-and-hobbies/hobbies</loc>
  </url>
  <url>
    <loc>https://www.westfield.com.au/knox/browse-stores/toys-and-hobbies/games</loc>
  </url>
  <url>
    <loc>https://www.westfield.com.au/knox/browse-stores/toys-and-hobbies/toys</loc>
  </url>
  <url>
    <loc>https://www.westfield.com.au/knox/browse-stores/travel-agents</loc>
  </url>
  <url>
    <loc>https://www.westfield.com.au/knox/browse-stores/home/hardware</loc>
  </url>
  <url>
    <loc>https://www.westfield.com.au/knox/browse-stores/luggage-and-travel-accessories</loc>
  </url>
  <url>
    <loc>https://www.westfield.com.au/knox/browse-stores/health-and-fitness/chemists</loc>
  </url>
  <url>
    <loc>https://www.westfield.com.au/kotara/browse-stores/alterations-and-tailoring</loc>
  </url>
  <url>
    <loc>https://www.westfield.com.au/kotara/browse-stores/baby-and-nursery</loc>
  </url>
  <url>
    <loc>https://www.westfield.com.au/kotara/browse-stores/baby-and-nursery/baby-and-infant-toys</loc>
  </url>
  <url>
    <loc>https://www.westfield.com.au/kotara/browse-stores/baby-and-nursery/baby-bedding</loc>
  </url>
  <url>
    <loc>https://www.westfield.com.au/kotara/browse-stores/baby-and-nursery/nursery-furniture</loc>
  </url>
  <url>
    <loc>https://www.westfield.com.au/kotara/browse-stores/baby-and-nursery/prams-strollers-and-carriers</loc>
  </url>
  <url>
    <loc>https://www.westfield.com.au/kotara/browse-stores/baby-and-nursery/tableware-and-feeding</loc>
  </url>
  <url>
    <loc>https://www.westfield.com.au/kotara/browse-stores/beauty-and-wellness</loc>
  </url>
  <url>
    <loc>https://www.westfield.com.au/kotara/browse-stores/beauty-and-wellness/fragrance</loc>
  </url>
  <url>
    <loc>https://www.westfield.com.au/kotara/browse-stores/beauty-and-wellness/bath-and-body</loc>
  </url>
  <url>
    <loc>https://www.westfield.com.au/kotara/browse-stores/banks</loc>
  </url>
  <url>
    <loc>https://www.westfield.com.au/kotara/browse-stores/beauty-and-wellness/hair-and-beauty</loc>
  </url>
  <url>
    <loc>https://www.westfield.com.au/kotara/browse-stores/beauty-and-wellness/hair-care</loc>
  </url>
  <url>
    <loc>https://www.westfield.com.au/kotara/browse-stores/beauty-and-wellness/makeup</loc>
  </url>
  <url>
    <loc>https://www.westfield.com.au/kotara/browse-stores/beauty-and-wellness/vitamins-and-supplements</loc>
  </url>
  <url>
    <loc>https://www.westfield.com.au/kotara/browse-stores/beauty-and-wellness/skincare</loc>
  </url>
  <url>
    <loc>https://www.westfield.com.au/kotara/browse-stores/books-stationery-and-gifts/cards-and-gift-wrap</loc>
  </url>
  <url>
    <loc>https://www.westfield.com.au/kotara/browse-stores/books-stationery-and-gifts/book-stores</loc>
  </url>
  <url>
    <loc>https://www.westfield.com.au/kotara/browse-stores/books-stationery-and-gifts/office-supplies</loc>
  </url>
  <url>
    <loc>https://www.westfield.com.au/kotara/browse-stores/books-stationery-and-gifts/newsagencies</loc>
  </url>
  <url>
    <loc>https://www.westfield.com.au/kotara/browse-stores/books-stationery-and-gifts/stationery</loc>
  </url>
  <url>
    <loc>https://www.westfield.com.au/kotara/browse-stores/clothing-and-accessories</loc>
  </url>
  <url>
    <loc>https://www.westfield.com.au/kotara/browse-stores/car-and-auto</loc>
  </url>
  <url>
    <loc>https://www.westfield.com.au/kotara/browse-stores/books-stationery-and-gifts</loc>
  </url>
  <url>
    <loc>https://www.westfield.com.au/kotara/browse-stores/clothing-and-accessories/babies-and-toddlers</loc>
  </url>
  <url>
    <loc>https://www.westfield.com.au/kotara/browse-stores/clothing-and-accessories/footwear</loc>
  </url>
  <url>
    <loc>https://www.westfield.com.au/kotara/browse-stores/clothing-and-accessories/jewellery-and-watches</loc>
  </url>
  <url>
    <loc>https://www.westfield.com.au/kotara/browse-stores/clothing-and-accessories/kids-and-junior</loc>
  </url>
  <url>
    <loc>https://www.westfield.com.au/kotara/browse-stores/clothing-and-accessories/mens-fashion</loc>
  </url>
  <url>
    <loc>https://www.westfield.com.au/kotara/browse-stores/clothing-and-accessories/sunglasses</loc>
  </url>
  <url>
    <loc>https://www.westfield.com.au/kotara/browse-stores/community-services</loc>
  </url>
  <url>
    <loc>https://www.westfield.com.au/kotara/browse-stores/clothing-and-accessories/womens-fashion</loc>
  </url>
  <url>
    <loc>https://www.westfield.com.au/kotara/browse-stores/department-stores</loc>
  </url>
  <url>
    <loc>https://www.westfield.com.au/kotara/browse-stores/discount-and-variety</loc>
  </url>
  <url>
    <loc>https://www.westfield.com.au/kotara/browse-stores/electronics-and-technology</loc>
  </url>
  <url>
    <loc>https://www.westfield.com.au/kotara/browse-stores/electronics-and-technology/cameras</loc>
  </url>
  <url>
    <loc>https://www.westfield.com.au/kotara/browse-stores/designer-and-boutique</loc>
  </url>
  <url>
    <loc>https://www.westfield.com.au/kotara/browse-stores/electronics-and-technology/gaming-and-consoles</loc>
  </url>
  <url>
    <loc>https://www.westfield.com.au/kotara/browse-stores/electronics-and-technology/computers-and-tablets</loc>
  </url>
  <url>
    <loc>https://www.westfield.com.au/kotara/browse-stores/electronics-and-technology/mobile-and-accessories</loc>
  </url>
  <url>
    <loc>https://www.westfield.com.au/kotara/browse-stores/electronics-and-technology/navigation</loc>
  </url>
  <url>
    <loc>https://www.westfield.com.au/kotara/browse-stores/electronics-and-technology/tv-and-audio</loc>
  </url>
  <url>
    <loc>https://www.westfield.com.au/kotara/browse-stores/entertainment-and-activities</loc>
  </url>
  <url>
    <loc>https://www.westfield.com.au/kotara/browse-stores/entertainment-and-activities/cinemas</loc>
  </url>
  <url>
    <loc>https://www.westfield.com.au/kotara/browse-stores/entertainment-and-activities/arcades-and-games</loc>
  </url>
  <url>
    <loc>https://www.westfield.com.au/kotara/browse-stores/entertainment-and-activities/music</loc>
  </url>
  <url>
    <loc>https://www.westfield.com.au/kotara/browse-stores/entertainment-and-activities/kids-activities</loc>
  </url>
  <url>
    <loc>https://www.westfield.com.au/kotara/browse-stores/food-and-drink</loc>
  </url>
  <url>
    <loc>https://www.westfield.com.au/kotara/browse-stores/entertainment-and-activities/learning-and-education</loc>
  </url>
  <url>
    <loc>https://www.westfield.com.au/kotara/browse-stores/florists</loc>
  </url>
  <url>
    <loc>https://www.westfield.com.au/kotara/browse-stores/food-and-drink/asian</loc>
  </url>
  <url>
    <loc>https://www.westfield.com.au/kotara/browse-stores/food-and-drink/breakfast-and-brunch</loc>
  </url>
  <url>
    <loc>https://www.westfield.com.au/kotara/browse-stores/food-and-drink/bars-and-pubs</loc>
  </url>
  <url>
    <loc>https://www.westfield.com.au/kotara/browse-stores/food-and-drink/casual-dining</loc>
  </url>
  <url>
    <loc>https://www.westfield.com.au/kotara/browse-stores/food-and-drink/cafes</loc>
  </url>
  <url>
    <loc>https://www.westfield.com.au/kotara/browse-stores/food-and-drink/greek</loc>
  </url>
  <url>
    <loc>https://www.westfield.com.au/kotara/browse-stores/food-and-drink/fast-food</loc>
  </url>
  <url>
    <loc>https://www.westfield.com.au/kotara/browse-stores/food-and-drink/desserts</loc>
  </url>
  <url>
    <loc>https://www.westfield.com.au/kotara/browse-stores/food-and-drink/healthy-options</loc>
  </url>
  <url>
    <loc>https://www.westfield.com.au/kotara/browse-stores/food-and-drink/dietary-requirements</loc>
  </url>
  <url>
    <loc>https://www.westfield.com.au/kotara/browse-stores/food-and-drink/fine-dining</loc>
  </url>
  <url>
    <loc>https://www.westfield.com.au/kotara/browse-stores/food-and-drink/kid-friendly</loc>
  </url>
  <url>
    <loc>https://www.westfield.com.au/kotara/browse-stores/food-and-drink/juice-bars</loc>
  </url>
  <url>
    <loc>https://www.westfield.com.au/kotara/browse-stores/food-and-drink/mexican-and-latin-american</loc>
  </url>
  <url>
    <loc>https://www.westfield.com.au/kotara/browse-stores/food-and-drink/modern-australian</loc>
  </url>
  <url>
    <loc>https://www.westfield.com.au/kotara/browse-stores/food-and-drink/sandwiches-and-salads</loc>
  </url>
  <url>
    <loc>https://www.westfield.com.au/kotara/browse-stores/foreign-currency-exchange</loc>
  </url>
  <url>
    <loc>https://www.westfield.com.au/kotara/browse-stores/food-and-drink/italian</loc>
  </url>
  <url>
    <loc>https://www.westfield.com.au/kotara/browse-stores/food-and-drink/takeaway</loc>
  </url>
  <url>
    <loc>https://www.westfield.com.au/kotara/browse-stores/fresh-food-and-groceries/bakeries</loc>
  </url>
  <url>
    <loc>https://www.westfield.com.au/kotara/browse-stores/fresh-food-and-groceries</loc>
  </url>
  <url>
    <loc>https://www.westfield.com.au/kotara/browse-stores/fresh-food-and-groceries/confectionery</loc>
  </url>
  <url>
    <loc>https://www.westfield.com.au/kotara/browse-stores/fresh-food-and-groceries/butchers</loc>
  </url>
  <url>
    <loc>https://www.westfield.com.au/kotara/browse-stores/fresh-food-and-groceries/fresh-produce</loc>
  </url>
  <url>
    <loc>https://www.westfield.com.au/kotara/browse-stores/fresh-food-and-groceries/liquor</loc>
  </url>
  <url>
    <loc>https://www.westfield.com.au/kotara/browse-stores/fresh-food-and-groceries/delicatessens</loc>
  </url>
  <url>
    <loc>https://www.westfield.com.au/kotara/browse-stores/fresh-food-and-groceries/poultry</loc>
  </url>
  <url>
    <loc>https://www.westfield.com.au/kotara/browse-stores/fresh-food-and-groceries/specialty-foods</loc>
  </url>
  <url>
    <loc>https://www.westfield.com.au/kotara/browse-stores/fresh-food-and-groceries/seafood</loc>
  </url>
  <url>
    <loc>https://www.westfield.com.au/kotara/browse-stores/fresh-food-and-groceries/supermarkets</loc>
  </url>
  <url>
    <loc>https://www.westfield.com.au/kotara/browse-stores/health-and-fitness/chemists</loc>
  </url>
  <url>
    <loc>https://www.westfield.com.au/kotara/browse-stores/health-and-fitness</loc>
  </url>
  <url>
    <loc>https://www.westfield.com.au/kotara/browse-stores/health-and-fitness/dentists</loc>
  </url>
  <url>
    <loc>https://www.westfield.com.au/kotara/browse-stores/fresh-food-and-groceries/patisseries</loc>
  </url>
  <url>
    <loc>https://www.westfield.com.au/kotara/browse-stores/health-and-fitness/gyms-and-fitness-studios</loc>
  </url>
  <url>
    <loc>https://www.westfield.com.au/kotara/browse-stores/health-and-fitness/medical-centres</loc>
  </url>
  <url>
    <loc>https://www.westfield.com.au/kotara/browse-stores/health-and-fitness/health-insurers</loc>
  </url>
  <url>
    <loc>https://www.westfield.com.au/kotara/browse-stores/health-and-fitness/specialty-health-providers</loc>
  </url>
  <url>
    <loc>https://www.westfield.com.au/kotara/browse-stores/home</loc>
  </url>
  <url>
    <loc>https://www.westfield.com.au/kotara/browse-stores/health-and-fitness/optometrists</loc>
  </url>
  <url>
    <loc>https://www.westfield.com.au/kotara/browse-stores/home/bath-and-home-fragrances</loc>
  </url>
  <url>
    <loc>https://www.westfield.com.au/kotara/browse-stores/home/furniture</loc>
  </url>
  <url>
    <loc>https://www.westfield.com.au/kotara/browse-stores/home/bedding</loc>
  </url>
  <url>
    <loc>https://www.westfield.com.au/kotara/browse-stores/home/hardware</loc>
  </url>
  <url>
    <loc>https://www.westfield.com.au/kotara/browse-stores/home/gifts</loc>
  </url>
  <url>
    <loc>https://www.westfield.com.au/kotara/browse-stores/home/home-appliances</loc>
  </url>
  <url>
    <loc>https://www.westfield.com.au/kotara/browse-stores/home/home-decor</loc>
  </url>
  <url>
    <loc>https://www.westfield.com.au/kotara/browse-stores/home/pets</loc>
  </url>
  <url>
    <loc>https://www.westfield.com.au/kotara/browse-stores/home/kitchen</loc>
  </url>
  <url>
    <loc>https://www.westfield.com.au/kotara/browse-stores/home/photography-and-art</loc>
  </url>
  <url>
    <loc>https://www.westfield.com.au/kotara/browse-stores/home/picture-frames</loc>
  </url>
  <url>
    <loc>https://www.westfield.com.au/kotara/browse-stores/luggage-and-travel-accessories/small-leather-goods</loc>
  </url>
  <url>
    <loc>https://www.westfield.com.au/kotara/browse-stores/luggage-and-travel-accessories/laptop-cases-and-sleeves</loc>
  </url>
  <url>
    <loc>https://www.westfield.com.au/kotara/browse-stores/luxury-and-premium/luxury</loc>
  </url>
  <url>
    <loc>https://www.westfield.com.au/kotara/browse-stores/luggage-and-travel-accessories</loc>
  </url>
  <url>
    <loc>https://www.westfield.com.au/kotara/browse-stores/luggage-and-travel-accessories/work-and-laptop-bags</loc>
  </url>
  <url>
    <loc>https://www.westfield.com.au/kotara/browse-stores/luggage-and-travel-accessories/suitcases-and-travel-accessories</loc>
  </url>
  <url>
    <loc>https://www.westfield.com.au/kotara/browse-stores/luxury-and-premium/australian-designer</loc>
  </url>
  <url>
    <loc>https://www.westfield.com.au/kotara/browse-stores/luggage-and-travel-accessories/backpacks-and-gym-duffle-bags</loc>
  </url>
  <url>
    <loc>https://www.westfield.com.au/kotara/browse-stores/phone-repairs</loc>
  </url>
  <url>
    <loc>https://www.westfield.com.au/kotara/browse-stores/photographic-services</loc>
  </url>
  <url>
    <loc>https://www.westfield.com.au/kotara/browse-stores/sporting-goods</loc>
  </url>
  <url>
    <loc>https://www.westfield.com.au/kotara/browse-stores/luxury-and-premium/premium-brands</loc>
  </url>
  <url>
    <loc>https://www.westfield.com.au/kotara/browse-stores/shoe-repair-and-key-cutting</loc>
  </url>
  <url>
    <loc>https://www.westfield.com.au/kotara/browse-stores/power-gas-and-communication-services</loc>
  </url>
  <url>
    <loc>https://www.westfield.com.au/kotara/browse-stores/sporting-goods/fitness-and-gym-equipment</loc>
  </url>
  <url>
    <loc>https://www.westfield.com.au/kotara/browse-stores/sporting-goods/activewear</loc>
  </url>
  <url>
    <loc>https://www.westfield.com.au/kotara/browse-stores/sporting-goods/outdoors-and-camping</loc>
  </url>
  <url>
    <loc>https://www.westfield.com.au/kotara/browse-stores/tobacconists</loc>
  </url>
  <url>
    <loc>https://www.westfield.com.au/kotara/browse-stores/toys-and-hobbies</loc>
  </url>
  <url>
    <loc>https://www.westfield.com.au/kotara/browse-stores/toys-and-hobbies/arts-and-crafts</loc>
  </url>
  <url>
    <loc>https://www.westfield.com.au/kotara/browse-stores/toys-and-hobbies/games</loc>
  </url>
  <url>
    <loc>https://www.westfield.com.au/kotara/browse-stores/toys-and-hobbies/hobbies</loc>
  </url>
  <url>
    <loc>https://www.westfield.com.au/kotara/browse-stores/sporting-goods/tech-and-wearables</loc>
  </url>
  <url>
    <loc>https://www.westfield.com.au/kotara/browse-stores/toys-and-hobbies/toys</loc>
  </url>
  <url>
    <loc>https://www.westfield.com.au/kotara/browse-stores/luxury-and-premium</loc>
  </url>
  <url>
    <loc>https://www.westfield.com.au/kotara/browse-stores/travel-agents</loc>
  </url>
  <url>
    <loc>https://www.westfield.com.au/liverpool/browse-stores/baby-and-nursery</loc>
  </url>
  <url>
    <loc>https://www.westfield.com.au/liverpool/browse-stores/alterations-and-tailoring</loc>
  </url>
  <url>
    <loc>https://www.westfield.com.au/liverpool/browse-stores/baby-and-nursery/baby-and-infant-toys</loc>
  </url>
  <url>
    <loc>https://www.westfield.com.au/liverpool/browse-stores/baby-and-nursery/nursery-furniture</loc>
  </url>
  <url>
    <loc>https://www.westfield.com.au/liverpool/browse-stores/baby-and-nursery/prams-strollers-and-carriers</loc>
  </url>
  <url>
    <loc>https://www.westfield.com.au/liverpool/browse-stores/baby-and-nursery/baby-bedding</loc>
  </url>
  <url>
    <loc>https://www.westfield.com.au/liverpool/browse-stores/banks</loc>
  </url>
  <url>
    <loc>https://www.westfield.com.au/liverpool/browse-stores/beauty-and-wellness/bath-and-body</loc>
  </url>
  <url>
    <loc>https://www.westfield.com.au/liverpool/browse-stores/beauty-and-wellness</loc>
  </url>
  <url>
    <loc>https://www.westfield.com.au/liverpool/browse-stores/baby-and-nursery/tableware-and-feeding</loc>
  </url>
  <url>
    <loc>https://www.westfield.com.au/liverpool/browse-stores/beauty-and-wellness/makeup</loc>
  </url>
  <url>
    <loc>https://www.westfield.com.au/liverpool/browse-stores/beauty-and-wellness/fragrance</loc>
  </url>
  <url>
    <loc>https://www.westfield.com.au/liverpool/browse-stores/beauty-and-wellness/hair-care</loc>
  </url>
  <url>
    <loc>https://www.westfield.com.au/liverpool/browse-stores/beauty-and-wellness/vitamins-and-supplements</loc>
  </url>
  <url>
    <loc>https://www.westfield.com.au/liverpool/browse-stores/beauty-and-wellness/skincare</loc>
  </url>
  <url>
    <loc>https://www.westfield.com.au/liverpool/browse-stores/beauty-and-wellness/hair-and-beauty</loc>
  </url>
  <url>
    <loc>https://www.westfield.com.au/liverpool/browse-stores/books-stationery-and-gifts/book-stores</loc>
  </url>
  <url>
    <loc>https://www.westfield.com.au/liverpool/browse-stores/books-stationery-and-gifts/office-supplies</loc>
  </url>
  <url>
    <loc>https://www.westfield.com.au/liverpool/browse-stores/clothing-and-accessories</loc>
  </url>
  <url>
    <loc>https://www.westfield.com.au/liverpool/browse-stores/books-stationery-and-gifts</loc>
  </url>
  <url>
    <loc>https://www.westfield.com.au/liverpool/browse-stores/books-stationery-and-gifts/newsagencies</loc>
  </url>
  <url>
    <loc>https://www.westfield.com.au/liverpool/browse-stores/car-and-auto</loc>
  </url>
  <url>
    <loc>https://www.westfield.com.au/liverpool/browse-stores/books-stationery-and-gifts/cards-and-gift-wrap</loc>
  </url>
  <url>
    <loc>https://www.westfield.com.au/liverpool/browse-stores/books-stationery-and-gifts/stationery</loc>
  </url>
  <url>
    <loc>https://www.westfield.com.au/liverpool/browse-stores/clothing-and-accessories/kids-and-junior</loc>
  </url>
  <url>
    <loc>https://www.westfield.com.au/liverpool/browse-stores/clothing-and-accessories/babies-and-toddlers</loc>
  </url>
  <url>
    <loc>https://www.westfield.com.au/liverpool/browse-stores/clothing-and-accessories/footwear</loc>
  </url>
  <url>
    <loc>https://www.westfield.com.au/liverpool/browse-stores/clothing-and-accessories/jewellery-and-watches</loc>
  </url>
  <url>
    <loc>https://www.westfield.com.au/liverpool/browse-stores/clothing-and-accessories/mens-fashion</loc>
  </url>
  <url>
    <loc>https://www.westfield.com.au/liverpool/browse-stores/clothing-and-accessories/sunglasses</loc>
  </url>
  <url>
    <loc>https://www.westfield.com.au/liverpool/browse-stores/community-services</loc>
  </url>
  <url>
    <loc>https://www.westfield.com.au/liverpool/browse-stores/designer-and-boutique</loc>
  </url>
  <url>
    <loc>https://www.westfield.com.au/liverpool/browse-stores/dry-cleaning</loc>
  </url>
  <url>
    <loc>https://www.westfield.com.au/liverpool/browse-stores/department-stores</loc>
  </url>
  <url>
    <loc>https://www.westfield.com.au/liverpool/browse-stores/electronics-and-technology</loc>
  </url>
  <url>
    <loc>https://www.westfield.com.au/liverpool/browse-stores/discount-and-variety</loc>
  </url>
  <url>
    <loc>https://www.westfield.com.au/liverpool/browse-stores/clothing-and-accessories/womens-fashion</loc>
  </url>
  <url>
    <loc>https://www.westfield.com.au/liverpool/browse-stores/electronics-and-technology/cameras</loc>
  </url>
  <url>
    <loc>https://www.westfield.com.au/liverpool/browse-stores/electronics-and-technology/computers-and-tablets</loc>
  </url>
  <url>
    <loc>https://www.westfield.com.au/liverpool/browse-stores/electronics-and-technology/navigation</loc>
  </url>
  <url>
    <loc>https://www.westfield.com.au/liverpool/browse-stores/entertainment-and-activities</loc>
  </url>
  <url>
    <loc>https://www.westfield.com.au/liverpool/browse-stores/entertainment-and-activities/arcades-and-games</loc>
  </url>
  <url>
    <loc>https://www.westfield.com.au/liverpool/browse-stores/electronics-and-technology/mobile-and-accessories</loc>
  </url>
  <url>
    <loc>https://www.westfield.com.au/liverpool/browse-stores/entertainment-and-activities/cinemas</loc>
  </url>
  <url>
    <loc>https://www.westfield.com.au/liverpool/browse-stores/electronics-and-technology/gaming-and-consoles</loc>
  </url>
  <url>
    <loc>https://www.westfield.com.au/liverpool/browse-stores/electronics-and-technology/tv-and-audio</loc>
  </url>
  <url>
    <loc>https://www.westfield.com.au/liverpool/browse-stores/entertainment-and-activities/learning-and-education</loc>
  </url>
  <url>
    <loc>https://www.westfield.com.au/liverpool/browse-stores/food-and-drink</loc>
  </url>
  <url>
    <loc>https://www.westfield.com.au/liverpool/browse-stores/food-and-drink/asian</loc>
  </url>
  <url>
    <loc>https://www.westfield.com.au/liverpool/browse-stores/florists</loc>
  </url>
  <url>
    <loc>https://www.westfield.com.au/liverpool/browse-stores/food-and-drink/cafes</loc>
  </url>
  <url>
    <loc>https://www.westfield.com.au/liverpool/browse-stores/food-and-drink/casual-dining</loc>
  </url>
  <url>
    <loc>https://www.westfield.com.au/liverpool/browse-stores/food-and-drink/chocolate-cafes</loc>
  </url>
  <url>
    <loc>https://www.westfield.com.au/liverpool/browse-stores/entertainment-and-activities/music</loc>
  </url>
  <url>
    <loc>https://www.westfield.com.au/liverpool/browse-stores/food-and-drink/desserts</loc>
  </url>
  <url>
    <loc>https://www.westfield.com.au/liverpool/browse-stores/food-and-drink/dietary-requirements</loc>
  </url>
  <url>
    <loc>https://www.westfield.com.au/liverpool/browse-stores/food-and-drink/fast-food</loc>
  </url>
  <url>
    <loc>https://www.westfield.com.au/liverpool/browse-stores/food-and-drink/healthy-options</loc>
  </url>
  <url>
    <loc>https://www.westfield.com.au/liverpool/browse-stores/food-and-drink/juice-bars</loc>
  </url>
  <url>
    <loc>https://www.westfield.com.au/liverpool/browse-stores/food-and-drink/kid-friendly</loc>
  </url>
  <url>
    <loc>https://www.westfield.com.au/liverpool/browse-stores/food-and-drink/middle-eastern</loc>
  </url>
  <url>
    <loc>https://www.westfield.com.au/liverpool/browse-stores/food-and-drink/sandwiches-and-salads</loc>
  </url>
  <url>
    <loc>https://www.westfield.com.au/liverpool/browse-stores/food-and-drink/takeaway</loc>
  </url>
  <url>
    <loc>https://www.westfield.com.au/liverpool/browse-stores/fresh-food-and-groceries/butchers</loc>
  </url>
  <url>
    <loc>https://www.westfield.com.au/liverpool/browse-stores/fresh-food-and-groceries</loc>
  </url>
  <url>
    <loc>https://www.westfield.com.au/liverpool/browse-stores/fresh-food-and-groceries/bakeries</loc>
  </url>
  <url>
    <loc>https://www.westfield.com.au/liverpool/browse-stores/foreign-currency-exchange</loc>
  </url>
  <url>
    <loc>https://www.westfield.com.au/liverpool/browse-stores/fresh-food-and-groceries/confectionery</loc>
  </url>
  <url>
    <loc>https://www.westfield.com.au/liverpool/browse-stores/fresh-food-and-groceries/delicatessens</loc>
  </url>
  <url>
    <loc>https://www.westfield.com.au/liverpool/browse-stores/fresh-food-and-groceries/fresh-produce</loc>
  </url>
  <url>
    <loc>https://www.westfield.com.au/liverpool/browse-stores/fresh-food-and-groceries/liquor</loc>
  </url>
  <url>
    <loc>https://www.westfield.com.au/liverpool/browse-stores/fresh-food-and-groceries/patisseries</loc>
  </url>
  <url>
    <loc>https://www.westfield.com.au/liverpool/browse-stores/fresh-food-and-groceries/poultry</loc>
  </url>
  <url>
    <loc>https://www.westfield.com.au/liverpool/browse-stores/fresh-food-and-groceries/seafood</loc>
  </url>
  <url>
    <loc>https://www.westfield.com.au/liverpool/browse-stores/fresh-food-and-groceries/specialty-foods</loc>
  </url>
  <url>
    <loc>https://www.westfield.com.au/liverpool/browse-stores/fresh-food-and-groceries/supermarkets</loc>
  </url>
  <url>
    <loc>https://www.westfield.com.au/liverpool/browse-stores/health-and-fitness</loc>
  </url>
  <url>
    <loc>https://www.westfield.com.au/liverpool/browse-stores/health-and-fitness/chemists</loc>
  </url>
  <url>
    <loc>https://www.westfield.com.au/liverpool/browse-stores/health-and-fitness/gyms-and-fitness-studios</loc>
  </url>
  <url>
    <loc>https://www.westfield.com.au/liverpool/browse-stores/health-and-fitness/dentists</loc>
  </url>
  <url>
    <loc>https://www.westfield.com.au/liverpool/browse-stores/health-and-fitness/medical-centres</loc>
  </url>
  <url>
    <loc>https://www.westfield.com.au/liverpool/browse-stores/health-and-fitness/optometrists</loc>
  </url>
  <url>
    <loc>https://www.westfield.com.au/liverpool/browse-stores/food-and-drink/breakfast-and-brunch</loc>
  </url>
  <url>
    <loc>https://www.westfield.com.au/liverpool/browse-stores/health-and-fitness/health-insurers</loc>
  </url>
  <url>
    <loc>https://www.westfield.com.au/liverpool/browse-stores/health-and-fitness/specialty-health-providers</loc>
  </url>
  <url>
    <loc>https://www.westfield.com.au/liverpool/browse-stores/home</loc>
  </url>
  <url>
    <loc>https://www.westfield.com.au/liverpool/browse-stores/home/furniture</loc>
  </url>
  <url>
    <loc>https://www.westfield.com.au/liverpool/browse-stores/home/bath-and-home-fragrances</loc>
  </url>
  <url>
    <loc>https://www.westfield.com.au/liverpool/browse-stores/home/bedding</loc>
  </url>
  <url>
    <loc>https://www.westfield.com.au/liverpool/browse-stores/home/home-appliances</loc>
  </url>
  <url>
    <loc>https://www.westfield.com.au/liverpool/browse-stores/home/hardware</loc>
  </url>
  <url>
    <loc>https://www.westfield.com.au/liverpool/browse-stores/home/gifts</loc>
  </url>
  <url>
    <loc>https://www.westfield.com.au/liverpool/browse-stores/home/home-decor</loc>
  </url>
  <url>
    <loc>https://www.westfield.com.au/liverpool/browse-stores/home/kitchen</loc>
  </url>
  <url>
    <loc>https://www.westfield.com.au/liverpool/browse-stores/home/photography-and-art</loc>
  </url>
  <url>
    <loc>https://www.westfield.com.au/liverpool/browse-stores/luggage-and-travel-accessories</loc>
  </url>
  <url>
    <loc>https://www.westfield.com.au/liverpool/browse-stores/home/picture-frames</loc>
  </url>
  <url>
    <loc>https://www.westfield.com.au/liverpool/browse-stores/luggage-and-travel-accessories/laptop-cases-and-sleeves</loc>
  </url>
  <url>
    <loc>https://www.westfield.com.au/liverpool/browse-stores/luggage-and-travel-accessories/backpacks-and-gym-duffle-bags</loc>
  </url>
  <url>
    <loc>https://www.westfield.com.au/liverpool/browse-stores/luggage-and-travel-accessories/small-leather-goods</loc>
  </url>
  <url>
    <loc>https://www.westfield.com.au/liverpool/browse-stores/luggage-and-travel-accessories/suitcases-and-travel-accessories</loc>
  </url>
  <url>
    <loc>https://www.westfield.com.au/liverpool/browse-stores/home/pets</loc>
  </url>
  <url>
    <loc>https://www.westfield.com.au/liverpool/browse-stores/luggage-and-travel-accessories/work-and-laptop-bags</loc>
  </url>
  <url>
    <loc>https://www.westfield.com.au/liverpool/browse-stores/luxury-and-premium</loc>
  </url>
  <url>
    <loc>https://www.westfield.com.au/liverpool/browse-stores/phone-repairs</loc>
  </url>
  <url>
    <loc>https://www.westfield.com.au/liverpool/browse-stores/power-gas-and-communication-services</loc>
  </url>
  <url>
    <loc>https://www.westfield.com.au/liverpool/browse-stores/post-office</loc>
  </url>
  <url>
    <loc>https://www.westfield.com.au/liverpool/browse-stores/photographic-services</loc>
  </url>
  <url>
    <loc>https://www.westfield.com.au/liverpool/browse-stores/luxury-and-premium/australian-designer</loc>
  </url>
  <url>
    <loc>https://www.westfield.com.au/liverpool/browse-stores/shoe-repair-and-key-cutting</loc>
  </url>
  <url>
    <loc>https://www.westfield.com.au/liverpool/browse-stores/sporting-goods</loc>
  </url>
  <url>
    <loc>https://www.westfield.com.au/liverpool/browse-stores/sporting-goods/activewear</loc>
  </url>
  <url>
    <loc>https://www.westfield.com.au/liverpool/browse-stores/sporting-goods/fitness-and-gym-equipment</loc>
  </url>
  <url>
    <loc>https://www.westfield.com.au/liverpool/browse-stores/sporting-goods/outdoors-and-camping</loc>
  </url>
  <url>
    <loc>https://www.westfield.com.au/liverpool/browse-stores/sporting-goods/tech-and-wearables</loc>
  </url>
  <url>
    <loc>https://www.westfield.com.au/liverpool/browse-stores/tobacconists</loc>
  </url>
  <url>
    <loc>https://www.westfield.com.au/liverpool/browse-stores/toys-and-hobbies/toys</loc>
  </url>
  <url>
    <loc>https://www.westfield.com.au/liverpool/browse-stores/toys-and-hobbies/hobbies</loc>
  </url>
  <url>
    <loc>https://www.westfield.com.au/liverpool/browse-stores/toys-and-hobbies/games</loc>
  </url>
  <url>
    <loc>https://www.westfield.com.au/liverpool/browse-stores/toys-and-hobbies/arts-and-crafts</loc>
  </url>
  <url>
    <loc>https://www.westfield.com.au/liverpool/browse-stores/travel-agents</loc>
  </url>
  <url>
    <loc>https://www.westfield.com.au/liverpool/browse-stores/toys-and-hobbies</loc>
  </url>
  <url>
    <loc>https://www.westfield.com.au/marion/browse-stores/alterations-and-tailoring</loc>
  </url>
  <url>
    <loc>https://www.westfield.com.au/marion/browse-stores/baby-and-nursery</loc>
  </url>
  <url>
    <loc>https://www.westfield.com.au/marion/browse-stores/baby-and-nursery/baby-and-infant-toys</loc>
  </url>
  <url>
    <loc>https://www.westfield.com.au/marion/browse-stores/baby-and-nursery/baby-bedding</loc>
  </url>
  <url>
    <loc>https://www.westfield.com.au/marion/browse-stores/baby-and-nursery/prams-strollers-and-carriers</loc>
  </url>
  <url>
    <loc>https://www.westfield.com.au/marion/browse-stores/baby-and-nursery/nursery-furniture</loc>
  </url>
  <url>
    <loc>https://www.westfield.com.au/marion/browse-stores/baby-and-nursery/tableware-and-feeding</loc>
  </url>
  <url>
    <loc>https://www.westfield.com.au/marion/browse-stores/banks</loc>
  </url>
  <url>
    <loc>https://www.westfield.com.au/marion/browse-stores/beauty-and-wellness/bath-and-body</loc>
  </url>
  <url>
    <loc>https://www.westfield.com.au/marion/browse-stores/beauty-and-wellness</loc>
  </url>
  <url>
    <loc>https://www.westfield.com.au/marion/browse-stores/beauty-and-wellness/hair-and-beauty</loc>
  </url>
  <url>
    <loc>https://www.westfield.com.au/marion/browse-stores/beauty-and-wellness/fragrance</loc>
  </url>
  <url>
    <loc>https://www.westfield.com.au/marion/browse-stores/beauty-and-wellness/hair-care</loc>
  </url>
  <url>
    <loc>https://www.westfield.com.au/marion/browse-stores/beauty-and-wellness/skincare</loc>
  </url>
  <url>
    <loc>https://www.westfield.com.au/marion/browse-stores/beauty-and-wellness/vitamins-and-supplements</loc>
  </url>
  <url>
    <loc>https://www.westfield.com.au/marion/browse-stores/books-stationery-and-gifts</loc>
  </url>
  <url>
    <loc>https://www.westfield.com.au/marion/browse-stores/books-stationery-and-gifts/book-stores</loc>
  </url>
  <url>
    <loc>https://www.westfield.com.au/marion/browse-stores/books-stationery-and-gifts/cards-and-gift-wrap</loc>
  </url>
  <url>
    <loc>https://www.westfield.com.au/marion/browse-stores/books-stationery-and-gifts/newsagencies</loc>
  </url>
  <url>
    <loc>https://www.westfield.com.au/marion/browse-stores/beauty-and-wellness/makeup</loc>
  </url>
  <url>
    <loc>https://www.westfield.com.au/marion/browse-stores/books-stationery-and-gifts/office-supplies</loc>
  </url>
  <url>
    <loc>https://www.westfield.com.au/marion/browse-stores/books-stationery-and-gifts/stationery</loc>
  </url>
  <url>
    <loc>https://www.westfield.com.au/marion/browse-stores/car-and-auto</loc>
  </url>
  <url>
    <loc>https://www.westfield.com.au/marion/browse-stores/clothing-and-accessories</loc>
  </url>
  <url>
    <loc>https://www.westfield.com.au/marion/browse-stores/childcare</loc>
  </url>
  <url>
    <loc>https://www.westfield.com.au/marion/browse-stores/clothing-and-accessories/footwear</loc>
  </url>
  <url>
    <loc>https://www.westfield.com.au/marion/browse-stores/clothing-and-accessories/babies-and-toddlers</loc>
  </url>
  <url>
    <loc>https://www.westfield.com.au/marion/browse-stores/clothing-and-accessories/kids-and-junior</loc>
  </url>
  <url>
    <loc>https://www.westfield.com.au/marion/browse-stores/clothing-and-accessories/jewellery-and-watches</loc>
  </url>
  <url>
    <loc>https://www.westfield.com.au/marion/browse-stores/clothing-and-accessories/mens-fashion</loc>
  </url>
  <url>
    <loc>https://www.westfield.com.au/marion/browse-stores/clothing-and-accessories/sunglasses</loc>
  </url>
  <url>
    <loc>https://www.westfield.com.au/marion/browse-stores/department-stores</loc>
  </url>
  <url>
    <loc>https://www.westfield.com.au/marion/browse-stores/clothing-and-accessories/womens-fashion</loc>
  </url>
  <url>
    <loc>https://www.westfield.com.au/marion/browse-stores/discount-and-variety</loc>
  </url>
  <url>
    <loc>https://www.westfield.com.au/marion/browse-stores/designer-and-boutique</loc>
  </url>
  <url>
    <loc>https://www.westfield.com.au/marion/browse-stores/community-services</loc>
  </url>
  <url>
    <loc>https://www.westfield.com.au/marion/browse-stores/electronics-and-technology</loc>
  </url>
  <url>
    <loc>https://www.westfield.com.au/marion/browse-stores/entertainment-and-activities</loc>
  </url>
  <url>
    <loc>https://www.westfield.com.au/marion/browse-stores/electronics-and-technology/tv-and-audio</loc>
  </url>
  <url>
    <loc>https://www.westfield.com.au/marion/browse-stores/electronics-and-technology/computers-and-tablets</loc>
  </url>
  <url>
    <loc>https://www.westfield.com.au/marion/browse-stores/electronics-and-technology/cameras</loc>
  </url>
  <url>
    <loc>https://www.westfield.com.au/marion/browse-stores/electronics-and-technology/gaming-and-consoles</loc>
  </url>
  <url>
    <loc>https://www.westfield.com.au/marion/browse-stores/electronics-and-technology/mobile-and-accessories</loc>
  </url>
  <url>
    <loc>https://www.westfield.com.au/marion/browse-stores/electronics-and-technology/navigation</loc>
  </url>
  <url>
    <loc>https://www.westfield.com.au/marion/browse-stores/entertainment-and-activities/arcades-and-games</loc>
  </url>
  <url>
    <loc>https://www.westfield.com.au/marion/browse-stores/entertainment-and-activities/cinemas</loc>
  </url>
  <url>
    <loc>https://www.westfield.com.au/marion/browse-stores/entertainment-and-activities/music</loc>
  </url>
  <url>
    <loc>https://www.westfield.com.au/marion/browse-stores/entertainment-and-activities/kids-activities</loc>
  </url>
  <url>
    <loc>https://www.westfield.com.au/marion/browse-stores/entertainment-and-activities/learning-and-education</loc>
  </url>
  <url>
    <loc>https://www.westfield.com.au/marion/browse-stores/food-and-drink/asian</loc>
  </url>
  <url>
    <loc>https://www.westfield.com.au/marion/browse-stores/food-and-drink</loc>
  </url>
  <url>
    <loc>https://www.westfield.com.au/marion/browse-stores/food-and-drink/bars-and-pubs</loc>
  </url>
  <url>
    <loc>https://www.westfield.com.au/marion/browse-stores/food-and-drink/cafes</loc>
  </url>
  <url>
    <loc>https://www.westfield.com.au/marion/browse-stores/food-and-drink/chocolate-cafes</loc>
  </url>
  <url>
    <loc>https://www.westfield.com.au/marion/browse-stores/food-and-drink/casual-dining</loc>
  </url>
  <url>
    <loc>https://www.westfield.com.au/marion/browse-stores/food-and-drink/desserts</loc>
  </url>
  <url>
    <loc>https://www.westfield.com.au/marion/browse-stores/food-and-drink/fast-food</loc>
  </url>
  <url>
    <loc>https://www.westfield.com.au/marion/browse-stores/food-and-drink/dietary-requirements</loc>
  </url>
  <url>
    <loc>https://www.westfield.com.au/marion/browse-stores/food-and-drink/breakfast-and-brunch</loc>
  </url>
  <url>
    <loc>https://www.westfield.com.au/marion/browse-stores/food-and-drink/grill-houses</loc>
  </url>
  <url>
    <loc>https://www.westfield.com.au/marion/browse-stores/florists</loc>
  </url>
  <url>
    <loc>https://www.westfield.com.au/marion/browse-stores/food-and-drink/healthy-options</loc>
  </url>
  <url>
    <loc>https://www.westfield.com.au/marion/browse-stores/food-and-drink/mexican-and-latin-american</loc>
  </url>
  <url>
    <loc>https://www.westfield.com.au/marion/browse-stores/food-and-drink/modern-australian</loc>
  </url>
  <url>
    <loc>https://www.westfield.com.au/marion/browse-stores/food-and-drink/kid-friendly</loc>
  </url>
  <url>
    <loc>https://www.westfield.com.au/marion/browse-stores/food-and-drink/sandwiches-and-salads</loc>
  </url>
  <url>
    <loc>https://www.westfield.com.au/marion/browse-stores/food-and-drink/takeaway</loc>
  </url>
  <url>
    <loc>https://www.westfield.com.au/marion/browse-stores/fresh-food-and-groceries</loc>
  </url>
  <url>
    <loc>https://www.westfield.com.au/marion/browse-stores/foreign-currency-exchange</loc>
  </url>
  <url>
    <loc>https://www.westfield.com.au/marion/browse-stores/food-and-drink/juice-bars</loc>
  </url>
  <url>
    <loc>https://www.westfield.com.au/marion/browse-stores/fresh-food-and-groceries/confectionery</loc>
  </url>
  <url>
    <loc>https://www.westfield.com.au/marion/browse-stores/fresh-food-and-groceries/bakeries</loc>
  </url>
  <url>
    <loc>https://www.westfield.com.au/marion/browse-stores/fresh-food-and-groceries/butchers</loc>
  </url>
  <url>
    <loc>https://www.westfield.com.au/marion/browse-stores/fresh-food-and-groceries/delicatessens</loc>
  </url>
  <url>
    <loc>https://www.westfield.com.au/marion/browse-stores/fresh-food-and-groceries/fresh-produce</loc>
  </url>
  <url>
    <loc>https://www.westfield.com.au/marion/browse-stores/fresh-food-and-groceries/patisseries</loc>
  </url>
  <url>
    <loc>https://www.westfield.com.au/marion/browse-stores/fresh-food-and-groceries/poultry</loc>
  </url>
  <url>
    <loc>https://www.westfield.com.au/marion/browse-stores/fresh-food-and-groceries/seafood</loc>
  </url>
  <url>
    <loc>https://www.westfield.com.au/marion/browse-stores/fresh-food-and-groceries/liquor</loc>
  </url>
  <url>
    <loc>https://www.westfield.com.au/marion/browse-stores/fresh-food-and-groceries/supermarkets</loc>
  </url>
  <url>
    <loc>https://www.westfield.com.au/marion/browse-stores/health-and-fitness/dentists</loc>
  </url>
  <url>
    <loc>https://www.westfield.com.au/marion/browse-stores/health-and-fitness/health-insurers</loc>
  </url>
  <url>
    <loc>https://www.westfield.com.au/marion/browse-stores/health-and-fitness/optometrists</loc>
  </url>
  <url>
    <loc>https://www.westfield.com.au/marion/browse-stores/health-and-fitness/medical-centres</loc>
  </url>
  <url>
    <loc>https://www.westfield.com.au/marion/browse-stores/health-and-fitness/specialty-health-providers</loc>
  </url>
  <url>
    <loc>https://www.westfield.com.au/marion/browse-stores/health-and-fitness/chemists</loc>
  </url>
  <url>
    <loc>https://www.westfield.com.au/marion/browse-stores/home</loc>
  </url>
  <url>
    <loc>https://www.westfield.com.au/marion/browse-stores/home/bath-and-home-fragrances</loc>
  </url>
  <url>
    <loc>https://www.westfield.com.au/marion/browse-stores/home/bedding</loc>
  </url>
  <url>
    <loc>https://www.westfield.com.au/marion/browse-stores/home/furniture</loc>
  </url>
  <url>
    <loc>https://www.westfield.com.au/marion/browse-stores/home/home-appliances</loc>
  </url>
  <url>
    <loc>https://www.westfield.com.au/marion/browse-stores/home/kitchen</loc>
  </url>
  <url>
    <loc>https://www.westfield.com.au/marion/browse-stores/home/pets</loc>
  </url>
  <url>
    <loc>https://www.westfield.com.au/marion/browse-stores/home/home-decor</loc>
  </url>
  <url>
    <loc>https://www.westfield.com.au/marion/browse-stores/home/photography-and-art</loc>
  </url>
  <url>
    <loc>https://www.westfield.com.au/marion/browse-stores/home/hardware</loc>
  </url>
  <url>
    <loc>https://www.westfield.com.au/marion/browse-stores/luggage-and-travel-accessories</loc>
  </url>
  <url>
    <loc>https://www.westfield.com.au/marion/browse-stores/luggage-and-travel-accessories/backpacks-and-gym-duffle-bags</loc>
  </url>
  <url>
    <loc>https://www.westfield.com.au/marion/browse-stores/home/picture-frames</loc>
  </url>
  <url>
    <loc>https://www.westfield.com.au/marion/browse-stores/luggage-and-travel-accessories/laptop-cases-and-sleeves</loc>
  </url>
  <url>
    <loc>https://www.westfield.com.au/marion/browse-stores/luggage-and-travel-accessories/small-leather-goods</loc>
  </url>
  <url>
    <loc>https://www.westfield.com.au/marion/browse-stores/luggage-and-travel-accessories/suitcases-and-travel-accessories</loc>
  </url>
  <url>
    <loc>https://www.westfield.com.au/marion/browse-stores/luggage-and-travel-accessories/work-and-laptop-bags</loc>
  </url>
  <url>
    <loc>https://www.westfield.com.au/marion/browse-stores/power-gas-and-communication-services</loc>
  </url>
  <url>
    <loc>https://www.westfield.com.au/marion/browse-stores/post-office</loc>
  </url>
  <url>
    <loc>https://www.westfield.com.au/marion/browse-stores/phone-repairs</loc>
  </url>
  <url>
    <loc>https://www.westfield.com.au/marion/browse-stores/shoe-repair-and-key-cutting</loc>
  </url>
  <url>
    <loc>https://www.westfield.com.au/marion/browse-stores/professional-services</loc>
  </url>
  <url>
    <loc>https://www.westfield.com.au/marion/browse-stores/sporting-goods</loc>
  </url>
  <url>
    <loc>https://www.westfield.com.au/marion/browse-stores/sporting-goods/fitness-and-gym-equipment</loc>
  </url>
  <url>
    <loc>https://www.westfield.com.au/marion/browse-stores/sporting-goods/activewear</loc>
  </url>
  <url>
    <loc>https://www.westfield.com.au/marion/browse-stores/sporting-goods/tech-and-wearables</loc>
  </url>
  <url>
    <loc>https://www.westfield.com.au/marion/browse-stores/tobacconists</loc>
  </url>
  <url>
    <loc>https://www.westfield.com.au/marion/browse-stores/toys-and-hobbies/arts-and-crafts</loc>
  </url>
  <url>
    <loc>https://www.westfield.com.au/marion/browse-stores/toys-and-hobbies</loc>
  </url>
  <url>
    <loc>https://www.westfield.com.au/marion/browse-stores/toys-and-hobbies/games</loc>
  </url>
  <url>
    <loc>https://www.westfield.com.au/marion/browse-stores/toys-and-hobbies/hobbies</loc>
  </url>
  <url>
    <loc>https://www.westfield.com.au/marion/browse-stores/toys-and-hobbies/toys</loc>
  </url>
  <url>
    <loc>https://www.westfield.com.au/marion/browse-stores/travel-agents</loc>
  </url>
  <url>
    <loc>https://www.westfield.com.au/marion/browse-stores/health-and-fitness</loc>
  </url>
  <url>
    <loc>https://www.westfield.com.au/marion/browse-stores/photographic-services</loc>
  </url>
  <url>
    <loc>https://www.westfield.com.au/marion/browse-stores/sporting-goods/outdoors-and-camping</loc>
  </url>
  <url>
    <loc>https://www.westfield.com.au/marion/browse-stores/home/gifts</loc>
  </url>
  <url>
    <loc>https://www.westfield.com.au/marion/browse-stores/fresh-food-and-groceries/specialty-foods</loc>
  </url>
  <url>
    <loc>https://www.westfield.com.au/miranda/browse-stores/baby-and-nursery</loc>
  </url>
  <url>
    <loc>https://www.westfield.com.au/miranda/browse-stores/alterations-and-tailoring</loc>
  </url>
  <url>
    <loc>https://www.westfield.com.au/miranda/browse-stores/baby-and-nursery/baby-bedding</loc>
  </url>
  <url>
    <loc>https://www.westfield.com.au/miranda/browse-stores/baby-and-nursery/baby-and-infant-toys</loc>
  </url>
  <url>
    <loc>https://www.westfield.com.au/miranda/browse-stores/baby-and-nursery/nursery-furniture</loc>
  </url>
  <url>
    <loc>https://www.westfield.com.au/miranda/browse-stores/baby-and-nursery/tableware-and-feeding</loc>
  </url>
  <url>
    <loc>https://www.westfield.com.au/miranda/browse-stores/baby-and-nursery/prams-strollers-and-carriers</loc>
  </url>
  <url>
    <loc>https://www.westfield.com.au/miranda/browse-stores/beauty-and-wellness/fragrance</loc>
  </url>
  <url>
    <loc>https://www.westfield.com.au/miranda/browse-stores/beauty-and-wellness</loc>
  </url>
  <url>
    <loc>https://www.westfield.com.au/miranda/browse-stores/beauty-and-wellness/hair-care</loc>
  </url>
  <url>
    <loc>https://www.westfield.com.au/miranda/browse-stores/beauty-and-wellness/bath-and-body</loc>
  </url>
  <url>
    <loc>https://www.westfield.com.au/miranda/browse-stores/banks</loc>
  </url>
  <url>
    <loc>https://www.westfield.com.au/miranda/browse-stores/beauty-and-wellness/hair-and-beauty</loc>
  </url>
  <url>
    <loc>https://www.westfield.com.au/miranda/browse-stores/beauty-and-wellness/makeup</loc>
  </url>
  <url>
    <loc>https://www.westfield.com.au/miranda/browse-stores/beauty-and-wellness/vitamins-and-supplements</loc>
  </url>
  <url>
    <loc>https://www.westfield.com.au/miranda/browse-stores/beauty-and-wellness/skincare</loc>
  </url>
  <url>
    <loc>https://www.westfield.com.au/miranda/browse-stores/books-stationery-and-gifts</loc>
  </url>
  <url>
    <loc>https://www.westfield.com.au/miranda/browse-stores/books-stationery-and-gifts/cards-and-gift-wrap</loc>
  </url>
  <url>
    <loc>https://www.westfield.com.au/miranda/browse-stores/books-stationery-and-gifts/newsagencies</loc>
  </url>
  <url>
    <loc>https://www.westfield.com.au/miranda/browse-stores/books-stationery-and-gifts/office-supplies</loc>
  </url>
  <url>
    <loc>https://www.westfield.com.au/miranda/browse-stores/books-stationery-and-gifts/stationery</loc>
  </url>
  <url>
    <loc>https://www.westfield.com.au/miranda/browse-stores/car-and-auto</loc>
  </url>
  <url>
    <loc>https://www.westfield.com.au/miranda/browse-stores/childcare</loc>
  </url>
  <url>
    <loc>https://www.westfield.com.au/miranda/browse-stores/clothing-and-accessories</loc>
  </url>
  <url>
    <loc>https://www.westfield.com.au/miranda/browse-stores/clothing-and-accessories/footwear</loc>
  </url>
  <url>
    <loc>https://www.westfield.com.au/miranda/browse-stores/clothing-and-accessories/babies-and-toddlers</loc>
  </url>
  <url>
    <loc>https://www.westfield.com.au/miranda/browse-stores/clothing-and-accessories/kids-and-junior</loc>
  </url>
  <url>
    <loc>https://www.westfield.com.au/miranda/browse-stores/clothing-and-accessories/jewellery-and-watches</loc>
  </url>
  <url>
    <loc>https://www.westfield.com.au/miranda/browse-stores/clothing-and-accessories/mens-fashion</loc>
  </url>
  <url>
    <loc>https://www.westfield.com.au/miranda/browse-stores/clothing-and-accessories/sunglasses</loc>
  </url>
  <url>
    <loc>https://www.westfield.com.au/miranda/browse-stores/clothing-and-accessories/womens-fashion</loc>
  </url>
  <url>
    <loc>https://www.westfield.com.au/miranda/browse-stores/community-services</loc>
  </url>
  <url>
    <loc>https://www.westfield.com.au/miranda/browse-stores/department-stores</loc>
  </url>
  <url>
    <loc>https://www.westfield.com.au/miranda/browse-stores/designer-and-boutique</loc>
  </url>
  <url>
    <loc>https://www.westfield.com.au/miranda/browse-stores/discount-and-variety</loc>
  </url>
  <url>
    <loc>https://www.westfield.com.au/miranda/browse-stores/dry-cleaning</loc>
  </url>
  <url>
    <loc>https://www.westfield.com.au/miranda/browse-stores/electronics-and-technology/cameras</loc>
  </url>
  <url>
    <loc>https://www.westfield.com.au/miranda/browse-stores/electronics-and-technology</loc>
  </url>
  <url>
    <loc>https://www.westfield.com.au/miranda/browse-stores/electronics-and-technology/computers-and-tablets</loc>
  </url>
  <url>
    <loc>https://www.westfield.com.au/miranda/browse-stores/electronics-and-technology/mobile-and-accessories</loc>
  </url>
  <url>
    <loc>https://www.westfield.com.au/miranda/browse-stores/electronics-and-technology/gaming-and-consoles</loc>
  </url>
  <url>
    <loc>https://www.westfield.com.au/miranda/browse-stores/entertainment-and-activities/arcades-and-games</loc>
  </url>
  <url>
    <loc>https://www.westfield.com.au/miranda/browse-stores/entertainment-and-activities</loc>
  </url>
  <url>
    <loc>https://www.westfield.com.au/miranda/browse-stores/entertainment-and-activities/kids-activities</loc>
  </url>
  <url>
    <loc>https://www.westfield.com.au/miranda/browse-stores/entertainment-and-activities/cinemas</loc>
  </url>
  <url>
    <loc>https://www.westfield.com.au/miranda/browse-stores/books-stationery-and-gifts/book-stores</loc>
  </url>
  <url>
    <loc>https://www.westfield.com.au/miranda/browse-stores/entertainment-and-activities/learning-and-education</loc>
  </url>
  <url>
    <loc>https://www.westfield.com.au/miranda/browse-stores/entertainment-and-activities/music</loc>
  </url>
  <url>
    <loc>https://www.westfield.com.au/miranda/browse-stores/florists</loc>
  </url>
  <url>
    <loc>https://www.westfield.com.au/miranda/browse-stores/electronics-and-technology/navigation</loc>
  </url>
  <url>
    <loc>https://www.westfield.com.au/miranda/browse-stores/electronics-and-technology/tv-and-audio</loc>
  </url>
  <url>
    <loc>https://www.westfield.com.au/miranda/browse-stores/food-and-drink</loc>
  </url>
  <url>
    <loc>https://www.westfield.com.au/miranda/browse-stores/food-and-drink/bars-and-pubs</loc>
  </url>
  <url>
    <loc>https://www.westfield.com.au/miranda/browse-stores/food-and-drink/breakfast-and-brunch</loc>
  </url>
  <url>
    <loc>https://www.westfield.com.au/miranda/browse-stores/food-and-drink/asian</loc>
  </url>
  <url>
    <loc>https://www.westfield.com.au/miranda/browse-stores/food-and-drink/cafes</loc>
  </url>
  <url>
    <loc>https://www.westfield.com.au/miranda/browse-stores/food-and-drink/casual-dining</loc>
  </url>
  <url>
    <loc>https://www.westfield.com.au/miranda/browse-stores/food-and-drink/dietary-requirements</loc>
  </url>
  <url>
    <loc>https://www.westfield.com.au/miranda/browse-stores/food-and-drink/fine-dining</loc>
  </url>
  <url>
    <loc>https://www.westfield.com.au/miranda/browse-stores/food-and-drink/fast-food</loc>
  </url>
  <url>
    <loc>https://www.westfield.com.au/miranda/browse-stores/food-and-drink/desserts</loc>
  </url>
  <url>
    <loc>https://www.westfield.com.au/miranda/browse-stores/food-and-drink/chocolate-cafes</loc>
  </url>
  <url>
    <loc>https://www.westfield.com.au/miranda/browse-stores/food-and-drink/grill-houses</loc>
  </url>
  <url>
    <loc>https://www.westfield.com.au/miranda/browse-stores/food-and-drink/healthy-options</loc>
  </url>
  <url>
    <loc>https://www.westfield.com.au/miranda/browse-stores/food-and-drink/italian</loc>
  </url>
  <url>
    <loc>https://www.westfield.com.au/miranda/browse-stores/food-and-drink/kid-friendly</loc>
  </url>
  <url>
    <loc>https://www.westfield.com.au/miranda/browse-stores/food-and-drink/juice-bars</loc>
  </url>
  <url>
    <loc>https://www.westfield.com.au/miranda/browse-stores/food-and-drink/mexican-and-latin-american</loc>
  </url>
  <url>
    <loc>https://www.westfield.com.au/miranda/browse-stores/food-and-drink/modern-australian</loc>
  </url>
  <url>
    <loc>https://www.westfield.com.au/miranda/browse-stores/food-and-drink/middle-eastern</loc>
  </url>
  <url>
    <loc>https://www.westfield.com.au/miranda/browse-stores/foreign-currency-exchange</loc>
  </url>
  <url>
    <loc>https://www.westfield.com.au/miranda/browse-stores/fresh-food-and-groceries</loc>
  </url>
  <url>
    <loc>https://www.westfield.com.au/miranda/browse-stores/food-and-drink/takeaway</loc>
  </url>
  <url>
    <loc>https://www.westfield.com.au/miranda/browse-stores/food-and-drink/sandwiches-and-salads</loc>
  </url>
  <url>
    <loc>https://www.westfield.com.au/miranda/browse-stores/fresh-food-and-groceries/bakeries</loc>
  </url>
  <url>
    <loc>https://www.westfield.com.au/miranda/browse-stores/fresh-food-and-groceries/butchers</loc>
  </url>
  <url>
    <loc>https://www.westfield.com.au/miranda/browse-stores/fresh-food-and-groceries/fresh-produce</loc>
  </url>
  <url>
    <loc>https://www.westfield.com.au/miranda/browse-stores/fresh-food-and-groceries/confectionery</loc>
  </url>
  <url>
    <loc>https://www.westfield.com.au/miranda/browse-stores/fresh-food-and-groceries/delicatessens</loc>
  </url>
  <url>
    <loc>https://www.westfield.com.au/miranda/browse-stores/fresh-food-and-groceries/liquor</loc>
  </url>
  <url>
    <loc>https://www.westfield.com.au/miranda/browse-stores/fresh-food-and-groceries/patisseries</loc>
  </url>
  <url>
    <loc>https://www.westfield.com.au/miranda/browse-stores/fresh-food-and-groceries/seafood</loc>
  </url>
  <url>
    <loc>https://www.westfield.com.au/miranda/browse-stores/fresh-food-and-groceries/poultry</loc>
  </url>
  <url>
    <loc>https://www.westfield.com.au/miranda/browse-stores/health-and-fitness</loc>
  </url>
  <url>
    <loc>https://www.westfield.com.au/miranda/browse-stores/health-and-fitness/chemists</loc>
  </url>
  <url>
    <loc>https://www.westfield.com.au/miranda/browse-stores/health-and-fitness/dentists</loc>
  </url>
  <url>
    <loc>https://www.westfield.com.au/miranda/browse-stores/fresh-food-and-groceries/supermarkets</loc>
  </url>
  <url>
    <loc>https://www.westfield.com.au/miranda/browse-stores/health-and-fitness/optometrists</loc>
  </url>
  <url>
    <loc>https://www.westfield.com.au/miranda/browse-stores/home/bath-and-home-fragrances</loc>
  </url>
  <url>
    <loc>https://www.westfield.com.au/miranda/browse-stores/health-and-fitness/specialty-health-providers</loc>
  </url>
  <url>
    <loc>https://www.westfield.com.au/miranda/browse-stores/home/furniture</loc>
  </url>
  <url>
    <loc>https://www.westfield.com.au/miranda/browse-stores/home/bedding</loc>
  </url>
  <url>
    <loc>https://www.westfield.com.au/miranda/browse-stores/health-and-fitness/health-insurers</loc>
  </url>
  <url>
    <loc>https://www.westfield.com.au/miranda/browse-stores/home</loc>
  </url>
  <url>
    <loc>https://www.westfield.com.au/miranda/browse-stores/home/gifts</loc>
  </url>
  <url>
    <loc>https://www.westfield.com.au/miranda/browse-stores/home/home-decor</loc>
  </url>
  <url>
    <loc>https://www.westfield.com.au/miranda/browse-stores/home/home-appliances</loc>
  </url>
  <url>
    <loc>https://www.westfield.com.au/miranda/browse-stores/home/pets</loc>
  </url>
  <url>
    <loc>https://www.westfield.com.au/miranda/browse-stores/home/kitchen</loc>
  </url>
  <url>
    <loc>https://www.westfield.com.au/miranda/browse-stores/home/hardware</loc>
  </url>
  <url>
    <loc>https://www.westfield.com.au/miranda/browse-stores/luggage-and-travel-accessories</loc>
  </url>
  <url>
    <loc>https://www.westfield.com.au/miranda/browse-stores/home/photography-and-art</loc>
  </url>
  <url>
    <loc>https://www.westfield.com.au/miranda/browse-stores/home/picture-frames</loc>
  </url>
  <url>
    <loc>https://www.westfield.com.au/miranda/browse-stores/luggage-and-travel-accessories/backpacks-and-gym-duffle-bags</loc>
  </url>
  <url>
    <loc>https://www.westfield.com.au/miranda/browse-stores/luggage-and-travel-accessories/laptop-cases-and-sleeves</loc>
  </url>
  <url>
    <loc>https://www.westfield.com.au/miranda/browse-stores/luggage-and-travel-accessories/suitcases-and-travel-accessories</loc>
  </url>
  <url>
    <loc>https://www.westfield.com.au/miranda/browse-stores/luggage-and-travel-accessories/work-and-laptop-bags</loc>
  </url>
  <url>
    <loc>https://www.westfield.com.au/miranda/browse-stores/luggage-and-travel-accessories/small-leather-goods</loc>
  </url>
  <url>
    <loc>https://www.westfield.com.au/miranda/browse-stores/phone-repairs</loc>
  </url>
  <url>
    <loc>https://www.westfield.com.au/miranda/browse-stores/pawn-brokers</loc>
  </url>
  <url>
    <loc>https://www.westfield.com.au/miranda/browse-stores/luxury-and-premium</loc>
  </url>
  <url>
    <loc>https://www.westfield.com.au/miranda/browse-stores/luxury-and-premium/australian-designer</loc>
  </url>
  <url>
    <loc>https://www.westfield.com.au/miranda/browse-stores/photographic-services</loc>
  </url>
  <url>
    <loc>https://www.westfield.com.au/miranda/browse-stores/power-gas-and-communication-services</loc>
  </url>
  <url>
    <loc>https://www.westfield.com.au/miranda/browse-stores/sporting-goods</loc>
  </url>
  <url>
    <loc>https://www.westfield.com.au/miranda/browse-stores/shoe-repair-and-key-cutting</loc>
  </url>
  <url>
    <loc>https://www.westfield.com.au/miranda/browse-stores/sporting-goods/fitness-and-gym-equipment</loc>
  </url>
  <url>
    <loc>https://www.westfield.com.au/miranda/browse-stores/sporting-goods/outdoors-and-camping</loc>
  </url>
  <url>
    <loc>https://www.westfield.com.au/miranda/browse-stores/sporting-goods/tech-and-wearables</loc>
  </url>
  <url>
    <loc>https://www.westfield.com.au/miranda/browse-stores/toys-and-hobbies/hobbies</loc>
  </url>
  <url>
    <loc>https://www.westfield.com.au/miranda/browse-stores/tobacconists</loc>
  </url>
  <url>
    <loc>https://www.westfield.com.au/miranda/browse-stores/toys-and-hobbies/games</loc>
  </url>
  <url>
    <loc>https://www.westfield.com.au/miranda/browse-stores/toys-and-hobbies/toys</loc>
  </url>
  <url>
    <loc>https://www.westfield.com.au/miranda/browse-stores/toys-and-hobbies</loc>
  </url>
  <url>
    <loc>https://www.westfield.com.au/miranda/browse-stores/toys-and-hobbies/arts-and-crafts</loc>
  </url>
  <url>
    <loc>https://www.westfield.com.au/miranda/browse-stores/travel-agents</loc>
  </url>
  <url>
    <loc>https://www.westfield.com.au/miranda/browse-stores/health-and-fitness/gyms-and-fitness-studios</loc>
  </url>
  <url>
    <loc>https://www.westfield.com.au/miranda/browse-stores/fresh-food-and-groceries/specialty-foods</loc>
  </url>
  <url>
    <loc>https://www.westfield.com.au/miranda/browse-stores/sporting-goods/activewear</loc>
  </url>
  <url>
    <loc>https://www.westfield.com.au/mtdruitt/browse-stores/alterations-and-tailoring</loc>
  </url>
  <url>
    <loc>https://www.westfield.com.au/mtdruitt/browse-stores/baby-and-nursery</loc>
  </url>
  <url>
    <loc>https://www.westfield.com.au/mtdruitt/browse-stores/baby-and-nursery/baby-and-infant-toys</loc>
  </url>
  <url>
    <loc>https://www.westfield.com.au/mtdruitt/browse-stores/baby-and-nursery/baby-bedding</loc>
  </url>
  <url>
    <loc>https://www.westfield.com.au/mtdruitt/browse-stores/baby-and-nursery/nursery-furniture</loc>
  </url>
  <url>
    <loc>https://www.westfield.com.au/mtdruitt/browse-stores/baby-and-nursery/prams-strollers-and-carriers</loc>
  </url>
  <url>
    <loc>https://www.westfield.com.au/mtdruitt/browse-stores/baby-and-nursery/tableware-and-feeding</loc>
  </url>
  <url>
    <loc>https://www.westfield.com.au/mtdruitt/browse-stores/banks</loc>
  </url>
  <url>
    <loc>https://www.westfield.com.au/mtdruitt/browse-stores/beauty-and-wellness</loc>
  </url>
  <url>
    <loc>https://www.westfield.com.au/mtdruitt/browse-stores/beauty-and-wellness/bath-and-body</loc>
  </url>
  <url>
    <loc>https://www.westfield.com.au/mtdruitt/browse-stores/beauty-and-wellness/fragrance</loc>
  </url>
  <url>
    <loc>https://www.westfield.com.au/mtdruitt/browse-stores/beauty-and-wellness/hair-and-beauty</loc>
  </url>
  <url>
    <loc>https://www.westfield.com.au/mtdruitt/browse-stores/beauty-and-wellness/hair-care</loc>
  </url>
  <url>
    <loc>https://www.westfield.com.au/mtdruitt/browse-stores/beauty-and-wellness/makeup</loc>
  </url>
  <url>
    <loc>https://www.westfield.com.au/mtdruitt/browse-stores/beauty-and-wellness/skincare</loc>
  </url>
  <url>
    <loc>https://www.westfield.com.au/mtdruitt/browse-stores/beauty-and-wellness/vitamins-and-supplements</loc>
  </url>
  <url>
    <loc>https://www.westfield.com.au/mtdruitt/browse-stores/books-stationery-and-gifts</loc>
  </url>
  <url>
    <loc>https://www.westfield.com.au/mtdruitt/browse-stores/books-stationery-and-gifts/book-stores</loc>
  </url>
  <url>
    <loc>https://www.westfield.com.au/mtdruitt/browse-stores/books-stationery-and-gifts/cards-and-gift-wrap</loc>
  </url>
  <url>
    <loc>https://www.westfield.com.au/mtdruitt/browse-stores/books-stationery-and-gifts/newsagencies</loc>
  </url>
  <url>
    <loc>https://www.westfield.com.au/mtdruitt/browse-stores/books-stationery-and-gifts/office-supplies</loc>
  </url>
  <url>
    <loc>https://www.westfield.com.au/mtdruitt/browse-stores/books-stationery-and-gifts/stationery</loc>
  </url>
  <url>
    <loc>https://www.westfield.com.au/mtdruitt/browse-stores/car-and-auto</loc>
  </url>
  <url>
    <loc>https://www.westfield.com.au/mtdruitt/browse-stores/clothing-and-accessories</loc>
  </url>
  <url>
    <loc>https://www.westfield.com.au/mtdruitt/browse-stores/clothing-and-accessories/footwear</loc>
  </url>
  <url>
    <loc>https://www.westfield.com.au/mtdruitt/browse-stores/clothing-and-accessories/babies-and-toddlers</loc>
  </url>
  <url>
    <loc>https://www.westfield.com.au/mtdruitt/browse-stores/clothing-and-accessories/jewellery-and-watches</loc>
  </url>
  <url>
    <loc>https://www.westfield.com.au/mtdruitt/browse-stores/clothing-and-accessories/sunglasses</loc>
  </url>
  <url>
    <loc>https://www.westfield.com.au/mtdruitt/browse-stores/clothing-and-accessories/womens-fashion</loc>
  </url>
  <url>
    <loc>https://www.westfield.com.au/mtdruitt/browse-stores/clothing-and-accessories/mens-fashion</loc>
  </url>
  <url>
    <loc>https://www.westfield.com.au/mtdruitt/browse-stores/clothing-and-accessories/kids-and-junior</loc>
  </url>
  <url>
    <loc>https://www.westfield.com.au/mtdruitt/browse-stores/community-services</loc>
  </url>
  <url>
    <loc>https://www.westfield.com.au/mtdruitt/browse-stores/department-stores</loc>
  </url>
  <url>
    <loc>https://www.westfield.com.au/mtdruitt/browse-stores/electronics-and-technology</loc>
  </url>
  <url>
    <loc>https://www.westfield.com.au/mtdruitt/browse-stores/electronics-and-technology/cameras</loc>
  </url>
  <url>
    <loc>https://www.westfield.com.au/mtdruitt/browse-stores/discount-and-variety</loc>
  </url>
  <url>
    <loc>https://www.westfield.com.au/mtdruitt/browse-stores/electronics-and-technology/computers-and-tablets</loc>
  </url>
  <url>
    <loc>https://www.westfield.com.au/mtdruitt/browse-stores/electronics-and-technology/gaming-and-consoles</loc>
  </url>
  <url>
    <loc>https://www.westfield.com.au/mtdruitt/browse-stores/entertainment-and-activities/cinemas</loc>
  </url>
  <url>
    <loc>https://www.westfield.com.au/mtdruitt/browse-stores/entertainment-and-activities</loc>
  </url>
  <url>
    <loc>https://www.westfield.com.au/mtdruitt/browse-stores/electronics-and-technology/tv-and-audio</loc>
  </url>
  <url>
    <loc>https://www.westfield.com.au/mtdruitt/browse-stores/electronics-and-technology/mobile-and-accessories</loc>
  </url>
  <url>
    <loc>https://www.westfield.com.au/mtdruitt/browse-stores/electronics-and-technology/navigation</loc>
  </url>
  <url>
    <loc>https://www.westfield.com.au/mtdruitt/browse-stores/entertainment-and-activities/arcades-and-games</loc>
  </url>
  <url>
    <loc>https://www.westfield.com.au/mtdruitt/browse-stores/entertainment-and-activities/learning-and-education</loc>
  </url>
  <url>
    <loc>https://www.westfield.com.au/mtdruitt/browse-stores/food-and-drink</loc>
  </url>
  <url>
    <loc>https://www.westfield.com.au/mtdruitt/browse-stores/food-and-drink/asian</loc>
  </url>
  <url>
    <loc>https://www.westfield.com.au/mtdruitt/browse-stores/florists</loc>
  </url>
  <url>
    <loc>https://www.westfield.com.au/mtdruitt/browse-stores/food-and-drink/cafes</loc>
  </url>
  <url>
    <loc>https://www.westfield.com.au/mtdruitt/browse-stores/entertainment-and-activities/music</loc>
  </url>
  <url>
    <loc>https://www.westfield.com.au/mtdruitt/browse-stores/food-and-drink/breakfast-and-brunch</loc>
  </url>
  <url>
    <loc>https://www.westfield.com.au/mtdruitt/browse-stores/food-and-drink/bars-and-pubs</loc>
  </url>
  <url>
    <loc>https://www.westfield.com.au/mtdruitt/browse-stores/food-and-drink/desserts</loc>
  </url>
  <url>
    <loc>https://www.westfield.com.au/mtdruitt/browse-stores/food-and-drink/chocolate-cafes</loc>
  </url>
  <url>
    <loc>https://www.westfield.com.au/mtdruitt/browse-stores/food-and-drink/casual-dining</loc>
  </url>
  <url>
    <loc>https://www.westfield.com.au/mtdruitt/browse-stores/food-and-drink/dietary-requirements</loc>
  </url>
  <url>
    <loc>https://www.westfield.com.au/mtdruitt/browse-stores/food-and-drink/halal</loc>
  </url>
  <url>
    <loc>https://www.westfield.com.au/mtdruitt/browse-stores/food-and-drink/healthy-options</loc>
  </url>
  <url>
    <loc>https://www.westfield.com.au/mtdruitt/browse-stores/food-and-drink/fast-food</loc>
  </url>
  <url>
    <loc>https://www.westfield.com.au/mtdruitt/browse-stores/food-and-drink/kid-friendly</loc>
  </url>
  <url>
    <loc>https://www.westfield.com.au/mtdruitt/browse-stores/food-and-drink/takeaway</loc>
  </url>
  <url>
    <loc>https://www.westfield.com.au/mtdruitt/browse-stores/food-and-drink/juice-bars</loc>
  </url>
  <url>
    <loc>https://www.westfield.com.au/mtdruitt/browse-stores/food-and-drink/sandwiches-and-salads</loc>
  </url>
  <url>
    <loc>https://www.westfield.com.au/mtdruitt/browse-stores/foreign-currency-exchange</loc>
  </url>
  <url>
    <loc>https://www.westfield.com.au/mtdruitt/browse-stores/fresh-food-and-groceries/butchers</loc>
  </url>
  <url>
    <loc>https://www.westfield.com.au/mtdruitt/browse-stores/fresh-food-and-groceries</loc>
  </url>
  <url>
    <loc>https://www.westfield.com.au/mtdruitt/browse-stores/fresh-food-and-groceries/confectionery</loc>
  </url>
  <url>
    <loc>https://www.westfield.com.au/mtdruitt/browse-stores/fresh-food-and-groceries/bakeries</loc>
  </url>
  <url>
    <loc>https://www.westfield.com.au/mtdruitt/browse-stores/fresh-food-and-groceries/delicatessens</loc>
  </url>
  <url>
    <loc>https://www.westfield.com.au/mtdruitt/browse-stores/health-and-fitness</loc>
  </url>
  <url>
    <loc>https://www.westfield.com.au/mtdruitt/browse-stores/health-and-fitness/chemists</loc>
  </url>
  <url>
    <loc>https://www.westfield.com.au/mtdruitt/browse-stores/health-and-fitness/dentists</loc>
  </url>
  <url>
    <loc>https://www.westfield.com.au/mtdruitt/browse-stores/fresh-food-and-groceries/patisseries</loc>
  </url>
  <url>
    <loc>https://www.westfield.com.au/mtdruitt/browse-stores/fresh-food-and-groceries/supermarkets</loc>
  </url>
  <url>
    <loc>https://www.westfield.com.au/mtdruitt/browse-stores/fresh-food-and-groceries/fresh-produce</loc>
  </url>
  <url>
    <loc>https://www.westfield.com.au/mtdruitt/browse-stores/fresh-food-and-groceries/seafood</loc>
  </url>
  <url>
    <loc>https://www.westfield.com.au/mtdruitt/browse-stores/fresh-food-and-groceries/specialty-foods</loc>
  </url>
  <url>
    <loc>https://www.westfield.com.au/mtdruitt/browse-stores/fresh-food-and-groceries/liquor</loc>
  </url>
  <url>
    <loc>https://www.westfield.com.au/mtdruitt/browse-stores/fresh-food-and-groceries/poultry</loc>
  </url>
  <url>
    <loc>https://www.westfield.com.au/mtdruitt/browse-stores/health-and-fitness/specialty-health-providers</loc>
  </url>
  <url>
    <loc>https://www.westfield.com.au/mtdruitt/browse-stores/health-and-fitness/optometrists</loc>
  </url>
  <url>
    <loc>https://www.westfield.com.au/mtdruitt/browse-stores/health-and-fitness/gyms-and-fitness-studios</loc>
  </url>
  <url>
    <loc>https://www.westfield.com.au/mtdruitt/browse-stores/home/bath-and-home-fragrances</loc>
  </url>
  <url>
    <loc>https://www.westfield.com.au/mtdruitt/browse-stores/home/bedding</loc>
  </url>
  <url>
    <loc>https://www.westfield.com.au/mtdruitt/browse-stores/home</loc>
  </url>
  <url>
    <loc>https://www.westfield.com.au/mtdruitt/browse-stores/health-and-fitness/medical-centres</loc>
  </url>
  <url>
    <loc>https://www.westfield.com.au/mtdruitt/browse-stores/home/furniture</loc>
  </url>
  <url>
    <loc>https://www.westfield.com.au/mtdruitt/browse-stores/home/gifts</loc>
  </url>
  <url>
    <loc>https://www.westfield.com.au/mtdruitt/browse-stores/home/home-appliances</loc>
  </url>
  <url>
    <loc>https://www.westfield.com.au/mtdruitt/browse-stores/home/home-decor</loc>
  </url>
  <url>
    <loc>https://www.westfield.com.au/mtdruitt/browse-stores/home/picture-frames</loc>
  </url>
  <url>
    <loc>https://www.westfield.com.au/mtdruitt/browse-stores/home/pets</loc>
  </url>
  <url>
    <loc>https://www.westfield.com.au/mtdruitt/browse-stores/luggage-and-travel-accessories</loc>
  </url>
  <url>
    <loc>https://www.westfield.com.au/mtdruitt/browse-stores/home/kitchen</loc>
  </url>
  <url>
    <loc>https://www.westfield.com.au/mtdruitt/browse-stores/home/photography-and-art</loc>
  </url>
  <url>
    <loc>https://www.westfield.com.au/mtdruitt/browse-stores/luggage-and-travel-accessories/backpacks-and-gym-duffle-bags</loc>
  </url>
  <url>
    <loc>https://www.westfield.com.au/mtdruitt/browse-stores/luggage-and-travel-accessories/small-leather-goods</loc>
  </url>
  <url>
    <loc>https://www.westfield.com.au/mtdruitt/browse-stores/luggage-and-travel-accessories/laptop-cases-and-sleeves</loc>
  </url>
  <url>
    <loc>https://www.westfield.com.au/mtdruitt/browse-stores/luggage-and-travel-accessories/suitcases-and-travel-accessories</loc>
  </url>
  <url>
    <loc>https://www.westfield.com.au/mtdruitt/browse-stores/luggage-and-travel-accessories/work-and-laptop-bags</loc>
  </url>
  <url>
    <loc>https://www.westfield.com.au/mtdruitt/browse-stores/phone-repairs</loc>
  </url>
  <url>
    <loc>https://www.westfield.com.au/mtdruitt/browse-stores/professional-services</loc>
  </url>
  <url>
    <loc>https://www.westfield.com.au/mtdruitt/browse-stores/power-gas-and-communication-services</loc>
  </url>
  <url>
    <loc>https://www.westfield.com.au/mtdruitt/browse-stores/sporting-goods/activewear</loc>
  </url>
  <url>
    <loc>https://www.westfield.com.au/mtdruitt/browse-stores/post-office</loc>
  </url>
  <url>
    <loc>https://www.westfield.com.au/mtdruitt/browse-stores/photographic-services</loc>
  </url>
  <url>
    <loc>https://www.westfield.com.au/mtdruitt/browse-stores/home/hardware</loc>
  </url>
  <url>
    <loc>https://www.westfield.com.au/mtdruitt/browse-stores/shoe-repair-and-key-cutting</loc>
  </url>
  <url>
    <loc>https://www.westfield.com.au/mtdruitt/browse-stores/sporting-goods</loc>
  </url>
  <url>
    <loc>https://www.westfield.com.au/mtdruitt/browse-stores/sporting-goods/outdoors-and-camping</loc>
  </url>
  <url>
    <loc>https://www.westfield.com.au/mtdruitt/browse-stores/sporting-goods/fitness-and-gym-equipment</loc>
  </url>
  <url>
    <loc>https://www.westfield.com.au/mtdruitt/browse-stores/tobacconists</loc>
  </url>
  <url>
    <loc>https://www.westfield.com.au/mtdruitt/browse-stores/sporting-goods/tech-and-wearables</loc>
  </url>
  <url>
    <loc>https://www.westfield.com.au/mtdruitt/browse-stores/toys-and-hobbies</loc>
  </url>
  <url>
    <loc>https://www.westfield.com.au/mtdruitt/browse-stores/toys-and-hobbies/hobbies</loc>
  </url>
  <url>
    <loc>https://www.westfield.com.au/mtdruitt/browse-stores/toys-and-hobbies/games</loc>
  </url>
  <url>
    <loc>https://www.westfield.com.au/mtdruitt/browse-stores/travel-agents</loc>
  </url>
  <url>
    <loc>https://www.westfield.com.au/mtdruitt/browse-stores/toys-and-hobbies/arts-and-crafts</loc>
  </url>
  <url>
    <loc>https://www.westfield.com.au/mtdruitt/browse-stores/toys-and-hobbies/toys</loc>
  </url>
  <url>
    <loc>https://www.westfield.com.au/mtgravatt/browse-stores/alterations-and-tailoring</loc>
  </url>
  <url>
    <loc>https://www.westfield.com.au/mtgravatt/browse-stores/baby-and-nursery</loc>
  </url>
  <url>
    <loc>https://www.westfield.com.au/mtgravatt/browse-stores/baby-and-nursery/baby-and-infant-toys</loc>
  </url>
  <url>
    <loc>https://www.westfield.com.au/mtgravatt/browse-stores/baby-and-nursery/baby-bedding</loc>
  </url>
  <url>
    <loc>https://www.westfield.com.au/mtgravatt/browse-stores/baby-and-nursery/nursery-furniture</loc>
  </url>
  <url>
    <loc>https://www.westfield.com.au/mtgravatt/browse-stores/baby-and-nursery/prams-strollers-and-carriers</loc>
  </url>
  <url>
    <loc>https://www.westfield.com.au/mtgravatt/browse-stores/baby-and-nursery/tableware-and-feeding</loc>
  </url>
  <url>
    <loc>https://www.westfield.com.au/mtgravatt/browse-stores/beauty-and-wellness/bath-and-body</loc>
  </url>
  <url>
    <loc>https://www.westfield.com.au/mtgravatt/browse-stores/banks</loc>
  </url>
  <url>
    <loc>https://www.westfield.com.au/mtgravatt/browse-stores/beauty-and-wellness/hair-and-beauty</loc>
  </url>
  <url>
    <loc>https://www.westfield.com.au/mtgravatt/browse-stores/beauty-and-wellness/fragrance</loc>
  </url>
  <url>
    <loc>https://www.westfield.com.au/mtgravatt/browse-stores/beauty-and-wellness/hair-care</loc>
  </url>
  <url>
    <loc>https://www.westfield.com.au/mtgravatt/browse-stores/beauty-and-wellness</loc>
  </url>
  <url>
    <loc>https://www.westfield.com.au/mtgravatt/browse-stores/beauty-and-wellness/skincare</loc>
  </url>
  <url>
    <loc>https://www.westfield.com.au/mtgravatt/browse-stores/beauty-and-wellness/makeup</loc>
  </url>
  <url>
    <loc>https://www.westfield.com.au/mtgravatt/browse-stores/books-stationery-and-gifts</loc>
  </url>
  <url>
    <loc>https://www.westfield.com.au/mtgravatt/browse-stores/beauty-and-wellness/vitamins-and-supplements</loc>
  </url>
  <url>
    <loc>https://www.westfield.com.au/mtgravatt/browse-stores/books-stationery-and-gifts/newsagencies</loc>
  </url>
  <url>
    <loc>https://www.westfield.com.au/mtgravatt/browse-stores/books-stationery-and-gifts/book-stores</loc>
  </url>
  <url>
    <loc>https://www.westfield.com.au/mtgravatt/browse-stores/books-stationery-and-gifts/office-supplies</loc>
  </url>
  <url>
    <loc>https://www.westfield.com.au/mtgravatt/browse-stores/books-stationery-and-gifts/cards-and-gift-wrap</loc>
  </url>
  <url>
    <loc>https://www.westfield.com.au/mtgravatt/browse-stores/car-and-auto</loc>
  </url>
  <url>
    <loc>https://www.westfield.com.au/mtgravatt/browse-stores/books-stationery-and-gifts/stationery</loc>
  </url>
  <url>
    <loc>https://www.westfield.com.au/mtgravatt/browse-stores/childcare</loc>
  </url>
  <url>
    <loc>https://www.westfield.com.au/mtgravatt/browse-stores/clothing-and-accessories</loc>
  </url>
  <url>
    <loc>https://www.westfield.com.au/mtgravatt/browse-stores/clothing-and-accessories/jewellery-and-watches</loc>
  </url>
  <url>
    <loc>https://www.westfield.com.au/mtgravatt/browse-stores/clothing-and-accessories/mens-fashion</loc>
  </url>
  <url>
    <loc>https://www.westfield.com.au/mtgravatt/browse-stores/clothing-and-accessories/footwear</loc>
  </url>
  <url>
    <loc>https://www.westfield.com.au/mtgravatt/browse-stores/clothing-and-accessories/babies-and-toddlers</loc>
  </url>
  <url>
    <loc>https://www.westfield.com.au/mtgravatt/browse-stores/clothing-and-accessories/kids-and-junior</loc>
  </url>
  <url>
    <loc>https://www.westfield.com.au/mtgravatt/browse-stores/clothing-and-accessories/womens-fashion</loc>
  </url>
  <url>
    <loc>https://www.westfield.com.au/mtgravatt/browse-stores/clothing-and-accessories/sunglasses</loc>
  </url>
  <url>
    <loc>https://www.westfield.com.au/mtgravatt/browse-stores/community-services</loc>
  </url>
  <url>
    <loc>https://www.westfield.com.au/mtgravatt/browse-stores/department-stores</loc>
  </url>
  <url>
    <loc>https://www.westfield.com.au/mtgravatt/browse-stores/discount-and-variety</loc>
  </url>
  <url>
    <loc>https://www.westfield.com.au/mtgravatt/browse-stores/electronics-and-technology/cameras</loc>
  </url>
  <url>
    <loc>https://www.westfield.com.au/mtgravatt/browse-stores/electronics-and-technology</loc>
  </url>
  <url>
    <loc>https://www.westfield.com.au/mtgravatt/browse-stores/electronics-and-technology/gaming-and-consoles</loc>
  </url>
  <url>
    <loc>https://www.westfield.com.au/mtgravatt/browse-stores/electronics-and-technology/computers-and-tablets</loc>
  </url>
  <url>
    <loc>https://www.westfield.com.au/mtgravatt/browse-stores/electronics-and-technology/mobile-and-accessories</loc>
  </url>
  <url>
    <loc>https://www.westfield.com.au/mtgravatt/browse-stores/electronics-and-technology/navigation</loc>
  </url>
  <url>
    <loc>https://www.westfield.com.au/mtgravatt/browse-stores/electronics-and-technology/tv-and-audio</loc>
  </url>
  <url>
    <loc>https://www.westfield.com.au/mtgravatt/browse-stores/entertainment-and-activities</loc>
  </url>
  <url>
    <loc>https://www.westfield.com.au/mtgravatt/browse-stores/entertainment-and-activities/kids-activities</loc>
  </url>
  <url>
    <loc>https://www.westfield.com.au/mtgravatt/browse-stores/entertainment-and-activities/learning-and-education</loc>
  </url>
  <url>
    <loc>https://www.westfield.com.au/mtgravatt/browse-stores/entertainment-and-activities/bowling</loc>
  </url>
  <url>
    <loc>https://www.westfield.com.au/mtgravatt/browse-stores/entertainment-and-activities/cinemas</loc>
  </url>
  <url>
    <loc>https://www.westfield.com.au/mtgravatt/browse-stores/entertainment-and-activities/music</loc>
  </url>
  <url>
    <loc>https://www.westfield.com.au/mtgravatt/browse-stores/entertainment-and-activities/arcades-and-games</loc>
  </url>
  <url>
    <loc>https://www.westfield.com.au/mtgravatt/browse-stores/florists</loc>
  </url>
  <url>
    <loc>https://www.westfield.com.au/mtgravatt/browse-stores/food-and-drink</loc>
  </url>
  <url>
    <loc>https://www.westfield.com.au/mtgravatt/browse-stores/designer-and-boutique</loc>
  </url>
  <url>
    <loc>https://www.westfield.com.au/mtgravatt/browse-stores/food-and-drink/bars-and-pubs</loc>
  </url>
  <url>
    <loc>https://www.westfield.com.au/mtgravatt/browse-stores/food-and-drink/asian</loc>
  </url>
  <url>
    <loc>https://www.westfield.com.au/mtgravatt/browse-stores/food-and-drink/chocolate-cafes</loc>
  </url>
  <url>
    <loc>https://www.westfield.com.au/mtgravatt/browse-stores/food-and-drink/breakfast-and-brunch</loc>
  </url>
  <url>
    <loc>https://www.westfield.com.au/mtgravatt/browse-stores/food-and-drink/cafes</loc>
  </url>
  <url>
    <loc>https://www.westfield.com.au/mtgravatt/browse-stores/dry-cleaning</loc>
  </url>
  <url>
    <loc>https://www.westfield.com.au/mtgravatt/browse-stores/food-and-drink/grill-houses</loc>
  </url>
  <url>
    <loc>https://www.westfield.com.au/mtgravatt/browse-stores/food-and-drink/fast-food</loc>
  </url>
  <url>
    <loc>https://www.westfield.com.au/mtgravatt/browse-stores/food-and-drink/fine-dining</loc>
  </url>
  <url>
    <loc>https://www.westfield.com.au/mtgravatt/browse-stores/food-and-drink/dietary-requirements</loc>
  </url>
  <url>
    <loc>https://www.westfield.com.au/mtgravatt/browse-stores/food-and-drink/desserts</loc>
  </url>
  <url>
    <loc>https://www.westfield.com.au/mtgravatt/browse-stores/food-and-drink/casual-dining</loc>
  </url>
  <url>
    <loc>https://www.westfield.com.au/mtgravatt/browse-stores/food-and-drink/healthy-options</loc>
  </url>
  <url>
    <loc>https://www.westfield.com.au/mtgravatt/browse-stores/food-and-drink/italian</loc>
  </url>
  <url>
    <loc>https://www.westfield.com.au/mtgravatt/browse-stores/food-and-drink/juice-bars</loc>
  </url>
  <url>
    <loc>https://www.westfield.com.au/mtgravatt/browse-stores/food-and-drink/sandwiches-and-salads</loc>
  </url>
  <url>
    <loc>https://www.westfield.com.au/mtgravatt/browse-stores/food-and-drink/mexican-and-latin-american</loc>
  </url>
  <url>
    <loc>https://www.westfield.com.au/mtgravatt/browse-stores/food-and-drink/modern-australian</loc>
  </url>
  <url>
    <loc>https://www.westfield.com.au/mtgravatt/browse-stores/food-and-drink/middle-eastern</loc>
  </url>
  <url>
    <loc>https://www.westfield.com.au/mtgravatt/browse-stores/food-and-drink/takeaway</loc>
  </url>
  <url>
    <loc>https://www.westfield.com.au/mtgravatt/browse-stores/food-and-drink/kid-friendly</loc>
  </url>
  <url>
    <loc>https://www.westfield.com.au/mtgravatt/browse-stores/foreign-currency-exchange</loc>
  </url>
  <url>
    <loc>https://www.westfield.com.au/mtgravatt/browse-stores/fresh-food-and-groceries/liquor</loc>
  </url>
  <url>
    <loc>https://www.westfield.com.au/mtgravatt/browse-stores/fresh-food-and-groceries/fresh-produce</loc>
  </url>
  <url>
    <loc>https://www.westfield.com.au/mtgravatt/browse-stores/fresh-food-and-groceries/bakeries</loc>
  </url>
  <url>
    <loc>https://www.westfield.com.au/mtgravatt/browse-stores/fresh-food-and-groceries/poultry</loc>
  </url>
  <url>
    <loc>https://www.westfield.com.au/mtgravatt/browse-stores/fresh-food-and-groceries</loc>
  </url>
  <url>
    <loc>https://www.westfield.com.au/mtgravatt/browse-stores/fresh-food-and-groceries/delicatessens</loc>
  </url>
  <url>
    <loc>https://www.westfield.com.au/mtgravatt/browse-stores/fresh-food-and-groceries/confectionery</loc>
  </url>
  <url>
    <loc>https://www.westfield.com.au/mtgravatt/browse-stores/fresh-food-and-groceries/butchers</loc>
  </url>
  <url>
    <loc>https://www.westfield.com.au/mtgravatt/browse-stores/fresh-food-and-groceries/patisseries</loc>
  </url>
  <url>
    <loc>https://www.westfield.com.au/mtgravatt/browse-stores/fresh-food-and-groceries/supermarkets</loc>
  </url>
  <url>
    <loc>https://www.westfield.com.au/mtgravatt/browse-stores/fresh-food-and-groceries/seafood</loc>
  </url>
  <url>
    <loc>https://www.westfield.com.au/mtgravatt/browse-stores/health-and-fitness/chemists</loc>
  </url>
  <url>
    <loc>https://www.westfield.com.au/mtgravatt/browse-stores/health-and-fitness</loc>
  </url>
  <url>
    <loc>https://www.westfield.com.au/mtgravatt/browse-stores/health-and-fitness/dentists</loc>
  </url>
  <url>
    <loc>https://www.westfield.com.au/mtgravatt/browse-stores/health-and-fitness/gyms-and-fitness-studios</loc>
  </url>
  <url>
    <loc>https://www.westfield.com.au/mtgravatt/browse-stores/health-and-fitness/optometrists</loc>
  </url>
  <url>
    <loc>https://www.westfield.com.au/mtgravatt/browse-stores/health-and-fitness/medical-centres</loc>
  </url>
  <url>
    <loc>https://www.westfield.com.au/mtgravatt/browse-stores/fresh-food-and-groceries/specialty-foods</loc>
  </url>
  <url>
    <loc>https://www.westfield.com.au/mtgravatt/browse-stores/health-and-fitness/health-insurers</loc>
  </url>
  <url>
    <loc>https://www.westfield.com.au/mtgravatt/browse-stores/home</loc>
  </url>
  <url>
    <loc>https://www.westfield.com.au/mtgravatt/browse-stores/home/bedding</loc>
  </url>
  <url>
    <loc>https://www.westfield.com.au/mtgravatt/browse-stores/home/gifts</loc>
  </url>
  <url>
    <loc>https://www.westfield.com.au/mtgravatt/browse-stores/health-and-fitness/specialty-health-providers</loc>
  </url>
  <url>
    <loc>https://www.westfield.com.au/mtgravatt/browse-stores/home/hardware</loc>
  </url>
  <url>
    <loc>https://www.westfield.com.au/mtgravatt/browse-stores/home/furniture</loc>
  </url>
  <url>
    <loc>https://www.westfield.com.au/mtgravatt/browse-stores/home/bath-and-home-fragrances</loc>
  </url>
  <url>
    <loc>https://www.westfield.com.au/mtgravatt/browse-stores/home/kitchen</loc>
  </url>
  <url>
    <loc>https://www.westfield.com.au/mtgravatt/browse-stores/home/home-decor</loc>
  </url>
  <url>
    <loc>https://www.westfield.com.au/mtgravatt/browse-stores/home/home-appliances</loc>
  </url>
  <url>
    <loc>https://www.westfield.com.au/mtgravatt/browse-stores/luggage-and-travel-accessories/backpacks-and-gym-duffle-bags</loc>
  </url>
  <url>
    <loc>https://www.westfield.com.au/mtgravatt/browse-stores/luggage-and-travel-accessories</loc>
  </url>
  <url>
    <loc>https://www.westfield.com.au/mtgravatt/browse-stores/home/pets</loc>
  </url>
  <url>
    <loc>https://www.westfield.com.au/mtgravatt/browse-stores/home/photography-and-art</loc>
  </url>
  <url>
    <loc>https://www.westfield.com.au/mtgravatt/browse-stores/luggage-and-travel-accessories/laptop-cases-and-sleeves</loc>
  </url>
  <url>
    <loc>https://www.westfield.com.au/mtgravatt/browse-stores/home/picture-frames</loc>
  </url>
  <url>
    <loc>https://www.westfield.com.au/mtgravatt/browse-stores/luxury-and-premium</loc>
  </url>
  <url>
    <loc>https://www.westfield.com.au/mtgravatt/browse-stores/luggage-and-travel-accessories/suitcases-and-travel-accessories</loc>
  </url>
  <url>
    <loc>https://www.westfield.com.au/mtgravatt/browse-stores/luggage-and-travel-accessories/work-and-laptop-bags</loc>
  </url>
  <url>
    <loc>https://www.westfield.com.au/mtgravatt/browse-stores/luggage-and-travel-accessories/small-leather-goods</loc>
  </url>
  <url>
    <loc>https://www.westfield.com.au/mtgravatt/browse-stores/luxury-and-premium/premium-brands</loc>
  </url>
  <url>
    <loc>https://www.westfield.com.au/mtgravatt/browse-stores/luxury-and-premium/luxury</loc>
  </url>
  <url>
    <loc>https://www.westfield.com.au/mtgravatt/browse-stores/photographic-services</loc>
  </url>
  <url>
    <loc>https://www.westfield.com.au/mtgravatt/browse-stores/post-office</loc>
  </url>
  <url>
    <loc>https://www.westfield.com.au/mtgravatt/browse-stores/phone-repairs</loc>
  </url>
  <url>
    <loc>https://www.westfield.com.au/mtgravatt/browse-stores/luxury-and-premium/australian-designer</loc>
  </url>
  <url>
    <loc>https://www.westfield.com.au/mtgravatt/browse-stores/professional-services</loc>
  </url>
  <url>
    <loc>https://www.westfield.com.au/mtgravatt/browse-stores/real-estate-agents</loc>
  </url>
  <url>
    <loc>https://www.westfield.com.au/mtgravatt/browse-stores/shoe-repair-and-key-cutting</loc>
  </url>
  <url>
    <loc>https://www.westfield.com.au/mtgravatt/browse-stores/sporting-goods</loc>
  </url>
  <url>
    <loc>https://www.westfield.com.au/mtgravatt/browse-stores/sporting-goods/fitness-and-gym-equipment</loc>
  </url>
  <url>
    <loc>https://www.westfield.com.au/mtgravatt/browse-stores/tobacconists</loc>
  </url>
  <url>
    <loc>https://www.westfield.com.au/mtgravatt/browse-stores/sporting-goods/outdoors-and-camping</loc>
  </url>
  <url>
    <loc>https://www.westfield.com.au/mtgravatt/browse-stores/sporting-goods/tech-and-wearables</loc>
  </url>
  <url>
    <loc>https://www.westfield.com.au/mtgravatt/browse-stores/power-gas-and-communication-services</loc>
  </url>
  <url>
    <loc>https://www.westfield.com.au/mtgravatt/browse-stores/toys-and-hobbies</loc>
  </url>
  <url>
    <loc>https://www.westfield.com.au/mtgravatt/browse-stores/sporting-goods/activewear</loc>
  </url>
  <url>
    <loc>https://www.westfield.com.au/mtgravatt/browse-stores/toys-and-hobbies/hobbies</loc>
  </url>
  <url>
    <loc>https://www.westfield.com.au/mtgravatt/browse-stores/travel-agents</loc>
  </url>
  <url>
    <loc>https://www.westfield.com.au/mtgravatt/browse-stores/toys-and-hobbies/toys</loc>
  </url>
  <url>
    <loc>https://www.westfield.com.au/mtgravatt/browse-stores/toys-and-hobbies/arts-and-crafts</loc>
  </url>
  <url>
    <loc>https://www.westfield.com.au/mtgravatt/browse-stores/toys-and-hobbies/games</loc>
  </url>
  <url>
    <loc>https://www.westfield.com.au/northlakes/browse-stores/alterations-and-tailoring</loc>
  </url>
  <url>
    <loc>https://www.westfield.com.au/northlakes/browse-stores/baby-and-nursery</loc>
  </url>
  <url>
    <loc>https://www.westfield.com.au/northlakes/browse-stores/baby-and-nursery/baby-and-infant-toys</loc>
  </url>
  <url>
    <loc>https://www.westfield.com.au/northlakes/browse-stores/baby-and-nursery/nursery-furniture</loc>
  </url>
  <url>
    <loc>https://www.westfield.com.au/northlakes/browse-stores/baby-and-nursery/baby-bedding</loc>
  </url>
  <url>
    <loc>https://www.westfield.com.au/northlakes/browse-stores/baby-and-nursery/tableware-and-feeding</loc>
  </url>
  <url>
    <loc>https://www.westfield.com.au/northlakes/browse-stores/baby-and-nursery/prams-strollers-and-carriers</loc>
  </url>
  <url>
    <loc>https://www.westfield.com.au/northlakes/browse-stores/beauty-and-wellness</loc>
  </url>
  <url>
    <loc>https://www.westfield.com.au/northlakes/browse-stores/beauty-and-wellness/bath-and-body</loc>
  </url>
  <url>
    <loc>https://www.westfield.com.au/northlakes/browse-stores/banks</loc>
  </url>
  <url>
    <loc>https://www.westfield.com.au/northlakes/browse-stores/beauty-and-wellness/fragrance</loc>
  </url>
  <url>
    <loc>https://www.westfield.com.au/northlakes/browse-stores/beauty-and-wellness/hair-and-beauty</loc>
  </url>
  <url>
    <loc>https://www.westfield.com.au/northlakes/browse-stores/beauty-and-wellness/hair-care</loc>
  </url>
  <url>
    <loc>https://www.westfield.com.au/northlakes/browse-stores/beauty-and-wellness/vitamins-and-supplements</loc>
  </url>
  <url>
    <loc>https://www.westfield.com.au/northlakes/browse-stores/beauty-and-wellness/makeup</loc>
  </url>
  <url>
    <loc>https://www.westfield.com.au/northlakes/browse-stores/beauty-and-wellness/skincare</loc>
  </url>
  <url>
    <loc>https://www.westfield.com.au/northlakes/browse-stores/books-stationery-and-gifts</loc>
  </url>
  <url>
    <loc>https://www.westfield.com.au/northlakes/browse-stores/books-stationery-and-gifts/book-stores</loc>
  </url>
  <url>
    <loc>https://www.westfield.com.au/northlakes/browse-stores/books-stationery-and-gifts/newsagencies</loc>
  </url>
  <url>
    <loc>https://www.westfield.com.au/northlakes/browse-stores/books-stationery-and-gifts/cards-and-gift-wrap</loc>
  </url>
  <url>
    <loc>https://www.westfield.com.au/northlakes/browse-stores/books-stationery-and-gifts/office-supplies</loc>
  </url>
  <url>
    <loc>https://www.westfield.com.au/northlakes/browse-stores/books-stationery-and-gifts/stationery</loc>
  </url>
  <url>
    <loc>https://www.westfield.com.au/northlakes/browse-stores/car-and-auto</loc>
  </url>
  <url>
    <loc>https://www.westfield.com.au/northlakes/browse-stores/clothing-and-accessories</loc>
  </url>
  <url>
    <loc>https://www.westfield.com.au/northlakes/browse-stores/clothing-and-accessories/footwear</loc>
  </url>
  <url>
    <loc>https://www.westfield.com.au/northlakes/browse-stores/clothing-and-accessories/babies-and-toddlers</loc>
  </url>
  <url>
    <loc>https://www.westfield.com.au/northlakes/browse-stores/clothing-and-accessories/jewellery-and-watches</loc>
  </url>
  <url>
    <loc>https://www.westfield.com.au/northlakes/browse-stores/clothing-and-accessories/kids-and-junior</loc>
  </url>
  <url>
    <loc>https://www.westfield.com.au/northlakes/browse-stores/clothing-and-accessories/sunglasses</loc>
  </url>
  <url>
    <loc>https://www.westfield.com.au/northlakes/browse-stores/clothing-and-accessories/womens-fashion</loc>
  </url>
  <url>
    <loc>https://www.westfield.com.au/northlakes/browse-stores/clothing-and-accessories/mens-fashion</loc>
  </url>
  <url>
    <loc>https://www.westfield.com.au/northlakes/browse-stores/department-stores</loc>
  </url>
  <url>
    <loc>https://www.westfield.com.au/northlakes/browse-stores/community-services</loc>
  </url>
  <url>
    <loc>https://www.westfield.com.au/northlakes/browse-stores/designer-and-boutique</loc>
  </url>
  <url>
    <loc>https://www.westfield.com.au/northlakes/browse-stores/discount-and-variety</loc>
  </url>
  <url>
    <loc>https://www.westfield.com.au/northlakes/browse-stores/dry-cleaning</loc>
  </url>
  <url>
    <loc>https://www.westfield.com.au/northlakes/browse-stores/electronics-and-technology</loc>
  </url>
  <url>
    <loc>https://www.westfield.com.au/northlakes/browse-stores/electronics-and-technology/computers-and-tablets</loc>
  </url>
  <url>
    <loc>https://www.westfield.com.au/northlakes/browse-stores/electronics-and-technology/mobile-and-accessories</loc>
  </url>
  <url>
    <loc>https://www.westfield.com.au/northlakes/browse-stores/electronics-and-technology/cameras</loc>
  </url>
  <url>
    <loc>https://www.westfield.com.au/northlakes/browse-stores/electronics-and-technology/gaming-and-consoles</loc>
  </url>
  <url>
    <loc>https://www.westfield.com.au/northlakes/browse-stores/electronics-and-technology/navigation</loc>
  </url>
  <url>
    <loc>https://www.westfield.com.au/northlakes/browse-stores/electronics-and-technology/tv-and-audio</loc>
  </url>
  <url>
    <loc>https://www.westfield.com.au/northlakes/browse-stores/entertainment-and-activities</loc>
  </url>
  <url>
    <loc>https://www.westfield.com.au/northlakes/browse-stores/entertainment-and-activities/arcades-and-games</loc>
  </url>
  <url>
    <loc>https://www.westfield.com.au/northlakes/browse-stores/entertainment-and-activities/cinemas</loc>
  </url>
  <url>
    <loc>https://www.westfield.com.au/northlakes/browse-stores/entertainment-and-activities/kids-activities</loc>
  </url>
  <url>
    <loc>https://www.westfield.com.au/northlakes/browse-stores/entertainment-and-activities/learning-and-education</loc>
  </url>
  <url>
    <loc>https://www.westfield.com.au/northlakes/browse-stores/entertainment-and-activities/music</loc>
  </url>
  <url>
    <loc>https://www.westfield.com.au/northlakes/browse-stores/food-and-drink</loc>
  </url>
  <url>
    <loc>https://www.westfield.com.au/northlakes/browse-stores/food-and-drink/asian</loc>
  </url>
  <url>
    <loc>https://www.westfield.com.au/northlakes/browse-stores/florists</loc>
  </url>
  <url>
    <loc>https://www.westfield.com.au/northlakes/browse-stores/food-and-drink/bars-and-pubs</loc>
  </url>
  <url>
    <loc>https://www.westfield.com.au/northlakes/browse-stores/food-and-drink/grill-houses</loc>
  </url>
  <url>
    <loc>https://www.westfield.com.au/northlakes/browse-stores/food-and-drink/dietary-requirements</loc>
  </url>
  <url>
    <loc>https://www.westfield.com.au/northlakes/browse-stores/food-and-drink/fast-food</loc>
  </url>
  <url>
    <loc>https://www.westfield.com.au/northlakes/browse-stores/food-and-drink/cafes</loc>
  </url>
  <url>
    <loc>https://www.westfield.com.au/northlakes/browse-stores/food-and-drink/casual-dining</loc>
  </url>
  <url>
    <loc>https://www.westfield.com.au/northlakes/browse-stores/food-and-drink/juice-bars</loc>
  </url>
  <url>
    <loc>https://www.westfield.com.au/northlakes/browse-stores/food-and-drink/mexican-and-latin-american</loc>
  </url>
  <url>
    <loc>https://www.westfield.com.au/northlakes/browse-stores/food-and-drink/middle-eastern</loc>
  </url>
  <url>
    <loc>https://www.westfield.com.au/northlakes/browse-stores/food-and-drink/healthy-options</loc>
  </url>
  <url>
    <loc>https://www.westfield.com.au/northlakes/browse-stores/food-and-drink/kid-friendly</loc>
  </url>
  <url>
    <loc>https://www.westfield.com.au/northlakes/browse-stores/food-and-drink/modern-australian</loc>
  </url>
  <url>
    <loc>https://www.westfield.com.au/northlakes/browse-stores/food-and-drink/sandwiches-and-salads</loc>
  </url>
  <url>
    <loc>https://www.westfield.com.au/northlakes/browse-stores/fresh-food-and-groceries</loc>
  </url>
  <url>
    <loc>https://www.westfield.com.au/northlakes/browse-stores/foreign-currency-exchange</loc>
  </url>
  <url>
    <loc>https://www.westfield.com.au/northlakes/browse-stores/fresh-food-and-groceries/butchers</loc>
  </url>
  <url>
    <loc>https://www.westfield.com.au/northlakes/browse-stores/fresh-food-and-groceries/bakeries</loc>
  </url>
  <url>
    <loc>https://www.westfield.com.au/northlakes/browse-stores/fresh-food-and-groceries/confectionery</loc>
  </url>
  <url>
    <loc>https://www.westfield.com.au/northlakes/browse-stores/fresh-food-and-groceries/liquor</loc>
  </url>
  <url>
    <loc>https://www.westfield.com.au/northlakes/browse-stores/fresh-food-and-groceries/poultry</loc>
  </url>
  <url>
    <loc>https://www.westfield.com.au/northlakes/browse-stores/fresh-food-and-groceries/fresh-produce</loc>
  </url>
  <url>
    <loc>https://www.westfield.com.au/northlakes/browse-stores/food-and-drink/takeaway</loc>
  </url>
  <url>
    <loc>https://www.westfield.com.au/northlakes/browse-stores/food-and-drink/desserts</loc>
  </url>
  <url>
    <loc>https://www.westfield.com.au/northlakes/browse-stores/food-and-drink/breakfast-and-brunch</loc>
  </url>
  <url>
    <loc>https://www.westfield.com.au/northlakes/browse-stores/fresh-food-and-groceries/specialty-foods</loc>
  </url>
  <url>
    <loc>https://www.westfield.com.au/northlakes/browse-stores/fresh-food-and-groceries/supermarkets</loc>
  </url>
  <url>
    <loc>https://www.westfield.com.au/northlakes/browse-stores/health-and-fitness/chemists</loc>
  </url>
  <url>
    <loc>https://www.westfield.com.au/northlakes/browse-stores/fresh-food-and-groceries/seafood</loc>
  </url>
  <url>
    <loc>https://www.westfield.com.au/northlakes/browse-stores/fresh-food-and-groceries/delicatessens</loc>
  </url>
  <url>
    <loc>https://www.westfield.com.au/northlakes/browse-stores/health-and-fitness/dentists</loc>
  </url>
  <url>
    <loc>https://www.westfield.com.au/northlakes/browse-stores/health-and-fitness</loc>
  </url>
  <url>
    <loc>https://www.westfield.com.au/northlakes/browse-stores/health-and-fitness/health-insurers</loc>
  </url>
  <url>
    <loc>https://www.westfield.com.au/northlakes/browse-stores/health-and-fitness/medical-centres</loc>
  </url>
  <url>
    <loc>https://www.westfield.com.au/northlakes/browse-stores/home</loc>
  </url>
  <url>
    <loc>https://www.westfield.com.au/northlakes/browse-stores/health-and-fitness/optometrists</loc>
  </url>
  <url>
    <loc>https://www.westfield.com.au/northlakes/browse-stores/health-and-fitness/specialty-health-providers</loc>
  </url>
  <url>
    <loc>https://www.westfield.com.au/northlakes/browse-stores/home/bedding</loc>
  </url>
  <url>
    <loc>https://www.westfield.com.au/northlakes/browse-stores/home/furniture</loc>
  </url>
  <url>
    <loc>https://www.westfield.com.au/northlakes/browse-stores/home/gifts</loc>
  </url>
  <url>
    <loc>https://www.westfield.com.au/northlakes/browse-stores/home/home-appliances</loc>
  </url>
  <url>
    <loc>https://www.westfield.com.au/northlakes/browse-stores/home/kitchen</loc>
  </url>
  <url>
    <loc>https://www.westfield.com.au/northlakes/browse-stores/home/bath-and-home-fragrances</loc>
  </url>
  <url>
    <loc>https://www.westfield.com.au/northlakes/browse-stores/home/home-decor</loc>
  </url>
  <url>
    <loc>https://www.westfield.com.au/northlakes/browse-stores/home/pets</loc>
  </url>
  <url>
    <loc>https://www.westfield.com.au/northlakes/browse-stores/home/hardware</loc>
  </url>
  <url>
    <loc>https://www.westfield.com.au/northlakes/browse-stores/luggage-and-travel-accessories</loc>
  </url>
  <url>
    <loc>https://www.westfield.com.au/northlakes/browse-stores/home/photography-and-art</loc>
  </url>
  <url>
    <loc>https://www.westfield.com.au/northlakes/browse-stores/home/picture-frames</loc>
  </url>
  <url>
    <loc>https://www.westfield.com.au/northlakes/browse-stores/luggage-and-travel-accessories/small-leather-goods</loc>
  </url>
  <url>
    <loc>https://www.westfield.com.au/northlakes/browse-stores/luggage-and-travel-accessories/work-and-laptop-bags</loc>
  </url>
  <url>
    <loc>https://www.westfield.com.au/northlakes/browse-stores/luggage-and-travel-accessories/backpacks-and-gym-duffle-bags</loc>
  </url>
  <url>
    <loc>https://www.westfield.com.au/northlakes/browse-stores/photographic-services</loc>
  </url>
  <url>
    <loc>https://www.westfield.com.au/northlakes/browse-stores/luggage-and-travel-accessories/suitcases-and-travel-accessories</loc>
  </url>
  <url>
    <loc>https://www.westfield.com.au/northlakes/browse-stores/phone-repairs</loc>
  </url>
  <url>
    <loc>https://www.westfield.com.au/northlakes/browse-stores/post-office</loc>
  </url>
  <url>
    <loc>https://www.westfield.com.au/northlakes/browse-stores/luggage-and-travel-accessories/laptop-cases-and-sleeves</loc>
  </url>
  <url>
    <loc>https://www.westfield.com.au/northlakes/browse-stores/power-gas-and-communication-services</loc>
  </url>
  <url>
    <loc>https://www.westfield.com.au/northlakes/browse-stores/professional-services</loc>
  </url>
  <url>
    <loc>https://www.westfield.com.au/northlakes/browse-stores/shoe-repair-and-key-cutting</loc>
  </url>
  <url>
    <loc>https://www.westfield.com.au/northlakes/browse-stores/sporting-goods</loc>
  </url>
  <url>
    <loc>https://www.westfield.com.au/northlakes/browse-stores/sporting-goods/tech-and-wearables</loc>
  </url>
  <url>
    <loc>https://www.westfield.com.au/northlakes/browse-stores/sporting-goods/outdoors-and-camping</loc>
  </url>
  <url>
    <loc>https://www.westfield.com.au/northlakes/browse-stores/sporting-goods/activewear</loc>
  </url>
  <url>
    <loc>https://www.westfield.com.au/northlakes/browse-stores/toys-and-hobbies</loc>
  </url>
  <url>
    <loc>https://www.westfield.com.au/northlakes/browse-stores/tobacconists</loc>
  </url>
  <url>
    <loc>https://www.westfield.com.au/northlakes/browse-stores/sporting-goods/fitness-and-gym-equipment</loc>
  </url>
  <url>
    <loc>https://www.westfield.com.au/northlakes/browse-stores/toys-and-hobbies/arts-and-crafts</loc>
  </url>
  <url>
    <loc>https://www.westfield.com.au/northlakes/browse-stores/toys-and-hobbies/games</loc>
  </url>
  <url>
    <loc>https://www.westfield.com.au/northlakes/browse-stores/toys-and-hobbies/toys</loc>
  </url>
  <url>
    <loc>https://www.westfield.com.au/northlakes/browse-stores/toys-and-hobbies/hobbies</loc>
  </url>
  <url>
    <loc>https://www.westfield.com.au/northlakes/browse-stores/travel-agents</loc>
  </url>
  <url>
    <loc>https://www.westfield.com.au/parramatta/browse-stores/alterations-and-tailoring</loc>
  </url>
  <url>
    <loc>https://www.westfield.com.au/parramatta/browse-stores/baby-and-nursery</loc>
  </url>
  <url>
    <loc>https://www.westfield.com.au/parramatta/browse-stores/baby-and-nursery/baby-and-infant-toys</loc>
  </url>
  <url>
    <loc>https://www.westfield.com.au/parramatta/browse-stores/baby-and-nursery/prams-strollers-and-carriers</loc>
  </url>
  <url>
    <loc>https://www.westfield.com.au/parramatta/browse-stores/baby-and-nursery/nursery-furniture</loc>
  </url>
  <url>
    <loc>https://www.westfield.com.au/parramatta/browse-stores/baby-and-nursery/baby-bedding</loc>
  </url>
  <url>
    <loc>https://www.westfield.com.au/parramatta/browse-stores/baby-and-nursery/tableware-and-feeding</loc>
  </url>
  <url>
    <loc>https://www.westfield.com.au/parramatta/browse-stores/banks</loc>
  </url>
  <url>
    <loc>https://www.westfield.com.au/parramatta/browse-stores/beauty-and-wellness/fragrance</loc>
  </url>
  <url>
    <loc>https://www.westfield.com.au/parramatta/browse-stores/beauty-and-wellness/hair-and-beauty</loc>
  </url>
  <url>
    <loc>https://www.westfield.com.au/parramatta/browse-stores/beauty-and-wellness/bath-and-body</loc>
  </url>
  <url>
    <loc>https://www.westfield.com.au/parramatta/browse-stores/beauty-and-wellness/hair-care</loc>
  </url>
  <url>
    <loc>https://www.westfield.com.au/parramatta/browse-stores/beauty-and-wellness/makeup</loc>
  </url>
  <url>
    <loc>https://www.westfield.com.au/parramatta/browse-stores/beauty-and-wellness</loc>
  </url>
  <url>
    <loc>https://www.westfield.com.au/parramatta/browse-stores/beauty-and-wellness/skincare</loc>
  </url>
  <url>
    <loc>https://www.westfield.com.au/parramatta/browse-stores/books-stationery-and-gifts/book-stores</loc>
  </url>
  <url>
    <loc>https://www.westfield.com.au/parramatta/browse-stores/beauty-and-wellness/vitamins-and-supplements</loc>
  </url>
  <url>
    <loc>https://www.westfield.com.au/parramatta/browse-stores/books-stationery-and-gifts/newsagencies</loc>
  </url>
  <url>
    <loc>https://www.westfield.com.au/parramatta/browse-stores/books-stationery-and-gifts</loc>
  </url>
  <url>
    <loc>https://www.westfield.com.au/parramatta/browse-stores/books-stationery-and-gifts/cards-and-gift-wrap</loc>
  </url>
  <url>
    <loc>https://www.westfield.com.au/parramatta/browse-stores/books-stationery-and-gifts/stationery</loc>
  </url>
  <url>
    <loc>https://www.westfield.com.au/parramatta/browse-stores/books-stationery-and-gifts/office-supplies</loc>
  </url>
  <url>
    <loc>https://www.westfield.com.au/parramatta/browse-stores/car-and-auto</loc>
  </url>
  <url>
    <loc>https://www.westfield.com.au/parramatta/browse-stores/childcare</loc>
  </url>
  <url>
    <loc>https://www.westfield.com.au/parramatta/browse-stores/clothing-and-accessories/kids-and-junior</loc>
  </url>
  <url>
    <loc>https://www.westfield.com.au/parramatta/browse-stores/clothing-and-accessories/babies-and-toddlers</loc>
  </url>
  <url>
    <loc>https://www.westfield.com.au/parramatta/browse-stores/clothing-and-accessories</loc>
  </url>
  <url>
    <loc>https://www.westfield.com.au/parramatta/browse-stores/clothing-and-accessories/footwear</loc>
  </url>
  <url>
    <loc>https://www.westfield.com.au/parramatta/browse-stores/clothing-and-accessories/jewellery-and-watches</loc>
  </url>
  <url>
    <loc>https://www.westfield.com.au/parramatta/browse-stores/clothing-and-accessories/mens-fashion</loc>
  </url>
  <url>
    <loc>https://www.westfield.com.au/parramatta/browse-stores/clothing-and-accessories/sunglasses</loc>
  </url>
  <url>
    <loc>https://www.westfield.com.au/parramatta/browse-stores/clothing-and-accessories/womens-fashion</loc>
  </url>
  <url>
    <loc>https://www.westfield.com.au/parramatta/browse-stores/community-services</loc>
  </url>
  <url>
    <loc>https://www.westfield.com.au/parramatta/browse-stores/department-stores</loc>
  </url>
  <url>
    <loc>https://www.westfield.com.au/parramatta/browse-stores/designer-and-boutique</loc>
  </url>
  <url>
    <loc>https://www.westfield.com.au/parramatta/browse-stores/discount-and-variety</loc>
  </url>
  <url>
    <loc>https://www.westfield.com.au/parramatta/browse-stores/electronics-and-technology</loc>
  </url>
  <url>
    <loc>https://www.westfield.com.au/parramatta/browse-stores/dry-cleaning</loc>
  </url>
  <url>
    <loc>https://www.westfield.com.au/parramatta/browse-stores/electronics-and-technology/cameras</loc>
  </url>
  <url>
    <loc>https://www.westfield.com.au/parramatta/browse-stores/electronics-and-technology/computers-and-tablets</loc>
  </url>
  <url>
    <loc>https://www.westfield.com.au/parramatta/browse-stores/electronics-and-technology/mobile-and-accessories</loc>
  </url>
  <url>
    <loc>https://www.westfield.com.au/parramatta/browse-stores/electronics-and-technology/gaming-and-consoles</loc>
  </url>
  <url>
    <loc>https://www.westfield.com.au/parramatta/browse-stores/electronics-and-technology/navigation</loc>
  </url>
  <url>
    <loc>https://www.westfield.com.au/parramatta/browse-stores/electronics-and-technology/tv-and-audio</loc>
  </url>
  <url>
    <loc>https://www.westfield.com.au/parramatta/browse-stores/entertainment-and-activities/arcades-and-games</loc>
  </url>
  <url>
    <loc>https://www.westfield.com.au/parramatta/browse-stores/entertainment-and-activities</loc>
  </url>
  <url>
    <loc>https://www.westfield.com.au/parramatta/browse-stores/entertainment-and-activities/cinemas</loc>
  </url>
  <url>
    <loc>https://www.westfield.com.au/parramatta/browse-stores/entertainment-and-activities/music</loc>
  </url>
  <url>
    <loc>https://www.westfield.com.au/parramatta/browse-stores/food-and-drink</loc>
  </url>
  <url>
    <loc>https://www.westfield.com.au/parramatta/browse-stores/florists</loc>
  </url>
  <url>
    <loc>https://www.westfield.com.au/parramatta/browse-stores/entertainment-and-activities/kids-activities</loc>
  </url>
  <url>
    <loc>https://www.westfield.com.au/parramatta/browse-stores/entertainment-and-activities/learning-and-education</loc>
  </url>
  <url>
    <loc>https://www.westfield.com.au/parramatta/browse-stores/food-and-drink/asian</loc>
  </url>
  <url>
    <loc>https://www.westfield.com.au/parramatta/browse-stores/food-and-drink/breakfast-and-brunch</loc>
  </url>
  <url>
    <loc>https://www.westfield.com.au/parramatta/browse-stores/food-and-drink/cafes</loc>
  </url>
  <url>
    <loc>https://www.westfield.com.au/parramatta/browse-stores/food-and-drink/casual-dining</loc>
  </url>
  <url>
    <loc>https://www.westfield.com.au/parramatta/browse-stores/food-and-drink/desserts</loc>
  </url>
  <url>
    <loc>https://www.westfield.com.au/parramatta/browse-stores/food-and-drink/dietary-requirements</loc>
  </url>
  <url>
    <loc>https://www.westfield.com.au/parramatta/browse-stores/food-and-drink/chocolate-cafes</loc>
  </url>
  <url>
    <loc>https://www.westfield.com.au/parramatta/browse-stores/food-and-drink/juice-bars</loc>
  </url>
  <url>
    <loc>https://www.westfield.com.au/parramatta/browse-stores/food-and-drink/fast-food</loc>
  </url>
  <url>
    <loc>https://www.westfield.com.au/parramatta/browse-stores/food-and-drink/healthy-options</loc>
  </url>
  <url>
    <loc>https://www.westfield.com.au/parramatta/browse-stores/food-and-drink/kid-friendly</loc>
  </url>
  <url>
    <loc>https://www.westfield.com.au/parramatta/browse-stores/food-and-drink/mexican-and-latin-american</loc>
  </url>
  <url>
    <loc>https://www.westfield.com.au/parramatta/browse-stores/food-and-drink/modern-australian</loc>
  </url>
  <url>
    <loc>https://www.westfield.com.au/parramatta/browse-stores/food-and-drink/middle-eastern</loc>
  </url>
  <url>
    <loc>https://www.westfield.com.au/parramatta/browse-stores/food-and-drink/sandwiches-and-salads</loc>
  </url>
  <url>
    <loc>https://www.westfield.com.au/parramatta/browse-stores/foreign-currency-exchange</loc>
  </url>
  <url>
    <loc>https://www.westfield.com.au/parramatta/browse-stores/fresh-food-and-groceries/butchers</loc>
  </url>
  <url>
    <loc>https://www.westfield.com.au/parramatta/browse-stores/food-and-drink/takeaway</loc>
  </url>
  <url>
    <loc>https://www.westfield.com.au/parramatta/browse-stores/fresh-food-and-groceries</loc>
  </url>
  <url>
    <loc>https://www.westfield.com.au/parramatta/browse-stores/fresh-food-and-groceries/bakeries</loc>
  </url>
  <url>
    <loc>https://www.westfield.com.au/parramatta/browse-stores/fresh-food-and-groceries/confectionery</loc>
  </url>
  <url>
    <loc>https://www.westfield.com.au/parramatta/browse-stores/fresh-food-and-groceries/delicatessens</loc>
  </url>
  <url>
    <loc>https://www.westfield.com.au/parramatta/browse-stores/fresh-food-and-groceries/fresh-produce</loc>
  </url>
  <url>
    <loc>https://www.westfield.com.au/parramatta/browse-stores/fresh-food-and-groceries/liquor</loc>
  </url>
  <url>
    <loc>https://www.westfield.com.au/parramatta/browse-stores/fresh-food-and-groceries/patisseries</loc>
  </url>
  <url>
    <loc>https://www.westfield.com.au/parramatta/browse-stores/health-and-fitness</loc>
  </url>
  <url>
    <loc>https://www.westfield.com.au/parramatta/browse-stores/fresh-food-and-groceries/poultry</loc>
  </url>
  <url>
    <loc>https://www.westfield.com.au/parramatta/browse-stores/fresh-food-and-groceries/specialty-foods</loc>
  </url>
  <url>
    <loc>https://www.westfield.com.au/parramatta/browse-stores/fresh-food-and-groceries/supermarkets</loc>
  </url>
  <url>
    <loc>https://www.westfield.com.au/parramatta/browse-stores/fresh-food-and-groceries/seafood</loc>
  </url>
  <url>
    <loc>https://www.westfield.com.au/parramatta/browse-stores/health-and-fitness/chemists</loc>
  </url>
  <url>
    <loc>https://www.westfield.com.au/parramatta/browse-stores/health-and-fitness/dentists</loc>
  </url>
  <url>
    <loc>https://www.westfield.com.au/parramatta/browse-stores/health-and-fitness/gyms-and-fitness-studios</loc>
  </url>
  <url>
    <loc>https://www.westfield.com.au/parramatta/browse-stores/health-and-fitness/health-insurers</loc>
  </url>
  <url>
    <loc>https://www.westfield.com.au/parramatta/browse-stores/health-and-fitness/optometrists</loc>
  </url>
  <url>
    <loc>https://www.westfield.com.au/parramatta/browse-stores/home</loc>
  </url>
  <url>
    <loc>https://www.westfield.com.au/parramatta/browse-stores/home/bath-and-home-fragrances</loc>
  </url>
  <url>
    <loc>https://www.westfield.com.au/parramatta/browse-stores/health-and-fitness/medical-centres</loc>
  </url>
  <url>
    <loc>https://www.westfield.com.au/parramatta/browse-stores/health-and-fitness/specialty-health-providers</loc>
  </url>
  <url>
    <loc>https://www.westfield.com.au/parramatta/browse-stores/home/bedding</loc>
  </url>
  <url>
    <loc>https://www.westfield.com.au/parramatta/browse-stores/home/furniture</loc>
  </url>
  <url>
    <loc>https://www.westfield.com.au/parramatta/browse-stores/home/gifts</loc>
  </url>
  <url>
    <loc>https://www.westfield.com.au/parramatta/browse-stores/home/home-appliances</loc>
  </url>
  <url>
    <loc>https://www.westfield.com.au/parramatta/browse-stores/home/hardware</loc>
  </url>
  <url>
    <loc>https://www.westfield.com.au/parramatta/browse-stores/home/picture-frames</loc>
  </url>
  <url>
    <loc>https://www.westfield.com.au/parramatta/browse-stores/home/home-decor</loc>
  </url>
  <url>
    <loc>https://www.westfield.com.au/parramatta/browse-stores/home/photography-and-art</loc>
  </url>
  <url>
    <loc>https://www.westfield.com.au/parramatta/browse-stores/home/kitchen</loc>
  </url>
  <url>
    <loc>https://www.westfield.com.au/parramatta/browse-stores/home/pets</loc>
  </url>
  <url>
    <loc>https://www.westfield.com.au/parramatta/browse-stores/luggage-and-travel-accessories</loc>
  </url>
  <url>
    <loc>https://www.westfield.com.au/parramatta/browse-stores/luggage-and-travel-accessories/laptop-cases-and-sleeves</loc>
  </url>
  <url>
    <loc>https://www.westfield.com.au/parramatta/browse-stores/luggage-and-travel-accessories/backpacks-and-gym-duffle-bags</loc>
  </url>
  <url>
    <loc>https://www.westfield.com.au/parramatta/browse-stores/luggage-and-travel-accessories/suitcases-and-travel-accessories</loc>
  </url>
  <url>
    <loc>https://www.westfield.com.au/parramatta/browse-stores/luggage-and-travel-accessories/small-leather-goods</loc>
  </url>
  <url>
    <loc>https://www.westfield.com.au/parramatta/browse-stores/luxury-and-premium</loc>
  </url>
  <url>
    <loc>https://www.westfield.com.au/parramatta/browse-stores/luxury-and-premium/luxury</loc>
  </url>
  <url>
    <loc>https://www.westfield.com.au/parramatta/browse-stores/photographic-services</loc>
  </url>
  <url>
    <loc>https://www.westfield.com.au/parramatta/browse-stores/post-office</loc>
  </url>
  <url>
    <loc>https://www.westfield.com.au/parramatta/browse-stores/luxury-and-premium/premium-brands</loc>
  </url>
  <url>
    <loc>https://www.westfield.com.au/parramatta/browse-stores/phone-repairs</loc>
  </url>
  <url>
    <loc>https://www.westfield.com.au/parramatta/browse-stores/professional-services</loc>
  </url>
  <url>
    <loc>https://www.westfield.com.au/parramatta/browse-stores/sporting-goods</loc>
  </url>
  <url>
    <loc>https://www.westfield.com.au/parramatta/browse-stores/power-gas-and-communication-services</loc>
  </url>
  <url>
    <loc>https://www.westfield.com.au/parramatta/browse-stores/shoe-repair-and-key-cutting</loc>
  </url>
  <url>
    <loc>https://www.westfield.com.au/parramatta/browse-stores/sporting-goods/outdoors-and-camping</loc>
  </url>
  <url>
    <loc>https://www.westfield.com.au/parramatta/browse-stores/sporting-goods/activewear</loc>
  </url>
  <url>
    <loc>https://www.westfield.com.au/parramatta/browse-stores/luggage-and-travel-accessories/work-and-laptop-bags</loc>
  </url>
  <url>
    <loc>https://www.westfield.com.au/parramatta/browse-stores/sporting-goods/tech-and-wearables</loc>
  </url>
  <url>
    <loc>https://www.westfield.com.au/parramatta/browse-stores/luxury-and-premium/australian-designer</loc>
  </url>
  <url>
    <loc>https://www.westfield.com.au/parramatta/browse-stores/toys-and-hobbies/arts-and-crafts</loc>
  </url>
  <url>
    <loc>https://www.westfield.com.au/parramatta/browse-stores/toys-and-hobbies/games</loc>
  </url>
  <url>
    <loc>https://www.westfield.com.au/parramatta/browse-stores/tobacconists</loc>
  </url>
  <url>
    <loc>https://www.westfield.com.au/parramatta/browse-stores/toys-and-hobbies</loc>
  </url>
  <url>
    <loc>https://www.westfield.com.au/parramatta/browse-stores/sporting-goods/fitness-and-gym-equipment</loc>
  </url>
  <url>
    <loc>https://www.westfield.com.au/parramatta/browse-stores/toys-and-hobbies/hobbies</loc>
  </url>
  <url>
    <loc>https://www.westfield.com.au/parramatta/browse-stores/toys-and-hobbies/toys</loc>
  </url>
  <url>
    <loc>https://www.westfield.com.au/parramatta/browse-stores/travel-agents</loc>
  </url>
  <url>
    <loc>https://www.westfield.com.au/penrith/browse-stores/alterations-and-tailoring</loc>
  </url>
  <url>
    <loc>https://www.westfield.com.au/penrith/browse-stores/baby-and-nursery</loc>
  </url>
  <url>
    <loc>https://www.westfield.com.au/penrith/browse-stores/baby-and-nursery/baby-and-infant-toys</loc>
  </url>
  <url>
    <loc>https://www.westfield.com.au/penrith/browse-stores/baby-and-nursery/baby-bedding</loc>
  </url>
  <url>
    <loc>https://www.westfield.com.au/penrith/browse-stores/baby-and-nursery/nursery-furniture</loc>
  </url>
  <url>
    <loc>https://www.westfield.com.au/penrith/browse-stores/baby-and-nursery/prams-strollers-and-carriers</loc>
  </url>
  <url>
    <loc>https://www.westfield.com.au/penrith/browse-stores/banks</loc>
  </url>
  <url>
    <loc>https://www.westfield.com.au/penrith/browse-stores/beauty-and-wellness</loc>
  </url>
  <url>
    <loc>https://www.westfield.com.au/penrith/browse-stores/beauty-and-wellness/bath-and-body</loc>
  </url>
  <url>
    <loc>https://www.westfield.com.au/penrith/browse-stores/beauty-and-wellness/fragrance</loc>
  </url>
  <url>
    <loc>https://www.westfield.com.au/penrith/browse-stores/beauty-and-wellness/hair-care</loc>
  </url>
  <url>
    <loc>https://www.westfield.com.au/penrith/browse-stores/baby-and-nursery/tableware-and-feeding</loc>
  </url>
  <url>
    <loc>https://www.westfield.com.au/penrith/browse-stores/beauty-and-wellness/makeup</loc>
  </url>
  <url>
    <loc>https://www.westfield.com.au/penrith/browse-stores/beauty-and-wellness/vitamins-and-supplements</loc>
  </url>
  <url>
    <loc>https://www.westfield.com.au/penrith/browse-stores/beauty-and-wellness/skincare</loc>
  </url>
  <url>
    <loc>https://www.westfield.com.au/penrith/browse-stores/books-stationery-and-gifts/cards-and-gift-wrap</loc>
  </url>
  <url>
    <loc>https://www.westfield.com.au/penrith/browse-stores/books-stationery-and-gifts/office-supplies</loc>
  </url>
  <url>
    <loc>https://www.westfield.com.au/penrith/browse-stores/books-stationery-and-gifts/newsagencies</loc>
  </url>
  <url>
    <loc>https://www.westfield.com.au/penrith/browse-stores/books-stationery-and-gifts/stationery</loc>
  </url>
  <url>
    <loc>https://www.westfield.com.au/penrith/browse-stores/car-and-auto</loc>
  </url>
  <url>
    <loc>https://www.westfield.com.au/penrith/browse-stores/clothing-and-accessories</loc>
  </url>
  <url>
    <loc>https://www.westfield.com.au/penrith/browse-stores/childcare</loc>
  </url>
  <url>
    <loc>https://www.westfield.com.au/penrith/browse-stores/clothing-and-accessories/jewellery-and-watches</loc>
  </url>
  <url>
    <loc>https://www.westfield.com.au/penrith/browse-stores/clothing-and-accessories/footwear</loc>
  </url>
  <url>
    <loc>https://www.westfield.com.au/penrith/browse-stores/beauty-and-wellness/hair-and-beauty</loc>
  </url>
  <url>
    <loc>https://www.westfield.com.au/penrith/browse-stores/books-stationery-and-gifts/book-stores</loc>
  </url>
  <url>
    <loc>https://www.westfield.com.au/penrith/browse-stores/clothing-and-accessories/kids-and-junior</loc>
  </url>
  <url>
    <loc>https://www.westfield.com.au/penrith/browse-stores/community-services</loc>
  </url>
  <url>
    <loc>https://www.westfield.com.au/penrith/browse-stores/clothing-and-accessories/mens-fashion</loc>
  </url>
  <url>
    <loc>https://www.westfield.com.au/penrith/browse-stores/clothing-and-accessories/womens-fashion</loc>
  </url>
  <url>
    <loc>https://www.westfield.com.au/penrith/browse-stores/clothing-and-accessories/sunglasses</loc>
  </url>
  <url>
    <loc>https://www.westfield.com.au/penrith/browse-stores/department-stores</loc>
  </url>
  <url>
    <loc>https://www.westfield.com.au/penrith/browse-stores/designer-and-boutique</loc>
  </url>
  <url>
    <loc>https://www.westfield.com.au/penrith/browse-stores/electronics-and-technology/cameras</loc>
  </url>
  <url>
    <loc>https://www.westfield.com.au/penrith/browse-stores/discount-and-variety</loc>
  </url>
  <url>
    <loc>https://www.westfield.com.au/penrith/browse-stores/electronics-and-technology/computers-and-tablets</loc>
  </url>
  <url>
    <loc>https://www.westfield.com.au/penrith/browse-stores/dry-cleaning</loc>
  </url>
  <url>
    <loc>https://www.westfield.com.au/penrith/browse-stores/electronics-and-technology</loc>
  </url>
  <url>
    <loc>https://www.westfield.com.au/penrith/browse-stores/electronics-and-technology/gaming-and-consoles</loc>
  </url>
  <url>
    <loc>https://www.westfield.com.au/penrith/browse-stores/electronics-and-technology/navigation</loc>
  </url>
  <url>
    <loc>https://www.westfield.com.au/penrith/browse-stores/entertainment-and-activities</loc>
  </url>
  <url>
    <loc>https://www.westfield.com.au/penrith/browse-stores/electronics-and-technology/tv-and-audio</loc>
  </url>
  <url>
    <loc>https://www.westfield.com.au/penrith/browse-stores/electronics-and-technology/mobile-and-accessories</loc>
  </url>
  <url>
    <loc>https://www.westfield.com.au/penrith/browse-stores/entertainment-and-activities/arcades-and-games</loc>
  </url>
  <url>
    <loc>https://www.westfield.com.au/penrith/browse-stores/entertainment-and-activities/bowling</loc>
  </url>
  <url>
    <loc>https://www.westfield.com.au/penrith/browse-stores/books-stationery-and-gifts</loc>
  </url>
  <url>
    <loc>https://www.westfield.com.au/penrith/browse-stores/clothing-and-accessories/babies-and-toddlers</loc>
  </url>
  <url>
    <loc>https://www.westfield.com.au/penrith/browse-stores/entertainment-and-activities/music</loc>
  </url>
  <url>
    <loc>https://www.westfield.com.au/penrith/browse-stores/entertainment-and-activities/kids-activities</loc>
  </url>
  <url>
    <loc>https://www.westfield.com.au/penrith/browse-stores/entertainment-and-activities/learning-and-education</loc>
  </url>
  <url>
    <loc>https://www.westfield.com.au/penrith/browse-stores/food-and-drink</loc>
  </url>
  <url>
    <loc>https://www.westfield.com.au/penrith/browse-stores/entertainment-and-activities/cinemas</loc>
  </url>
  <url>
    <loc>https://www.westfield.com.au/penrith/browse-stores/food-and-drink/asian</loc>
  </url>
  <url>
    <loc>https://www.westfield.com.au/penrith/browse-stores/food-and-drink/bars-and-pubs</loc>
  </url>
  <url>
    <loc>https://www.westfield.com.au/penrith/browse-stores/food-and-drink/chocolate-cafes</loc>
  </url>
  <url>
    <loc>https://www.westfield.com.au/penrith/browse-stores/food-and-drink/casual-dining</loc>
  </url>
  <url>
    <loc>https://www.westfield.com.au/penrith/browse-stores/food-and-drink/breakfast-and-brunch</loc>
  </url>
  <url>
    <loc>https://www.westfield.com.au/penrith/browse-stores/food-and-drink/desserts</loc>
  </url>
  <url>
    <loc>https://www.westfield.com.au/penrith/browse-stores/food-and-drink/dietary-requirements</loc>
  </url>
  <url>
    <loc>https://www.westfield.com.au/penrith/browse-stores/food-and-drink/cafes</loc>
  </url>
  <url>
    <loc>https://www.westfield.com.au/penrith/browse-stores/food-and-drink/fast-food</loc>
  </url>
  <url>
    <loc>https://www.westfield.com.au/penrith/browse-stores/food-and-drink/italian</loc>
  </url>
  <url>
    <loc>https://www.westfield.com.au/penrith/browse-stores/food-and-drink/healthy-options</loc>
  </url>
  <url>
    <loc>https://www.westfield.com.au/penrith/browse-stores/food-and-drink/kid-friendly</loc>
  </url>
  <url>
    <loc>https://www.westfield.com.au/penrith/browse-stores/food-and-drink/juice-bars</loc>
  </url>
  <url>
    <loc>https://www.westfield.com.au/penrith/browse-stores/food-and-drink/lebanese</loc>
  </url>
  <url>
    <loc>https://www.westfield.com.au/penrith/browse-stores/food-and-drink/mexican-and-latin-american</loc>
  </url>
  <url>
    <loc>https://www.westfield.com.au/penrith/browse-stores/food-and-drink/sandwiches-and-salads</loc>
  </url>
  <url>
    <loc>https://www.westfield.com.au/penrith/browse-stores/food-and-drink/modern-australian</loc>
  </url>
  <url>
    <loc>https://www.westfield.com.au/penrith/browse-stores/food-and-drink/middle-eastern</loc>
  </url>
  <url>
    <loc>https://www.westfield.com.au/penrith/browse-stores/food-and-drink/takeaway</loc>
  </url>
  <url>
    <loc>https://www.westfield.com.au/penrith/browse-stores/foreign-currency-exchange</loc>
  </url>
  <url>
    <loc>https://www.westfield.com.au/penrith/browse-stores/fresh-food-and-groceries</loc>
  </url>
  <url>
    <loc>https://www.westfield.com.au/penrith/browse-stores/fresh-food-and-groceries/confectionery</loc>
  </url>
  <url>
    <loc>https://www.westfield.com.au/penrith/browse-stores/fresh-food-and-groceries/patisseries</loc>
  </url>
  <url>
    <loc>https://www.westfield.com.au/penrith/browse-stores/fresh-food-and-groceries/bakeries</loc>
  </url>
  <url>
    <loc>https://www.westfield.com.au/penrith/browse-stores/fresh-food-and-groceries/butchers</loc>
  </url>
  <url>
    <loc>https://www.westfield.com.au/penrith/browse-stores/fresh-food-and-groceries/liquor</loc>
  </url>
  <url>
    <loc>https://www.westfield.com.au/penrith/browse-stores/fresh-food-and-groceries/fresh-produce</loc>
  </url>
  <url>
    <loc>https://www.westfield.com.au/penrith/browse-stores/fresh-food-and-groceries/delicatessens</loc>
  </url>
  <url>
    <loc>https://www.westfield.com.au/penrith/browse-stores/fresh-food-and-groceries/poultry</loc>
  </url>
  <url>
    <loc>https://www.westfield.com.au/penrith/browse-stores/fresh-food-and-groceries/seafood</loc>
  </url>
  <url>
    <loc>https://www.westfield.com.au/penrith/browse-stores/fresh-food-and-groceries/supermarkets</loc>
  </url>
  <url>
    <loc>https://www.westfield.com.au/penrith/browse-stores/health-and-fitness/dentists</loc>
  </url>
  <url>
    <loc>https://www.westfield.com.au/penrith/browse-stores/health-and-fitness</loc>
  </url>
  <url>
    <loc>https://www.westfield.com.au/penrith/browse-stores/fresh-food-and-groceries/specialty-foods</loc>
  </url>
  <url>
    <loc>https://www.westfield.com.au/penrith/browse-stores/health-and-fitness/gyms-and-fitness-studios</loc>
  </url>
  <url>
    <loc>https://www.westfield.com.au/penrith/browse-stores/health-and-fitness/medical-centres</loc>
  </url>
  <url>
    <loc>https://www.westfield.com.au/penrith/browse-stores/health-and-fitness/chemists</loc>
  </url>
  <url>
    <loc>https://www.westfield.com.au/penrith/browse-stores/health-and-fitness/health-insurers</loc>
  </url>
  <url>
    <loc>https://www.westfield.com.au/penrith/browse-stores/health-and-fitness/optometrists</loc>
  </url>
  <url>
    <loc>https://www.westfield.com.au/penrith/browse-stores/home/bedding</loc>
  </url>
  <url>
    <loc>https://www.westfield.com.au/penrith/browse-stores/home/furniture</loc>
  </url>
  <url>
    <loc>https://www.westfield.com.au/penrith/browse-stores/home/bath-and-home-fragrances</loc>
  </url>
  <url>
    <loc>https://www.westfield.com.au/penrith/browse-stores/home/home-appliances</loc>
  </url>
  <url>
    <loc>https://www.westfield.com.au/penrith/browse-stores/home/gifts</loc>
  </url>
  <url>
    <loc>https://www.westfield.com.au/penrith/browse-stores/health-and-fitness/specialty-health-providers</loc>
  </url>
  <url>
    <loc>https://www.westfield.com.au/penrith/browse-stores/home/hardware</loc>
  </url>
  <url>
    <loc>https://www.westfield.com.au/penrith/browse-stores/home</loc>
  </url>
  <url>
    <loc>https://www.westfield.com.au/penrith/browse-stores/home/home-decor</loc>
  </url>
  <url>
    <loc>https://www.westfield.com.au/penrith/browse-stores/home/kitchen</loc>
  </url>
  <url>
    <loc>https://www.westfield.com.au/penrith/browse-stores/home/pets</loc>
  </url>
  <url>
    <loc>https://www.westfield.com.au/penrith/browse-stores/home/picture-frames</loc>
  </url>
  <url>
    <loc>https://www.westfield.com.au/penrith/browse-stores/luggage-and-travel-accessories</loc>
  </url>
  <url>
    <loc>https://www.westfield.com.au/penrith/browse-stores/luggage-and-travel-accessories/backpacks-and-gym-duffle-bags</loc>
  </url>
  <url>
    <loc>https://www.westfield.com.au/penrith/browse-stores/home/photography-and-art</loc>
  </url>
  <url>
    <loc>https://www.westfield.com.au/penrith/browse-stores/luggage-and-travel-accessories/small-leather-goods</loc>
  </url>
  <url>
    <loc>https://www.westfield.com.au/penrith/browse-stores/luggage-and-travel-accessories/laptop-cases-and-sleeves</loc>
  </url>
  <url>
    <loc>https://www.westfield.com.au/penrith/browse-stores/luggage-and-travel-accessories/suitcases-and-travel-accessories</loc>
  </url>
  <url>
    <loc>https://www.westfield.com.au/penrith/browse-stores/luggage-and-travel-accessories/work-and-laptop-bags</loc>
  </url>
  <url>
    <loc>https://www.westfield.com.au/penrith/browse-stores/luxury-and-premium/australian-designer</loc>
  </url>
  <url>
    <loc>https://www.westfield.com.au/penrith/browse-stores/luxury-and-premium</loc>
  </url>
  <url>
    <loc>https://www.westfield.com.au/penrith/browse-stores/phone-repairs</loc>
  </url>
  <url>
    <loc>https://www.westfield.com.au/penrith/browse-stores/photographic-services</loc>
  </url>
  <url>
    <loc>https://www.westfield.com.au/penrith/browse-stores/post-office</loc>
  </url>
  <url>
    <loc>https://www.westfield.com.au/penrith/browse-stores/professional-services</loc>
  </url>
  <url>
    <loc>https://www.westfield.com.au/penrith/browse-stores/power-gas-and-communication-services</loc>
  </url>
  <url>
    <loc>https://www.westfield.com.au/penrith/browse-stores/shoe-repair-and-key-cutting</loc>
  </url>
  <url>
    <loc>https://www.westfield.com.au/penrith/browse-stores/sporting-goods/tech-and-wearables</loc>
  </url>
  <url>
    <loc>https://www.westfield.com.au/penrith/browse-stores/sporting-goods/activewear</loc>
  </url>
  <url>
    <loc>https://www.westfield.com.au/penrith/browse-stores/sporting-goods/fitness-and-gym-equipment</loc>
  </url>
  <url>
    <loc>https://www.westfield.com.au/penrith/browse-stores/sporting-goods/outdoors-and-camping</loc>
  </url>
  <url>
    <loc>https://www.westfield.com.au/penrith/browse-stores/sporting-goods</loc>
  </url>
  <url>
    <loc>https://www.westfield.com.au/penrith/browse-stores/tobacconists</loc>
  </url>
  <url>
    <loc>https://www.westfield.com.au/penrith/browse-stores/toys-and-hobbies</loc>
  </url>
  <url>
    <loc>https://www.westfield.com.au/penrith/browse-stores/toys-and-hobbies/arts-and-crafts</loc>
  </url>
  <url>
    <loc>https://www.westfield.com.au/penrith/browse-stores/toys-and-hobbies/games</loc>
  </url>
  <url>
    <loc>https://www.westfield.com.au/penrith/browse-stores/toys-and-hobbies/hobbies</loc>
  </url>
  <url>
    <loc>https://www.westfield.com.au/penrith/browse-stores/travel-agents</loc>
  </url>
  <url>
    <loc>https://www.westfield.com.au/penrith/browse-stores/toys-and-hobbies/toys</loc>
  </url>
  <url>
    <loc>https://www.westfield.com.au/plentyvalley/browse-stores/alterations-and-tailoring</loc>
  </url>
  <url>
    <loc>https://www.westfield.com.au/plentyvalley/browse-stores/baby-and-nursery</loc>
  </url>
  <url>
    <loc>https://www.westfield.com.au/plentyvalley/browse-stores/baby-and-nursery/baby-and-infant-toys</loc>
  </url>
  <url>
    <loc>https://www.westfield.com.au/plentyvalley/browse-stores/baby-and-nursery/baby-bedding</loc>
  </url>
  <url>
    <loc>https://www.westfield.com.au/plentyvalley/browse-stores/baby-and-nursery/nursery-furniture</loc>
  </url>
  <url>
    <loc>https://www.westfield.com.au/plentyvalley/browse-stores/baby-and-nursery/prams-strollers-and-carriers</loc>
  </url>
  <url>
    <loc>https://www.westfield.com.au/plentyvalley/browse-stores/baby-and-nursery/tableware-and-feeding</loc>
  </url>
  <url>
    <loc>https://www.westfield.com.au/plentyvalley/browse-stores/banks</loc>
  </url>
  <url>
    <loc>https://www.westfield.com.au/plentyvalley/browse-stores/beauty-and-wellness/bath-and-body</loc>
  </url>
  <url>
    <loc>https://www.westfield.com.au/plentyvalley/browse-stores/beauty-and-wellness</loc>
  </url>
  <url>
    <loc>https://www.westfield.com.au/plentyvalley/browse-stores/beauty-and-wellness/fragrance</loc>
  </url>
  <url>
    <loc>https://www.westfield.com.au/plentyvalley/browse-stores/beauty-and-wellness/hair-and-beauty</loc>
  </url>
  <url>
    <loc>https://www.westfield.com.au/plentyvalley/browse-stores/beauty-and-wellness/makeup</loc>
  </url>
  <url>
    <loc>https://www.westfield.com.au/plentyvalley/browse-stores/beauty-and-wellness/skincare</loc>
  </url>
  <url>
    <loc>https://www.westfield.com.au/plentyvalley/browse-stores/beauty-and-wellness/hair-care</loc>
  </url>
  <url>
    <loc>https://www.westfield.com.au/plentyvalley/browse-stores/books-stationery-and-gifts/book-stores</loc>
  </url>
  <url>
    <loc>https://www.westfield.com.au/plentyvalley/browse-stores/beauty-and-wellness/vitamins-and-supplements</loc>
  </url>
  <url>
    <loc>https://www.westfield.com.au/plentyvalley/browse-stores/books-stationery-and-gifts</loc>
  </url>
  <url>
    <loc>https://www.westfield.com.au/plentyvalley/browse-stores/books-stationery-and-gifts/cards-and-gift-wrap</loc>
  </url>
  <url>
    <loc>https://www.westfield.com.au/plentyvalley/browse-stores/books-stationery-and-gifts/newsagencies</loc>
  </url>
  <url>
    <loc>https://www.westfield.com.au/plentyvalley/browse-stores/books-stationery-and-gifts/office-supplies</loc>
  </url>
  <url>
    <loc>https://www.westfield.com.au/plentyvalley/browse-stores/books-stationery-and-gifts/stationery</loc>
  </url>
  <url>
    <loc>https://www.westfield.com.au/plentyvalley/browse-stores/clothing-and-accessories</loc>
  </url>
  <url>
    <loc>https://www.westfield.com.au/plentyvalley/browse-stores/clothing-and-accessories/footwear</loc>
  </url>
  <url>
    <loc>https://www.westfield.com.au/plentyvalley/browse-stores/clothing-and-accessories/babies-and-toddlers</loc>
  </url>
  <url>
    <loc>https://www.westfield.com.au/plentyvalley/browse-stores/clothing-and-accessories/jewellery-and-watches</loc>
  </url>
  <url>
    <loc>https://www.westfield.com.au/plentyvalley/browse-stores/clothing-and-accessories/sunglasses</loc>
  </url>
  <url>
    <loc>https://www.westfield.com.au/plentyvalley/browse-stores/clothing-and-accessories/mens-fashion</loc>
  </url>
  <url>
    <loc>https://www.westfield.com.au/plentyvalley/browse-stores/clothing-and-accessories/womens-fashion</loc>
  </url>
  <url>
    <loc>https://www.westfield.com.au/plentyvalley/browse-stores/discount-and-variety</loc>
  </url>
  <url>
    <loc>https://www.westfield.com.au/plentyvalley/browse-stores/community-services</loc>
  </url>
  <url>
    <loc>https://www.westfield.com.au/plentyvalley/browse-stores/department-stores</loc>
  </url>
  <url>
    <loc>https://www.westfield.com.au/plentyvalley/browse-stores/dry-cleaning</loc>
  </url>
  <url>
    <loc>https://www.westfield.com.au/plentyvalley/browse-stores/electronics-and-technology</loc>
  </url>
  <url>
    <loc>https://www.westfield.com.au/plentyvalley/browse-stores/electronics-and-technology/cameras</loc>
  </url>
  <url>
    <loc>https://www.westfield.com.au/plentyvalley/browse-stores/electronics-and-technology/mobile-and-accessories</loc>
  </url>
  <url>
    <loc>https://www.westfield.com.au/plentyvalley/browse-stores/electronics-and-technology/gaming-and-consoles</loc>
  </url>
  <url>
    <loc>https://www.westfield.com.au/plentyvalley/browse-stores/electronics-and-technology/navigation</loc>
  </url>
  <url>
    <loc>https://www.westfield.com.au/plentyvalley/browse-stores/electronics-and-technology/tv-and-audio</loc>
  </url>
  <url>
    <loc>https://www.westfield.com.au/plentyvalley/browse-stores/entertainment-and-activities/cinemas</loc>
  </url>
  <url>
    <loc>https://www.westfield.com.au/plentyvalley/browse-stores/entertainment-and-activities/arcades-and-games</loc>
  </url>
  <url>
    <loc>https://www.westfield.com.au/plentyvalley/browse-stores/entertainment-and-activities/kids-activities</loc>
  </url>
  <url>
    <loc>https://www.westfield.com.au/plentyvalley/browse-stores/entertainment-and-activities</loc>
  </url>
  <url>
    <loc>https://www.westfield.com.au/plentyvalley/browse-stores/car-and-auto</loc>
  </url>
  <url>
    <loc>https://www.westfield.com.au/plentyvalley/browse-stores/clothing-and-accessories/kids-and-junior</loc>
  </url>
  <url>
    <loc>https://www.westfield.com.au/plentyvalley/browse-stores/electronics-and-technology/computers-and-tablets</loc>
  </url>
  <url>
    <loc>https://www.westfield.com.au/plentyvalley/browse-stores/entertainment-and-activities/learning-and-education</loc>
  </url>
  <url>
    <loc>https://www.westfield.com.au/plentyvalley/browse-stores/food-and-drink/asian</loc>
  </url>
  <url>
    <loc>https://www.westfield.com.au/plentyvalley/browse-stores/food-and-drink</loc>
  </url>
  <url>
    <loc>https://www.westfield.com.au/plentyvalley/browse-stores/entertainment-and-activities/music</loc>
  </url>
  <url>
    <loc>https://www.westfield.com.au/plentyvalley/browse-stores/florists</loc>
  </url>
  <url>
    <loc>https://www.westfield.com.au/plentyvalley/browse-stores/food-and-drink/casual-dining</loc>
  </url>
  <url>
    <loc>https://www.westfield.com.au/plentyvalley/browse-stores/food-and-drink/breakfast-and-brunch</loc>
  </url>
  <url>
    <loc>https://www.westfield.com.au/plentyvalley/browse-stores/food-and-drink/cafes</loc>
  </url>
  <url>
    <loc>https://www.westfield.com.au/plentyvalley/browse-stores/food-and-drink/desserts</loc>
  </url>
  <url>
    <loc>https://www.westfield.com.au/plentyvalley/browse-stores/food-and-drink/fast-food</loc>
  </url>
  <url>
    <loc>https://www.westfield.com.au/plentyvalley/browse-stores/food-and-drink/healthy-options</loc>
  </url>
  <url>
    <loc>https://www.westfield.com.au/plentyvalley/browse-stores/food-and-drink/dietary-requirements</loc>
  </url>
  <url>
    <loc>https://www.westfield.com.au/plentyvalley/browse-stores/food-and-drink/greek</loc>
  </url>
  <url>
    <loc>https://www.westfield.com.au/plentyvalley/browse-stores/food-and-drink/juice-bars</loc>
  </url>
  <url>
    <loc>https://www.westfield.com.au/plentyvalley/browse-stores/food-and-drink/italian</loc>
  </url>
  <url>
    <loc>https://www.westfield.com.au/plentyvalley/browse-stores/food-and-drink/modern-australian</loc>
  </url>
  <url>
    <loc>https://www.westfield.com.au/plentyvalley/browse-stores/food-and-drink/kid-friendly</loc>
  </url>
  <url>
    <loc>https://www.westfield.com.au/plentyvalley/browse-stores/food-and-drink/middle-eastern</loc>
  </url>
  <url>
    <loc>https://www.westfield.com.au/plentyvalley/browse-stores/fresh-food-and-groceries/bakeries</loc>
  </url>
  <url>
    <loc>https://www.westfield.com.au/plentyvalley/browse-stores/food-and-drink/sandwiches-and-salads</loc>
  </url>
  <url>
    <loc>https://www.westfield.com.au/plentyvalley/browse-stores/food-and-drink/takeaway</loc>
  </url>
  <url>
    <loc>https://www.westfield.com.au/plentyvalley/browse-stores/foreign-currency-exchange</loc>
  </url>
  <url>
    <loc>https://www.westfield.com.au/plentyvalley/browse-stores/fresh-food-and-groceries/butchers</loc>
  </url>
  <url>
    <loc>https://www.westfield.com.au/plentyvalley/browse-stores/fresh-food-and-groceries</loc>
  </url>
  <url>
    <loc>https://www.westfield.com.au/plentyvalley/browse-stores/fresh-food-and-groceries/confectionery</loc>
  </url>
  <url>
    <loc>https://www.westfield.com.au/plentyvalley/browse-stores/fresh-food-and-groceries/delicatessens</loc>
  </url>
  <url>
    <loc>https://www.westfield.com.au/plentyvalley/browse-stores/fresh-food-and-groceries/fresh-produce</loc>
  </url>
  <url>
    <loc>https://www.westfield.com.au/plentyvalley/browse-stores/fresh-food-and-groceries/poultry</loc>
  </url>
  <url>
    <loc>https://www.westfield.com.au/plentyvalley/browse-stores/fresh-food-and-groceries/liquor</loc>
  </url>
  <url>
    <loc>https://www.westfield.com.au/plentyvalley/browse-stores/fresh-food-and-groceries/specialty-foods</loc>
  </url>
  <url>
    <loc>https://www.westfield.com.au/plentyvalley/browse-stores/fresh-food-and-groceries/patisseries</loc>
  </url>
  <url>
    <loc>https://www.westfield.com.au/plentyvalley/browse-stores/fresh-food-and-groceries/seafood</loc>
  </url>
  <url>
    <loc>https://www.westfield.com.au/plentyvalley/browse-stores/fresh-food-and-groceries/supermarkets</loc>
  </url>
  <url>
    <loc>https://www.westfield.com.au/plentyvalley/browse-stores/health-and-fitness</loc>
  </url>
  <url>
    <loc>https://www.westfield.com.au/plentyvalley/browse-stores/health-and-fitness/dentists</loc>
  </url>
  <url>
    <loc>https://www.westfield.com.au/plentyvalley/browse-stores/health-and-fitness/chemists</loc>
  </url>
  <url>
    <loc>https://www.westfield.com.au/plentyvalley/browse-stores/health-and-fitness/health-insurers</loc>
  </url>
  <url>
    <loc>https://www.westfield.com.au/plentyvalley/browse-stores/health-and-fitness/gyms-and-fitness-studios</loc>
  </url>
  <url>
    <loc>https://www.westfield.com.au/plentyvalley/browse-stores/home</loc>
  </url>
  <url>
    <loc>https://www.westfield.com.au/plentyvalley/browse-stores/health-and-fitness/optometrists</loc>
  </url>
  <url>
    <loc>https://www.westfield.com.au/plentyvalley/browse-stores/health-and-fitness/specialty-health-providers</loc>
  </url>
  <url>
    <loc>https://www.westfield.com.au/plentyvalley/browse-stores/home/bedding</loc>
  </url>
  <url>
    <loc>https://www.westfield.com.au/plentyvalley/browse-stores/home/gifts</loc>
  </url>
  <url>
    <loc>https://www.westfield.com.au/plentyvalley/browse-stores/home/furniture</loc>
  </url>
  <url>
    <loc>https://www.westfield.com.au/plentyvalley/browse-stores/home/bath-and-home-fragrances</loc>
  </url>
  <url>
    <loc>https://www.westfield.com.au/plentyvalley/browse-stores/home/home-appliances</loc>
  </url>
  <url>
    <loc>https://www.westfield.com.au/plentyvalley/browse-stores/home/kitchen</loc>
  </url>
  <url>
    <loc>https://www.westfield.com.au/plentyvalley/browse-stores/home/hardware</loc>
  </url>
  <url>
    <loc>https://www.westfield.com.au/plentyvalley/browse-stores/home/home-decor</loc>
  </url>
  <url>
    <loc>https://www.westfield.com.au/plentyvalley/browse-stores/home/pets</loc>
  </url>
  <url>
    <loc>https://www.westfield.com.au/plentyvalley/browse-stores/home/picture-frames</loc>
  </url>
  <url>
    <loc>https://www.westfield.com.au/plentyvalley/browse-stores/home/photography-and-art</loc>
  </url>
  <url>
    <loc>https://www.westfield.com.au/plentyvalley/browse-stores/luggage-and-travel-accessories/laptop-cases-and-sleeves</loc>
  </url>
  <url>
    <loc>https://www.westfield.com.au/plentyvalley/browse-stores/luggage-and-travel-accessories</loc>
  </url>
  <url>
    <loc>https://www.westfield.com.au/plentyvalley/browse-stores/luggage-and-travel-accessories/suitcases-and-travel-accessories</loc>
  </url>
  <url>
    <loc>https://www.westfield.com.au/plentyvalley/browse-stores/luggage-and-travel-accessories/backpacks-and-gym-duffle-bags</loc>
  </url>
  <url>
    <loc>https://www.westfield.com.au/plentyvalley/browse-stores/luggage-and-travel-accessories/small-leather-goods</loc>
  </url>
  <url>
    <loc>https://www.westfield.com.au/plentyvalley/browse-stores/food-and-drink/mexican-and-latin-american</loc>
  </url>
  <url>
    <loc>https://www.westfield.com.au/plentyvalley/browse-stores/luxury-and-premium</loc>
  </url>
  <url>
    <loc>https://www.westfield.com.au/plentyvalley/browse-stores/luggage-and-travel-accessories/work-and-laptop-bags</loc>
  </url>
  <url>
    <loc>https://www.westfield.com.au/plentyvalley/browse-stores/phone-repairs</loc>
  </url>
  <url>
    <loc>https://www.westfield.com.au/plentyvalley/browse-stores/real-estate-agents</loc>
  </url>
  <url>
    <loc>https://www.westfield.com.au/plentyvalley/browse-stores/photographic-services</loc>
  </url>
  <url>
    <loc>https://www.westfield.com.au/plentyvalley/browse-stores/luxury-and-premium/luxury</loc>
  </url>
  <url>
    <loc>https://www.westfield.com.au/plentyvalley/browse-stores/professional-services</loc>
  </url>
  <url>
    <loc>https://www.westfield.com.au/plentyvalley/browse-stores/post-office</loc>
  </url>
  <url>
    <loc>https://www.westfield.com.au/plentyvalley/browse-stores/power-gas-and-communication-services</loc>
  </url>
  <url>
    <loc>https://www.westfield.com.au/plentyvalley/browse-stores/shoe-repair-and-key-cutting</loc>
  </url>
  <url>
    <loc>https://www.westfield.com.au/plentyvalley/browse-stores/sporting-goods/activewear</loc>
  </url>
  <url>
    <loc>https://www.westfield.com.au/plentyvalley/browse-stores/sporting-goods</loc>
  </url>
  <url>
    <loc>https://www.westfield.com.au/plentyvalley/browse-stores/sporting-goods/fitness-and-gym-equipment</loc>
  </url>
  <url>
    <loc>https://www.westfield.com.au/plentyvalley/browse-stores/sporting-goods/outdoors-and-camping</loc>
  </url>
  <url>
    <loc>https://www.westfield.com.au/plentyvalley/browse-stores/sporting-goods/tech-and-wearables</loc>
  </url>
  <url>
    <loc>https://www.westfield.com.au/plentyvalley/browse-stores/tobacconists</loc>
  </url>
  <url>
    <loc>https://www.westfield.com.au/plentyvalley/browse-stores/toys-and-hobbies</loc>
  </url>
  <url>
    <loc>https://www.westfield.com.au/plentyvalley/browse-stores/toys-and-hobbies/arts-and-crafts</loc>
  </url>
  <url>
    <loc>https://www.westfield.com.au/plentyvalley/browse-stores/toys-and-hobbies/games</loc>
  </url>
  <url>
    <loc>https://www.westfield.com.au/plentyvalley/browse-stores/toys-and-hobbies/hobbies</loc>
  </url>
  <url>
    <loc>https://www.westfield.com.au/plentyvalley/browse-stores/toys-and-hobbies/toys</loc>
  </url>
  <url>
    <loc>https://www.westfield.com.au/plentyvalley/browse-stores/travel-agents</loc>
  </url>
  <url>
    <loc>https://www.westfield.com.au/southland/browse-stores/baby-and-nursery</loc>
  </url>
  <url>
    <loc>https://www.westfield.com.au/southland/browse-stores/alterations-and-tailoring</loc>
  </url>
  <url>
    <loc>https://www.westfield.com.au/southland/browse-stores/baby-and-nursery/baby-and-infant-toys</loc>
  </url>
  <url>
    <loc>https://www.westfield.com.au/southland/browse-stores/baby-and-nursery/baby-bedding</loc>
  </url>
  <url>
    <loc>https://www.westfield.com.au/southland/browse-stores/baby-and-nursery/nursery-furniture</loc>
  </url>
  <url>
    <loc>https://www.westfield.com.au/southland/browse-stores/baby-and-nursery/prams-strollers-and-carriers</loc>
  </url>
  <url>
    <loc>https://www.westfield.com.au/southland/browse-stores/baby-and-nursery/tableware-and-feeding</loc>
  </url>
  <url>
    <loc>https://www.westfield.com.au/southland/browse-stores/banks</loc>
  </url>
  <url>
    <loc>https://www.westfield.com.au/southland/browse-stores/beauty-and-wellness</loc>
  </url>
  <url>
    <loc>https://www.westfield.com.au/southland/browse-stores/beauty-and-wellness/bath-and-body</loc>
  </url>
  <url>
    <loc>https://www.westfield.com.au/southland/browse-stores/beauty-and-wellness/fragrance</loc>
  </url>
  <url>
    <loc>https://www.westfield.com.au/southland/browse-stores/beauty-and-wellness/hair-and-beauty</loc>
  </url>
  <url>
    <loc>https://www.westfield.com.au/southland/browse-stores/beauty-and-wellness/hair-care</loc>
  </url>
  <url>
    <loc>https://www.westfield.com.au/southland/browse-stores/beauty-and-wellness/makeup</loc>
  </url>
  <url>
    <loc>https://www.westfield.com.au/southland/browse-stores/beauty-and-wellness/skincare</loc>
  </url>
  <url>
    <loc>https://www.westfield.com.au/southland/browse-stores/books-stationery-and-gifts/book-stores</loc>
  </url>
  <url>
    <loc>https://www.westfield.com.au/southland/browse-stores/books-stationery-and-gifts</loc>
  </url>
  <url>
    <loc>https://www.westfield.com.au/southland/browse-stores/beauty-and-wellness/vitamins-and-supplements</loc>
  </url>
  <url>
    <loc>https://www.westfield.com.au/southland/browse-stores/books-stationery-and-gifts/cards-and-gift-wrap</loc>
  </url>
  <url>
    <loc>https://www.westfield.com.au/southland/browse-stores/books-stationery-and-gifts/office-supplies</loc>
  </url>
  <url>
    <loc>https://www.westfield.com.au/southland/browse-stores/books-stationery-and-gifts/newsagencies</loc>
  </url>
  <url>
    <loc>https://www.westfield.com.au/southland/browse-stores/books-stationery-and-gifts/stationery</loc>
  </url>
  <url>
    <loc>https://www.westfield.com.au/southland/browse-stores/car-and-auto</loc>
  </url>
  <url>
    <loc>https://www.westfield.com.au/southland/browse-stores/clothing-and-accessories</loc>
  </url>
  <url>
    <loc>https://www.westfield.com.au/southland/browse-stores/clothing-and-accessories/babies-and-toddlers</loc>
  </url>
  <url>
    <loc>https://www.westfield.com.au/southland/browse-stores/clothing-and-accessories/jewellery-and-watches</loc>
  </url>
  <url>
    <loc>https://www.westfield.com.au/southland/browse-stores/clothing-and-accessories/footwear</loc>
  </url>
  <url>
    <loc>https://www.westfield.com.au/southland/browse-stores/clothing-and-accessories/sunglasses</loc>
  </url>
  <url>
    <loc>https://www.westfield.com.au/southland/browse-stores/clothing-and-accessories/kids-and-junior</loc>
  </url>
  <url>
    <loc>https://www.westfield.com.au/southland/browse-stores/clothing-and-accessories/womens-fashion</loc>
  </url>
  <url>
    <loc>https://www.westfield.com.au/southland/browse-stores/clothing-and-accessories/mens-fashion</loc>
  </url>
  <url>
    <loc>https://www.westfield.com.au/southland/browse-stores/community-services</loc>
  </url>
  <url>
    <loc>https://www.westfield.com.au/southland/browse-stores/department-stores</loc>
  </url>
  <url>
    <loc>https://www.westfield.com.au/southland/browse-stores/discount-and-variety</loc>
  </url>
  <url>
    <loc>https://www.westfield.com.au/southland/browse-stores/electronics-and-technology</loc>
  </url>
  <url>
    <loc>https://www.westfield.com.au/southland/browse-stores/electronics-and-technology/cameras</loc>
  </url>
  <url>
    <loc>https://www.westfield.com.au/southland/browse-stores/designer-and-boutique</loc>
  </url>
  <url>
    <loc>https://www.westfield.com.au/southland/browse-stores/electronics-and-technology/gaming-and-consoles</loc>
  </url>
  <url>
    <loc>https://www.westfield.com.au/southland/browse-stores/electronics-and-technology/computers-and-tablets</loc>
  </url>
  <url>
    <loc>https://www.westfield.com.au/southland/browse-stores/electronics-and-technology/mobile-and-accessories</loc>
  </url>
  <url>
    <loc>https://www.westfield.com.au/southland/browse-stores/electronics-and-technology/navigation</loc>
  </url>
  <url>
    <loc>https://www.westfield.com.au/southland/browse-stores/entertainment-and-activities</loc>
  </url>
  <url>
    <loc>https://www.westfield.com.au/southland/browse-stores/entertainment-and-activities/arcades-and-games</loc>
  </url>
  <url>
    <loc>https://www.westfield.com.au/southland/browse-stores/entertainment-and-activities/kids-activities</loc>
  </url>
  <url>
    <loc>https://www.westfield.com.au/southland/browse-stores/entertainment-and-activities/cinemas</loc>
  </url>
  <url>
    <loc>https://www.westfield.com.au/southland/browse-stores/entertainment-and-activities/music</loc>
  </url>
  <url>
    <loc>https://www.westfield.com.au/southland/browse-stores/food-and-drink</loc>
  </url>
  <url>
    <loc>https://www.westfield.com.au/southland/browse-stores/entertainment-and-activities/learning-and-education</loc>
  </url>
  <url>
    <loc>https://www.westfield.com.au/southland/browse-stores/food-and-drink/asian</loc>
  </url>
  <url>
    <loc>https://www.westfield.com.au/southland/browse-stores/food-and-drink/bars-and-pubs</loc>
  </url>
  <url>
    <loc>https://www.westfield.com.au/southland/browse-stores/food-and-drink/breakfast-and-brunch</loc>
  </url>
  <url>
    <loc>https://www.westfield.com.au/southland/browse-stores/food-and-drink/cafes</loc>
  </url>
  <url>
    <loc>https://www.westfield.com.au/southland/browse-stores/electronics-and-technology/tv-and-audio</loc>
  </url>
  <url>
    <loc>https://www.westfield.com.au/southland/browse-stores/food-and-drink/casual-dining</loc>
  </url>
  <url>
    <loc>https://www.westfield.com.au/southland/browse-stores/food-and-drink/greek</loc>
  </url>
  <url>
    <loc>https://www.westfield.com.au/southland/browse-stores/food-and-drink/fast-food</loc>
  </url>
  <url>
    <loc>https://www.westfield.com.au/southland/browse-stores/food-and-drink/desserts</loc>
  </url>
  <url>
    <loc>https://www.westfield.com.au/southland/browse-stores/food-and-drink/dietary-requirements</loc>
  </url>
  <url>
    <loc>https://www.westfield.com.au/southland/browse-stores/food-and-drink/healthy-options</loc>
  </url>
  <url>
    <loc>https://www.westfield.com.au/southland/browse-stores/food-and-drink/chocolate-cafes</loc>
  </url>
  <url>
    <loc>https://www.westfield.com.au/southland/browse-stores/food-and-drink/juice-bars</loc>
  </url>
  <url>
    <loc>https://www.westfield.com.au/southland/browse-stores/food-and-drink/italian</loc>
  </url>
  <url>
    <loc>https://www.westfield.com.au/southland/browse-stores/food-and-drink/kid-friendly</loc>
  </url>
  <url>
    <loc>https://www.westfield.com.au/southland/browse-stores/food-and-drink/takeaway</loc>
  </url>
  <url>
    <loc>https://www.westfield.com.au/southland/browse-stores/food-and-drink/mexican-and-latin-american</loc>
  </url>
  <url>
    <loc>https://www.westfield.com.au/southland/browse-stores/food-and-drink/modern-australian</loc>
  </url>
  <url>
    <loc>https://www.westfield.com.au/southland/browse-stores/food-and-drink/sandwiches-and-salads</loc>
  </url>
  <url>
    <loc>https://www.westfield.com.au/southland/browse-stores/foreign-currency-exchange</loc>
  </url>
  <url>
    <loc>https://www.westfield.com.au/southland/browse-stores/fresh-food-and-groceries/bakeries</loc>
  </url>
  <url>
    <loc>https://www.westfield.com.au/southland/browse-stores/fresh-food-and-groceries</loc>
  </url>
  <url>
    <loc>https://www.westfield.com.au/southland/browse-stores/fresh-food-and-groceries/confectionery</loc>
  </url>
  <url>
    <loc>https://www.westfield.com.au/southland/browse-stores/fresh-food-and-groceries/delicatessens</loc>
  </url>
  <url>
    <loc>https://www.westfield.com.au/southland/browse-stores/fresh-food-and-groceries/butchers</loc>
  </url>
  <url>
    <loc>https://www.westfield.com.au/southland/browse-stores/fresh-food-and-groceries/liquor</loc>
  </url>
  <url>
    <loc>https://www.westfield.com.au/southland/browse-stores/fresh-food-and-groceries/patisseries</loc>
  </url>
  <url>
    <loc>https://www.westfield.com.au/southland/browse-stores/fresh-food-and-groceries/seafood</loc>
  </url>
  <url>
    <loc>https://www.westfield.com.au/southland/browse-stores/fresh-food-and-groceries/fresh-produce</loc>
  </url>
  <url>
    <loc>https://www.westfield.com.au/southland/browse-stores/fresh-food-and-groceries/specialty-foods</loc>
  </url>
  <url>
    <loc>https://www.westfield.com.au/southland/browse-stores/health-and-fitness</loc>
  </url>
  <url>
    <loc>https://www.westfield.com.au/southland/browse-stores/fresh-food-and-groceries/supermarkets</loc>
  </url>
  <url>
    <loc>https://www.westfield.com.au/southland/browse-stores/health-and-fitness/dentists</loc>
  </url>
  <url>
    <loc>https://www.westfield.com.au/southland/browse-stores/fresh-food-and-groceries/poultry</loc>
  </url>
  <url>
    <loc>https://www.westfield.com.au/southland/browse-stores/health-and-fitness/chemists</loc>
  </url>
  <url>
    <loc>https://www.westfield.com.au/southland/browse-stores/health-and-fitness/health-insurers</loc>
  </url>
  <url>
    <loc>https://www.westfield.com.au/southland/browse-stores/health-and-fitness/medical-centres</loc>
  </url>
  <url>
    <loc>https://www.westfield.com.au/southland/browse-stores/health-and-fitness/optometrists</loc>
  </url>
  <url>
    <loc>https://www.westfield.com.au/southland/browse-stores/health-and-fitness/gyms-and-fitness-studios</loc>
  </url>
  <url>
    <loc>https://www.westfield.com.au/southland/browse-stores/health-and-fitness/specialty-health-providers</loc>
  </url>
  <url>
    <loc>https://www.westfield.com.au/southland/browse-stores/home</loc>
  </url>
  <url>
    <loc>https://www.westfield.com.au/southland/browse-stores/home/bedding</loc>
  </url>
  <url>
    <loc>https://www.westfield.com.au/southland/browse-stores/home/bath-and-home-fragrances</loc>
  </url>
  <url>
    <loc>https://www.westfield.com.au/southland/browse-stores/home/furniture</loc>
  </url>
  <url>
    <loc>https://www.westfield.com.au/southland/browse-stores/home/gifts</loc>
  </url>
  <url>
    <loc>https://www.westfield.com.au/southland/browse-stores/home/home-decor</loc>
  </url>
  <url>
    <loc>https://www.westfield.com.au/southland/browse-stores/home/home-appliances</loc>
  </url>
  <url>
    <loc>https://www.westfield.com.au/southland/browse-stores/home/hardware</loc>
  </url>
  <url>
    <loc>https://www.westfield.com.au/southland/browse-stores/home/kitchen</loc>
  </url>
  <url>
    <loc>https://www.westfield.com.au/southland/browse-stores/home/picture-frames</loc>
  </url>
  <url>
    <loc>https://www.westfield.com.au/southland/browse-stores/home/pets</loc>
  </url>
  <url>
    <loc>https://www.westfield.com.au/southland/browse-stores/home/photography-and-art</loc>
  </url>
  <url>
    <loc>https://www.westfield.com.au/southland/browse-stores/luggage-and-travel-accessories</loc>
  </url>
  <url>
    <loc>https://www.westfield.com.au/southland/browse-stores/luggage-and-travel-accessories/laptop-cases-and-sleeves</loc>
  </url>
  <url>
    <loc>https://www.westfield.com.au/southland/browse-stores/luggage-and-travel-accessories/small-leather-goods</loc>
  </url>
  <url>
    <loc>https://www.westfield.com.au/southland/browse-stores/luggage-and-travel-accessories/backpacks-and-gym-duffle-bags</loc>
  </url>
  <url>
    <loc>https://www.westfield.com.au/southland/browse-stores/phone-repairs</loc>
  </url>
  <url>
    <loc>https://www.westfield.com.au/southland/browse-stores/power-gas-and-communication-services</loc>
  </url>
  <url>
    <loc>https://www.westfield.com.au/southland/browse-stores/luggage-and-travel-accessories/suitcases-and-travel-accessories</loc>
  </url>
  <url>
    <loc>https://www.westfield.com.au/southland/browse-stores/photographic-services</loc>
  </url>
  <url>
    <loc>https://www.westfield.com.au/southland/browse-stores/luggage-and-travel-accessories/work-and-laptop-bags</loc>
  </url>
  <url>
    <loc>https://www.westfield.com.au/southland/browse-stores/post-office</loc>
  </url>
  <url>
    <loc>https://www.westfield.com.au/southland/browse-stores/professional-services</loc>
  </url>
  <url>
    <loc>https://www.westfield.com.au/southland/browse-stores/sporting-goods</loc>
  </url>
  <url>
    <loc>https://www.westfield.com.au/southland/browse-stores/sporting-goods/activewear</loc>
  </url>
  <url>
    <loc>https://www.westfield.com.au/southland/browse-stores/shoe-repair-and-key-cutting</loc>
  </url>
  <url>
    <loc>https://www.westfield.com.au/southland/browse-stores/sporting-goods/outdoors-and-camping</loc>
  </url>
  <url>
    <loc>https://www.westfield.com.au/southland/browse-stores/sporting-goods/fitness-and-gym-equipment</loc>
  </url>
  <url>
    <loc>https://www.westfield.com.au/southland/browse-stores/toys-and-hobbies</loc>
  </url>
  <url>
    <loc>https://www.westfield.com.au/southland/browse-stores/toys-and-hobbies/arts-and-crafts</loc>
  </url>
  <url>
    <loc>https://www.westfield.com.au/southland/browse-stores/sporting-goods/tech-and-wearables</loc>
  </url>
  <url>
    <loc>https://www.westfield.com.au/southland/browse-stores/tobacconists</loc>
  </url>
  <url>
    <loc>https://www.westfield.com.au/southland/browse-stores/toys-and-hobbies/hobbies</loc>
  </url>
  <url>
    <loc>https://www.westfield.com.au/southland/browse-stores/toys-and-hobbies/toys</loc>
  </url>
  <url>
    <loc>https://www.westfield.com.au/southland/browse-stores/travel-agents</loc>
  </url>
  <url>
    <loc>https://www.westfield.com.au/southland/browse-stores/toys-and-hobbies/games</loc>
  </url>
  <url>
    <loc>https://www.westfield.com.au/sydney/browse-stores/baby-and-nursery</loc>
  </url>
  <url>
    <loc>https://www.westfield.com.au/sydney/browse-stores/alterations-and-tailoring</loc>
  </url>
  <url>
    <loc>https://www.westfield.com.au/sydney/browse-stores/baby-and-nursery/baby-and-infant-toys</loc>
  </url>
  <url>
    <loc>https://www.westfield.com.au/sydney/browse-stores/baby-and-nursery/nursery-furniture</loc>
  </url>
  <url>
    <loc>https://www.westfield.com.au/sydney/browse-stores/baby-and-nursery/tableware-and-feeding</loc>
  </url>
  <url>
    <loc>https://www.westfield.com.au/sydney/browse-stores/baby-and-nursery/baby-bedding</loc>
  </url>
  <url>
    <loc>https://www.westfield.com.au/sydney/browse-stores/baby-and-nursery/prams-strollers-and-carriers</loc>
  </url>
  <url>
    <loc>https://www.westfield.com.au/sydney/browse-stores/beauty-and-wellness</loc>
  </url>
  <url>
    <loc>https://www.westfield.com.au/sydney/browse-stores/beauty-and-wellness/hair-and-beauty</loc>
  </url>
  <url>
    <loc>https://www.westfield.com.au/sydney/browse-stores/beauty-and-wellness/fragrance</loc>
  </url>
  <url>
    <loc>https://www.westfield.com.au/sydney/browse-stores/beauty-and-wellness/skincare</loc>
  </url>
  <url>
    <loc>https://www.westfield.com.au/sydney/browse-stores/beauty-and-wellness/makeup</loc>
  </url>
  <url>
    <loc>https://www.westfield.com.au/sydney/browse-stores/beauty-and-wellness/hair-care</loc>
  </url>
  <url>
    <loc>https://www.westfield.com.au/sydney/browse-stores/beauty-and-wellness/bath-and-body</loc>
  </url>
  <url>
    <loc>https://www.westfield.com.au/sydney/browse-stores/books-stationery-and-gifts/cards-and-gift-wrap</loc>
  </url>
  <url>
    <loc>https://www.westfield.com.au/sydney/browse-stores/books-stationery-and-gifts</loc>
  </url>
  <url>
    <loc>https://www.westfield.com.au/sydney/browse-stores/books-stationery-and-gifts/book-stores</loc>
  </url>
  <url>
    <loc>https://www.westfield.com.au/sydney/browse-stores/clothing-and-accessories</loc>
  </url>
  <url>
    <loc>https://www.westfield.com.au/sydney/browse-stores/books-stationery-and-gifts/office-supplies</loc>
  </url>
  <url>
    <loc>https://www.westfield.com.au/sydney/browse-stores/books-stationery-and-gifts/stationery</loc>
  </url>
  <url>
    <loc>https://www.westfield.com.au/sydney/browse-stores/clothing-and-accessories/babies-and-toddlers</loc>
  </url>
  <url>
    <loc>https://www.westfield.com.au/sydney/browse-stores/clothing-and-accessories/jewellery-and-watches</loc>
  </url>
  <url>
    <loc>https://www.westfield.com.au/sydney/browse-stores/clothing-and-accessories/footwear</loc>
  </url>
  <url>
    <loc>https://www.westfield.com.au/sydney/browse-stores/clothing-and-accessories/kids-and-junior</loc>
  </url>
  <url>
    <loc>https://www.westfield.com.au/sydney/browse-stores/clothing-and-accessories/sunglasses</loc>
  </url>
  <url>
    <loc>https://www.westfield.com.au/sydney/browse-stores/community-services</loc>
  </url>
  <url>
    <loc>https://www.westfield.com.au/sydney/browse-stores/clothing-and-accessories/womens-fashion</loc>
  </url>
  <url>
    <loc>https://www.westfield.com.au/sydney/browse-stores/clothing-and-accessories/mens-fashion</loc>
  </url>
  <url>
    <loc>https://www.westfield.com.au/sydney/browse-stores/department-stores</loc>
  </url>
  <url>
    <loc>https://www.westfield.com.au/sydney/browse-stores/dry-cleaning</loc>
  </url>
  <url>
    <loc>https://www.westfield.com.au/sydney/browse-stores/designer-and-boutique</loc>
  </url>
  <url>
    <loc>https://www.westfield.com.au/sydney/browse-stores/electronics-and-technology/cameras</loc>
  </url>
  <url>
    <loc>https://www.westfield.com.au/sydney/browse-stores/discount-and-variety</loc>
  </url>
  <url>
    <loc>https://www.westfield.com.au/sydney/browse-stores/electronics-and-technology</loc>
  </url>
  <url>
    <loc>https://www.westfield.com.au/sydney/browse-stores/electronics-and-technology/computers-and-tablets</loc>
  </url>
  <url>
    <loc>https://www.westfield.com.au/sydney/browse-stores/electronics-and-technology/gaming-and-consoles</loc>
  </url>
  <url>
    <loc>https://www.westfield.com.au/sydney/browse-stores/electronics-and-technology/mobile-and-accessories</loc>
  </url>
  <url>
    <loc>https://www.westfield.com.au/sydney/browse-stores/entertainment-and-activities/arcades-and-games</loc>
  </url>
  <url>
    <loc>https://www.westfield.com.au/sydney/browse-stores/electronics-and-technology/tv-and-audio</loc>
  </url>
  <url>
    <loc>https://www.westfield.com.au/sydney/browse-stores/entertainment-and-activities</loc>
  </url>
  <url>
    <loc>https://www.westfield.com.au/sydney/browse-stores/entertainment-and-activities/music</loc>
  </url>
  <url>
    <loc>https://www.westfield.com.au/sydney/browse-stores/florists</loc>
  </url>
  <url>
    <loc>https://www.westfield.com.au/sydney/browse-stores/electronics-and-technology/navigation</loc>
  </url>
  <url>
    <loc>https://www.westfield.com.au/sydney/browse-stores/food-and-drink/breakfast-and-brunch</loc>
  </url>
  <url>
    <loc>https://www.westfield.com.au/sydney/browse-stores/food-and-drink</loc>
  </url>
  <url>
    <loc>https://www.westfield.com.au/sydney/browse-stores/food-and-drink/bars-and-pubs</loc>
  </url>
  <url>
    <loc>https://www.westfield.com.au/sydney/browse-stores/food-and-drink/asian</loc>
  </url>
  <url>
    <loc>https://www.westfield.com.au/sydney/browse-stores/food-and-drink/dietary-requirements</loc>
  </url>
  <url>
    <loc>https://www.westfield.com.au/sydney/browse-stores/food-and-drink/desserts</loc>
  </url>
  <url>
    <loc>https://www.westfield.com.au/sydney/browse-stores/food-and-drink/casual-dining</loc>
  </url>
  <url>
    <loc>https://www.westfield.com.au/sydney/browse-stores/food-and-drink/fast-food</loc>
  </url>
  <url>
    <loc>https://www.westfield.com.au/sydney/browse-stores/food-and-drink/chocolate-cafes</loc>
  </url>
  <url>
    <loc>https://www.westfield.com.au/sydney/browse-stores/food-and-drink/fine-dining</loc>
  </url>
  <url>
    <loc>https://www.westfield.com.au/sydney/browse-stores/food-and-drink/greek</loc>
  </url>
  <url>
    <loc>https://www.westfield.com.au/sydney/browse-stores/food-and-drink/cafes</loc>
  </url>
  <url>
    <loc>https://www.westfield.com.au/sydney/browse-stores/food-and-drink/italian</loc>
  </url>
  <url>
    <loc>https://www.westfield.com.au/sydney/browse-stores/food-and-drink/healthy-options</loc>
  </url>
  <url>
    <loc>https://www.westfield.com.au/sydney/browse-stores/food-and-drink/mexican-and-latin-american</loc>
  </url>
  <url>
    <loc>https://www.westfield.com.au/sydney/browse-stores/food-and-drink/kid-friendly</loc>
  </url>
  <url>
    <loc>https://www.westfield.com.au/sydney/browse-stores/food-and-drink/modern-australian</loc>
  </url>
  <url>
    <loc>https://www.westfield.com.au/sydney/browse-stores/food-and-drink/juice-bars</loc>
  </url>
  <url>
    <loc>https://www.westfield.com.au/sydney/browse-stores/food-and-drink/sandwiches-and-salads</loc>
  </url>
  <url>
    <loc>https://www.westfield.com.au/sydney/browse-stores/food-and-drink/middle-eastern</loc>
  </url>
  <url>
    <loc>https://www.westfield.com.au/sydney/browse-stores/food-and-drink/takeaway</loc>
  </url>
  <url>
    <loc>https://www.westfield.com.au/sydney/browse-stores/fresh-food-and-groceries/bakeries</loc>
  </url>
  <url>
    <loc>https://www.westfield.com.au/sydney/browse-stores/foreign-currency-exchange</loc>
  </url>
  <url>
    <loc>https://www.westfield.com.au/sydney/browse-stores/fresh-food-and-groceries/specialty-foods</loc>
  </url>
  <url>
    <loc>https://www.westfield.com.au/sydney/browse-stores/fresh-food-and-groceries</loc>
  </url>
  <url>
    <loc>https://www.westfield.com.au/sydney/browse-stores/health-and-fitness</loc>
  </url>
  <url>
    <loc>https://www.westfield.com.au/sydney/browse-stores/health-and-fitness/gyms-and-fitness-studios</loc>
  </url>
  <url>
    <loc>https://www.westfield.com.au/sydney/browse-stores/health-and-fitness/dentists</loc>
  </url>
  <url>
    <loc>https://www.westfield.com.au/sydney/browse-stores/health-and-fitness/optometrists</loc>
  </url>
  <url>
    <loc>https://www.westfield.com.au/sydney/browse-stores/home</loc>
  </url>
  <url>
    <loc>https://www.westfield.com.au/sydney/browse-stores/home/bath-and-home-fragrances</loc>
  </url>
  <url>
    <loc>https://www.westfield.com.au/sydney/browse-stores/home/bedding</loc>
  </url>
  <url>
    <loc>https://www.westfield.com.au/sydney/browse-stores/home/furniture</loc>
  </url>
  <url>
    <loc>https://www.westfield.com.au/sydney/browse-stores/home/gifts</loc>
  </url>
  <url>
    <loc>https://www.westfield.com.au/sydney/browse-stores/home/home-appliances</loc>
  </url>
  <url>
    <loc>https://www.westfield.com.au/sydney/browse-stores/home/photography-and-art</loc>
  </url>
  <url>
    <loc>https://www.westfield.com.au/sydney/browse-stores/home/kitchen</loc>
  </url>
  <url>
    <loc>https://www.westfield.com.au/sydney/browse-stores/home/home-decor</loc>
  </url>
  <url>
    <loc>https://www.westfield.com.au/sydney/browse-stores/luggage-and-travel-accessories</loc>
  </url>
  <url>
    <loc>https://www.westfield.com.au/sydney/browse-stores/home/pets</loc>
  </url>
  <url>
    <loc>https://www.westfield.com.au/sydney/browse-stores/luggage-and-travel-accessories/laptop-cases-and-sleeves</loc>
  </url>
  <url>
    <loc>https://www.westfield.com.au/sydney/browse-stores/luggage-and-travel-accessories/backpacks-and-gym-duffle-bags</loc>
  </url>
  <url>
    <loc>https://www.westfield.com.au/sydney/browse-stores/luggage-and-travel-accessories/small-leather-goods</loc>
  </url>
  <url>
    <loc>https://www.westfield.com.au/sydney/browse-stores/luggage-and-travel-accessories/suitcases-and-travel-accessories</loc>
  </url>
  <url>
    <loc>https://www.westfield.com.au/sydney/browse-stores/luxury-and-premium</loc>
  </url>
  <url>
    <loc>https://www.westfield.com.au/sydney/browse-stores/luxury-and-premium/australian-designer</loc>
  </url>
  <url>
    <loc>https://www.westfield.com.au/sydney/browse-stores/luggage-and-travel-accessories/work-and-laptop-bags</loc>
  </url>
  <url>
    <loc>https://www.westfield.com.au/sydney/browse-stores/luxury-and-premium/luxury</loc>
  </url>
  <url>
    <loc>https://www.westfield.com.au/sydney/browse-stores/luxury-and-premium/international-designer</loc>
  </url>
  <url>
    <loc>https://www.westfield.com.au/sydney/browse-stores/home/picture-frames</loc>
  </url>
  <url>
    <loc>https://www.westfield.com.au/sydney/browse-stores/luxury-and-premium/premium-brands</loc>
  </url>
  <url>
    <loc>https://www.westfield.com.au/sydney/browse-stores/sporting-goods/activewear</loc>
  </url>
  <url>
    <loc>https://www.westfield.com.au/sydney/browse-stores/phone-repairs</loc>
  </url>
  <url>
    <loc>https://www.westfield.com.au/sydney/browse-stores/sporting-goods</loc>
  </url>
  <url>
    <loc>https://www.westfield.com.au/sydney/browse-stores/sporting-goods/fitness-and-gym-equipment</loc>
  </url>
  <url>
    <loc>https://www.westfield.com.au/sydney/browse-stores/sporting-goods/tech-and-wearables</loc>
  </url>
  <url>
    <loc>https://www.westfield.com.au/sydney/browse-stores/sporting-goods/outdoors-and-camping</loc>
  </url>
  <url>
    <loc>https://www.westfield.com.au/sydney/browse-stores/toys-and-hobbies</loc>
  </url>
  <url>
    <loc>https://www.westfield.com.au/sydney/browse-stores/toys-and-hobbies/arts-and-crafts</loc>
  </url>
  <url>
    <loc>https://www.westfield.com.au/sydney/browse-stores/toys-and-hobbies/hobbies</loc>
  </url>
  <url>
    <loc>https://www.westfield.com.au/sydney/browse-stores/toys-and-hobbies/games</loc>
  </url>
  <url>
    <loc>https://www.westfield.com.au/sydney/browse-stores/toys-and-hobbies/toys</loc>
  </url>
  <url>
    <loc>https://www.westfield.com.au/teatreeplaza/browse-stores/alterations-and-tailoring</loc>
  </url>
  <url>
    <loc>https://www.westfield.com.au/teatreeplaza/browse-stores/baby-and-nursery</loc>
  </url>
  <url>
    <loc>https://www.westfield.com.au/teatreeplaza/browse-stores/baby-and-nursery/baby-and-infant-toys</loc>
  </url>
  <url>
    <loc>https://www.westfield.com.au/teatreeplaza/browse-stores/baby-and-nursery/baby-bedding</loc>
  </url>
  <url>
    <loc>https://www.westfield.com.au/teatreeplaza/browse-stores/baby-and-nursery/prams-strollers-and-carriers</loc>
  </url>
  <url>
    <loc>https://www.westfield.com.au/teatreeplaza/browse-stores/baby-and-nursery/nursery-furniture</loc>
  </url>
  <url>
    <loc>https://www.westfield.com.au/teatreeplaza/browse-stores/baby-and-nursery/tableware-and-feeding</loc>
  </url>
  <url>
    <loc>https://www.westfield.com.au/teatreeplaza/browse-stores/beauty-and-wellness/bath-and-body</loc>
  </url>
  <url>
    <loc>https://www.westfield.com.au/teatreeplaza/browse-stores/beauty-and-wellness</loc>
  </url>
  <url>
    <loc>https://www.westfield.com.au/teatreeplaza/browse-stores/beauty-and-wellness/fragrance</loc>
  </url>
  <url>
    <loc>https://www.westfield.com.au/teatreeplaza/browse-stores/banks</loc>
  </url>
  <url>
    <loc>https://www.westfield.com.au/teatreeplaza/browse-stores/beauty-and-wellness/makeup</loc>
  </url>
  <url>
    <loc>https://www.westfield.com.au/teatreeplaza/browse-stores/beauty-and-wellness/hair-and-beauty</loc>
  </url>
  <url>
    <loc>https://www.westfield.com.au/teatreeplaza/browse-stores/beauty-and-wellness/hair-care</loc>
  </url>
  <url>
    <loc>https://www.westfield.com.au/teatreeplaza/browse-stores/beauty-and-wellness/skincare</loc>
  </url>
  <url>
    <loc>https://www.westfield.com.au/teatreeplaza/browse-stores/beauty-and-wellness/vitamins-and-supplements</loc>
  </url>
  <url>
    <loc>https://www.westfield.com.au/teatreeplaza/browse-stores/books-stationery-and-gifts</loc>
  </url>
  <url>
    <loc>https://www.westfield.com.au/teatreeplaza/browse-stores/books-stationery-and-gifts/book-stores</loc>
  </url>
  <url>
    <loc>https://www.westfield.com.au/teatreeplaza/browse-stores/books-stationery-and-gifts/cards-and-gift-wrap</loc>
  </url>
  <url>
    <loc>https://www.westfield.com.au/teatreeplaza/browse-stores/books-stationery-and-gifts/office-supplies</loc>
  </url>
  <url>
    <loc>https://www.westfield.com.au/teatreeplaza/browse-stores/books-stationery-and-gifts/newsagencies</loc>
  </url>
  <url>
    <loc>https://www.westfield.com.au/teatreeplaza/browse-stores/books-stationery-and-gifts/stationery</loc>
  </url>
  <url>
    <loc>https://www.westfield.com.au/teatreeplaza/browse-stores/clothing-and-accessories/footwear</loc>
  </url>
  <url>
    <loc>https://www.westfield.com.au/teatreeplaza/browse-stores/car-and-auto</loc>
  </url>
  <url>
    <loc>https://www.westfield.com.au/teatreeplaza/browse-stores/clothing-and-accessories/babies-and-toddlers</loc>
  </url>
  <url>
    <loc>https://www.westfield.com.au/teatreeplaza/browse-stores/clothing-and-accessories/mens-fashion</loc>
  </url>
  <url>
    <loc>https://www.westfield.com.au/teatreeplaza/browse-stores/clothing-and-accessories/jewellery-and-watches</loc>
  </url>
  <url>
    <loc>https://www.westfield.com.au/teatreeplaza/browse-stores/clothing-and-accessories</loc>
  </url>
  <url>
    <loc>https://www.westfield.com.au/teatreeplaza/browse-stores/clothing-and-accessories/kids-and-junior</loc>
  </url>
  <url>
    <loc>https://www.westfield.com.au/teatreeplaza/browse-stores/clothing-and-accessories/sunglasses</loc>
  </url>
  <url>
    <loc>https://www.westfield.com.au/teatreeplaza/browse-stores/clothing-and-accessories/womens-fashion</loc>
  </url>
  <url>
    <loc>https://www.westfield.com.au/teatreeplaza/browse-stores/community-services</loc>
  </url>
  <url>
    <loc>https://www.westfield.com.au/teatreeplaza/browse-stores/department-stores</loc>
  </url>
  <url>
    <loc>https://www.westfield.com.au/teatreeplaza/browse-stores/electronics-and-technology</loc>
  </url>
  <url>
    <loc>https://www.westfield.com.au/teatreeplaza/browse-stores/designer-and-boutique</loc>
  </url>
  <url>
    <loc>https://www.westfield.com.au/teatreeplaza/browse-stores/discount-and-variety</loc>
  </url>
  <url>
    <loc>https://www.westfield.com.au/teatreeplaza/browse-stores/dry-cleaning</loc>
  </url>
  <url>
    <loc>https://www.westfield.com.au/teatreeplaza/browse-stores/electronics-and-technology/cameras</loc>
  </url>
  <url>
    <loc>https://www.westfield.com.au/teatreeplaza/browse-stores/electronics-and-technology/mobile-and-accessories</loc>
  </url>
  <url>
    <loc>https://www.westfield.com.au/teatreeplaza/browse-stores/electronics-and-technology/gaming-and-consoles</loc>
  </url>
  <url>
    <loc>https://www.westfield.com.au/teatreeplaza/browse-stores/electronics-and-technology/computers-and-tablets</loc>
  </url>
  <url>
    <loc>https://www.westfield.com.au/teatreeplaza/browse-stores/electronics-and-technology/navigation</loc>
  </url>
  <url>
    <loc>https://www.westfield.com.au/teatreeplaza/browse-stores/entertainment-and-activities</loc>
  </url>
  <url>
    <loc>https://www.westfield.com.au/teatreeplaza/browse-stores/electronics-and-technology/tv-and-audio</loc>
  </url>
  <url>
    <loc>https://www.westfield.com.au/teatreeplaza/browse-stores/entertainment-and-activities/arcades-and-games</loc>
  </url>
  <url>
    <loc>https://www.westfield.com.au/teatreeplaza/browse-stores/entertainment-and-activities/cinemas</loc>
  </url>
  <url>
    <loc>https://www.westfield.com.au/teatreeplaza/browse-stores/entertainment-and-activities/kids-activities</loc>
  </url>
  <url>
    <loc>https://www.westfield.com.au/teatreeplaza/browse-stores/entertainment-and-activities/music</loc>
  </url>
  <url>
    <loc>https://www.westfield.com.au/teatreeplaza/browse-stores/food-and-drink/asian</loc>
  </url>
  <url>
    <loc>https://www.westfield.com.au/teatreeplaza/browse-stores/food-and-drink/cafes</loc>
  </url>
  <url>
    <loc>https://www.westfield.com.au/teatreeplaza/browse-stores/food-and-drink/breakfast-and-brunch</loc>
  </url>
  <url>
    <loc>https://www.westfield.com.au/teatreeplaza/browse-stores/entertainment-and-activities/learning-and-education</loc>
  </url>
  <url>
    <loc>https://www.westfield.com.au/teatreeplaza/browse-stores/food-and-drink/casual-dining</loc>
  </url>
  <url>
    <loc>https://www.westfield.com.au/teatreeplaza/browse-stores/food-and-drink/desserts</loc>
  </url>
  <url>
    <loc>https://www.westfield.com.au/teatreeplaza/browse-stores/food-and-drink/dietary-requirements</loc>
  </url>
  <url>
    <loc>https://www.westfield.com.au/teatreeplaza/browse-stores/food-and-drink/fast-food</loc>
  </url>
  <url>
    <loc>https://www.westfield.com.au/teatreeplaza/browse-stores/food-and-drink/german</loc>
  </url>
  <url>
    <loc>https://www.westfield.com.au/teatreeplaza/browse-stores/food-and-drink/healthy-options</loc>
  </url>
  <url>
    <loc>https://www.westfield.com.au/teatreeplaza/browse-stores/food-and-drink/juice-bars</loc>
  </url>
  <url>
    <loc>https://www.westfield.com.au/teatreeplaza/browse-stores/food-and-drink/kid-friendly</loc>
  </url>
  <url>
    <loc>https://www.westfield.com.au/teatreeplaza/browse-stores/food-and-drink/sandwiches-and-salads</loc>
  </url>
  <url>
    <loc>https://www.westfield.com.au/teatreeplaza/browse-stores/food-and-drink/mexican-and-latin-american</loc>
  </url>
  <url>
    <loc>https://www.westfield.com.au/teatreeplaza/browse-stores/fresh-food-and-groceries</loc>
  </url>
  <url>
    <loc>https://www.westfield.com.au/teatreeplaza/browse-stores/foreign-currency-exchange</loc>
  </url>
  <url>
    <loc>https://www.westfield.com.au/teatreeplaza/browse-stores/fresh-food-and-groceries/bakeries</loc>
  </url>
  <url>
    <loc>https://www.westfield.com.au/teatreeplaza/browse-stores/fresh-food-and-groceries/butchers</loc>
  </url>
  <url>
    <loc>https://www.westfield.com.au/teatreeplaza/browse-stores/fresh-food-and-groceries/confectionery</loc>
  </url>
  <url>
    <loc>https://www.westfield.com.au/teatreeplaza/browse-stores/fresh-food-and-groceries/delicatessens</loc>
  </url>
  <url>
    <loc>https://www.westfield.com.au/teatreeplaza/browse-stores/fresh-food-and-groceries/liquor</loc>
  </url>
  <url>
    <loc>https://www.westfield.com.au/teatreeplaza/browse-stores/fresh-food-and-groceries/fresh-produce</loc>
  </url>
  <url>
    <loc>https://www.westfield.com.au/teatreeplaza/browse-stores/fresh-food-and-groceries/patisseries</loc>
  </url>
  <url>
    <loc>https://www.westfield.com.au/teatreeplaza/browse-stores/fresh-food-and-groceries/poultry</loc>
  </url>
  <url>
    <loc>https://www.westfield.com.au/teatreeplaza/browse-stores/fresh-food-and-groceries/seafood</loc>
  </url>
  <url>
    <loc>https://www.westfield.com.au/teatreeplaza/browse-stores/health-and-fitness/chemists</loc>
  </url>
  <url>
    <loc>https://www.westfield.com.au/teatreeplaza/browse-stores/fresh-food-and-groceries/specialty-foods</loc>
  </url>
  <url>
    <loc>https://www.westfield.com.au/teatreeplaza/browse-stores/food-and-drink/takeaway</loc>
  </url>
  <url>
    <loc>https://www.westfield.com.au/teatreeplaza/browse-stores/health-and-fitness/gyms-and-fitness-studios</loc>
  </url>
  <url>
    <loc>https://www.westfield.com.au/teatreeplaza/browse-stores/health-and-fitness/health-insurers</loc>
  </url>
  <url>
    <loc>https://www.westfield.com.au/teatreeplaza/browse-stores/health-and-fitness/specialty-health-providers</loc>
  </url>
  <url>
    <loc>https://www.westfield.com.au/teatreeplaza/browse-stores/health-and-fitness/optometrists</loc>
  </url>
  <url>
    <loc>https://www.westfield.com.au/teatreeplaza/browse-stores/home</loc>
  </url>
  <url>
    <loc>https://www.westfield.com.au/teatreeplaza/browse-stores/home/bedding</loc>
  </url>
  <url>
    <loc>https://www.westfield.com.au/teatreeplaza/browse-stores/home/bath-and-home-fragrances</loc>
  </url>
  <url>
    <loc>https://www.westfield.com.au/teatreeplaza/browse-stores/home/furniture</loc>
  </url>
  <url>
    <loc>https://www.westfield.com.au/teatreeplaza/browse-stores/health-and-fitness/dentists</loc>
  </url>
  <url>
    <loc>https://www.westfield.com.au/teatreeplaza/browse-stores/food-and-drink</loc>
  </url>
  <url>
    <loc>https://www.westfield.com.au/teatreeplaza/browse-stores/health-and-fitness</loc>
  </url>
  <url>
    <loc>https://www.westfield.com.au/teatreeplaza/browse-stores/home/gifts</loc>
  </url>
  <url>
    <loc>https://www.westfield.com.au/teatreeplaza/browse-stores/home/home-appliances</loc>
  </url>
  <url>
    <loc>https://www.westfield.com.au/teatreeplaza/browse-stores/home/hardware</loc>
  </url>
  <url>
    <loc>https://www.westfield.com.au/teatreeplaza/browse-stores/home/pets</loc>
  </url>
  <url>
    <loc>https://www.westfield.com.au/teatreeplaza/browse-stores/home/photography-and-art</loc>
  </url>
  <url>
    <loc>https://www.westfield.com.au/teatreeplaza/browse-stores/home/home-decor</loc>
  </url>
  <url>
    <loc>https://www.westfield.com.au/teatreeplaza/browse-stores/home/kitchen</loc>
  </url>
  <url>
    <loc>https://www.westfield.com.au/teatreeplaza/browse-stores/home/picture-frames</loc>
  </url>
  <url>
    <loc>https://www.westfield.com.au/teatreeplaza/browse-stores/luggage-and-travel-accessories</loc>
  </url>
  <url>
    <loc>https://www.westfield.com.au/teatreeplaza/browse-stores/luggage-and-travel-accessories/laptop-cases-and-sleeves</loc>
  </url>
  <url>
    <loc>https://www.westfield.com.au/teatreeplaza/browse-stores/luggage-and-travel-accessories/work-and-laptop-bags</loc>
  </url>
  <url>
    <loc>https://www.westfield.com.au/teatreeplaza/browse-stores/luggage-and-travel-accessories/suitcases-and-travel-accessories</loc>
  </url>
  <url>
    <loc>https://www.westfield.com.au/teatreeplaza/browse-stores/luggage-and-travel-accessories/backpacks-and-gym-duffle-bags</loc>
  </url>
  <url>
    <loc>https://www.westfield.com.au/teatreeplaza/browse-stores/luggage-and-travel-accessories/small-leather-goods</loc>
  </url>
  <url>
    <loc>https://www.westfield.com.au/teatreeplaza/browse-stores/phone-repairs</loc>
  </url>
  <url>
    <loc>https://www.westfield.com.au/teatreeplaza/browse-stores/photographic-services</loc>
  </url>
  <url>
    <loc>https://www.westfield.com.au/teatreeplaza/browse-stores/post-office</loc>
  </url>
  <url>
    <loc>https://www.westfield.com.au/teatreeplaza/browse-stores/professional-services</loc>
  </url>
  <url>
    <loc>https://www.westfield.com.au/teatreeplaza/browse-stores/power-gas-and-communication-services</loc>
  </url>
  <url>
    <loc>https://www.westfield.com.au/teatreeplaza/browse-stores/sporting-goods</loc>
  </url>
  <url>
    <loc>https://www.westfield.com.au/teatreeplaza/browse-stores/shoe-repair-and-key-cutting</loc>
  </url>
  <url>
    <loc>https://www.westfield.com.au/teatreeplaza/browse-stores/sporting-goods/activewear</loc>
  </url>
  <url>
    <loc>https://www.westfield.com.au/teatreeplaza/browse-stores/sporting-goods/fitness-and-gym-equipment</loc>
  </url>
  <url>
    <loc>https://www.westfield.com.au/teatreeplaza/browse-stores/sporting-goods/outdoors-and-camping</loc>
  </url>
  <url>
    <loc>https://www.westfield.com.au/teatreeplaza/browse-stores/sporting-goods/tech-and-wearables</loc>
  </url>
  <url>
    <loc>https://www.westfield.com.au/teatreeplaza/browse-stores/toys-and-hobbies</loc>
  </url>
  <url>
    <loc>https://www.westfield.com.au/teatreeplaza/browse-stores/toys-and-hobbies/arts-and-crafts</loc>
  </url>
  <url>
    <loc>https://www.westfield.com.au/teatreeplaza/browse-stores/toys-and-hobbies/games</loc>
  </url>
  <url>
    <loc>https://www.westfield.com.au/teatreeplaza/browse-stores/toys-and-hobbies/hobbies</loc>
  </url>
  <url>
    <loc>https://www.westfield.com.au/teatreeplaza/browse-stores/toys-and-hobbies/toys</loc>
  </url>
  <url>
    <loc>https://www.westfield.com.au/teatreeplaza/browse-stores/travel-agents</loc>
  </url>
  <url>
    <loc>https://www.westfield.com.au/teatreeplaza/browse-stores/fresh-food-and-groceries/supermarkets</loc>
  </url>
  <url>
    <loc>https://www.westfield.com.au/tuggerah/browse-stores/baby-and-nursery</loc>
  </url>
  <url>
    <loc>https://www.westfield.com.au/tuggerah/browse-stores/alterations-and-tailoring</loc>
  </url>
  <url>
    <loc>https://www.westfield.com.au/tuggerah/browse-stores/baby-and-nursery/baby-and-infant-toys</loc>
  </url>
  <url>
    <loc>https://www.westfield.com.au/tuggerah/browse-stores/baby-and-nursery/nursery-furniture</loc>
  </url>
  <url>
    <loc>https://www.westfield.com.au/tuggerah/browse-stores/baby-and-nursery/baby-bedding</loc>
  </url>
  <url>
    <loc>https://www.westfield.com.au/tuggerah/browse-stores/banks</loc>
  </url>
  <url>
    <loc>https://www.westfield.com.au/tuggerah/browse-stores/baby-and-nursery/prams-strollers-and-carriers</loc>
  </url>
  <url>
    <loc>https://www.westfield.com.au/tuggerah/browse-stores/baby-and-nursery/tableware-and-feeding</loc>
  </url>
  <url>
    <loc>https://www.westfield.com.au/tuggerah/browse-stores/beauty-and-wellness/bath-and-body</loc>
  </url>
  <url>
    <loc>https://www.westfield.com.au/tuggerah/browse-stores/beauty-and-wellness/hair-and-beauty</loc>
  </url>
  <url>
    <loc>https://www.westfield.com.au/tuggerah/browse-stores/beauty-and-wellness/skincare</loc>
  </url>
  <url>
    <loc>https://www.westfield.com.au/tuggerah/browse-stores/beauty-and-wellness/makeup</loc>
  </url>
  <url>
    <loc>https://www.westfield.com.au/tuggerah/browse-stores/beauty-and-wellness/fragrance</loc>
  </url>
  <url>
    <loc>https://www.westfield.com.au/tuggerah/browse-stores/beauty-and-wellness/hair-care</loc>
  </url>
  <url>
    <loc>https://www.westfield.com.au/tuggerah/browse-stores/books-stationery-and-gifts</loc>
  </url>
  <url>
    <loc>https://www.westfield.com.au/tuggerah/browse-stores/books-stationery-and-gifts/cards-and-gift-wrap</loc>
  </url>
  <url>
    <loc>https://www.westfield.com.au/tuggerah/browse-stores/books-stationery-and-gifts/office-supplies</loc>
  </url>
  <url>
    <loc>https://www.westfield.com.au/tuggerah/browse-stores/beauty-and-wellness/vitamins-and-supplements</loc>
  </url>
  <url>
    <loc>https://www.westfield.com.au/tuggerah/browse-stores/beauty-and-wellness</loc>
  </url>
  <url>
    <loc>https://www.westfield.com.au/tuggerah/browse-stores/car-and-auto</loc>
  </url>
  <url>
    <loc>https://www.westfield.com.au/tuggerah/browse-stores/books-stationery-and-gifts/book-stores</loc>
  </url>
  <url>
    <loc>https://www.westfield.com.au/tuggerah/browse-stores/books-stationery-and-gifts/newsagencies</loc>
  </url>
  <url>
    <loc>https://www.westfield.com.au/tuggerah/browse-stores/books-stationery-and-gifts/stationery</loc>
  </url>
  <url>
    <loc>https://www.westfield.com.au/tuggerah/browse-stores/clothing-and-accessories</loc>
  </url>
  <url>
    <loc>https://www.westfield.com.au/tuggerah/browse-stores/childcare</loc>
  </url>
  <url>
    <loc>https://www.westfield.com.au/tuggerah/browse-stores/clothing-and-accessories/babies-and-toddlers</loc>
  </url>
  <url>
    <loc>https://www.westfield.com.au/tuggerah/browse-stores/clothing-and-accessories/jewellery-and-watches</loc>
  </url>
  <url>
    <loc>https://www.westfield.com.au/tuggerah/browse-stores/clothing-and-accessories/footwear</loc>
  </url>
  <url>
    <loc>https://www.westfield.com.au/tuggerah/browse-stores/clothing-and-accessories/kids-and-junior</loc>
  </url>
  <url>
    <loc>https://www.westfield.com.au/tuggerah/browse-stores/clothing-and-accessories/mens-fashion</loc>
  </url>
  <url>
    <loc>https://www.westfield.com.au/tuggerah/browse-stores/community-services</loc>
  </url>
  <url>
    <loc>https://www.westfield.com.au/tuggerah/browse-stores/clothing-and-accessories/sunglasses</loc>
  </url>
  <url>
    <loc>https://www.westfield.com.au/tuggerah/browse-stores/clothing-and-accessories/womens-fashion</loc>
  </url>
  <url>
    <loc>https://www.westfield.com.au/tuggerah/browse-stores/department-stores</loc>
  </url>
  <url>
    <loc>https://www.westfield.com.au/tuggerah/browse-stores/designer-and-boutique</loc>
  </url>
  <url>
    <loc>https://www.westfield.com.au/tuggerah/browse-stores/discount-and-variety</loc>
  </url>
  <url>
    <loc>https://www.westfield.com.au/tuggerah/browse-stores/dry-cleaning</loc>
  </url>
  <url>
    <loc>https://www.westfield.com.au/tuggerah/browse-stores/electronics-and-technology/cameras</loc>
  </url>
  <url>
    <loc>https://www.westfield.com.au/tuggerah/browse-stores/electronics-and-technology</loc>
  </url>
  <url>
    <loc>https://www.westfield.com.au/tuggerah/browse-stores/electronics-and-technology/computers-and-tablets</loc>
  </url>
  <url>
    <loc>https://www.westfield.com.au/tuggerah/browse-stores/electronics-and-technology/gaming-and-consoles</loc>
  </url>
  <url>
    <loc>https://www.westfield.com.au/tuggerah/browse-stores/electronics-and-technology/mobile-and-accessories</loc>
  </url>
  <url>
    <loc>https://www.westfield.com.au/tuggerah/browse-stores/entertainment-and-activities</loc>
  </url>
  <url>
    <loc>https://www.westfield.com.au/tuggerah/browse-stores/electronics-and-technology/navigation</loc>
  </url>
  <url>
    <loc>https://www.westfield.com.au/tuggerah/browse-stores/entertainment-and-activities/arcades-and-games</loc>
  </url>
  <url>
    <loc>https://www.westfield.com.au/tuggerah/browse-stores/entertainment-and-activities/cinemas</loc>
  </url>
  <url>
    <loc>https://www.westfield.com.au/tuggerah/browse-stores/entertainment-and-activities/kids-activities</loc>
  </url>
  <url>
    <loc>https://www.westfield.com.au/tuggerah/browse-stores/electronics-and-technology/tv-and-audio</loc>
  </url>
  <url>
    <loc>https://www.westfield.com.au/tuggerah/browse-stores/entertainment-and-activities/learning-and-education</loc>
  </url>
  <url>
    <loc>https://www.westfield.com.au/tuggerah/browse-stores/food-and-drink</loc>
  </url>
  <url>
    <loc>https://www.westfield.com.au/tuggerah/browse-stores/entertainment-and-activities/music</loc>
  </url>
  <url>
    <loc>https://www.westfield.com.au/tuggerah/browse-stores/food-and-drink/asian</loc>
  </url>
  <url>
    <loc>https://www.westfield.com.au/tuggerah/browse-stores/food-and-drink/casual-dining</loc>
  </url>
  <url>
    <loc>https://www.westfield.com.au/tuggerah/browse-stores/food-and-drink/desserts</loc>
  </url>
  <url>
    <loc>https://www.westfield.com.au/tuggerah/browse-stores/food-and-drink/cafes</loc>
  </url>
  <url>
    <loc>https://www.westfield.com.au/tuggerah/browse-stores/food-and-drink/chocolate-cafes</loc>
  </url>
  <url>
    <loc>https://www.westfield.com.au/tuggerah/browse-stores/food-and-drink/bars-and-pubs</loc>
  </url>
  <url>
    <loc>https://www.westfield.com.au/tuggerah/browse-stores/food-and-drink/breakfast-and-brunch</loc>
  </url>
  <url>
    <loc>https://www.westfield.com.au/tuggerah/browse-stores/food-and-drink/fast-food</loc>
  </url>
  <url>
    <loc>https://www.westfield.com.au/tuggerah/browse-stores/food-and-drink/dietary-requirements</loc>
  </url>
  <url>
    <loc>https://www.westfield.com.au/tuggerah/browse-stores/food-and-drink/fine-dining</loc>
  </url>
  <url>
    <loc>https://www.westfield.com.au/tuggerah/browse-stores/food-and-drink/healthy-options</loc>
  </url>
  <url>
    <loc>https://www.westfield.com.au/tuggerah/browse-stores/food-and-drink/juice-bars</loc>
  </url>
  <url>
    <loc>https://www.westfield.com.au/tuggerah/browse-stores/food-and-drink/italian</loc>
  </url>
  <url>
    <loc>https://www.westfield.com.au/tuggerah/browse-stores/food-and-drink/mexican-and-latin-american</loc>
  </url>
  <url>
    <loc>https://www.westfield.com.au/tuggerah/browse-stores/food-and-drink/kid-friendly</loc>
  </url>
  <url>
    <loc>https://www.westfield.com.au/tuggerah/browse-stores/food-and-drink/grill-houses</loc>
  </url>
  <url>
    <loc>https://www.westfield.com.au/tuggerah/browse-stores/food-and-drink/middle-eastern</loc>
  </url>
  <url>
    <loc>https://www.westfield.com.au/tuggerah/browse-stores/food-and-drink/modern-australian</loc>
  </url>
  <url>
    <loc>https://www.westfield.com.au/tuggerah/browse-stores/food-and-drink/sandwiches-and-salads</loc>
  </url>
  <url>
    <loc>https://www.westfield.com.au/tuggerah/browse-stores/foreign-currency-exchange</loc>
  </url>
  <url>
    <loc>https://www.westfield.com.au/tuggerah/browse-stores/food-and-drink/takeaway</loc>
  </url>
  <url>
    <loc>https://www.westfield.com.au/tuggerah/browse-stores/fresh-food-and-groceries</loc>
  </url>
  <url>
    <loc>https://www.westfield.com.au/tuggerah/browse-stores/fresh-food-and-groceries/butchers</loc>
  </url>
  <url>
    <loc>https://www.westfield.com.au/tuggerah/browse-stores/fresh-food-and-groceries/confectionery</loc>
  </url>
  <url>
    <loc>https://www.westfield.com.au/tuggerah/browse-stores/fresh-food-and-groceries/fresh-produce</loc>
  </url>
  <url>
    <loc>https://www.westfield.com.au/tuggerah/browse-stores/fresh-food-and-groceries/delicatessens</loc>
  </url>
  <url>
    <loc>https://www.westfield.com.au/tuggerah/browse-stores/fresh-food-and-groceries/liquor</loc>
  </url>
  <url>
    <loc>https://www.westfield.com.au/tuggerah/browse-stores/fresh-food-and-groceries/bakeries</loc>
  </url>
  <url>
    <loc>https://www.westfield.com.au/tuggerah/browse-stores/fresh-food-and-groceries/patisseries</loc>
  </url>
  <url>
    <loc>https://www.westfield.com.au/tuggerah/browse-stores/fresh-food-and-groceries/supermarkets</loc>
  </url>
  <url>
    <loc>https://www.westfield.com.au/tuggerah/browse-stores/fresh-food-and-groceries/specialty-foods</loc>
  </url>
  <url>
    <loc>https://www.westfield.com.au/tuggerah/browse-stores/health-and-fitness/chemists</loc>
  </url>
  <url>
    <loc>https://www.westfield.com.au/tuggerah/browse-stores/health-and-fitness</loc>
  </url>
  <url>
    <loc>https://www.westfield.com.au/tuggerah/browse-stores/health-and-fitness/dentists</loc>
  </url>
  <url>
    <loc>https://www.westfield.com.au/tuggerah/browse-stores/health-and-fitness/gyms-and-fitness-studios</loc>
  </url>
  <url>
    <loc>https://www.westfield.com.au/tuggerah/browse-stores/health-and-fitness/health-insurers</loc>
  </url>
  <url>
    <loc>https://www.westfield.com.au/tuggerah/browse-stores/health-and-fitness/specialty-health-providers</loc>
  </url>
  <url>
    <loc>https://www.westfield.com.au/tuggerah/browse-stores/health-and-fitness/medicare</loc>
  </url>
  <url>
    <loc>https://www.westfield.com.au/tuggerah/browse-stores/health-and-fitness/optometrists</loc>
  </url>
  <url>
    <loc>https://www.westfield.com.au/tuggerah/browse-stores/home</loc>
  </url>
  <url>
    <loc>https://www.westfield.com.au/tuggerah/browse-stores/home/bath-and-home-fragrances</loc>
  </url>
  <url>
    <loc>https://www.westfield.com.au/tuggerah/browse-stores/home/bedding</loc>
  </url>
  <url>
    <loc>https://www.westfield.com.au/tuggerah/browse-stores/home/furniture</loc>
  </url>
  <url>
    <loc>https://www.westfield.com.au/tuggerah/browse-stores/home/gifts</loc>
  </url>
  <url>
    <loc>https://www.westfield.com.au/tuggerah/browse-stores/home/hardware</loc>
  </url>
  <url>
    <loc>https://www.westfield.com.au/tuggerah/browse-stores/home/home-appliances</loc>
  </url>
  <url>
    <loc>https://www.westfield.com.au/tuggerah/browse-stores/home/home-decor</loc>
  </url>
  <url>
    <loc>https://www.westfield.com.au/tuggerah/browse-stores/home/pets</loc>
  </url>
  <url>
    <loc>https://www.westfield.com.au/tuggerah/browse-stores/home/kitchen</loc>
  </url>
  <url>
    <loc>https://www.westfield.com.au/tuggerah/browse-stores/home/photography-and-art</loc>
  </url>
  <url>
    <loc>https://www.westfield.com.au/tuggerah/browse-stores/luggage-and-travel-accessories</loc>
  </url>
  <url>
    <loc>https://www.westfield.com.au/tuggerah/browse-stores/luggage-and-travel-accessories/backpacks-and-gym-duffle-bags</loc>
  </url>
  <url>
    <loc>https://www.westfield.com.au/tuggerah/browse-stores/luggage-and-travel-accessories/laptop-cases-and-sleeves</loc>
  </url>
  <url>
    <loc>https://www.westfield.com.au/tuggerah/browse-stores/luggage-and-travel-accessories/small-leather-goods</loc>
  </url>
  <url>
    <loc>https://www.westfield.com.au/tuggerah/browse-stores/luggage-and-travel-accessories/suitcases-and-travel-accessories</loc>
  </url>
  <url>
    <loc>https://www.westfield.com.au/tuggerah/browse-stores/luxury-and-premium</loc>
  </url>
  <url>
    <loc>https://www.westfield.com.au/tuggerah/browse-stores/luggage-and-travel-accessories/work-and-laptop-bags</loc>
  </url>
  <url>
    <loc>https://www.westfield.com.au/tuggerah/browse-stores/luxury-and-premium/australian-designer</loc>
  </url>
  <url>
    <loc>https://www.westfield.com.au/tuggerah/browse-stores/phone-repairs</loc>
  </url>
  <url>
    <loc>https://www.westfield.com.au/tuggerah/browse-stores/photographic-services</loc>
  </url>
  <url>
    <loc>https://www.westfield.com.au/tuggerah/browse-stores/post-office</loc>
  </url>
  <url>
    <loc>https://www.westfield.com.au/tuggerah/browse-stores/power-gas-and-communication-services</loc>
  </url>
  <url>
    <loc>https://www.westfield.com.au/tuggerah/browse-stores/professional-services</loc>
  </url>
  <url>
    <loc>https://www.westfield.com.au/tuggerah/browse-stores/shoe-repair-and-key-cutting</loc>
  </url>
  <url>
    <loc>https://www.westfield.com.au/tuggerah/browse-stores/sporting-goods</loc>
  </url>
  <url>
    <loc>https://www.westfield.com.au/tuggerah/browse-stores/home/picture-frames</loc>
  </url>
  <url>
    <loc>https://www.westfield.com.au/tuggerah/browse-stores/health-and-fitness/medical-centres</loc>
  </url>
  <url>
    <loc>https://www.westfield.com.au/tuggerah/browse-stores/sporting-goods/activewear</loc>
  </url>
  <url>
    <loc>https://www.westfield.com.au/tuggerah/browse-stores/sporting-goods/fitness-and-gym-equipment</loc>
  </url>
  <url>
    <loc>https://www.westfield.com.au/tuggerah/browse-stores/sporting-goods/tech-and-wearables</loc>
  </url>
  <url>
    <loc>https://www.westfield.com.au/tuggerah/browse-stores/tobacconists</loc>
  </url>
  <url>
    <loc>https://www.westfield.com.au/tuggerah/browse-stores/toys-and-hobbies</loc>
  </url>
  <url>
    <loc>https://www.westfield.com.au/tuggerah/browse-stores/sporting-goods/outdoors-and-camping</loc>
  </url>
  <url>
    <loc>https://www.westfield.com.au/tuggerah/browse-stores/toys-and-hobbies/hobbies</loc>
  </url>
  <url>
    <loc>https://www.westfield.com.au/tuggerah/browse-stores/toys-and-hobbies/arts-and-crafts</loc>
  </url>
  <url>
    <loc>https://www.westfield.com.au/tuggerah/browse-stores/toys-and-hobbies/games</loc>
  </url>
  <url>
    <loc>https://www.westfield.com.au/tuggerah/browse-stores/toys-and-hobbies/toys</loc>
  </url>
  <url>
    <loc>https://www.westfield.com.au/tuggerah/browse-stores/travel-agents</loc>
  </url>
  <url>
    <loc>https://www.westfield.com.au/tuggerah/browse-stores/fresh-food-and-groceries/seafood</loc>
  </url>
  <url>
    <loc>https://www.westfield.com.au/tuggerah/browse-stores/fresh-food-and-groceries/poultry</loc>
  </url>
  <url>
    <loc>https://www.westfield.com.au/warringahmall/browse-stores/alterations-and-tailoring</loc>
  </url>
  <url>
    <loc>https://www.westfield.com.au/warringahmall/browse-stores/baby-and-nursery</loc>
  </url>
  <url>
    <loc>https://www.westfield.com.au/warringahmall/browse-stores/baby-and-nursery/baby-and-infant-toys</loc>
  </url>
  <url>
    <loc>https://www.westfield.com.au/warringahmall/browse-stores/baby-and-nursery/baby-bedding</loc>
  </url>
  <url>
    <loc>https://www.westfield.com.au/warringahmall/browse-stores/baby-and-nursery/nursery-furniture</loc>
  </url>
  <url>
    <loc>https://www.westfield.com.au/warringahmall/browse-stores/banks</loc>
  </url>
  <url>
    <loc>https://www.westfield.com.au/warringahmall/browse-stores/baby-and-nursery/tableware-and-feeding</loc>
  </url>
  <url>
    <loc>https://www.westfield.com.au/warringahmall/browse-stores/baby-and-nursery/prams-strollers-and-carriers</loc>
  </url>
  <url>
    <loc>https://www.westfield.com.au/warringahmall/browse-stores/beauty-and-wellness</loc>
  </url>
  <url>
    <loc>https://www.westfield.com.au/warringahmall/browse-stores/beauty-and-wellness/bath-and-body</loc>
  </url>
  <url>
    <loc>https://www.westfield.com.au/warringahmall/browse-stores/beauty-and-wellness/fragrance</loc>
  </url>
  <url>
    <loc>https://www.westfield.com.au/warringahmall/browse-stores/beauty-and-wellness/hair-care</loc>
  </url>
  <url>
    <loc>https://www.westfield.com.au/warringahmall/browse-stores/beauty-and-wellness/hair-and-beauty</loc>
  </url>
  <url>
    <loc>https://www.westfield.com.au/warringahmall/browse-stores/beauty-and-wellness/makeup</loc>
  </url>
  <url>
    <loc>https://www.westfield.com.au/warringahmall/browse-stores/books-stationery-and-gifts</loc>
  </url>
  <url>
    <loc>https://www.westfield.com.au/warringahmall/browse-stores/beauty-and-wellness/vitamins-and-supplements</loc>
  </url>
  <url>
    <loc>https://www.westfield.com.au/warringahmall/browse-stores/books-stationery-and-gifts/book-stores</loc>
  </url>
  <url>
    <loc>https://www.westfield.com.au/warringahmall/browse-stores/books-stationery-and-gifts/office-supplies</loc>
  </url>
  <url>
    <loc>https://www.westfield.com.au/warringahmall/browse-stores/books-stationery-and-gifts/cards-and-gift-wrap</loc>
  </url>
  <url>
    <loc>https://www.westfield.com.au/warringahmall/browse-stores/books-stationery-and-gifts/stationery</loc>
  </url>
  <url>
    <loc>https://www.westfield.com.au/warringahmall/browse-stores/car-and-auto</loc>
  </url>
  <url>
    <loc>https://www.westfield.com.au/warringahmall/browse-stores/clothing-and-accessories/babies-and-toddlers</loc>
  </url>
  <url>
    <loc>https://www.westfield.com.au/warringahmall/browse-stores/childcare</loc>
  </url>
  <url>
    <loc>https://www.westfield.com.au/warringahmall/browse-stores/clothing-and-accessories/footwear</loc>
  </url>
  <url>
    <loc>https://www.westfield.com.au/warringahmall/browse-stores/clothing-and-accessories</loc>
  </url>
  <url>
    <loc>https://www.westfield.com.au/warringahmall/browse-stores/clothing-and-accessories/jewellery-and-watches</loc>
  </url>
  <url>
    <loc>https://www.westfield.com.au/warringahmall/browse-stores/beauty-and-wellness/skincare</loc>
  </url>
  <url>
    <loc>https://www.westfield.com.au/warringahmall/browse-stores/clothing-and-accessories/kids-and-junior</loc>
  </url>
  <url>
    <loc>https://www.westfield.com.au/warringahmall/browse-stores/clothing-and-accessories/mens-fashion</loc>
  </url>
  <url>
    <loc>https://www.westfield.com.au/warringahmall/browse-stores/clothing-and-accessories/sunglasses</loc>
  </url>
  <url>
    <loc>https://www.westfield.com.au/warringahmall/browse-stores/community-services</loc>
  </url>
  <url>
    <loc>https://www.westfield.com.au/warringahmall/browse-stores/designer-and-boutique</loc>
  </url>
  <url>
    <loc>https://www.westfield.com.au/warringahmall/browse-stores/clothing-and-accessories/womens-fashion</loc>
  </url>
  <url>
    <loc>https://www.westfield.com.au/warringahmall/browse-stores/department-stores</loc>
  </url>
  <url>
    <loc>https://www.westfield.com.au/warringahmall/browse-stores/discount-and-variety</loc>
  </url>
  <url>
    <loc>https://www.westfield.com.au/warringahmall/browse-stores/electronics-and-technology</loc>
  </url>
  <url>
    <loc>https://www.westfield.com.au/warringahmall/browse-stores/dry-cleaning</loc>
  </url>
  <url>
    <loc>https://www.westfield.com.au/warringahmall/browse-stores/electronics-and-technology/cameras</loc>
  </url>
  <url>
    <loc>https://www.westfield.com.au/warringahmall/browse-stores/electronics-and-technology/gaming-and-consoles</loc>
  </url>
  <url>
    <loc>https://www.westfield.com.au/warringahmall/browse-stores/electronics-and-technology/computers-and-tablets</loc>
  </url>
  <url>
    <loc>https://www.westfield.com.au/warringahmall/browse-stores/electronics-and-technology/mobile-and-accessories</loc>
  </url>
  <url>
    <loc>https://www.westfield.com.au/warringahmall/browse-stores/electronics-and-technology/navigation</loc>
  </url>
  <url>
    <loc>https://www.westfield.com.au/warringahmall/browse-stores/electronics-and-technology/tv-and-audio</loc>
  </url>
  <url>
    <loc>https://www.westfield.com.au/warringahmall/browse-stores/entertainment-and-activities</loc>
  </url>
  <url>
    <loc>https://www.westfield.com.au/warringahmall/browse-stores/entertainment-and-activities/arcades-and-games</loc>
  </url>
  <url>
    <loc>https://www.westfield.com.au/warringahmall/browse-stores/entertainment-and-activities/learning-and-education</loc>
  </url>
  <url>
    <loc>https://www.westfield.com.au/warringahmall/browse-stores/entertainment-and-activities/kids-activities</loc>
  </url>
  <url>
    <loc>https://www.westfield.com.au/warringahmall/browse-stores/entertainment-and-activities/cinemas</loc>
  </url>
  <url>
    <loc>https://www.westfield.com.au/warringahmall/browse-stores/florists</loc>
  </url>
  <url>
    <loc>https://www.westfield.com.au/warringahmall/browse-stores/food-and-drink</loc>
  </url>
  <url>
    <loc>https://www.westfield.com.au/warringahmall/browse-stores/entertainment-and-activities/music</loc>
  </url>
  <url>
    <loc>https://www.westfield.com.au/warringahmall/browse-stores/food-and-drink/asian</loc>
  </url>
  <url>
    <loc>https://www.westfield.com.au/warringahmall/browse-stores/food-and-drink/breakfast-and-brunch</loc>
  </url>
  <url>
    <loc>https://www.westfield.com.au/warringahmall/browse-stores/food-and-drink/chocolate-cafes</loc>
  </url>
  <url>
    <loc>https://www.westfield.com.au/warringahmall/browse-stores/food-and-drink/cafes</loc>
  </url>
  <url>
    <loc>https://www.westfield.com.au/warringahmall/browse-stores/food-and-drink/casual-dining</loc>
  </url>
  <url>
    <loc>https://www.westfield.com.au/warringahmall/browse-stores/food-and-drink/desserts</loc>
  </url>
  <url>
    <loc>https://www.westfield.com.au/warringahmall/browse-stores/food-and-drink/dietary-requirements</loc>
  </url>
  <url>
    <loc>https://www.westfield.com.au/warringahmall/browse-stores/food-and-drink/fine-dining</loc>
  </url>
  <url>
    <loc>https://www.westfield.com.au/warringahmall/browse-stores/food-and-drink/fast-food</loc>
  </url>
  <url>
    <loc>https://www.westfield.com.au/warringahmall/browse-stores/food-and-drink/italian</loc>
  </url>
  <url>
    <loc>https://www.westfield.com.au/warringahmall/browse-stores/food-and-drink/healthy-options</loc>
  </url>
  <url>
    <loc>https://www.westfield.com.au/warringahmall/browse-stores/food-and-drink/kid-friendly</loc>
  </url>
  <url>
    <loc>https://www.westfield.com.au/warringahmall/browse-stores/food-and-drink/juice-bars</loc>
  </url>
  <url>
    <loc>https://www.westfield.com.au/warringahmall/browse-stores/food-and-drink/mexican-and-latin-american</loc>
  </url>
  <url>
    <loc>https://www.westfield.com.au/warringahmall/browse-stores/food-and-drink/sandwiches-and-salads</loc>
  </url>
  <url>
    <loc>https://www.westfield.com.au/warringahmall/browse-stores/food-and-drink/takeaway</loc>
  </url>
  <url>
    <loc>https://www.westfield.com.au/warringahmall/browse-stores/fresh-food-and-groceries</loc>
  </url>
  <url>
    <loc>https://www.westfield.com.au/warringahmall/browse-stores/fresh-food-and-groceries/bakeries</loc>
  </url>
  <url>
    <loc>https://www.westfield.com.au/warringahmall/browse-stores/fresh-food-and-groceries/butchers</loc>
  </url>
  <url>
    <loc>https://www.westfield.com.au/warringahmall/browse-stores/fresh-food-and-groceries/confectionery</loc>
  </url>
  <url>
    <loc>https://www.westfield.com.au/warringahmall/browse-stores/fresh-food-and-groceries/fresh-produce</loc>
  </url>
  <url>
    <loc>https://www.westfield.com.au/warringahmall/browse-stores/fresh-food-and-groceries/liquor</loc>
  </url>
  <url>
    <loc>https://www.westfield.com.au/warringahmall/browse-stores/fresh-food-and-groceries/delicatessens</loc>
  </url>
  <url>
    <loc>https://www.westfield.com.au/warringahmall/browse-stores/fresh-food-and-groceries/patisseries</loc>
  </url>
  <url>
    <loc>https://www.westfield.com.au/warringahmall/browse-stores/fresh-food-and-groceries/poultry</loc>
  </url>
  <url>
    <loc>https://www.westfield.com.au/warringahmall/browse-stores/fresh-food-and-groceries/seafood</loc>
  </url>
  <url>
    <loc>https://www.westfield.com.au/warringahmall/browse-stores/fresh-food-and-groceries/specialty-foods</loc>
  </url>
  <url>
    <loc>https://www.westfield.com.au/warringahmall/browse-stores/fresh-food-and-groceries/supermarkets</loc>
  </url>
  <url>
    <loc>https://www.westfield.com.au/warringahmall/browse-stores/health-and-fitness/dentists</loc>
  </url>
  <url>
    <loc>https://www.westfield.com.au/warringahmall/browse-stores/health-and-fitness</loc>
  </url>
  <url>
    <loc>https://www.westfield.com.au/warringahmall/browse-stores/health-and-fitness/gyms-and-fitness-studios</loc>
  </url>
  <url>
    <loc>https://www.westfield.com.au/warringahmall/browse-stores/health-and-fitness/health-insurers</loc>
  </url>
  <url>
    <loc>https://www.westfield.com.au/warringahmall/browse-stores/health-and-fitness/chemists</loc>
  </url>
  <url>
    <loc>https://www.westfield.com.au/warringahmall/browse-stores/health-and-fitness/medicare</loc>
  </url>
  <url>
    <loc>https://www.westfield.com.au/warringahmall/browse-stores/health-and-fitness/medical-centres</loc>
  </url>
  <url>
    <loc>https://www.westfield.com.au/warringahmall/browse-stores/health-and-fitness/optometrists</loc>
  </url>
  <url>
    <loc>https://www.westfield.com.au/warringahmall/browse-stores/foreign-currency-exchange</loc>
  </url>
  <url>
    <loc>https://www.westfield.com.au/warringahmall/browse-stores/health-and-fitness/specialty-health-providers</loc>
  </url>
  <url>
    <loc>https://www.westfield.com.au/warringahmall/browse-stores/home</loc>
  </url>
  <url>
    <loc>https://www.westfield.com.au/warringahmall/browse-stores/home/bath-and-home-fragrances</loc>
  </url>
  <url>
    <loc>https://www.westfield.com.au/warringahmall/browse-stores/home/bedding</loc>
  </url>
  <url>
    <loc>https://www.westfield.com.au/warringahmall/browse-stores/home/furniture</loc>
  </url>
  <url>
    <loc>https://www.westfield.com.au/warringahmall/browse-stores/home/gifts</loc>
  </url>
  <url>
    <loc>https://www.westfield.com.au/warringahmall/browse-stores/home/home-appliances</loc>
  </url>
  <url>
    <loc>https://www.westfield.com.au/warringahmall/browse-stores/home/hardware</loc>
  </url>
  <url>
    <loc>https://www.westfield.com.au/warringahmall/browse-stores/home/home-decor</loc>
  </url>
  <url>
    <loc>https://www.westfield.com.au/warringahmall/browse-stores/home/kitchen</loc>
  </url>
  <url>
    <loc>https://www.westfield.com.au/warringahmall/browse-stores/home/photography-and-art</loc>
  </url>
  <url>
    <loc>https://www.westfield.com.au/warringahmall/browse-stores/home/pets</loc>
  </url>
  <url>
    <loc>https://www.westfield.com.au/warringahmall/browse-stores/home/picture-frames</loc>
  </url>
  <url>
    <loc>https://www.westfield.com.au/warringahmall/browse-stores/luggage-and-travel-accessories</loc>
  </url>
  <url>
    <loc>https://www.westfield.com.au/warringahmall/browse-stores/luggage-and-travel-accessories/backpacks-and-gym-duffle-bags</loc>
  </url>
  <url>
    <loc>https://www.westfield.com.au/warringahmall/browse-stores/luggage-and-travel-accessories/small-leather-goods</loc>
  </url>
  <url>
    <loc>https://www.westfield.com.au/warringahmall/browse-stores/luggage-and-travel-accessories/laptop-cases-and-sleeves</loc>
  </url>
  <url>
    <loc>https://www.westfield.com.au/warringahmall/browse-stores/luggage-and-travel-accessories/work-and-laptop-bags</loc>
  </url>
  <url>
    <loc>https://www.westfield.com.au/warringahmall/browse-stores/luggage-and-travel-accessories/suitcases-and-travel-accessories</loc>
  </url>
  <url>
    <loc>https://www.westfield.com.au/warringahmall/browse-stores/phone-repairs</loc>
  </url>
  <url>
    <loc>https://www.westfield.com.au/warringahmall/browse-stores/post-office</loc>
  </url>
  <url>
    <loc>https://www.westfield.com.au/warringahmall/browse-stores/power-gas-and-communication-services</loc>
  </url>
  <url>
    <loc>https://www.westfield.com.au/warringahmall/browse-stores/photographic-services</loc>
  </url>
  <url>
    <loc>https://www.westfield.com.au/warringahmall/browse-stores/professional-services</loc>
  </url>
  <url>
    <loc>https://www.westfield.com.au/warringahmall/browse-stores/shoe-repair-and-key-cutting</loc>
  </url>
  <url>
    <loc>https://www.westfield.com.au/warringahmall/browse-stores/sporting-goods/fitness-and-gym-equipment</loc>
  </url>
  <url>
    <loc>https://www.westfield.com.au/warringahmall/browse-stores/sporting-goods</loc>
  </url>
  <url>
    <loc>https://www.westfield.com.au/warringahmall/browse-stores/sporting-goods/activewear</loc>
  </url>
  <url>
    <loc>https://www.westfield.com.au/warringahmall/browse-stores/sporting-goods/outdoors-and-camping</loc>
  </url>
  <url>
    <loc>https://www.westfield.com.au/warringahmall/browse-stores/toys-and-hobbies</loc>
  </url>
  <url>
    <loc>https://www.westfield.com.au/warringahmall/browse-stores/toys-and-hobbies/games</loc>
  </url>
  <url>
    <loc>https://www.westfield.com.au/warringahmall/browse-stores/toys-and-hobbies/arts-and-crafts</loc>
  </url>
  <url>
    <loc>https://www.westfield.com.au/warringahmall/browse-stores/toys-and-hobbies/hobbies</loc>
  </url>
  <url>
    <loc>https://www.westfield.com.au/warringahmall/browse-stores/toys-and-hobbies/toys</loc>
  </url>
  <url>
    <loc>https://www.westfield.com.au/warringahmall/browse-stores/sporting-goods/tech-and-wearables</loc>
  </url>
  <url>
    <loc>https://www.westfield.com.au/warringahmall/browse-stores/travel-agents</loc>
  </url>
  <url>
    <loc>https://www.westfield.com.au/woden/browse-stores/travel-agents</loc>
  </url>
  <url>
    <loc>https://www.westfield.com.au/woden/browse-stores/toys-and-hobbies/toys</loc>
  </url>
  <url>
    <loc>https://www.westfield.com.au/woden/browse-stores/toys-and-hobbies/games</loc>
  </url>
  <url>
    <loc>https://www.westfield.com.au/woden/browse-stores/toys-and-hobbies/hobbies</loc>
  </url>
  <url>
    <loc>https://www.westfield.com.au/woden/browse-stores/toys-and-hobbies/arts-and-crafts</loc>
  </url>
  <url>
    <loc>https://www.westfield.com.au/woden/browse-stores/toys-and-hobbies</loc>
  </url>
  <url>
    <loc>https://www.westfield.com.au/woden/browse-stores/tobacconists</loc>
  </url>
  <url>
    <loc>https://www.westfield.com.au/woden/browse-stores/sporting-goods/tech-and-wearables</loc>
  </url>
  <url>
    <loc>https://www.westfield.com.au/woden/browse-stores/sporting-goods/outdoors-and-camping</loc>
  </url>
  <url>
    <loc>https://www.westfield.com.au/woden/browse-stores/sporting-goods/fitness-and-gym-equipment</loc>
  </url>
  <url>
    <loc>https://www.westfield.com.au/woden/browse-stores/sporting-goods/activewear</loc>
  </url>
  <url>
    <loc>https://www.westfield.com.au/woden/browse-stores/sporting-goods</loc>
  </url>
  <url>
    <loc>https://www.westfield.com.au/woden/browse-stores/shoe-repair-and-key-cutting</loc>
  </url>
  <url>
    <loc>https://www.westfield.com.au/woden/browse-stores/professional-services</loc>
  </url>
  <url>
    <loc>https://www.westfield.com.au/woden/browse-stores/power-gas-and-communication-services</loc>
  </url>
  <url>
    <loc>https://www.westfield.com.au/woden/browse-stores/photographic-services</loc>
  </url>
  <url>
    <loc>https://www.westfield.com.au/woden/browse-stores/phone-repairs</loc>
  </url>
  <url>
    <loc>https://www.westfield.com.au/woden/browse-stores/pawn-brokers</loc>
  </url>
  <url>
    <loc>https://www.westfield.com.au/woden/browse-stores/luggage-and-travel-accessories/suitcases-and-travel-accessories</loc>
  </url>
  <url>
    <loc>https://www.westfield.com.au/woden/browse-stores/luggage-and-travel-accessories/work-and-laptop-bags</loc>
  </url>
  <url>
    <loc>https://www.westfield.com.au/woden/browse-stores/luggage-and-travel-accessories/laptop-cases-and-sleeves</loc>
  </url>
  <url>
    <loc>https://www.westfield.com.au/woden/browse-stores/luggage-and-travel-accessories/backpacks-and-gym-duffle-bags</loc>
  </url>
  <url>
    <loc>https://www.westfield.com.au/woden/browse-stores/home/photography-and-art</loc>
  </url>
  <url>
    <loc>https://www.westfield.com.au/woden/browse-stores/luggage-and-travel-accessories/small-leather-goods</loc>
  </url>
  <url>
    <loc>https://www.westfield.com.au/woden/browse-stores/home/kitchen</loc>
  </url>
  <url>
    <loc>https://www.westfield.com.au/woden/browse-stores/home/pets</loc>
  </url>
  <url>
    <loc>https://www.westfield.com.au/woden/browse-stores/home/home-appliances</loc>
  </url>
  <url>
    <loc>https://www.westfield.com.au/woden/browse-stores/home/picture-frames</loc>
  </url>
  <url>
    <loc>https://www.westfield.com.au/woden/browse-stores/home/home-decor</loc>
  </url>
  <url>
    <loc>https://www.westfield.com.au/woden/browse-stores/luggage-and-travel-accessories</loc>
  </url>
  <url>
    <loc>https://www.westfield.com.au/woden/browse-stores/home/hardware</loc>
  </url>
  <url>
    <loc>https://www.westfield.com.au/woden/browse-stores/home/gifts</loc>
  </url>
  <url>
    <loc>https://www.westfield.com.au/woden/browse-stores/home/bedding</loc>
  </url>
  <url>
    <loc>https://www.westfield.com.au/woden/browse-stores/home/bath-and-home-fragrances</loc>
  </url>
  <url>
    <loc>https://www.westfield.com.au/woden/browse-stores/home</loc>
  </url>
  <url>
    <loc>https://www.westfield.com.au/woden/browse-stores/home/furniture</loc>
  </url>
  <url>
    <loc>https://www.westfield.com.au/woden/browse-stores/health-and-fitness/specialty-health-providers</loc>
  </url>
  <url>
    <loc>https://www.westfield.com.au/woden/browse-stores/health-and-fitness/optometrists</loc>
  </url>
  <url>
    <loc>https://www.westfield.com.au/woden/browse-stores/health-and-fitness/gyms-and-fitness-studios</loc>
  </url>
  <url>
    <loc>https://www.westfield.com.au/woden/browse-stores/health-and-fitness</loc>
  </url>
  <url>
    <loc>https://www.westfield.com.au/woden/browse-stores/health-and-fitness/chemists</loc>
  </url>
  <url>
    <loc>https://www.westfield.com.au/woden/browse-stores/health-and-fitness/health-insurers</loc>
  </url>
  <url>
    <loc>https://www.westfield.com.au/woden/browse-stores/fresh-food-and-groceries/patisseries</loc>
  </url>
  <url>
    <loc>https://www.westfield.com.au/woden/browse-stores/fresh-food-and-groceries/poultry</loc>
  </url>
  <url>
    <loc>https://www.westfield.com.au/woden/browse-stores/fresh-food-and-groceries/specialty-foods</loc>
  </url>
  <url>
    <loc>https://www.westfield.com.au/woden/browse-stores/fresh-food-and-groceries/supermarkets</loc>
  </url>
  <url>
    <loc>https://www.westfield.com.au/woden/browse-stores/fresh-food-and-groceries/seafood</loc>
  </url>
  <url>
    <loc>https://www.westfield.com.au/woden/browse-stores/fresh-food-and-groceries/liquor</loc>
  </url>
  <url>
    <loc>https://www.westfield.com.au/woden/browse-stores/fresh-food-and-groceries/fresh-produce</loc>
  </url>
  <url>
    <loc>https://www.westfield.com.au/woden/browse-stores/fresh-food-and-groceries/delicatessens</loc>
  </url>
  <url>
    <loc>https://www.westfield.com.au/woden/browse-stores/food-and-drink/sandwiches-and-salads</loc>
  </url>
  <url>
    <loc>https://www.westfield.com.au/woden/browse-stores/fresh-food-and-groceries/confectionery</loc>
  </url>
  <url>
    <loc>https://www.westfield.com.au/woden/browse-stores/food-and-drink/middle-eastern</loc>
  </url>
  <url>
    <loc>https://www.westfield.com.au/woden/browse-stores/food-and-drink/takeaway</loc>
  </url>
  <url>
    <loc>https://www.westfield.com.au/woden/browse-stores/fresh-food-and-groceries</loc>
  </url>
  <url>
    <loc>https://www.westfield.com.au/woden/browse-stores/fresh-food-and-groceries/butchers</loc>
  </url>
  <url>
    <loc>https://www.westfield.com.au/woden/browse-stores/fresh-food-and-groceries/bakeries</loc>
  </url>
  <url>
    <loc>https://www.westfield.com.au/woden/browse-stores/foreign-currency-exchange</loc>
  </url>
  <url>
    <loc>https://www.westfield.com.au/woden/browse-stores/food-and-drink/modern-australian</loc>
  </url>
  <url>
    <loc>https://www.westfield.com.au/woden/browse-stores/food-and-drink/mexican-and-latin-american</loc>
  </url>
  <url>
    <loc>https://www.westfield.com.au/woden/browse-stores/food-and-drink/kid-friendly</loc>
  </url>
  <url>
    <loc>https://www.westfield.com.au/woden/browse-stores/food-and-drink/italian</loc>
  </url>
  <url>
    <loc>https://www.westfield.com.au/woden/browse-stores/food-and-drink/healthy-options</loc>
  </url>
  <url>
    <loc>https://www.westfield.com.au/woden/browse-stores/food-and-drink/fast-food</loc>
  </url>
  <url>
    <loc>https://www.westfield.com.au/woden/browse-stores/food-and-drink/juice-bars</loc>
  </url>
  <url>
    <loc>https://www.westfield.com.au/woden/browse-stores/food-and-drink/fine-dining</loc>
  </url>
  <url>
    <loc>https://www.westfield.com.au/woden/browse-stores/food-and-drink/desserts</loc>
  </url>
  <url>
    <loc>https://www.westfield.com.au/woden/browse-stores/food-and-drink/dietary-requirements</loc>
  </url>
  <url>
    <loc>https://www.westfield.com.au/woden/browse-stores/food-and-drink/asian</loc>
  </url>
  <url>
    <loc>https://www.westfield.com.au/woden/browse-stores/food-and-drink/cafes</loc>
  </url>
  <url>
    <loc>https://www.westfield.com.au/woden/browse-stores/food-and-drink/casual-dining</loc>
  </url>
  <url>
    <loc>https://www.westfield.com.au/woden/browse-stores/food-and-drink/breakfast-and-brunch</loc>
  </url>
  <url>
    <loc>https://www.westfield.com.au/woden/browse-stores/florists</loc>
  </url>
  <url>
    <loc>https://www.westfield.com.au/woden/browse-stores/food-and-drink</loc>
  </url>
  <url>
    <loc>https://www.westfield.com.au/woden/browse-stores/entertainment-and-activities/music</loc>
  </url>
  <url>
    <loc>https://www.westfield.com.au/woden/browse-stores/entertainment-and-activities/cinemas</loc>
  </url>
  <url>
    <loc>https://www.westfield.com.au/woden/browse-stores/entertainment-and-activities/learning-and-education</loc>
  </url>
  <url>
    <loc>https://www.westfield.com.au/woden/browse-stores/entertainment-and-activities/kids-activities</loc>
  </url>
  <url>
    <loc>https://www.westfield.com.au/woden/browse-stores/entertainment-and-activities/arcades-and-games</loc>
  </url>
  <url>
    <loc>https://www.westfield.com.au/woden/browse-stores/entertainment-and-activities</loc>
  </url>
  <url>
    <loc>https://www.westfield.com.au/woden/browse-stores/electronics-and-technology/navigation</loc>
  </url>
  <url>
    <loc>https://www.westfield.com.au/woden/browse-stores/electronics-and-technology/mobile-and-accessories</loc>
  </url>
  <url>
    <loc>https://www.westfield.com.au/woden/browse-stores/electronics-and-technology/gaming-and-consoles</loc>
  </url>
  <url>
    <loc>https://www.westfield.com.au/woden/browse-stores/electronics-and-technology/tv-and-audio</loc>
  </url>
  <url>
    <loc>https://www.westfield.com.au/woden/browse-stores/electronics-and-technology/computers-and-tablets</loc>
  </url>
  <url>
    <loc>https://www.westfield.com.au/woden/browse-stores/electronics-and-technology</loc>
  </url>
  <url>
    <loc>https://www.westfield.com.au/woden/browse-stores/dry-cleaning</loc>
  </url>
  <url>
    <loc>https://www.westfield.com.au/woden/browse-stores/discount-and-variety</loc>
  </url>
  <url>
    <loc>https://www.westfield.com.au/woden/browse-stores/department-stores</loc>
  </url>
  <url>
    <loc>https://www.westfield.com.au/woden/browse-stores/electronics-and-technology/cameras</loc>
  </url>
  <url>
    <loc>https://www.westfield.com.au/woden/browse-stores/community-services</loc>
  </url>
  <url>
    <loc>https://www.westfield.com.au/woden/browse-stores/clothing-and-accessories/sunglasses</loc>
  </url>
  <url>
    <loc>https://www.westfield.com.au/woden/browse-stores/clothing-and-accessories/womens-fashion</loc>
  </url>
  <url>
    <loc>https://www.westfield.com.au/woden/browse-stores/clothing-and-accessories/kids-and-junior</loc>
  </url>
  <url>
    <loc>https://www.westfield.com.au/woden/browse-stores/clothing-and-accessories/mens-fashion</loc>
  </url>
  <url>
    <loc>https://www.westfield.com.au/woden/browse-stores/clothing-and-accessories/jewellery-and-watches</loc>
  </url>
  <url>
    <loc>https://www.westfield.com.au/woden/browse-stores/clothing-and-accessories/footwear</loc>
  </url>
  <url>
    <loc>https://www.westfield.com.au/woden/browse-stores/clothing-and-accessories/babies-and-toddlers</loc>
  </url>
  <url>
    <loc>https://www.westfield.com.au/woden/browse-stores/clothing-and-accessories</loc>
  </url>
  <url>
    <loc>https://www.westfield.com.au/woden/browse-stores/books-stationery-and-gifts/office-supplies</loc>
  </url>
  <url>
    <loc>https://www.westfield.com.au/woden/browse-stores/books-stationery-and-gifts/stationery</loc>
  </url>
  <url>
    <loc>https://www.westfield.com.au/woden/browse-stores/books-stationery-and-gifts/newsagencies</loc>
  </url>
  <url>
    <loc>https://www.westfield.com.au/woden/browse-stores/books-stationery-and-gifts/cards-and-gift-wrap</loc>
  </url>
  <url>
    <loc>https://www.westfield.com.au/woden/browse-stores/beauty-and-wellness/vitamins-and-supplements</loc>
  </url>
  <url>
    <loc>https://www.westfield.com.au/woden/browse-stores/beauty-and-wellness/hair-care</loc>
  </url>
  <url>
    <loc>https://www.westfield.com.au/woden/browse-stores/beauty-and-wellness/makeup</loc>
  </url>
  <url>
    <loc>https://www.westfield.com.au/woden/browse-stores/beauty-and-wellness/skincare</loc>
  </url>
  <url>
    <loc>https://www.westfield.com.au/woden/browse-stores/books-stationery-and-gifts</loc>
  </url>
  <url>
    <loc>https://www.westfield.com.au/woden/browse-stores/beauty-and-wellness/hair-and-beauty</loc>
  </url>
  <url>
    <loc>https://www.westfield.com.au/woden/browse-stores/beauty-and-wellness</loc>
  </url>
  <url>
    <loc>https://www.westfield.com.au/woden/browse-stores/beauty-and-wellness/bath-and-body</loc>
  </url>
  <url>
    <loc>https://www.westfield.com.au/woden/browse-stores/beauty-and-wellness/fragrance</loc>
  </url>
  <url>
    <loc>https://www.westfield.com.au/woden/browse-stores/baby-and-nursery/prams-strollers-and-carriers</loc>
  </url>
  <url>
    <loc>https://www.westfield.com.au/woden/browse-stores/baby-and-nursery/nursery-furniture</loc>
  </url>
  <url>
    <loc>https://www.westfield.com.au/woden/browse-stores/baby-and-nursery/tableware-and-feeding</loc>
  </url>
  <url>
    <loc>https://www.westfield.com.au/woden/browse-stores/baby-and-nursery/baby-bedding</loc>
  </url>
  <url>
    <loc>https://www.westfield.com.au/woden/browse-stores/baby-and-nursery/baby-and-infant-toys</loc>
  </url>
  <url>
    <loc>https://www.westfield.com.au/woden/browse-stores/alterations-and-tailoring</loc>
  </url>
  <url>
    <loc>https://www.westfield.com.au/woden/browse-stores/baby-and-nursery</loc>
  </url>
  <url>
    <loc>https://www.westfield.com.au/woden/browse-stores/books-stationery-and-gifts/book-stores</loc>
  </url>
  <url>
    <loc>https://www.westfield.com.au/woden/browse-stores/designer-and-boutique</loc>
  </url>
  <url>
    <loc>https://www.westfield.com.au/woden/browse-stores/banks</loc>
  </url>
  <url>
    <loc>https://www.westfield.com.au/woden/browse-stores/car-and-auto</loc>
  </url>
  <url>
    <loc>https://www.westfield.com.au/whitfordcity/browse-stores/travel-agents</loc>
  </url>
  <url>
    <loc>https://www.westfield.com.au/whitfordcity/browse-stores/toys-and-hobbies/toys</loc>
  </url>
  <url>
    <loc>https://www.westfield.com.au/whitfordcity/browse-stores/toys-and-hobbies/hobbies</loc>
  </url>
  <url>
    <loc>https://www.westfield.com.au/whitfordcity/browse-stores/toys-and-hobbies/games</loc>
  </url>
  <url>
    <loc>https://www.westfield.com.au/whitfordcity/browse-stores/toys-and-hobbies/arts-and-crafts</loc>
  </url>
  <url>
    <loc>https://www.westfield.com.au/whitfordcity/browse-stores/sporting-goods/outdoors-and-camping</loc>
  </url>
  <url>
    <loc>https://www.westfield.com.au/whitfordcity/browse-stores/sporting-goods/tech-and-wearables</loc>
  </url>
  <url>
    <loc>https://www.westfield.com.au/whitfordcity/browse-stores/toys-and-hobbies</loc>
  </url>
  <url>
    <loc>https://www.westfield.com.au/whitfordcity/browse-stores/sporting-goods/fitness-and-gym-equipment</loc>
  </url>
  <url>
    <loc>https://www.westfield.com.au/whitfordcity/browse-stores/sporting-goods/activewear</loc>
  </url>
  <url>
    <loc>https://www.westfield.com.au/whitfordcity/browse-stores/sporting-goods</loc>
  </url>
  <url>
    <loc>https://www.westfield.com.au/whitfordcity/browse-stores/shoe-repair-and-key-cutting</loc>
  </url>
  <url>
    <loc>https://www.westfield.com.au/whitfordcity/browse-stores/professional-services</loc>
  </url>
  <url>
    <loc>https://www.westfield.com.au/whitfordcity/browse-stores/power-gas-and-communication-services</loc>
  </url>
  <url>
    <loc>https://www.westfield.com.au/whitfordcity/browse-stores/post-office</loc>
  </url>
  <url>
    <loc>https://www.westfield.com.au/whitfordcity/browse-stores/phone-repairs</loc>
  </url>
  <url>
    <loc>https://www.westfield.com.au/whitfordcity/browse-stores/photographic-services</loc>
  </url>
  <url>
    <loc>https://www.westfield.com.au/whitfordcity/browse-stores/luggage-and-travel-accessories/work-and-laptop-bags</loc>
  </url>
  <url>
    <loc>https://www.westfield.com.au/whitfordcity/browse-stores/luggage-and-travel-accessories/suitcases-and-travel-accessories</loc>
  </url>
  <url>
    <loc>https://www.westfield.com.au/whitfordcity/browse-stores/luggage-and-travel-accessories/small-leather-goods</loc>
  </url>
  <url>
    <loc>https://www.westfield.com.au/whitfordcity/browse-stores/luggage-and-travel-accessories/laptop-cases-and-sleeves</loc>
  </url>
  <url>
    <loc>https://www.westfield.com.au/whitfordcity/browse-stores/luggage-and-travel-accessories/backpacks-and-gym-duffle-bags</loc>
  </url>
  <url>
    <loc>https://www.westfield.com.au/whitfordcity/browse-stores/home/photography-and-art</loc>
  </url>
  <url>
    <loc>https://www.westfield.com.au/whitfordcity/browse-stores/home/pets</loc>
  </url>
  <url>
    <loc>https://www.westfield.com.au/whitfordcity/browse-stores/home/picture-frames</loc>
  </url>
  <url>
    <loc>https://www.westfield.com.au/whitfordcity/browse-stores/home/home-decor</loc>
  </url>
  <url>
    <loc>https://www.westfield.com.au/whitfordcity/browse-stores/luggage-and-travel-accessories</loc>
  </url>
  <url>
    <loc>https://www.westfield.com.au/whitfordcity/browse-stores/home/kitchen</loc>
  </url>
  <url>
    <loc>https://www.westfield.com.au/whitfordcity/browse-stores/home/home-appliances</loc>
  </url>
  <url>
    <loc>https://www.westfield.com.au/whitfordcity/browse-stores/home/hardware</loc>
  </url>
  <url>
    <loc>https://www.westfield.com.au/whitfordcity/browse-stores/home/gifts</loc>
  </url>
  <url>
    <loc>https://www.westfield.com.au/whitfordcity/browse-stores/home/furniture</loc>
  </url>
  <url>
    <loc>https://www.westfield.com.au/whitfordcity/browse-stores/home/bedding</loc>
  </url>
  <url>
    <loc>https://www.westfield.com.au/whitfordcity/browse-stores/home</loc>
  </url>
  <url>
    <loc>https://www.westfield.com.au/whitfordcity/browse-stores/home/bath-and-home-fragrances</loc>
  </url>
  <url>
    <loc>https://www.westfield.com.au/whitfordcity/browse-stores/health-and-fitness/specialty-health-providers</loc>
  </url>
  <url>
    <loc>https://www.westfield.com.au/whitfordcity/browse-stores/health-and-fitness/medical-centres</loc>
  </url>
  <url>
    <loc>https://www.westfield.com.au/whitfordcity/browse-stores/health-and-fitness/chemists</loc>
  </url>
  <url>
    <loc>https://www.westfield.com.au/whitfordcity/browse-stores/health-and-fitness/gyms-and-fitness-studios</loc>
  </url>
  <url>
    <loc>https://www.westfield.com.au/whitfordcity/browse-stores/health-and-fitness</loc>
  </url>
  <url>
    <loc>https://www.westfield.com.au/whitfordcity/browse-stores/health-and-fitness/optometrists</loc>
  </url>
  <url>
    <loc>https://www.westfield.com.au/whitfordcity/browse-stores/fresh-food-and-groceries/supermarkets</loc>
  </url>
  <url>
    <loc>https://www.westfield.com.au/whitfordcity/browse-stores/fresh-food-and-groceries/specialty-foods</loc>
  </url>
  <url>
    <loc>https://www.westfield.com.au/whitfordcity/browse-stores/fresh-food-and-groceries/fresh-produce</loc>
  </url>
  <url>
    <loc>https://www.westfield.com.au/whitfordcity/browse-stores/fresh-food-and-groceries/patisseries</loc>
  </url>
  <url>
    <loc>https://www.westfield.com.au/whitfordcity/browse-stores/fresh-food-and-groceries/confectionery</loc>
  </url>
  <url>
    <loc>https://www.westfield.com.au/whitfordcity/browse-stores/fresh-food-and-groceries/seafood</loc>
  </url>
  <url>
    <loc>https://www.westfield.com.au/whitfordcity/browse-stores/fresh-food-and-groceries/delicatessens</loc>
  </url>
  <url>
    <loc>https://www.westfield.com.au/whitfordcity/browse-stores/fresh-food-and-groceries/butchers</loc>
  </url>
  <url>
    <loc>https://www.westfield.com.au/whitfordcity/browse-stores/foreign-currency-exchange</loc>
  </url>
  <url>
    <loc>https://www.westfield.com.au/whitfordcity/browse-stores/fresh-food-and-groceries/bakeries</loc>
  </url>
  <url>
    <loc>https://www.westfield.com.au/whitfordcity/browse-stores/fresh-food-and-groceries</loc>
  </url>
  <url>
    <loc>https://www.westfield.com.au/whitfordcity/browse-stores/food-and-drink/modern-australian</loc>
  </url>
  <url>
    <loc>https://www.westfield.com.au/whitfordcity/browse-stores/food-and-drink/takeaway</loc>
  </url>
  <url>
    <loc>https://www.westfield.com.au/whitfordcity/browse-stores/food-and-drink/sandwiches-and-salads</loc>
  </url>
  <url>
    <loc>https://www.westfield.com.au/whitfordcity/browse-stores/food-and-drink/mexican-and-latin-american</loc>
  </url>
  <url>
    <loc>https://www.westfield.com.au/whitfordcity/browse-stores/food-and-drink/kid-friendly</loc>
  </url>
  <url>
    <loc>https://www.westfield.com.au/whitfordcity/browse-stores/food-and-drink/juice-bars</loc>
  </url>
  <url>
    <loc>https://www.westfield.com.au/whitfordcity/browse-stores/food-and-drink/healthy-options</loc>
  </url>
  <url>
    <loc>https://www.westfield.com.au/whitfordcity/browse-stores/fresh-food-and-groceries/poultry</loc>
  </url>
  <url>
    <loc>https://www.westfield.com.au/whitfordcity/browse-stores/fresh-food-and-groceries/liquor</loc>
  </url>
  <url>
    <loc>https://www.westfield.com.au/whitfordcity/browse-stores/food-and-drink/desserts</loc>
  </url>
  <url>
    <loc>https://www.westfield.com.au/whitfordcity/browse-stores/food-and-drink/fast-food</loc>
  </url>
  <url>
    <loc>https://www.westfield.com.au/whitfordcity/browse-stores/food-and-drink/dietary-requirements</loc>
  </url>
  <url>
    <loc>https://www.westfield.com.au/whitfordcity/browse-stores/food-and-drink/casual-dining</loc>
  </url>
  <url>
    <loc>https://www.westfield.com.au/whitfordcity/browse-stores/food-and-drink</loc>
  </url>
  <url>
    <loc>https://www.westfield.com.au/whitfordcity/browse-stores/food-and-drink/breakfast-and-brunch</loc>
  </url>
  <url>
    <loc>https://www.westfield.com.au/whitfordcity/browse-stores/food-and-drink/bars-and-pubs</loc>
  </url>
  <url>
    <loc>https://www.westfield.com.au/whitfordcity/browse-stores/entertainment-and-activities/music</loc>
  </url>
  <url>
    <loc>https://www.westfield.com.au/whitfordcity/browse-stores/food-and-drink/cafes</loc>
  </url>
  <url>
    <loc>https://www.westfield.com.au/whitfordcity/browse-stores/food-and-drink/asian</loc>
  </url>
  <url>
    <loc>https://www.westfield.com.au/whitfordcity/browse-stores/florists</loc>
  </url>
  <url>
    <loc>https://www.westfield.com.au/whitfordcity/browse-stores/entertainment-and-activities/learning-and-education</loc>
  </url>
  <url>
    <loc>https://www.westfield.com.au/whitfordcity/browse-stores/entertainment-and-activities/kids-activities</loc>
  </url>
  <url>
    <loc>https://www.westfield.com.au/whitfordcity/browse-stores/entertainment-and-activities</loc>
  </url>
  <url>
    <loc>https://www.westfield.com.au/whitfordcity/browse-stores/electronics-and-technology/navigation</loc>
  </url>
  <url>
    <loc>https://www.westfield.com.au/whitfordcity/browse-stores/electronics-and-technology/tv-and-audio</loc>
  </url>
  <url>
    <loc>https://www.westfield.com.au/whitfordcity/browse-stores/electronics-and-technology/mobile-and-accessories</loc>
  </url>
  <url>
    <loc>https://www.westfield.com.au/whitfordcity/browse-stores/entertainment-and-activities/arcades-and-games</loc>
  </url>
  <url>
    <loc>https://www.westfield.com.au/whitfordcity/browse-stores/electronics-and-technology/computers-and-tablets</loc>
  </url>
  <url>
    <loc>https://www.westfield.com.au/whitfordcity/browse-stores/electronics-and-technology/gaming-and-consoles</loc>
  </url>
  <url>
    <loc>https://www.westfield.com.au/whitfordcity/browse-stores/electronics-and-technology/cameras</loc>
  </url>
  <url>
    <loc>https://www.westfield.com.au/whitfordcity/browse-stores/discount-and-variety</loc>
  </url>
  <url>
    <loc>https://www.westfield.com.au/whitfordcity/browse-stores/electronics-and-technology</loc>
  </url>
  <url>
    <loc>https://www.westfield.com.au/whitfordcity/browse-stores/department-stores</loc>
  </url>
  <url>
    <loc>https://www.westfield.com.au/whitfordcity/browse-stores/community-services</loc>
  </url>
  <url>
    <loc>https://www.westfield.com.au/whitfordcity/browse-stores/dry-cleaning</loc>
  </url>
  <url>
    <loc>https://www.westfield.com.au/whitfordcity/browse-stores/clothing-and-accessories/womens-fashion</loc>
  </url>
  <url>
    <loc>https://www.westfield.com.au/whitfordcity/browse-stores/clothing-and-accessories/sunglasses</loc>
  </url>
  <url>
    <loc>https://www.westfield.com.au/whitfordcity/browse-stores/clothing-and-accessories/mens-fashion</loc>
  </url>
  <url>
    <loc>https://www.westfield.com.au/whitfordcity/browse-stores/clothing-and-accessories/jewellery-and-watches</loc>
  </url>
  <url>
    <loc>https://www.westfield.com.au/whitfordcity/browse-stores/clothing-and-accessories/kids-and-junior</loc>
  </url>
  <url>
    <loc>https://www.westfield.com.au/whitfordcity/browse-stores/clothing-and-accessories/babies-and-toddlers</loc>
  </url>
  <url>
    <loc>https://www.westfield.com.au/whitfordcity/browse-stores/clothing-and-accessories/footwear</loc>
  </url>
  <url>
    <loc>https://www.westfield.com.au/whitfordcity/browse-stores/books-stationery-and-gifts/stationery</loc>
  </url>
  <url>
    <loc>https://www.westfield.com.au/whitfordcity/browse-stores/car-and-auto</loc>
  </url>
  <url>
    <loc>https://www.westfield.com.au/whitfordcity/browse-stores/clothing-and-accessories</loc>
  </url>
  <url>
    <loc>https://www.westfield.com.au/whitfordcity/browse-stores/books-stationery-and-gifts/newsagencies</loc>
  </url>
  <url>
    <loc>https://www.westfield.com.au/whitfordcity/browse-stores/books-stationery-and-gifts/office-supplies</loc>
  </url>
  <url>
    <loc>https://www.westfield.com.au/whitfordcity/browse-stores/books-stationery-and-gifts/cards-and-gift-wrap</loc>
  </url>
  <url>
    <loc>https://www.westfield.com.au/whitfordcity/browse-stores/books-stationery-and-gifts/book-stores</loc>
  </url>
  <url>
    <loc>https://www.westfield.com.au/whitfordcity/browse-stores/books-stationery-and-gifts</loc>
  </url>
  <url>
    <loc>https://www.westfield.com.au/whitfordcity/browse-stores/beauty-and-wellness/makeup</loc>
  </url>
  <url>
    <loc>https://www.westfield.com.au/whitfordcity/browse-stores/beauty-and-wellness/hair-and-beauty</loc>
  </url>
  <url>
    <loc>https://www.westfield.com.au/whitfordcity/browse-stores/beauty-and-wellness/skincare</loc>
  </url>
  <url>
    <loc>https://www.westfield.com.au/whitfordcity/browse-stores/beauty-and-wellness/vitamins-and-supplements</loc>
  </url>
  <url>
    <loc>https://www.westfield.com.au/whitfordcity/browse-stores/beauty-and-wellness/fragrance</loc>
  </url>
  <url>
    <loc>https://www.westfield.com.au/whitfordcity/browse-stores/beauty-and-wellness/hair-care</loc>
  </url>
  <url>
    <loc>https://www.westfield.com.au/whitfordcity/browse-stores/beauty-and-wellness</loc>
  </url>
  <url>
    <loc>https://www.westfield.com.au/whitfordcity/browse-stores/beauty-and-wellness/bath-and-body</loc>
  </url>
  <url>
    <loc>https://www.westfield.com.au/whitfordcity/browse-stores/baby-and-nursery/nursery-furniture</loc>
  </url>
  <url>
    <loc>https://www.westfield.com.au/whitfordcity/browse-stores/baby-and-nursery/tableware-and-feeding</loc>
  </url>
  <url>
    <loc>https://www.westfield.com.au/whitfordcity/browse-stores/baby-and-nursery/baby-bedding</loc>
  </url>
  <url>
    <loc>https://www.westfield.com.au/whitfordcity/browse-stores/baby-and-nursery/prams-strollers-and-carriers</loc>
  </url>
  <url>
    <loc>https://www.westfield.com.au/whitfordcity/browse-stores/baby-and-nursery/baby-and-infant-toys</loc>
  </url>
  <url>
    <loc>https://www.westfield.com.au/whitfordcity/browse-stores/banks</loc>
  </url>
  <url>
    <loc>https://www.westfield.com.au/whitfordcity/browse-stores/baby-and-nursery</loc>
  </url>
  <url>
    <loc>https://www.westfield.com.au/whitfordcity/browse-stores/alterations-and-tailoring</loc>
  </url>
  <url>
    <loc>https://www.westfield.com.au/whitfordcity/browse-stores/entertainment-and-activities/cinemas</loc>
  </url>
  <url>
    <loc>https://www.westfield.com.au/whitfordcity/browse-stores/entertainment-and-activities/bowling</loc>
  </url>
  <url>
    <loc>https://www.westfield.com.au/westlakes/browse-stores/travel-agents</loc>
  </url>
  <url>
    <loc>https://www.westfield.com.au/westlakes/browse-stores/toys-and-hobbies/toys</loc>
  </url>
  <url>
    <loc>https://www.westfield.com.au/westlakes/browse-stores/toys-and-hobbies/hobbies</loc>
  </url>
  <url>
    <loc>https://www.westfield.com.au/westlakes/browse-stores/toys-and-hobbies/games</loc>
  </url>
  <url>
    <loc>https://www.westfield.com.au/westlakes/browse-stores/toys-and-hobbies/arts-and-crafts</loc>
  </url>
  <url>
    <loc>https://www.westfield.com.au/westlakes/browse-stores/toys-and-hobbies</loc>
  </url>
  <url>
    <loc>https://www.westfield.com.au/westlakes/browse-stores/tobacconists</loc>
  </url>
  <url>
    <loc>https://www.westfield.com.au/westlakes/browse-stores/sporting-goods/outdoors-and-camping</loc>
  </url>
  <url>
    <loc>https://www.westfield.com.au/westlakes/browse-stores/sporting-goods/fitness-and-gym-equipment</loc>
  </url>
  <url>
    <loc>https://www.westfield.com.au/westlakes/browse-stores/sporting-goods/tech-and-wearables</loc>
  </url>
  <url>
    <loc>https://www.westfield.com.au/westlakes/browse-stores/professional-services</loc>
  </url>
  <url>
    <loc>https://www.westfield.com.au/westlakes/browse-stores/sporting-goods/activewear</loc>
  </url>
  <url>
    <loc>https://www.westfield.com.au/westlakes/browse-stores/sporting-goods</loc>
  </url>
  <url>
    <loc>https://www.westfield.com.au/westlakes/browse-stores/shoe-repair-and-key-cutting</loc>
  </url>
  <url>
    <loc>https://www.westfield.com.au/westlakes/browse-stores/power-gas-and-communication-services</loc>
  </url>
  <url>
    <loc>https://www.westfield.com.au/westlakes/browse-stores/post-office</loc>
  </url>
  <url>
    <loc>https://www.westfield.com.au/westlakes/browse-stores/photographic-services</loc>
  </url>
  <url>
    <loc>https://www.westfield.com.au/westlakes/browse-stores/luggage-and-travel-accessories/work-and-laptop-bags</loc>
  </url>
  <url>
    <loc>https://www.westfield.com.au/westlakes/browse-stores/phone-repairs</loc>
  </url>
  <url>
    <loc>https://www.westfield.com.au/westlakes/browse-stores/luggage-and-travel-accessories/small-leather-goods</loc>
  </url>
  <url>
    <loc>https://www.westfield.com.au/westlakes/browse-stores/luggage-and-travel-accessories/suitcases-and-travel-accessories</loc>
  </url>
  <url>
    <loc>https://www.westfield.com.au/westlakes/browse-stores/luggage-and-travel-accessories/backpacks-and-gym-duffle-bags</loc>
  </url>
  <url>
    <loc>https://www.westfield.com.au/westlakes/browse-stores/luggage-and-travel-accessories</loc>
  </url>
  <url>
    <loc>https://www.westfield.com.au/westlakes/browse-stores/luggage-and-travel-accessories/laptop-cases-and-sleeves</loc>
  </url>
  <url>
    <loc>https://www.westfield.com.au/westlakes/browse-stores/home/photography-and-art</loc>
  </url>
  <url>
    <loc>https://www.westfield.com.au/westlakes/browse-stores/home/picture-frames</loc>
  </url>
  <url>
    <loc>https://www.westfield.com.au/westlakes/browse-stores/home/pets</loc>
  </url>
  <url>
    <loc>https://www.westfield.com.au/westlakes/browse-stores/home/kitchen</loc>
  </url>
  <url>
    <loc>https://www.westfield.com.au/westlakes/browse-stores/home/furniture</loc>
  </url>
  <url>
    <loc>https://www.westfield.com.au/westlakes/browse-stores/home/hardware</loc>
  </url>
  <url>
    <loc>https://www.westfield.com.au/westlakes/browse-stores/home/home-appliances</loc>
  </url>
  <url>
    <loc>https://www.westfield.com.au/westlakes/browse-stores/home/gifts</loc>
  </url>
  <url>
    <loc>https://www.westfield.com.au/westlakes/browse-stores/home/home-decor</loc>
  </url>
  <url>
    <loc>https://www.westfield.com.au/westlakes/browse-stores/home/bedding</loc>
  </url>
  <url>
    <loc>https://www.westfield.com.au/westlakes/browse-stores/home</loc>
  </url>
  <url>
    <loc>https://www.westfield.com.au/westlakes/browse-stores/home/bath-and-home-fragrances</loc>
  </url>
  <url>
    <loc>https://www.westfield.com.au/westlakes/browse-stores/health-and-fitness/optometrists</loc>
  </url>
  <url>
    <loc>https://www.westfield.com.au/westlakes/browse-stores/health-and-fitness/gyms-and-fitness-studios</loc>
  </url>
  <url>
    <loc>https://www.westfield.com.au/westlakes/browse-stores/health-and-fitness/specialty-health-providers</loc>
  </url>
  <url>
    <loc>https://www.westfield.com.au/westlakes/browse-stores/health-and-fitness/health-insurers</loc>
  </url>
  <url>
    <loc>https://www.westfield.com.au/westlakes/browse-stores/health-and-fitness/chemists</loc>
  </url>
  <url>
    <loc>https://www.westfield.com.au/westlakes/browse-stores/health-and-fitness</loc>
  </url>
  <url>
    <loc>https://www.westfield.com.au/westlakes/browse-stores/fresh-food-and-groceries/supermarkets</loc>
  </url>
  <url>
    <loc>https://www.westfield.com.au/westlakes/browse-stores/fresh-food-and-groceries/seafood</loc>
  </url>
  <url>
    <loc>https://www.westfield.com.au/westlakes/browse-stores/fresh-food-and-groceries/specialty-foods</loc>
  </url>
  <url>
    <loc>https://www.westfield.com.au/westlakes/browse-stores/fresh-food-and-groceries/poultry</loc>
  </url>
  <url>
    <loc>https://www.westfield.com.au/westlakes/browse-stores/fresh-food-and-groceries/patisseries</loc>
  </url>
  <url>
    <loc>https://www.westfield.com.au/westlakes/browse-stores/fresh-food-and-groceries/fresh-produce</loc>
  </url>
  <url>
    <loc>https://www.westfield.com.au/westlakes/browse-stores/fresh-food-and-groceries/delicatessens</loc>
  </url>
  <url>
    <loc>https://www.westfield.com.au/westlakes/browse-stores/fresh-food-and-groceries/liquor</loc>
  </url>
  <url>
    <loc>https://www.westfield.com.au/westlakes/browse-stores/fresh-food-and-groceries/confectionery</loc>
  </url>
  <url>
    <loc>https://www.westfield.com.au/westlakes/browse-stores/fresh-food-and-groceries/bakeries</loc>
  </url>
  <url>
    <loc>https://www.westfield.com.au/westlakes/browse-stores/fresh-food-and-groceries/butchers</loc>
  </url>
  <url>
    <loc>https://www.westfield.com.au/westlakes/browse-stores/foreign-currency-exchange</loc>
  </url>
  <url>
    <loc>https://www.westfield.com.au/westlakes/browse-stores/fresh-food-and-groceries</loc>
  </url>
  <url>
    <loc>https://www.westfield.com.au/westlakes/browse-stores/food-and-drink/takeaway</loc>
  </url>
  <url>
    <loc>https://www.westfield.com.au/westlakes/browse-stores/food-and-drink/sandwiches-and-salads</loc>
  </url>
  <url>
    <loc>https://www.westfield.com.au/westlakes/browse-stores/food-and-drink/kid-friendly</loc>
  </url>
  <url>
    <loc>https://www.westfield.com.au/westlakes/browse-stores/food-and-drink/middle-eastern</loc>
  </url>
  <url>
    <loc>https://www.westfield.com.au/westlakes/browse-stores/food-and-drink/juice-bars</loc>
  </url>
  <url>
    <loc>https://www.westfield.com.au/westlakes/browse-stores/food-and-drink/healthy-options</loc>
  </url>
  <url>
    <loc>https://www.westfield.com.au/westlakes/browse-stores/food-and-drink/fast-food</loc>
  </url>
  <url>
    <loc>https://www.westfield.com.au/westlakes/browse-stores/food-and-drink/dietary-requirements</loc>
  </url>
  <url>
    <loc>https://www.westfield.com.au/westlakes/browse-stores/food-and-drink/desserts</loc>
  </url>
  <url>
    <loc>https://www.westfield.com.au/westlakes/browse-stores/food-and-drink/cafes</loc>
  </url>
  <url>
    <loc>https://www.westfield.com.au/westlakes/browse-stores/food-and-drink/casual-dining</loc>
  </url>
  <url>
    <loc>https://www.westfield.com.au/westlakes/browse-stores/food-and-drink/breakfast-and-brunch</loc>
  </url>
  <url>
    <loc>https://www.westfield.com.au/westlakes/browse-stores/entertainment-and-activities/music</loc>
  </url>
  <url>
    <loc>https://www.westfield.com.au/westlakes/browse-stores/food-and-drink/asian</loc>
  </url>
  <url>
    <loc>https://www.westfield.com.au/westlakes/browse-stores/food-and-drink</loc>
  </url>
  <url>
    <loc>https://www.westfield.com.au/westlakes/browse-stores/entertainment-and-activities/cinemas</loc>
  </url>
  <url>
    <loc>https://www.westfield.com.au/westlakes/browse-stores/entertainment-and-activities/learning-and-education</loc>
  </url>
  <url>
    <loc>https://www.westfield.com.au/westlakes/browse-stores/entertainment-and-activities/kids-activities</loc>
  </url>
  <url>
    <loc>https://www.westfield.com.au/westlakes/browse-stores/entertainment-and-activities</loc>
  </url>
  <url>
    <loc>https://www.westfield.com.au/westlakes/browse-stores/entertainment-and-activities/arcades-and-games</loc>
  </url>
  <url>
    <loc>https://www.westfield.com.au/westlakes/browse-stores/electronics-and-technology/tv-and-audio</loc>
  </url>
  <url>
    <loc>https://www.westfield.com.au/westlakes/browse-stores/electronics-and-technology/cameras</loc>
  </url>
  <url>
    <loc>https://www.westfield.com.au/westlakes/browse-stores/electronics-and-technology/navigation</loc>
  </url>
  <url>
    <loc>https://www.westfield.com.au/westlakes/browse-stores/electronics-and-technology/computers-and-tablets</loc>
  </url>
  <url>
    <loc>https://www.westfield.com.au/westlakes/browse-stores/electronics-and-technology</loc>
  </url>
  <url>
    <loc>https://www.westfield.com.au/westlakes/browse-stores/electronics-and-technology/mobile-and-accessories</loc>
  </url>
  <url>
    <loc>https://www.westfield.com.au/westlakes/browse-stores/electronics-and-technology/gaming-and-consoles</loc>
  </url>
  <url>
    <loc>https://www.westfield.com.au/westlakes/browse-stores/discount-and-variety</loc>
  </url>
  <url>
    <loc>https://www.westfield.com.au/westlakes/browse-stores/designer-and-boutique</loc>
  </url>
  <url>
    <loc>https://www.westfield.com.au/westlakes/browse-stores/clothing-and-accessories/womens-fashion</loc>
  </url>
  <url>
    <loc>https://www.westfield.com.au/westlakes/browse-stores/clothing-and-accessories/mens-fashion</loc>
  </url>
  <url>
    <loc>https://www.westfield.com.au/westlakes/browse-stores/department-stores</loc>
  </url>
  <url>
    <loc>https://www.westfield.com.au/westlakes/browse-stores/clothing-and-accessories/sunglasses</loc>
  </url>
  <url>
    <loc>https://www.westfield.com.au/westlakes/browse-stores/community-services</loc>
  </url>
  <url>
    <loc>https://www.westfield.com.au/westlakes/browse-stores/clothing-and-accessories/jewellery-and-watches</loc>
  </url>
  <url>
    <loc>https://www.westfield.com.au/westlakes/browse-stores/clothing-and-accessories/kids-and-junior</loc>
  </url>
  <url>
    <loc>https://www.westfield.com.au/westlakes/browse-stores/clothing-and-accessories/footwear</loc>
  </url>
  <url>
    <loc>https://www.westfield.com.au/westlakes/browse-stores/clothing-and-accessories</loc>
  </url>
  <url>
    <loc>https://www.westfield.com.au/westlakes/browse-stores/dry-cleaning</loc>
  </url>
  <url>
    <loc>https://www.westfield.com.au/westlakes/browse-stores/clothing-and-accessories/babies-and-toddlers</loc>
  </url>
  <url>
    <loc>https://www.westfield.com.au/westlakes/browse-stores/childcare</loc>
  </url>
  <url>
    <loc>https://www.westfield.com.au/westlakes/browse-stores/books-stationery-and-gifts/newsagencies</loc>
  </url>
  <url>
    <loc>https://www.westfield.com.au/westlakes/browse-stores/books-stationery-and-gifts/stationery</loc>
  </url>
  <url>
    <loc>https://www.westfield.com.au/westlakes/browse-stores/car-and-auto</loc>
  </url>
  <url>
    <loc>https://www.westfield.com.au/westlakes/browse-stores/books-stationery-and-gifts/cards-and-gift-wrap</loc>
  </url>
  <url>
    <loc>https://www.westfield.com.au/westlakes/browse-stores/books-stationery-and-gifts/office-supplies</loc>
  </url>
  <url>
    <loc>https://www.westfield.com.au/westlakes/browse-stores/books-stationery-and-gifts/book-stores</loc>
  </url>
  <url>
    <loc>https://www.westfield.com.au/westlakes/browse-stores/beauty-and-wellness/vitamins-and-supplements</loc>
  </url>
  <url>
    <loc>https://www.westfield.com.au/westlakes/browse-stores/books-stationery-and-gifts</loc>
  </url>
  <url>
    <loc>https://www.westfield.com.au/westlakes/browse-stores/beauty-and-wellness/skincare</loc>
  </url>
  <url>
    <loc>https://www.westfield.com.au/westlakes/browse-stores/beauty-and-wellness/hair-care</loc>
  </url>
  <url>
    <loc>https://www.westfield.com.au/westlakes/browse-stores/beauty-and-wellness/hair-and-beauty</loc>
  </url>
  <url>
    <loc>https://www.westfield.com.au/westlakes/browse-stores/beauty-and-wellness/makeup</loc>
  </url>
  <url>
    <loc>https://www.westfield.com.au/westlakes/browse-stores/beauty-and-wellness/bath-and-body</loc>
  </url>
  <url>
    <loc>https://www.westfield.com.au/westlakes/browse-stores/banks</loc>
  </url>
  <url>
    <loc>https://www.westfield.com.au/westlakes/browse-stores/beauty-and-wellness/fragrance</loc>
  </url>
  <url>
    <loc>https://www.westfield.com.au/westlakes/browse-stores/beauty-and-wellness</loc>
  </url>
  <url>
    <loc>https://www.westfield.com.au/westlakes/browse-stores/baby-and-nursery/tableware-and-feeding</loc>
  </url>
  <url>
    <loc>https://www.westfield.com.au/westlakes/browse-stores/baby-and-nursery/prams-strollers-and-carriers</loc>
  </url>
  <url>
    <loc>https://www.westfield.com.au/westlakes/browse-stores/baby-and-nursery/nursery-furniture</loc>
  </url>
  <url>
    <loc>https://www.westfield.com.au/westlakes/browse-stores/baby-and-nursery/baby-and-infant-toys</loc>
  </url>
  <url>
    <loc>https://www.westfield.com.au/westlakes/browse-stores/alterations-and-tailoring</loc>
  </url>
  <url>
    <loc>https://www.westfield.com.au/westlakes/browse-stores/baby-and-nursery/baby-bedding</loc>
  </url>
  <url>
    <loc>https://www.westfield.com.au/westlakes/browse-stores/baby-and-nursery</loc>
  </url>
</urlset>